TN:
SF:/home/david/node-lora-comms/src/lora_comms.cc
FN:53,_Z10ErrnoErrorRKN4Napi3EnvEi
FN:71,_ZN16StartAsyncWorkerC2ERKN4Napi8FunctionERKNS0_6StringE
FN:79,_ZN16StartAsyncWorker7ExecuteEv
FN:93,_ZN9LoRaComms5StartERKN4Napi12CallbackInfoE
FN:100,_ZN9LoRaComms4StopERKN4Napi12CallbackInfoE
FN:105,_ZN9LoRaComms5ResetERKN4Napi12CallbackInfoE
FN:113,_ZN16CommsAsyncWorkerC2ERKN4Napi8FunctionERKNS0_6BufferIhEERK7timeval
FN:136,_ZN16CommsAsyncWorker7ExecuteEv
FN:145,_ZN16CommsAsyncWorker4OnOKEv
FN:169,_ZN15LinkAsyncWorkerC2ERKN4Napi8FunctionEiRKNS0_6BufferIhEERK7timeval
FN:194,_ZN19RecvFromAsyncWorkerC2ERKN4Napi8FunctionEiRKNS0_6BufferIhEERK7timeval
FN:203,_ZN19RecvFromAsyncWorker11CommunicateEv
FN:209,_ZN9LoRaComms8RecvFromERKN4Napi12CallbackInfoE
FN:221,_ZN17SendToAsyncWorkerC2ERKN4Napi8FunctionEiRKNS0_6BufferIhEElRK7timeval
FN:232,_ZN17SendToAsyncWorker11CommunicateEv
FN:241,_ZN9LoRaComms6SendToERKN4Napi12CallbackInfoE
FN:251,_ZN9LoRaComms12SetGWSendHWMERKN4Napi12CallbackInfoE
FN:256,_ZN9LoRaComms16SetGWSendTimeoutERKN4Napi12CallbackInfoE
FN:262,_ZN9LoRaComms16SetGWRecvTimeoutERKN4Napi12CallbackInfoE
FN:268,_ZN9LoRaComms12StartLoggingERKN4Napi12CallbackInfoE
FN:273,_ZN9LoRaComms11StopLoggingERKN4Napi12CallbackInfoE
FN:279,_ZN9LoRaComms12ResetLoggingERKN4Napi12CallbackInfoE
FN:287,_ZN14LogAsyncWorkerC2ERKN4Napi8FunctionEPFlPcmPK7timevalERKNS0_6BufferIhEERS6_
FN:297,_ZN14LogAsyncWorker11CommunicateEv
FN:306,_ZN9LoRaComms17GetLogInfoMessageERKN4Napi12CallbackInfoE
FN:315,_ZN9LoRaComms18GetLogErrorMessageERKN4Napi12CallbackInfoE
FN:324,_ZN9LoRaComms14SetLogWriteHWMERKN4Napi12CallbackInfoE
FN:329,_ZN9LoRaComms18SetLogWriteTimeoutERKN4Napi12CallbackInfoE
FN:335,_ZN9LoRaComms20SetLogMaxMessageSizeERKN4Napi12CallbackInfoE
FN:340,_ZN9LoRaComms20GetLogMaxMessageSizeERKN4Napi12CallbackInfoE
FN:347,_ZN9LoRaComms7TimeValERKN4Napi12CallbackInfoEj
FN:356,_ZN9LoRaComms8CommLinkERKN4Napi12CallbackInfoEj
FN:362,_ZN9LoRaComms10InitializeEN4Napi3EnvENS0_6ObjectE
FN:401,_Z10InitializeN4Napi3EnvENS_6ObjectE
FN:406,_ZL17__napi_InitializeP10napi_env__P12napi_value__
FN:406,_register_lora_comms
FNDA:1,_Z10InitializeN4Napi3EnvENS_6ObjectE
FNDA:1,_ZL17__napi_InitializeP10napi_env__P12napi_value__
FNDA:1,_ZN9LoRaComms11StopLoggingERKN4Napi12CallbackInfoE
FNDA:111,_ZN16CommsAsyncWorker4OnOKEv
FNDA:1,_ZN9LoRaComms20SetLogMaxMessageSizeERKN4Napi12CallbackInfoE
FNDA:116,_ZN9LoRaComms7TimeValERKN4Napi12CallbackInfoEj
FNDA:16,_ZN9LoRaComms12StartLoggingERKN4Napi12CallbackInfoE
FNDA:28,_ZN17SendToAsyncWorker11CommunicateEv
FNDA:15,_ZN9LoRaComms4StopERKN4Napi12CallbackInfoE
FNDA:28,_ZN9LoRaComms6SendToERKN4Napi12CallbackInfoE
FNDA:37,_ZN9LoRaComms8RecvFromERKN4Napi12CallbackInfoE
FNDA:1,_ZN9LoRaComms14SetLogWriteHWMERKN4Napi12CallbackInfoE
FNDA:111,_ZN16CommsAsyncWorker7ExecuteEv
FNDA:17,_ZN9LoRaComms18GetLogErrorMessageERKN4Napi12CallbackInfoE
FNDA:16,_ZN16StartAsyncWorker7ExecuteEv
FNDA:1,_register_lora_comms
FNDA:2,_ZN9LoRaComms12SetGWSendHWMERKN4Napi12CallbackInfoE
FNDA:16,_ZN16StartAsyncWorkerC2ERKN4Napi8FunctionERKNS0_6StringE
FNDA:2,_ZN9LoRaComms16SetGWRecvTimeoutERKN4Napi12CallbackInfoE
FNDA:28,_ZN17SendToAsyncWorkerC2ERKN4Napi8FunctionEiRKNS0_6BufferIhEElRK7timeval
FNDA:56,_Z10ErrnoErrorRKN4Napi3EnvEi
FNDA:16,_ZN9LoRaComms5StartERKN4Napi12CallbackInfoE
FNDA:2,_ZN9LoRaComms16SetGWSendTimeoutERKN4Napi12CallbackInfoE
FNDA:15,_ZN9LoRaComms5ResetERKN4Napi12CallbackInfoE
FNDA:46,_ZN14LogAsyncWorker11CommunicateEv
FNDA:46,_ZN14LogAsyncWorkerC2ERKN4Napi8FunctionEPFlPcmPK7timevalERKNS0_6BufferIhEERS6_
FNDA:15,_ZN9LoRaComms12ResetLoggingERKN4Napi12CallbackInfoE
FNDA:65,_ZN15LinkAsyncWorkerC2ERKN4Napi8FunctionEiRKNS0_6BufferIhEERK7timeval
FNDA:111,_ZN16CommsAsyncWorkerC2ERKN4Napi8FunctionERKNS0_6BufferIhEERK7timeval
FNDA:47,_ZN9LoRaComms20GetLogMaxMessageSizeERKN4Napi12CallbackInfoE
FNDA:37,_ZN19RecvFromAsyncWorkerC2ERKN4Napi8FunctionEiRKNS0_6BufferIhEERK7timeval
FNDA:1,_ZN9LoRaComms18SetLogWriteTimeoutERKN4Napi12CallbackInfoE
FNDA:1,_ZN9LoRaComms10InitializeEN4Napi3EnvENS0_6ObjectE
FNDA:37,_ZN19RecvFromAsyncWorker11CommunicateEv
FNDA:29,_ZN9LoRaComms17GetLogInfoMessageERKN4Napi12CallbackInfoE
FNDA:6,_ZN9LoRaComms8CommLinkERKN4Napi12CallbackInfoEj
FNF:36
FNH:36
DA:53,56
DA:55,56
DA:56,56
DA:59,112
DA:60,56
DA:61,112
DA:71,16
DA:72,16
DA:74,16
DA:76,16
DA:79,16
DA:81,16
DA:83,1
DA:86,16
DA:87,16
DA:93,16
DA:95,16
DA:96,16
DA:97,16
DA:98,16
DA:100,15
DA:102,15
DA:103,15
DA:105,15
DA:107,15
DA:108,15
DA:113,111
DA:115,111
DA:117,222
DA:118,111
DA:119,111
DA:120,222
DA:122,111
DA:136,111
DA:138,111
DA:139,111
DA:141,56
DA:143,111
DA:145,111
DA:147,111
DA:148,444
DA:149,111
DA:151,167
DA:152,222
DA:154,111
DA:169,65
DA:172,65
DA:174,65
DA:176,65
DA:194,37
DA:197,37
DA:198,37
DA:200,37
DA:203,37
DA:205,37
DA:209,37
DA:211,37
DA:212,37
DA:213,37
DA:214,74
DA:215,37
DA:216,37
DA:221,28
DA:225,28
DA:227,28
DA:229,28
DA:232,28
DA:234,28
DA:241,28
DA:243,28
DA:244,28
DA:245,28
DA:246,28
DA:247,56
DA:248,28
DA:249,28
DA:251,2
DA:253,2
DA:254,2
DA:256,2
DA:258,2
DA:259,2
DA:260,2
DA:262,2
DA:264,2
DA:265,2
DA:266,2
DA:268,16
DA:270,16
DA:271,16
DA:273,1
DA:275,1
DA:276,1
DA:277,1
DA:279,15
DA:281,15
DA:282,15
DA:287,46
DA:290,46
DA:292,46
DA:294,46
DA:297,46
DA:299,46
DA:306,29
DA:308,29
DA:310,29
DA:311,29
DA:312,29
DA:313,29
DA:315,17
DA:317,17
DA:319,17
DA:320,17
DA:321,17
DA:322,17
DA:324,1
DA:326,1
DA:327,1
DA:329,1
DA:331,1
DA:332,1
DA:333,1
DA:335,1
DA:337,1
DA:338,1
DA:340,47
DA:342,47
DA:347,116
DA:351,116
DA:352,116
DA:353,116
DA:356,6
DA:359,6
DA:362,1
DA:364,1
DA:366,1
DA:367,1
DA:368,1
DA:370,1
DA:371,1
DA:373,1
DA:374,1
DA:376,1
DA:377,1
DA:378,1
DA:380,1
DA:381,1
DA:382,1
DA:383,1
DA:384,1
DA:385,1
DA:386,1
DA:387,1
DA:388,1
DA:390,1
DA:391,1
DA:392,1
DA:394,1
DA:395,1
DA:398,1
DA:401,1
DA:403,1
DA:406,2
LF:163
LH:163
end_of_record
TN:
SF:lib/lora-comms.js
FN:29,LinkDuplex
FN:36,_write
FN:88,LogReadable
FN:94,_read
FN:119,get LoRaComms
FN:124,lora_comms
FN:145,start
FN:210,stop
FN:222,get uplink
FN:235,get downlink
FN:246,get active
FN:259,start_logging
FN:279,check
FN:301,stop_logging
FN:314,get log_info
FN:325,get log_error
FN:336,get logging_active
FNDA:97,_read
FNDA:32,LogReadable
FNDA:17,start
FNDA:28,_write
FNDA:19,get LoRaComms
FNDA:16,get logging_active
FNDA:40,get downlink
FNDA:15,stop
FNDA:1,stop_logging
FNDA:32,check
FNDA:1,lora_comms
FNDA:21,get log_info
FNDA:44,LinkDuplex
FNDA:16,get active
FNDA:17,start_logging
FNDA:59,get uplink
FNDA:16,get log_error
FNF:17
FNH:17
BRDA:1,0,0,1
BRDA:29,1,0,44
BRDA:36,2,0,28
BRDA:38,3,0,28
BRDA:41,4,0,4
BRDA:43,5,0,3
BRDA:49,6,0,24
BRDA:51,7,0,1
BRDA:54,8,0,23
BRDA:59,9,0,52
BRDA:61,10,0,17
BRDA:62,11,0,35
BRDA:65,12,0,35
BRDA:69,13,0,18
BRDA:71,14,0,17
BRDA:74,15,0,1
BRDA:75,17,0,1
BRDA:77,16,0,17
BRDA:80,18,0,17
BRDA:88,19,0,32
BRDA:94,20,0,45
BRDA:97,21,0,45
BRDA:100,22,0,31
BRDA:102,23,0,30
BRDA:105,24,0,1
BRDA:106,27,0,1
BRDA:108,25,0,14
BRDA:110,26,0,13
BRDA:111,28,0,13
BRDA:119,29,0,19
BRDA:124,30,0,1
BRDA:145,31,0,17
BRDA:154,32,0,1
BRDA:157,33,0,16
BRDA:159,34,0,15
BRDA:162,35,0,16
BRDA:167,36,0,5
BRDA:171,37,0,11
BRDA:176,38,0,16
BRDA:177,39,0,16
BRDA:177,40,0,16
BRDA:182,41,0,11
BRDA:188,42,0,11
BRDA:194,43,0,1
BRDA:210,44,0,15
BRDA:222,45,0,59
BRDA:235,46,0,40
BRDA:246,47,0,16
BRDA:259,48,0,17
BRDA:262,49,0,1
BRDA:265,50,0,16
BRDA:267,51,0,15
BRDA:270,52,0,16
BRDA:279,53,0,32
BRDA:282,54,0,16
BRDA:301,55,0,1
BRDA:314,56,0,21
BRDA:325,57,0,16
BRDA:336,58,0,16
BRF:59
BRH:59
DA:1,1
DA:2,1
DA:3,1
DA:4,1
DA:5,1
DA:6,1
DA:7,1
DA:8,1
DA:9,1
DA:10,1
DA:11,1
DA:12,1
DA:13,1
DA:14,1
DA:15,1
DA:16,1
DA:17,1
DA:18,1
DA:19,1
DA:20,1
DA:21,1
DA:22,1
DA:23,1
DA:24,1
DA:25,1
DA:26,1
DA:27,1
DA:28,1
DA:29,1
DA:30,44
DA:31,44
DA:32,44
DA:33,44
DA:34,44
DA:35,1
DA:36,1
DA:37,28
DA:38,28
DA:39,28
DA:40,28
DA:41,28
DA:42,4
DA:43,4
DA:44,3
DA:45,3
DA:46,4
DA:47,4
DA:48,4
DA:49,24
DA:50,24
DA:51,28
DA:52,1
DA:53,1
DA:54,23
DA:55,23
DA:56,28
DA:57,28
DA:58,1
DA:59,1
DA:60,52
DA:61,52
DA:62,35
DA:63,35
DA:64,35
DA:65,35
DA:66,35
DA:67,35
DA:68,35
DA:69,35
DA:70,18
DA:71,18
DA:72,17
DA:73,17
DA:74,1
DA:75,1
DA:76,1
DA:77,17
DA:78,17
DA:79,17
DA:80,17
DA:81,17
DA:82,35
DA:83,52
DA:84,1
DA:85,1
DA:86,1
DA:87,1
DA:88,1
DA:89,32
DA:90,32
DA:91,32
DA:92,32
DA:93,1
DA:94,1
DA:95,45
DA:96,45
DA:97,45
DA:98,45
DA:99,45
DA:100,45
DA:101,31
DA:102,31
DA:103,30
DA:104,30
DA:105,1
DA:106,1
DA:107,1
DA:108,14
DA:109,14
DA:110,45
DA:111,13
DA:112,13
DA:113,45
DA:114,45
DA:115,1
DA:116,1
DA:117,1
DA:118,1
DA:119,1
DA:120,19
DA:121,19
DA:122,19
DA:123,1
DA:124,1
DA:125,1
DA:126,1
DA:127,1
DA:128,1
DA:129,1
DA:130,1
DA:131,1
DA:132,1
DA:133,1
DA:134,1
DA:135,1
DA:136,1
DA:137,1
DA:138,1
DA:139,1
DA:140,1
DA:141,1
DA:142,1
DA:143,1
DA:144,1
DA:145,1
DA:146,17
DA:147,17
DA:148,17
DA:149,17
DA:150,17
DA:151,17
DA:152,17
DA:153,17
DA:154,17
DA:155,1
DA:156,1
DA:157,16
DA:158,16
DA:159,17
DA:160,15
DA:161,15
DA:162,16
DA:163,16
DA:164,16
DA:165,16
DA:166,16
DA:167,17
DA:168,5
DA:169,5
DA:170,5
DA:171,11
DA:172,11
DA:173,11
DA:174,11
DA:175,11
DA:176,16
DA:177,16
DA:178,16
DA:179,16
DA:180,16
DA:181,16
DA:182,16
DA:183,11
DA:184,11
DA:185,11
DA:186,16
DA:187,16
DA:188,16
DA:189,11
DA:190,11
DA:191,11
DA:192,16
DA:193,16
DA:194,16
DA:195,1
DA:196,1
DA:197,16
DA:198,16
DA:199,16
DA:200,17
DA:201,1
DA:202,1
DA:203,1
DA:204,1
DA:205,1
DA:206,1
DA:207,1
DA:208,1
DA:209,1
DA:210,1
DA:211,15
DA:212,15
DA:213,15
DA:214,1
DA:215,1
DA:216,1
DA:217,1
DA:218,1
DA:219,1
DA:220,1
DA:221,1
DA:222,1
DA:223,59
DA:224,59
DA:225,59
DA:226,1
DA:227,1
DA:228,1
DA:229,1
DA:230,1
DA:231,1
DA:232,1
DA:233,1
DA:234,1
DA:235,1
DA:236,40
DA:237,40
DA:238,40
DA:239,1
DA:240,1
DA:241,1
DA:242,1
DA:243,1
DA:244,1
DA:245,1
DA:246,1
DA:247,16
DA:248,16
DA:249,16
DA:250,1
DA:251,1
DA:252,1
DA:253,1
DA:254,1
DA:255,1
DA:256,1
DA:257,1
DA:258,1
DA:259,1
DA:260,17
DA:261,17
DA:262,17
DA:263,1
DA:264,1
DA:265,16
DA:266,16
DA:267,17
DA:268,15
DA:269,15
DA:270,16
DA:271,16
DA:272,16
DA:273,16
DA:274,16
DA:275,16
DA:276,16
DA:277,16
DA:278,16
DA:279,16
DA:280,32
DA:281,32
DA:282,32
DA:283,16
DA:284,16
DA:285,16
DA:286,16
DA:287,16
DA:288,16
DA:289,16
DA:290,16
DA:291,17
DA:292,1
DA:293,1
DA:294,1
DA:295,1
DA:296,1
DA:297,1
DA:298,1
DA:299,1
DA:300,1
DA:301,1
DA:302,1
DA:303,1
DA:304,1
DA:305,1
DA:306,1
DA:307,1
DA:308,1
DA:309,1
DA:310,1
DA:311,1
DA:312,1
DA:313,1
DA:314,1
DA:315,21
DA:316,21
DA:317,21
DA:318,1
DA:319,1
DA:320,1
DA:321,1
DA:322,1
DA:323,1
DA:324,1
DA:325,1
DA:326,16
DA:327,16
DA:328,16
DA:329,1
DA:330,1
DA:331,1
DA:332,1
DA:333,1
DA:334,1
DA:335,1
DA:336,1
DA:337,16
DA:338,16
DA:339,16
DA:340,1
DA:341,1
DA:342,1
DA:343,1
DA:344,1
DA:345,1
DA:346,1
DA:347,1
DA:348,1
DA:349,1
DA:350,1
DA:351,1
DA:352,1
DA:353,1
DA:354,1
DA:355,1
DA:356,1
DA:357,1
DA:358,1
DA:359,1
DA:360,1
DA:361,1
DA:362,1
DA:363,1
DA:364,1
LF:364
LH:364
end_of_record
