TN:
SF:/home/pi/node-lora-comms/lib/lora-comms.js
FN:21,(anonymous_0)
FN:27,(anonymous_1)
FN:29,(anonymous_2)
FN:50,(anonymous_3)
FN:53,(anonymous_4)
FN:62,(anonymous_5)
FN:67,(anonymous_6)
FN:75,(anonymous_7)
FN:81,(anonymous_8)
FN:84,(anonymous_9)
FN:93,(anonymous_10)
FN:98,(anonymous_11)
FN:106,(anonymous_12)
FN:111,(anonymous_13)
FN:120,(anonymous_14)
FN:125,(anonymous_15)
FN:130,(anonymous_16)
FN:158,(anonymous_17)
FN:158,(anonymous_18)
FN:183,(anonymous_19)
FN:188,(anonymous_20)
FN:208,(anonymous_21)
FN:222,(anonymous_22)
FNDA:18,(anonymous_12)
FNDA:1,(anonymous_22)
FNDA:731,(anonymous_11)
FNDA:17,(anonymous_16)
FNDA:32,(anonymous_2)
FNDA:35,(anonymous_6)
FNDA:1,(anonymous_10)
FNDA:15,(anonymous_19)
FNDA:32,(anonymous_7)
FNDA:1,(anonymous_5)
FNDA:17,(anonymous_20)
FNDA:42,(anonymous_4)
FNDA:42,(anonymous_3)
FNDA:16,(anonymous_17)
FNDA:16,(anonymous_15)
FNDA:32,(anonymous_21)
FNDA:945,(anonymous_8)
FNDA:16,(anonymous_14)
FNDA:1,(anonymous_13)
FNDA:32,(anonymous_1)
FNDA:16,(anonymous_18)
FNDA:945,(anonymous_9)
FNDA:22,(anonymous_0)
FNF:23
FNH:23
BRDA:1,0,0,1
BRDA:1,0,1,1
BRDA:31,1,0,2
BRDA:31,1,1,30
BRDA:33,2,0,1
BRDA:33,2,1,1
BRDA:41,3,0,1
BRDA:41,3,1,29
BRDA:55,4,0,5
BRDA:55,4,1,37
BRDA:57,5,0,4
BRDA:57,5,1,1
BRDA:65,6,0,35
BRDA:65,6,1,2
BRDA:86,7,0,31
BRDA:86,7,1,914
BRDA:88,8,0,30
BRDA:88,8,1,1
BRDA:96,9,0,731
BRDA:96,9,1,183
BRDA:132,10,0,17
BRDA:132,10,1,1
BRDA:134,11,0,1
BRDA:134,11,1,16
BRDA:139,12,0,15
BRDA:139,12,1,1
BRDA:147,13,0,5
BRDA:147,13,1,11
BRDA:162,14,0,11
BRDA:162,14,1,5
BRDA:168,15,0,11
BRDA:168,15,1,5
BRDA:174,16,0,1
BRDA:174,16,1,15
BRDA:190,17,0,1
BRDA:190,17,1,16
BRDA:195,18,0,15
BRDA:195,18,1,1
BRDA:210,19,0,16
BRDA:210,19,1,16
BRF:40
BRH:40
DA:1,1
DA:3,1
DA:4,1
DA:5,1
DA:7,1
DA:8,1
DA:9,1
DA:11,1
DA:12,1
DA:13,1
DA:15,1
DA:16,1
DA:17,1
DA:23,22
DA:24,22
DA:29,32
DA:31,32
DA:33,2
DA:35,1
DA:38,2
DA:41,30
DA:43,1
DA:46,29
DA:52,42
DA:53,42
DA:55,42
DA:57,5
DA:59,4
DA:62,1
DA:65,37
DA:67,35
DA:77,32
DA:78,32
DA:83,945
DA:84,945
DA:86,945
DA:88,31
DA:90,30
DA:93,1
DA:96,914
DA:98,731
DA:104,1
DA:108,18
DA:113,1
DA:114,1
DA:115,1
DA:116,1
DA:117,1
DA:122,16
DA:127,16
DA:132,17
DA:134,17
DA:136,1
DA:139,16
DA:141,15
DA:144,16
DA:145,16
DA:147,16
DA:149,5
DA:150,5
DA:154,11
DA:155,11
DA:158,16
DA:160,16
DA:162,16
DA:164,11
DA:165,11
DA:168,16
DA:170,11
DA:171,11
DA:174,16
DA:176,1
DA:179,16
DA:185,15
DA:190,17
DA:192,1
DA:195,16
DA:197,15
DA:200,16
DA:201,16
DA:203,16
DA:205,16
DA:208,16
DA:210,32
DA:212,16
DA:213,16
DA:216,16
DA:217,16
DA:219,16
DA:224,1
DA:225,1
DA:226,1
LF:92
LH:92
end_of_record
TN:
SF:/home/pi/node-lora-comms/src/lora_comms.cc
FN:54,_Z10ErrnoErrorRKN4Napi3EnvEi
FN:65,_ZN16StartAsyncWorkerD2Ev
FN:65,_ZN16StartAsyncWorkerD0Ev
FN:68,_ZN16StartAsyncWorkerC2ERKN4Napi8FunctionERKNS0_6StringE
FN:76,_ZN16StartAsyncWorker7ExecuteEv
FN:90,_ZN9LoRaComms5StartERKN4Napi12CallbackInfoE
FN:97,_ZN9LoRaComms4StopERKN4Napi12CallbackInfoE
FN:102,_ZN9LoRaComms5ResetERKN4Napi12CallbackInfoE
FN:110,_ZN16CommsAsyncWorkerC2ERKN4Napi8FunctionERKNS0_6BufferIhEERK7timeval
FN:133,_ZN16CommsAsyncWorker7ExecuteEv
FN:142,_ZN16CommsAsyncWorker4OnOKEv
FN:167,_ZN15LinkAsyncWorkerC2ERKN4Napi8FunctionEiRKNS0_6BufferIhEERK7timeval
FN:189,_ZN19RecvFromAsyncWorkerD2Ev
FN:189,_ZN19RecvFromAsyncWorkerD0Ev
FN:192,_ZN19RecvFromAsyncWorkerC2ERKN4Napi8FunctionEiRKNS0_6BufferIhEERK7timeval
FN:201,_ZN19RecvFromAsyncWorker11CommunicateEv
FN:207,_ZN9LoRaComms8RecvFromERKN4Napi12CallbackInfoE
FN:216,_ZN17SendToAsyncWorkerD2Ev
FN:216,_ZN17SendToAsyncWorkerD0Ev
FN:219,_ZN17SendToAsyncWorkerC2ERKN4Napi8FunctionEiRKNS0_6BufferIhEEiRK7timeval
FN:230,_ZN17SendToAsyncWorker11CommunicateEv
FN:239,_ZN9LoRaComms6SendToERKN4Napi12CallbackInfoE
FN:249,_ZN9LoRaComms12SetGWSendHWMERKN4Napi12CallbackInfoE
FN:254,_ZN9LoRaComms16SetGWSendTimeoutERKN4Napi12CallbackInfoE
FN:260,_ZN9LoRaComms16SetGWRecvTimeoutERKN4Napi12CallbackInfoE
FN:266,_ZN9LoRaComms12StartLoggingERKN4Napi12CallbackInfoE
FN:271,_ZN9LoRaComms11StopLoggingERKN4Napi12CallbackInfoE
FN:277,_ZN9LoRaComms12ResetLoggingERKN4Napi12CallbackInfoE
FN:282,_ZN14LogAsyncWorkerD2Ev
FN:282,_ZN14LogAsyncWorkerD0Ev
FN:285,_ZN14LogAsyncWorkerC2ERKN4Napi8FunctionEPFiPcjPK7timevalERKNS0_6BufferIhEERS6_
FN:295,_ZN14LogAsyncWorker11CommunicateEv
FN:304,_ZN9LoRaComms17GetLogInfoMessageERKN4Napi12CallbackInfoE
FN:313,_ZN9LoRaComms18GetLogErrorMessageERKN4Napi12CallbackInfoE
FN:322,_ZN9LoRaComms14SetLogWriteHWMERKN4Napi12CallbackInfoE
FN:327,_ZN9LoRaComms18SetLogWriteTimeoutERKN4Napi12CallbackInfoE
FN:333,_ZN9LoRaComms20SetLogMaxMessageSizeERKN4Napi12CallbackInfoE
FN:338,_ZN9LoRaComms20GetLogMaxMessageSizeERKN4Napi12CallbackInfoE
FN:345,_ZN9LoRaComms7TimeValERKN4Napi12CallbackInfoEj
FN:354,_ZN9LoRaComms10InitializeEN4Napi3EnvENS0_6ObjectE
FN:393,_Z10InitializeN4Napi3EnvENS_6ObjectE
FN:398,_Z17__napi_InitializeP10napi_env__P12napi_value__
FN:398,_register_lora_comms
FNDA:44,_ZN19RecvFromAsyncWorkerD2Ev
FNDA:929,_ZN9LoRaComms17GetLogInfoMessageERKN4Napi12CallbackInfoE
FNDA:1,_ZN9LoRaComms14SetLogWriteHWMERKN4Napi12CallbackInfoE
FNDA:2,_ZN9LoRaComms16SetGWRecvTimeoutERKN4Napi12CallbackInfoE
FNDA:15,_ZN9LoRaComms12ResetLoggingERKN4Napi12CallbackInfoE
FNDA:16,_ZN16StartAsyncWorkerC2ERKN4Napi8FunctionERKNS0_6StringE
FNDA:946,_ZN14LogAsyncWorker11CommunicateEv
FNDA:946,_ZN14LogAsyncWorkerD0Ev
FNDA:2,_ZN9LoRaComms12SetGWSendHWMERKN4Napi12CallbackInfoE
FNDA:44,_ZN9LoRaComms8RecvFromERKN4Napi12CallbackInfoE
FNDA:1022,_ZN16CommsAsyncWorkerC2ERKN4Napi8FunctionERKNS0_6BufferIhEERK7timeval
FNDA:1,_ZN9LoRaComms10InitializeEN4Napi3EnvENS0_6ObjectE
FNDA:2,_ZN9LoRaComms16SetGWSendTimeoutERKN4Napi12CallbackInfoE
FNDA:32,_ZN9LoRaComms6SendToERKN4Napi12CallbackInfoE
FNDA:16,_ZN9LoRaComms5StartERKN4Napi12CallbackInfoE
FNDA:44,_ZN19RecvFromAsyncWorkerC2ERKN4Napi8FunctionEiRKNS0_6BufferIhEERK7timeval
FNDA:44,_ZN19RecvFromAsyncWorkerD0Ev
FNDA:16,_ZN9LoRaComms12StartLoggingERKN4Napi12CallbackInfoE
FNDA:16,_ZN16StartAsyncWorkerD0Ev
FNDA:947,_ZN9LoRaComms20GetLogMaxMessageSizeERKN4Napi12CallbackInfoE
FNDA:76,_ZN15LinkAsyncWorkerC2ERKN4Napi8FunctionEiRKNS0_6BufferIhEERK7timeval
FNDA:946,_ZN14LogAsyncWorkerC2ERKN4Napi8FunctionEPFiPcjPK7timevalERKNS0_6BufferIhEERS6_
FNDA:1,_register_lora_comms
FNDA:41,_Z10ErrnoErrorRKN4Napi3EnvEi
FNDA:16,_ZN16StartAsyncWorker7ExecuteEv
FNDA:16,_ZN16StartAsyncWorkerD2Ev
FNDA:32,_ZN17SendToAsyncWorkerD2Ev
FNDA:1,_Z17__napi_InitializeP10napi_env__P12napi_value__
FNDA:32,_ZN17SendToAsyncWorker11CommunicateEv
FNDA:1,_Z10InitializeN4Napi3EnvENS_6ObjectE
FNDA:946,_ZN14LogAsyncWorkerD2Ev
FNDA:1027,_ZN9LoRaComms7TimeValERKN4Napi12CallbackInfoEj
FNDA:32,_ZN17SendToAsyncWorkerC2ERKN4Napi8FunctionEiRKNS0_6BufferIhEEiRK7timeval
FNDA:1,_ZN9LoRaComms20SetLogMaxMessageSizeERKN4Napi12CallbackInfoE
FNDA:17,_ZN9LoRaComms18GetLogErrorMessageERKN4Napi12CallbackInfoE
FNDA:44,_ZN19RecvFromAsyncWorker11CommunicateEv
FNDA:1,_ZN9LoRaComms11StopLoggingERKN4Napi12CallbackInfoE
FNDA:32,_ZN17SendToAsyncWorkerD0Ev
FNDA:1022,_ZN16CommsAsyncWorker7ExecuteEv
FNDA:15,_ZN9LoRaComms4StopERKN4Napi12CallbackInfoE
FNDA:1,_ZN9LoRaComms18SetLogWriteTimeoutERKN4Napi12CallbackInfoE
FNDA:1022,_ZN16CommsAsyncWorker4OnOKEv
FNDA:15,_ZN9LoRaComms5ResetERKN4Napi12CallbackInfoE
FNF:43
FNH:43
DA:54,41
DA:56,41
DA:57,41
DA:60,41
DA:61,41
DA:62,41
DA:65,32
DA:68,16
DA:69,16
DA:71,16
DA:73,16
DA:76,16
DA:78,16
DA:80,1
DA:83,16
DA:84,16
DA:90,16
DA:92,32
DA:93,48
DA:94,48
DA:95,16
DA:97,15
DA:99,15
DA:100,15
DA:102,15
DA:104,15
DA:105,15
DA:110,1022
DA:112,1022
DA:114,1022
DA:115,1022
DA:117,3066
DA:119,1022
DA:133,1022
DA:135,1022
DA:136,1022
DA:138,41
DA:140,1022
DA:142,1022
DA:144,1022
DA:145,1022
DA:146,2044
DA:147,3066
DA:149,2044
DA:150,2044
DA:151,4088
DA:152,1022
DA:167,76
DA:170,76
DA:172,76
DA:174,76
DA:189,88
DA:192,44
DA:195,44
DA:196,44
DA:198,44
DA:201,44
DA:203,44
DA:207,44
DA:209,88
DA:210,88
DA:211,88
DA:212,176
DA:213,176
DA:214,44
DA:216,64
DA:219,32
DA:223,32
DA:225,32
DA:227,32
DA:230,32
DA:232,32
DA:239,32
DA:241,64
DA:242,64
DA:243,64
DA:244,64
DA:245,128
DA:246,128
DA:247,32
DA:249,2
DA:251,2
DA:252,2
DA:254,2
DA:256,2
DA:257,2
DA:258,2
DA:260,2
DA:262,2
DA:263,2
DA:264,2
DA:266,16
DA:268,16
DA:269,16
DA:271,1
DA:273,1
DA:274,1
DA:275,1
DA:277,15
DA:279,15
DA:280,15
DA:282,1892
DA:285,946
DA:288,946
DA:290,946
DA:292,946
DA:295,946
DA:297,946
DA:304,929
DA:306,1858
DA:308,1858
DA:309,2787
DA:310,3716
DA:311,929
DA:313,17
DA:315,34
DA:317,34
DA:318,51
DA:319,68
DA:320,17
DA:322,1
DA:324,1
DA:325,1
DA:327,1
DA:329,1
DA:330,1
DA:331,1
DA:333,1
DA:335,1
DA:336,1
DA:338,947
DA:340,947
DA:345,1027
DA:349,1027
DA:350,1027
DA:351,1027
DA:354,1
DA:356,2
DA:365,2
DA:366,2
DA:382,2
DA:383,2
DA:384,2
DA:386,2
DA:387,2
DA:388,10
DA:390,1
DA:393,1
DA:395,1
DA:398,2
LF:150
LH:150
end_of_record
