TN:
SF:/home/ubuntu/node-lora-comms/src/lora_comms.cc
FN:56,_Z10ErrnoErrorRKN4Napi3EnvEi
FN:70,_ZN16StartAsyncWorkerC2ERKN4Napi8FunctionERKNS0_6StringE
FN:78,_ZN16StartAsyncWorker7ExecuteEv
FN:92,_ZN9LoRaComms5StartERKN4Napi12CallbackInfoE
FN:99,_ZN9LoRaComms4StopERKN4Napi12CallbackInfoE
FN:104,_ZN9LoRaComms5ResetERKN4Napi12CallbackInfoE
FN:112,_ZN16CommsAsyncWorkerC2ERKN4Napi8FunctionERKNS0_6BufferIhEERK7timeval
FN:135,_ZN16CommsAsyncWorker7ExecuteEv
FN:144,_ZN16CommsAsyncWorker4OnOKEv
FN:168,_ZN15LinkAsyncWorkerC2ERKN4Napi8FunctionEiRKNS0_6BufferIhEERK7timeval
FN:193,_ZN19RecvFromAsyncWorkerC2ERKN4Napi8FunctionEiRKNS0_6BufferIhEERK7timeval
FN:202,_ZN19RecvFromAsyncWorker11CommunicateEv
FN:208,_ZN9LoRaComms8RecvFromERKN4Napi12CallbackInfoE
FN:220,_ZN17SendToAsyncWorkerC2ERKN4Napi8FunctionEiRKNS0_6BufferIhEEiRK7timeval
FN:231,_ZN17SendToAsyncWorker11CommunicateEv
FN:240,_ZN9LoRaComms6SendToERKN4Napi12CallbackInfoE
FN:250,_ZN9LoRaComms12SetGWSendHWMERKN4Napi12CallbackInfoE
FN:255,_ZN9LoRaComms16SetGWSendTimeoutERKN4Napi12CallbackInfoE
FN:261,_ZN9LoRaComms16SetGWRecvTimeoutERKN4Napi12CallbackInfoE
FN:267,_ZN9LoRaComms12StartLoggingERKN4Napi12CallbackInfoE
FN:272,_ZN9LoRaComms11StopLoggingERKN4Napi12CallbackInfoE
FN:278,_ZN9LoRaComms12ResetLoggingERKN4Napi12CallbackInfoE
FN:286,_ZN14LogAsyncWorkerC2ERKN4Napi8FunctionEPFiPcjPK7timevalERKNS0_6BufferIhEERS6_
FN:296,_ZN14LogAsyncWorker11CommunicateEv
FN:305,_ZN9LoRaComms17GetLogInfoMessageERKN4Napi12CallbackInfoE
FN:314,_ZN9LoRaComms18GetLogErrorMessageERKN4Napi12CallbackInfoE
FN:323,_ZN9LoRaComms14SetLogWriteHWMERKN4Napi12CallbackInfoE
FN:328,_ZN9LoRaComms18SetLogWriteTimeoutERKN4Napi12CallbackInfoE
FN:334,_ZN9LoRaComms20SetLogMaxMessageSizeERKN4Napi12CallbackInfoE
FN:339,_ZN9LoRaComms20GetLogMaxMessageSizeERKN4Napi12CallbackInfoE
FN:346,_ZN9LoRaComms7TimeValERKN4Napi12CallbackInfoEj
FN:355,_ZN9LoRaComms8CommLinkERKN4Napi12CallbackInfoEj
FN:361,_ZN9LoRaComms10InitializeEN4Napi3EnvENS0_6ObjectE
FN:400,_Z10InitializeN4Napi3EnvENS_6ObjectE
FN:405,_Z17__napi_InitializeP10napi_env__P12napi_value__
FN:405,_register_lora_comms
FNDA:2,_ZN9LoRaComms12SetGWSendHWMERKN4Napi12CallbackInfoE
FNDA:1,_ZN9LoRaComms14SetLogWriteHWMERKN4Napi12CallbackInfoE
FNDA:6,_ZN9LoRaComms8CommLinkERKN4Napi12CallbackInfoEj
FNDA:16,_ZN9LoRaComms5StartERKN4Napi12CallbackInfoE
FNDA:1,_ZN9LoRaComms18SetLogWriteTimeoutERKN4Napi12CallbackInfoE
FNDA:2,_ZN9LoRaComms16SetGWSendTimeoutERKN4Napi12CallbackInfoE
FNDA:894,_ZN16CommsAsyncWorkerC2ERKN4Napi8FunctionERKNS0_6BufferIhEERK7timeval
FNDA:15,_ZN9LoRaComms5ResetERKN4Napi12CallbackInfoE
FNDA:842,_ZN14LogAsyncWorker11CommunicateEv
FNDA:15,_ZN9LoRaComms4StopERKN4Napi12CallbackInfoE
FNDA:16,_ZN16StartAsyncWorker7ExecuteEv
FNDA:1,_Z17__napi_InitializeP10napi_env__P12napi_value__
FNDA:2,_ZN9LoRaComms16SetGWRecvTimeoutERKN4Napi12CallbackInfoE
FNDA:1,_ZN9LoRaComms10InitializeEN4Napi3EnvENS0_6ObjectE
FNDA:15,_ZN9LoRaComms12ResetLoggingERKN4Napi12CallbackInfoE
FNDA:24,_ZN17SendToAsyncWorkerC2ERKN4Napi8FunctionEiRKNS0_6BufferIhEEiRK7timeval
FNDA:1,_Z10InitializeN4Napi3EnvENS_6ObjectE
FNDA:17,_ZN9LoRaComms18GetLogErrorMessageERKN4Napi12CallbackInfoE
FNDA:24,_ZN9LoRaComms6SendToERKN4Napi12CallbackInfoE
FNDA:825,_ZN9LoRaComms17GetLogInfoMessageERKN4Napi12CallbackInfoE
FNDA:28,_ZN19RecvFromAsyncWorkerC2ERKN4Napi8FunctionEiRKNS0_6BufferIhEERK7timeval
FNDA:842,_ZN14LogAsyncWorkerC2ERKN4Napi8FunctionEPFiPcjPK7timevalERKNS0_6BufferIhEERS6_
FNDA:1,_ZN9LoRaComms20SetLogMaxMessageSizeERKN4Napi12CallbackInfoE
FNDA:24,_ZN17SendToAsyncWorker11CommunicateEv
FNDA:28,_ZN19RecvFromAsyncWorker11CommunicateEv
FNDA:52,_ZN15LinkAsyncWorkerC2ERKN4Napi8FunctionEiRKNS0_6BufferIhEERK7timeval
FNDA:894,_ZN16CommsAsyncWorker4OnOKEv
FNDA:843,_ZN9LoRaComms20GetLogMaxMessageSizeERKN4Napi12CallbackInfoE
FNDA:899,_ZN9LoRaComms7TimeValERKN4Napi12CallbackInfoEj
FNDA:1,_ZN9LoRaComms11StopLoggingERKN4Napi12CallbackInfoE
FNDA:894,_ZN16CommsAsyncWorker7ExecuteEv
FNDA:16,_ZN16StartAsyncWorkerC2ERKN4Napi8FunctionERKNS0_6StringE
FNDA:28,_ZN9LoRaComms8RecvFromERKN4Napi12CallbackInfoE
FNDA:41,_Z10ErrnoErrorRKN4Napi3EnvEi
FNDA:16,_ZN9LoRaComms12StartLoggingERKN4Napi12CallbackInfoE
FNDA:1,_register_lora_comms
FNF:36
FNH:36
DA:56,41
DA:58,41
DA:59,41
DA:62,41
DA:63,41
DA:64,82
DA:70,16
DA:71,16
DA:73,16
DA:75,16
DA:78,16
DA:80,16
DA:82,1
DA:85,16
DA:86,16
DA:92,16
DA:94,16
DA:95,16
DA:96,16
DA:97,16
DA:99,15
DA:101,15
DA:102,15
DA:104,15
DA:106,15
DA:107,15
DA:112,894
DA:114,894
DA:116,1788
DA:117,1788
DA:119,894
DA:121,894
DA:135,894
DA:137,894
DA:138,894
DA:140,41
DA:142,894
DA:144,894
DA:146,894
DA:147,894
DA:148,894
DA:150,935
DA:151,894
DA:152,2682
DA:153,894
DA:168,52
DA:171,52
DA:173,52
DA:175,52
DA:193,28
DA:196,28
DA:197,28
DA:199,28
DA:202,28
DA:204,28
DA:208,28
DA:210,28
DA:211,28
DA:212,28
DA:213,56
DA:214,28
DA:215,28
DA:220,24
DA:224,24
DA:226,24
DA:228,24
DA:231,24
DA:233,24
DA:240,24
DA:242,24
DA:243,24
DA:244,24
DA:245,24
DA:246,48
DA:247,24
DA:248,24
DA:250,2
DA:252,2
DA:253,2
DA:255,2
DA:257,2
DA:258,2
DA:259,2
DA:261,2
DA:263,2
DA:264,2
DA:265,2
DA:267,16
DA:269,16
DA:270,16
DA:272,1
DA:274,1
DA:275,1
DA:276,1
DA:278,15
DA:280,15
DA:281,15
DA:286,842
DA:289,842
DA:291,842
DA:293,842
DA:296,842
DA:298,842
DA:305,825
DA:307,825
DA:309,825
DA:310,825
DA:311,825
DA:312,825
DA:314,17
DA:316,17
DA:318,17
DA:319,17
DA:320,17
DA:321,17
DA:323,1
DA:325,1
DA:326,1
DA:328,1
DA:330,1
DA:331,1
DA:332,1
DA:334,1
DA:336,1
DA:337,1
DA:339,843
DA:341,843
DA:346,899
DA:350,899
DA:351,899
DA:352,899
DA:355,6
DA:358,6
DA:361,1
DA:363,1
DA:365,1
DA:366,1
DA:367,1
DA:369,1
DA:370,1
DA:372,1
DA:373,1
DA:375,1
DA:376,1
DA:377,1
DA:379,1
DA:380,1
DA:381,1
DA:382,1
DA:383,1
DA:384,1
DA:385,1
DA:386,1
DA:387,1
DA:389,1
DA:390,1
DA:391,1
DA:393,1
DA:394,1
DA:395,1
DA:397,1
DA:400,1
DA:402,1
DA:405,2
LF:164
LH:164
end_of_record
TN:
SF:lib/lora-comms.js
FN:29,(anonymous_0)
FN:36,(anonymous_1)
FN:38,(anonymous_2)
FN:59,(anonymous_3)
FN:65,(anonymous_4)
FN:75,(anonymous_5)
FN:80,(anonymous_6)
FN:88,(anonymous_7)
FN:94,(anonymous_8)
FN:97,(anonymous_9)
FN:106,(anonymous_10)
FN:111,(anonymous_11)
FN:119,(anonymous_12)
FN:124,(anonymous_13)
FN:145,(anonymous_14)
FN:177,(anonymous_15)
FN:177,(anonymous_16)
FN:210,(anonymous_17)
FN:222,(anonymous_18)
FN:235,(anonymous_19)
FN:246,(anonymous_20)
FN:259,(anonymous_21)
FN:279,(anonymous_22)
FN:301,(anonymous_23)
FN:314,(anonymous_24)
FN:325,(anonymous_25)
FN:336,(anonymous_26)
FNDA:1,(anonymous_5)
FNDA:16,(anonymous_15)
FNDA:21,(anonymous_24)
FNDA:32,(anonymous_22)
FNDA:16,(anonymous_20)
FNDA:46,(anonymous_3)
FNDA:26,(anonymous_4)
FNDA:17,(anonymous_14)
FNDA:16,(anonymous_25)
FNDA:21,(anonymous_18)
FNDA:18,(anonymous_12)
FNDA:22,(anonymous_0)
FNDA:1,(anonymous_10)
FNDA:15,(anonymous_17)
FNDA:32,(anonymous_7)
FNDA:841,(anonymous_8)
FNDA:20,(anonymous_6)
FNDA:24,(anonymous_2)
FNDA:1,(anonymous_13)
FNDA:16,(anonymous_26)
FNDA:695,(anonymous_11)
FNDA:841,(anonymous_9)
FNDA:18,(anonymous_19)
FNDA:1,(anonymous_23)
FNDA:24,(anonymous_1)
FNDA:17,(anonymous_21)
FNDA:16,(anonymous_16)
FNF:27
FNH:27
BRDA:8,0,0,1
BRDA:8,0,1,1
BRDA:40,1,0,2
BRDA:40,1,1,22
BRDA:42,2,0,1
BRDA:42,2,1,1
BRDA:50,3,0,1
BRDA:50,3,1,21
BRDA:61,4,0,20
BRDA:61,4,1,26
BRDA:68,5,0,5
BRDA:68,5,1,21
BRDA:70,6,0,4
BRDA:70,6,1,1
BRDA:78,7,0,20
BRDA:78,7,1,1
BRDA:99,8,0,31
BRDA:99,8,1,810
BRDA:101,9,0,30
BRDA:101,9,1,1
BRDA:109,10,0,695
BRDA:109,10,1,115
BRDA:153,11,0,1
BRDA:153,11,1,16
BRDA:158,12,0,15
BRDA:158,12,1,1
BRDA:166,13,0,5
BRDA:166,13,1,11
BRDA:181,14,0,11
BRDA:181,14,1,5
BRDA:187,15,0,11
BRDA:187,15,1,5
BRDA:193,16,0,1
BRDA:193,16,1,15
BRDA:261,17,0,1
BRDA:261,17,1,16
BRDA:266,18,0,15
BRDA:266,18,1,1
BRDA:281,19,0,16
BRDA:281,19,1,16
BRF:40
BRH:40
DA:8,1
DA:10,1
DA:11,1
DA:12,1
DA:13,1
DA:15,1
DA:16,1
DA:17,1
DA:19,1
DA:20,1
DA:21,1
DA:23,1
DA:24,1
DA:25,1
DA:31,22
DA:32,22
DA:33,22
DA:38,24
DA:40,24
DA:42,2
DA:44,1
DA:47,2
DA:50,22
DA:52,1
DA:55,21
DA:61,46
DA:62,26
DA:64,26
DA:65,26
DA:67,26
DA:68,26
DA:70,5
DA:72,4
DA:75,1
DA:78,21
DA:80,20
DA:90,32
DA:91,32
DA:96,841
DA:97,841
DA:99,841
DA:101,31
DA:103,30
DA:106,1
DA:109,810
DA:111,695
DA:121,18
DA:126,1
DA:127,1
DA:128,1
DA:129,1
DA:130,1
DA:131,1
DA:132,1
DA:133,1
DA:134,1
DA:147,17
DA:153,17
DA:155,1
DA:158,16
DA:160,15
DA:163,16
DA:164,16
DA:166,16
DA:168,5
DA:169,5
DA:173,11
DA:174,11
DA:177,16
DA:179,16
DA:181,16
DA:183,11
DA:184,11
DA:187,16
DA:189,11
DA:190,11
DA:193,16
DA:195,1
DA:198,16
DA:212,15
DA:224,21
DA:237,18
DA:248,16
DA:261,17
DA:263,1
DA:266,16
DA:268,15
DA:271,16
DA:272,16
DA:274,16
DA:276,16
DA:279,16
DA:281,32
DA:283,16
DA:284,16
DA:287,16
DA:288,16
DA:290,16
DA:303,1
DA:304,1
DA:305,1
DA:316,21
DA:327,16
DA:338,16
DA:364,1
LF:105
LH:105
end_of_record
