TN:
SF:/home/pi/node-lora-comms/lib/lora-comms.js
FN:29,(anonymous_0)
FN:36,(anonymous_1)
FN:38,(anonymous_2)
FN:59,(anonymous_3)
FN:65,(anonymous_4)
FN:75,(anonymous_5)
FN:80,(anonymous_6)
FN:88,(anonymous_7)
FN:94,(anonymous_8)
FN:97,(anonymous_9)
FN:106,(anonymous_10)
FN:111,(anonymous_11)
FN:119,(anonymous_12)
FN:124,(anonymous_13)
FN:145,(anonymous_14)
FN:177,(anonymous_16)
FN:177,(anonymous_15)
FN:210,(anonymous_17)
FN:222,(anonymous_18)
FN:235,(anonymous_19)
FN:246,(anonymous_20)
FN:259,(anonymous_21)
FN:279,(anonymous_22)
FN:301,(anonymous_23)
FN:314,(anonymous_24)
FN:325,(anonymous_25)
FN:336,(anonymous_26)
FNDA:32,(anonymous_22)
FNDA:22,(anonymous_0)
FNDA:16,(anonymous_16)
FNDA:839,(anonymous_8)
FNDA:16,(anonymous_25)
FNDA:24,(anonymous_4)
FNDA:1,(anonymous_23)
FNDA:21,(anonymous_18)
FNDA:1,(anonymous_10)
FNDA:18,(anonymous_19)
FNDA:839,(anonymous_9)
FNDA:17,(anonymous_21)
FNDA:15,(anonymous_17)
FNDA:22,(anonymous_1)
FNDA:16,(anonymous_26)
FNDA:42,(anonymous_3)
FNDA:1,(anonymous_13)
FNDA:18,(anonymous_12)
FNDA:32,(anonymous_7)
FNDA:16,(anonymous_15)
FNDA:18,(anonymous_6)
FNDA:16,(anonymous_20)
FNDA:22,(anonymous_2)
FNDA:17,(anonymous_14)
FNDA:1,(anonymous_5)
FNDA:693,(anonymous_11)
FNDA:21,(anonymous_24)
FNF:27
FNH:27
BRDA:8,0,0,1
BRDA:8,0,1,1
BRDA:40,1,0,2
BRDA:40,1,1,20
BRDA:42,2,0,1
BRDA:42,2,1,1
BRDA:50,3,0,1
BRDA:50,3,1,19
BRDA:61,4,0,18
BRDA:61,4,1,24
BRDA:68,5,0,5
BRDA:68,5,1,19
BRDA:70,6,0,4
BRDA:70,6,1,1
BRDA:78,7,0,18
BRDA:78,7,1,1
BRDA:99,8,0,31
BRDA:99,8,1,808
BRDA:101,9,0,30
BRDA:101,9,1,1
BRDA:109,10,0,693
BRDA:109,10,1,115
BRDA:153,11,0,1
BRDA:153,11,1,16
BRDA:158,12,0,15
BRDA:158,12,1,1
BRDA:166,13,0,5
BRDA:166,13,1,11
BRDA:181,14,0,11
BRDA:181,14,1,5
BRDA:187,15,0,11
BRDA:187,15,1,5
BRDA:193,16,0,1
BRDA:193,16,1,15
BRDA:261,17,0,1
BRDA:261,17,1,16
BRDA:266,18,0,15
BRDA:266,18,1,1
BRDA:281,19,0,16
BRDA:281,19,1,16
BRF:40
BRH:40
DA:8,1
DA:10,1
DA:11,1
DA:12,1
DA:13,1
DA:15,1
DA:16,1
DA:17,1
DA:19,1
DA:20,1
DA:21,1
DA:23,1
DA:24,1
DA:25,1
DA:31,22
DA:32,22
DA:33,22
DA:38,22
DA:40,22
DA:42,2
DA:44,1
DA:47,2
DA:50,20
DA:52,1
DA:55,19
DA:61,42
DA:62,24
DA:64,24
DA:65,24
DA:67,24
DA:68,24
DA:70,5
DA:72,4
DA:75,1
DA:78,19
DA:80,18
DA:90,32
DA:91,32
DA:96,839
DA:97,839
DA:99,839
DA:101,31
DA:103,30
DA:106,1
DA:109,808
DA:111,693
DA:121,18
DA:126,1
DA:127,1
DA:128,1
DA:129,1
DA:130,1
DA:131,1
DA:132,1
DA:133,1
DA:134,1
DA:147,17
DA:153,17
DA:155,1
DA:158,16
DA:160,15
DA:163,16
DA:164,16
DA:166,16
DA:168,5
DA:169,5
DA:173,11
DA:174,11
DA:177,16
DA:179,16
DA:181,16
DA:183,11
DA:184,11
DA:187,16
DA:189,11
DA:190,11
DA:193,16
DA:195,1
DA:198,16
DA:212,15
DA:224,21
DA:237,18
DA:248,16
DA:261,17
DA:263,1
DA:266,16
DA:268,15
DA:271,16
DA:272,16
DA:274,16
DA:276,16
DA:279,16
DA:281,32
DA:283,16
DA:284,16
DA:287,16
DA:288,16
DA:290,16
DA:303,1
DA:304,1
DA:305,1
DA:316,21
DA:327,16
DA:338,16
DA:364,1
LF:105
LH:105
end_of_record
TN:
SF:/home/pi/node-lora-comms/src/lora_comms.cc
FN:56,_Z10ErrnoErrorRKN4Napi3EnvEi
FN:67,_ZN16StartAsyncWorkerD2Ev
FN:67,_ZN16StartAsyncWorkerD0Ev
FN:70,_ZN16StartAsyncWorkerC2ERKN4Napi8FunctionERKNS0_6StringE
FN:78,_ZN16StartAsyncWorker7ExecuteEv
FN:92,_ZN9LoRaComms5StartERKN4Napi12CallbackInfoE
FN:99,_ZN9LoRaComms4StopERKN4Napi12CallbackInfoE
FN:104,_ZN9LoRaComms5ResetERKN4Napi12CallbackInfoE
FN:112,_ZN16CommsAsyncWorkerC2ERKN4Napi8FunctionERKNS0_6BufferIhEERK7timeval
FN:135,_ZN16CommsAsyncWorker7ExecuteEv
FN:144,_ZN16CommsAsyncWorker4OnOKEv
FN:169,_ZN15LinkAsyncWorkerC2ERKN4Napi8FunctionEiRKNS0_6BufferIhEERK7timeval
FN:191,_ZN19RecvFromAsyncWorkerD0Ev
FN:191,_ZN19RecvFromAsyncWorkerD2Ev
FN:194,_ZN19RecvFromAsyncWorkerC2ERKN4Napi8FunctionEiRKNS0_6BufferIhEERK7timeval
FN:203,_ZN19RecvFromAsyncWorker11CommunicateEv
FN:209,_ZN9LoRaComms8RecvFromERKN4Napi12CallbackInfoE
FN:218,_ZN17SendToAsyncWorkerD0Ev
FN:218,_ZN17SendToAsyncWorkerD2Ev
FN:221,_ZN17SendToAsyncWorkerC2ERKN4Napi8FunctionEiRKNS0_6BufferIhEEiRK7timeval
FN:232,_ZN17SendToAsyncWorker11CommunicateEv
FN:241,_ZN9LoRaComms6SendToERKN4Napi12CallbackInfoE
FN:251,_ZN9LoRaComms12SetGWSendHWMERKN4Napi12CallbackInfoE
FN:256,_ZN9LoRaComms16SetGWSendTimeoutERKN4Napi12CallbackInfoE
FN:262,_ZN9LoRaComms16SetGWRecvTimeoutERKN4Napi12CallbackInfoE
FN:268,_ZN9LoRaComms12StartLoggingERKN4Napi12CallbackInfoE
FN:273,_ZN9LoRaComms11StopLoggingERKN4Napi12CallbackInfoE
FN:279,_ZN9LoRaComms12ResetLoggingERKN4Napi12CallbackInfoE
FN:284,_ZN14LogAsyncWorkerD2Ev
FN:284,_ZN14LogAsyncWorkerD0Ev
FN:287,_ZN14LogAsyncWorkerC2ERKN4Napi8FunctionEPFiPcjPK7timevalERKNS0_6BufferIhEERS6_
FN:297,_ZN14LogAsyncWorker11CommunicateEv
FN:306,_ZN9LoRaComms17GetLogInfoMessageERKN4Napi12CallbackInfoE
FN:315,_ZN9LoRaComms18GetLogErrorMessageERKN4Napi12CallbackInfoE
FN:324,_ZN9LoRaComms14SetLogWriteHWMERKN4Napi12CallbackInfoE
FN:329,_ZN9LoRaComms18SetLogWriteTimeoutERKN4Napi12CallbackInfoE
FN:335,_ZN9LoRaComms20SetLogMaxMessageSizeERKN4Napi12CallbackInfoE
FN:340,_ZN9LoRaComms20GetLogMaxMessageSizeERKN4Napi12CallbackInfoE
FN:347,_ZN9LoRaComms7TimeValERKN4Napi12CallbackInfoEj
FN:356,_ZN9LoRaComms8CommLinkERKN4Napi12CallbackInfoEj
FN:362,_ZN9LoRaComms10InitializeEN4Napi3EnvENS0_6ObjectE
FN:401,_Z10InitializeN4Napi3EnvENS_6ObjectE
FN:406,_register_lora_comms
FN:406,_Z17__napi_InitializeP10napi_env__P12napi_value__
FNDA:26,_ZN19RecvFromAsyncWorkerC2ERKN4Napi8FunctionEiRKNS0_6BufferIhEERK7timeval
FNDA:823,_ZN9LoRaComms17GetLogInfoMessageERKN4Napi12CallbackInfoE
FNDA:888,_ZN16CommsAsyncWorkerC2ERKN4Napi8FunctionERKNS0_6BufferIhEERK7timeval
FNDA:1,_ZN9LoRaComms11StopLoggingERKN4Napi12CallbackInfoE
FNDA:6,_ZN9LoRaComms8CommLinkERKN4Napi12CallbackInfoEj
FNDA:16,_ZN16StartAsyncWorkerD2Ev
FNDA:1,_ZN9LoRaComms18SetLogWriteTimeoutERKN4Napi12CallbackInfoE
FNDA:1,_Z10InitializeN4Napi3EnvENS_6ObjectE
FNDA:16,_ZN9LoRaComms12StartLoggingERKN4Napi12CallbackInfoE
FNDA:26,_ZN9LoRaComms8RecvFromERKN4Napi12CallbackInfoE
FNDA:22,_ZN17SendToAsyncWorker11CommunicateEv
FNDA:15,_ZN9LoRaComms5ResetERKN4Napi12CallbackInfoE
FNDA:16,_ZN9LoRaComms5StartERKN4Napi12CallbackInfoE
FNDA:2,_ZN9LoRaComms16SetGWSendTimeoutERKN4Napi12CallbackInfoE
FNDA:22,_ZN17SendToAsyncWorkerD2Ev
FNDA:1,_register_lora_comms
FNDA:2,_ZN9LoRaComms16SetGWRecvTimeoutERKN4Napi12CallbackInfoE
FNDA:2,_ZN9LoRaComms12SetGWSendHWMERKN4Napi12CallbackInfoE
FNDA:22,_ZN17SendToAsyncWorkerD0Ev
FNDA:26,_ZN19RecvFromAsyncWorkerD2Ev
FNDA:840,_ZN14LogAsyncWorkerD0Ev
FNDA:17,_ZN9LoRaComms18GetLogErrorMessageERKN4Napi12CallbackInfoE
FNDA:22,_ZN17SendToAsyncWorkerC2ERKN4Napi8FunctionEiRKNS0_6BufferIhEEiRK7timeval
FNDA:26,_ZN19RecvFromAsyncWorkerD0Ev
FNDA:1,_ZN9LoRaComms10InitializeEN4Napi3EnvENS0_6ObjectE
FNDA:840,_ZN14LogAsyncWorkerC2ERKN4Napi8FunctionEPFiPcjPK7timevalERKNS0_6BufferIhEERS6_
FNDA:16,_ZN16StartAsyncWorker7ExecuteEv
FNDA:1,_ZN9LoRaComms20SetLogMaxMessageSizeERKN4Napi12CallbackInfoE
FNDA:888,_ZN16CommsAsyncWorker7ExecuteEv
FNDA:22,_ZN9LoRaComms6SendToERKN4Napi12CallbackInfoE
FNDA:841,_ZN9LoRaComms20GetLogMaxMessageSizeERKN4Napi12CallbackInfoE
FNDA:888,_ZN16CommsAsyncWorker4OnOKEv
FNDA:16,_ZN16StartAsyncWorkerD0Ev
FNDA:893,_ZN9LoRaComms7TimeValERKN4Napi12CallbackInfoEj
FNDA:16,_ZN16StartAsyncWorkerC2ERKN4Napi8FunctionERKNS0_6StringE
FNDA:840,_ZN14LogAsyncWorkerD2Ev
FNDA:840,_ZN14LogAsyncWorker11CommunicateEv
FNDA:48,_ZN15LinkAsyncWorkerC2ERKN4Napi8FunctionEiRKNS0_6BufferIhEERK7timeval
FNDA:1,_Z17__napi_InitializeP10napi_env__P12napi_value__
FNDA:1,_ZN9LoRaComms14SetLogWriteHWMERKN4Napi12CallbackInfoE
FNDA:26,_ZN19RecvFromAsyncWorker11CommunicateEv
FNDA:15,_ZN9LoRaComms12ResetLoggingERKN4Napi12CallbackInfoE
FNDA:41,_Z10ErrnoErrorRKN4Napi3EnvEi
FNDA:15,_ZN9LoRaComms4StopERKN4Napi12CallbackInfoE
FNF:44
FNH:44
DA:56,41
DA:58,41
DA:59,41
DA:62,41
DA:63,41
DA:64,41
DA:67,32
DA:70,16
DA:71,16
DA:73,16
DA:75,16
DA:78,16
DA:80,16
DA:82,1
DA:85,16
DA:86,16
DA:92,16
DA:94,32
DA:95,48
DA:96,48
DA:97,16
DA:99,15
DA:101,15
DA:102,15
DA:104,15
DA:106,15
DA:107,15
DA:112,888
DA:114,888
DA:116,888
DA:117,888
DA:119,2664
DA:121,888
DA:135,888
DA:137,888
DA:138,888
DA:140,41
DA:142,888
DA:144,888
DA:146,888
DA:147,888
DA:148,1776
DA:149,2664
DA:151,1776
DA:152,1776
DA:153,3552
DA:154,888
DA:169,48
DA:172,48
DA:174,48
DA:176,48
DA:191,52
DA:194,26
DA:197,26
DA:198,26
DA:200,26
DA:203,26
DA:205,26
DA:209,26
DA:211,52
DA:212,52
DA:213,52
DA:214,104
DA:215,104
DA:216,26
DA:218,44
DA:221,22
DA:225,22
DA:227,22
DA:229,22
DA:232,22
DA:234,22
DA:241,22
DA:243,44
DA:244,44
DA:245,44
DA:246,44
DA:247,88
DA:248,88
DA:249,22
DA:251,2
DA:253,2
DA:254,2
DA:256,2
DA:258,2
DA:259,2
DA:260,2
DA:262,2
DA:264,2
DA:265,2
DA:266,2
DA:268,16
DA:270,16
DA:271,16
DA:273,1
DA:275,1
DA:276,1
DA:277,1
DA:279,15
DA:281,15
DA:282,15
DA:284,1680
DA:287,840
DA:290,840
DA:292,840
DA:294,840
DA:297,840
DA:299,840
DA:306,823
DA:308,1646
DA:310,1646
DA:311,2469
DA:312,3292
DA:313,823
DA:315,17
DA:317,34
DA:319,34
DA:320,51
DA:321,68
DA:322,17
DA:324,1
DA:326,1
DA:327,1
DA:329,1
DA:331,1
DA:332,1
DA:333,1
DA:335,1
DA:337,1
DA:338,1
DA:340,841
DA:342,841
DA:347,893
DA:351,893
DA:352,893
DA:353,893
DA:356,6
DA:359,6
DA:362,1
DA:364,2
DA:373,2
DA:374,2
DA:390,2
DA:391,2
DA:392,2
DA:394,2
DA:395,2
DA:396,10
DA:398,1
DA:401,1
DA:403,1
DA:406,2
LF:152
LH:152
end_of_record
