TN:
SF:/home/pi/node-lora-comms/node_modules/node-addon-api/napi-inl.h
FN:55,_ZN4Napi7details12WrapCallbackIZNS_10ObjectWrapI9LoRaCommsE31StaticVoidMethodCallbackWrapperEP10napi_env__P20napi_callback_info__EUlvE_EEP12napi_value__T_
FN:55,_ZN4Napi7details12WrapCallbackIZNS_14RegisterModuleEP10napi_env__P12napi_value__PFNS_6ObjectENS_3EnvES6_EEUlvE_EES5_T_
FN:55,_ZN4Napi7details12WrapCallbackIZNS_11AsyncWorker14OnWorkCompleteEP10napi_env__11napi_statusPvEUlvE_EEP12napi_value__T_
FN:55,_ZN4Napi7details12WrapCallbackIZNS_10ObjectWrapI9LoRaCommsE26ConstructorCallbackWrapperEP10napi_env__P20napi_callback_info__EUlvE_EEP12napi_value__T_
FN:55,_ZN4Napi7details12WrapCallbackIZNS_10ObjectWrapI9LoRaCommsE27StaticMethodCallbackWrapperEP10napi_env__P20napi_callback_info__EUlvE_EEP12napi_value__T_
FN:168,_ZN4Napi14RegisterModuleEP10napi_env__P12napi_value__PFNS_6ObjectENS_3EnvES4_E
FN:171,_ZZN4Napi14RegisterModuleEP10napi_env__P12napi_value__PFNS_6ObjectENS_3EnvES4_EENKUlvE_clEv
FN:181,_ZN4Napi3EnvC2EP10napi_env__
FN:184,_ZNK4Napi3EnvcvP10napi_env__Ev
FN:195,_ZNK4Napi3Env9UndefinedEv
FN:202,_ZNK4Napi3Env4NullEv
FN:233,_ZN4Napi5ValueC2EP10napi_env__P12napi_value__
FN:236,_ZNK4Napi5ValuecvP12napi_value__Ev
FN:255,_ZNK4Napi5Value3EnvEv
FN:375,_ZNK4Napi5Value2AsINS_8FunctionEEET_v
FN:375,_ZNK4Napi5Value2AsINS_6NumberEEET_v
FN:375,_ZNK4Napi5Value2AsINS_6BufferIhEEEET_v
FN:375,_ZNK4Napi5Value2AsINS_6StringEEET_v
FN:439,_ZN4Napi6Number3NewEP10napi_env__d
FN:449,_ZN4Napi6NumberC2EP10napi_env__P12napi_value__
FN:452,_ZNK4Napi6NumbercviEv
FN:456,_ZNK4Napi6NumbercvjEv
FN:472,_ZNK4Napi6Number10Int32ValueEv
FN:479,_ZNK4Napi6Number11Uint32ValueEv
FN:511,_ZN4Napi4NameC2EP10napi_env__P12napi_value__
FN:557,_ZN4Napi6StringC2EP10napi_env__P12napi_value__
FN:560,_ZNK4Napi6StringcvNSt7__cxx1112basic_stringIcSt11char_traitsIcESaIcEEEB5cxx11Ev
FN:568,_ZNK4Napi6String9Utf8ValueB5cxx11Ev
FN:675,_ZN4Napi7details11vf_fallbackINS_8FunctionEE4FromEP10napi_env__RKS2_
FN:675,_ZN4Napi7details11vf_fallbackINS_5ValueEE4FromEP10napi_env__RKS2_
FN:695,_ZN4Napi5Value4FromIS0_EES0_P10napi_env__RKT_
FN:695,_ZN4Napi5Value4FromINS_8FunctionEEES0_P10napi_env__RKT_
FN:750,_ZN4Napi6Object3NewEP10napi_env__
FN:760,_ZN4Napi6ObjectC2EP10napi_env__P12napi_value__
FN:851,_ZNK4Napi6Object3GetEPKc
FN:877,_ZN4Napi6Object3SetINS_8FunctionEEEvPKcRKT_
FN:877,_ZN4Napi6Object3SetINS_5ValueEEEvPKcRKT_
FN:1182,_ZN4Napi10TypedArrayC2EP10napi_env__P12napi_value__
FN:1288,_ZN4Napi12TypedArrayOfIhEC2EP10napi_env__P12napi_value__
FN:1361,_ZN4Napi8FunctionC2EP10napi_env__P12napi_value__
FN:1396,_ZNK4Napi8Function12MakeCallbackEP12napi_value__RKSt16initializer_listIS2_E
FN:1406,_ZNK4Napi8Function12MakeCallbackEP12napi_value__jPKS2_
FN:1544,_ZN4Napi6BufferIhEC2EP10napi_env__P12napi_value__
FN:1554,_ZNK4Napi6BufferIhE6LengthEv
FN:1560,_ZNK4Napi6BufferIhE4DataEv
FN:1566,_ZNK4Napi6BufferIhE10EnsureInfoEv
FN:1584,_ZN4Napi5Error3NewEP10napi_env__
FN:1642,_ZN4Napi5Error3NewEP10napi_env__RKNSt7__cxx1112basic_stringIcSt11char_traitsIcESaIcEEE
FN:1646,_ZN4Napi5Error5FatalEPKcS2_
FN:1653,_ZN4Napi5ErrorC2EP10napi_env__P12napi_value__
FN:1689,_ZNK4Napi5Error7MessageB5cxx11Ev
FN:1706,_ZNK4Napi5Error26ThrowAsJavaScriptExceptionEv
FN:1716,_ZNK4Napi5Error4whatEv
FN:1723,_ZN4Napi5Error3NewIS0_EET_P10napi_env__PKcjPF11napi_statusS4_P12napi_value__S9_PS9_E
FN:1771,_ZN4Napi9ReferenceINS_6BufferIhEEE3NewERKS2_j
FN:1771,_ZN4Napi9ReferenceINS_6ObjectEE3NewERKS1_j
FN:1771,_ZN4Napi9ReferenceINS_8FunctionEE3NewERKS1_j
FN:1788,_ZN4Napi9ReferenceINS_6ObjectEEC2Ev
FN:1792,_ZN4Napi9ReferenceINS_6ObjectEEC2EP10napi_env__P10napi_ref__
FN:1792,_ZN4Napi9ReferenceINS_8FunctionEEC2EP10napi_env__P10napi_ref__
FN:1792,_ZN4Napi9ReferenceINS_6BufferIhEEEC2EP10napi_env__P10napi_ref__
FN:1797,_ZN4Napi9ReferenceINS_6BufferIhEEED2Ev
FN:1797,_ZN4Napi9ReferenceINS_6ObjectEED2Ev
FN:1797,_ZN4Napi9ReferenceINS_8FunctionEED2Ev
FN:1808,_ZN4Napi9ReferenceINS_6ObjectEEC2EOS2_
FN:1808,_ZN4Napi9ReferenceINS_8FunctionEEC2EOS2_
FN:1816,_ZN4Napi9ReferenceINS_6ObjectEEaSEOS2_
FN:1863,_ZNK4Napi9ReferenceINS_6ObjectEE7IsEmptyEv
FN:1868,_ZNK4Napi9ReferenceINS_8FunctionEE5ValueEv
FN:1868,_ZNK4Napi9ReferenceINS_6ObjectEE5ValueEv
FN:1896,_ZN4Napi9ReferenceINS_6ObjectEE5ResetEv
FN:1935,_ZN4Napi10PersistentINS_6BufferIhEEEENS_9ReferenceIT_EES4_
FN:1939,_ZN4Napi10PersistentENS_6ObjectE
FN:1943,_ZN4Napi10PersistentENS_8FunctionE
FN:1954,_ZN4Napi15ObjectReferenceC2EP10napi_env__P10napi_ref__
FN:1957,_ZN4Napi15ObjectReferenceC2EONS_9ReferenceINS_6ObjectEEE
FN:1979,_ZNK4Napi15ObjectReference3GetEPKc
FN:1994,_ZN4Napi15ObjectReference3SetEPKcNS_5ValueE
FN:2085,_ZN4Napi17FunctionReferenceC2EONS_9ReferenceINS_8FunctionEEE
FN:2131,_ZNK4Napi17FunctionReference12MakeCallbackEP12napi_value__RKSt16initializer_listIS2_E
FN:2157,_ZN4Napi12CallbackInfoC2EP10napi_env__P20napi_callback_info__
FN:2175,_ZN4Napi12CallbackInfoD2Ev
FN:2192,_ZNK4Napi12CallbackInfo3EnvEv
FN:2200,_ZNK4Napi12CallbackInfoixEj
FN:2204,_ZNK4Napi12CallbackInfo4ThisEv
FN:2211,_ZNK4Napi12CallbackInfo4DataEv
FN:2215,_ZN4Napi12CallbackInfo7SetDataEPv
FN:2454,_ZN4Napi10ObjectWrapI9LoRaCommsEC2ERKNS_12CallbackInfoE
FN:2476,_ZN4Napi10ObjectWrapI9LoRaCommsE11DefineClassENS_3EnvEPKcRKSt16initializer_listINS_23ClassPropertyDescriptorIS1_EEEPv
FN:2508,_ZN4Napi10ObjectWrapI9LoRaCommsE12StaticMethodEPKcPFvRKNS_12CallbackInfoEE24napi_property_attributesPv
FN:2525,_ZN4Napi10ObjectWrapI9LoRaCommsE12StaticMethodEPKcPFNS_5ValueERKNS_12CallbackInfoEE24napi_property_attributesPv
FN:2652,_ZN4Napi10ObjectWrapI9LoRaCommsE11StaticValueEPKcNS_5ValueE24napi_property_attributes
FN:2674,_ZN4Napi10ObjectWrapI9LoRaCommsE26ConstructorCallbackWrapperEP10napi_env__P20napi_callback_info__
FN:2688,_ZZN4Napi10ObjectWrapI9LoRaCommsE26ConstructorCallbackWrapperEP10napi_env__P20napi_callback_info__ENKUlvE_clEv
FN:2698,_ZN4Napi10ObjectWrapI9LoRaCommsE31StaticVoidMethodCallbackWrapperEP10napi_env__P20napi_callback_info__
FN:2701,_ZZN4Napi10ObjectWrapI9LoRaCommsE31StaticVoidMethodCallbackWrapperEP10napi_env__P20napi_callback_info__ENKUlvE_clEv
FN:2712,_ZN4Napi10ObjectWrapI9LoRaCommsE27StaticMethodCallbackWrapperEP10napi_env__P20napi_callback_info__
FN:2715,_ZZN4Napi10ObjectWrapI9LoRaCommsE27StaticMethodCallbackWrapperEP10napi_env__P20napi_callback_info__ENKUlvE_clEv
FN:2814,_ZN4Napi10ObjectWrapI9LoRaCommsE16FinalizeCallbackEP10napi_env__PvS5_
FN:2827,_ZN4Napi11HandleScopeC2ENS_3EnvE
FN:2832,_ZN4Napi11HandleScopeD2Ev
FN:2852,_ZN4Napi20EscapableHandleScopeC2ENS_3EnvE
FN:2857,_ZN4Napi20EscapableHandleScopeD2Ev
FN:2869,_ZN4Napi20EscapableHandleScope6EscapeEP12napi_value__
FN:2880,_ZN4Napi11AsyncWorkerC2ERKNS_8FunctionE
FN:2884,_ZN4Napi11AsyncWorkerC2ERKNS_6ObjectERKNS_8FunctionE
FN:2899,_ZN4Napi11AsyncWorkerD0Ev
FN:2899,_ZN4Napi11AsyncWorkerD2Ev
FN:2931,_ZNK4Napi11AsyncWorker3EnvEv
FN:2935,_ZN4Napi11AsyncWorker5QueueEv
FN:2945,_ZN4Napi11AsyncWorker8ReceiverEv
FN:2949,_ZN4Napi11AsyncWorker8CallbackEv
FN:2953,_ZN4Napi11AsyncWorker4OnOKEv
FN:2957,_ZN4Napi11AsyncWorker7OnErrorERKNS_5ErrorE
FN:2961,_ZN4Napi11AsyncWorker8SetErrorERKNSt7__cxx1112basic_stringIcSt11char_traitsIcESaIcEEE
FN:2965,_ZN4Napi11AsyncWorker9OnExecuteEP10napi_env__Pv
FN:2978,_ZN4Napi11AsyncWorker14OnWorkCompleteEP10napi_env__11napi_statusPv
FN:2983,_ZZN4Napi11AsyncWorker14OnWorkCompleteEP10napi_env__11napi_statusPvENKUlvE_clEv
FNDA:0,_ZN4Napi7details12WrapCallbackIZNS_10ObjectWrapI9LoRaCommsE26ConstructorCallbackWrapperEP10napi_env__P20napi_callback_info__EUlvE_EEP12napi_value__T_
FNDA:843,_ZN4Napi7details12WrapCallbackIZNS_10ObjectWrapI9LoRaCommsE27StaticMethodCallbackWrapperEP10napi_env__P20napi_callback_info__EUlvE_EEP12napi_value__T_
FNDA:981,_ZN4Napi7details12WrapCallbackIZNS_10ObjectWrapI9LoRaCommsE31StaticVoidMethodCallbackWrapperEP10napi_env__P20napi_callback_info__EUlvE_EEP12napi_value__T_
FNDA:910,_ZN4Napi7details12WrapCallbackIZNS_11AsyncWorker14OnWorkCompleteEP10napi_env__11napi_statusPvEUlvE_EEP12napi_value__T_
FNDA:1,_ZN4Napi7details12WrapCallbackIZNS_14RegisterModuleEP10napi_env__P12napi_value__PFNS_6ObjectENS_3EnvES6_EEUlvE_EES5_T_
FNDA:1,_ZN4Napi14RegisterModuleEP10napi_env__P12napi_value__PFNS_6ObjectENS_3EnvES4_E
FNDA:1,_ZZN4Napi14RegisterModuleEP10napi_env__P12napi_value__PFNS_6ObjectENS_3EnvES4_EENKUlvE_clEv
FNDA:8133,_ZN4Napi3EnvC2EP10napi_env__
FNDA:9929,_ZNK4Napi3EnvcvP10napi_env__Ev
FNDA:0,_ZNK4Napi3Env9UndefinedEv
FNDA:853,_ZNK4Napi3Env4NullEv
FNDA:14723,_ZN4Napi5ValueC2EP10napi_env__P12napi_value__
FNDA:9972,_ZNK4Napi5ValuecvP12napi_value__Ev
FNDA:4534,_ZNK4Napi5Value3EnvEv
FNDA:894,_ZNK4Napi5Value2AsINS_6BufferIhEEEET_v
FNDA:1884,_ZNK4Napi5Value2AsINS_6NumberEEET_v
FNDA:910,_ZNK4Napi5Value2AsINS_8FunctionEEET_v
FNDA:16,_ZNK4Napi5Value2AsINS_6StringEEET_v
FNDA:1785,_ZN4Napi6Number3NewEP10napi_env__d
FNDA:3669,_ZN4Napi6NumberC2EP10napi_env__P12napi_value__
FNDA:1877,_ZNK4Napi6NumbercviEv
FNDA:1,_ZNK4Napi6NumbercvjEv
FNDA:1883,_ZNK4Napi6Number10Int32ValueEv
FNDA:1,_ZNK4Napi6Number11Uint32ValueEv
FNDA:16,_ZN4Napi4NameC2EP10napi_env__P12napi_value__
FNDA:16,_ZN4Napi6StringC2EP10napi_env__P12napi_value__
FNDA:0,_ZNK4Napi6StringcvNSt7__cxx1112basic_stringIcSt11char_traitsIcESaIcEEEB5cxx11Ev
FNDA:16,_ZNK4Napi6String9Utf8ValueB5cxx11Ev
FNDA:1,_ZN4Napi7details11vf_fallbackINS_8FunctionEE4FromEP10napi_env__RKS2_
FNDA:41,_ZN4Napi7details11vf_fallbackINS_5ValueEE4FromEP10napi_env__RKS2_
FNDA:1,_ZN4Napi5Value4FromINS_8FunctionEEES0_P10napi_env__RKT_
FNDA:41,_ZN4Napi5Value4FromIS0_EES0_P10napi_env__RKT_
FNDA:910,_ZN4Napi6Object3NewEP10napi_env__
FNDA:4619,_ZN4Napi6ObjectC2EP10napi_env__P12napi_value__
FNDA:0,_ZNK4Napi6Object3GetEPKc
FNDA:1,_ZN4Napi6Object3SetINS_8FunctionEEEvPKcRKT_
FNDA:41,_ZN4Napi6Object3SetINS_5ValueEEEvPKcRKT_
FNDA:894,_ZN4Napi10TypedArrayC2EP10napi_env__P12napi_value__
FNDA:894,_ZN4Napi12TypedArrayOfIhEC2EP10napi_env__P12napi_value__
FNDA:1821,_ZN4Napi8FunctionC2EP10napi_env__P12napi_value__
FNDA:910,_ZNK4Napi8Function12MakeCallbackEP12napi_value__RKSt16initializer_listIS2_E
FNDA:910,_ZNK4Napi8Function12MakeCallbackEP12napi_value__jPKS2_
FNDA:894,_ZN4Napi6BufferIhEC2EP10napi_env__P12napi_value__
FNDA:894,_ZNK4Napi6BufferIhE6LengthEv
FNDA:894,_ZNK4Napi6BufferIhE4DataEv
FNDA:1788,_ZNK4Napi6BufferIhE10EnsureInfoEv
FNDA:0,_ZN4Napi5Error3NewEP10napi_env__
FNDA:42,_ZN4Napi5Error3NewEP10napi_env__RKNSt7__cxx1112basic_stringIcSt11char_traitsIcESaIcEEE
FNDA:0,_ZN4Napi5Error5FatalEPKcS2_
FNDA:42,_ZN4Napi5ErrorC2EP10napi_env__P12napi_value__
FNDA:0,_ZNK4Napi5Error7MessageB5cxx11Ev
FNDA:0,_ZNK4Napi5Error26ThrowAsJavaScriptExceptionEv
FNDA:0,_ZNK4Napi5Error4whatEv
FNDA:42,_ZN4Napi5Error3NewIS0_EET_P10napi_env__PKcjPF11napi_statusS4_P12napi_value__S9_PS9_E
FNDA:894,_ZN4Napi9ReferenceINS_6BufferIhEEE3NewERKS2_j
FNDA:910,_ZN4Napi9ReferenceINS_8FunctionEE3NewERKS1_j
FNDA:910,_ZN4Napi9ReferenceINS_6ObjectEE3NewERKS1_j
FNDA:0,_ZN4Napi9ReferenceINS_6ObjectEEC2Ev
FNDA:894,_ZN4Napi9ReferenceINS_6BufferIhEEEC2EP10napi_env__P10napi_ref__
FNDA:910,_ZN4Napi9ReferenceINS_8FunctionEEC2EP10napi_env__P10napi_ref__
FNDA:952,_ZN4Napi9ReferenceINS_6ObjectEEC2EP10napi_env__P10napi_ref__
FNDA:894,_ZN4Napi9ReferenceINS_6BufferIhEEED2Ev
FNDA:1820,_ZN4Napi9ReferenceINS_8FunctionEED2Ev
FNDA:1862,_ZN4Napi9ReferenceINS_6ObjectEED2Ev
FNDA:910,_ZN4Napi9ReferenceINS_8FunctionEEC2EOS2_
FNDA:910,_ZN4Napi9ReferenceINS_6ObjectEEC2EOS2_
FNDA:0,_ZN4Napi9ReferenceINS_6ObjectEEaSEOS2_
FNDA:0,_ZNK4Napi9ReferenceINS_6ObjectEE7IsEmptyEv
FNDA:910,_ZNK4Napi9ReferenceINS_8FunctionEE5ValueEv
FNDA:993,_ZNK4Napi9ReferenceINS_6ObjectEE5ValueEv
FNDA:0,_ZN4Napi9ReferenceINS_6ObjectEE5ResetEv
FNDA:894,_ZN4Napi10PersistentINS_6BufferIhEEEENS_9ReferenceIT_EES4_
FNDA:910,_ZN4Napi10PersistentENS_6ObjectE
FNDA:910,_ZN4Napi10PersistentENS_8FunctionE
FNDA:42,_ZN4Napi15ObjectReferenceC2EP10napi_env__P10napi_ref__
FNDA:910,_ZN4Napi15ObjectReferenceC2EONS_9ReferenceINS_6ObjectEEE
FNDA:0,_ZNK4Napi15ObjectReference3GetEPKc
FNDA:41,_ZN4Napi15ObjectReference3SetEPKcNS_5ValueE
FNDA:910,_ZN4Napi17FunctionReferenceC2EONS_9ReferenceINS_8FunctionEEE
FNDA:910,_ZNK4Napi17FunctionReference12MakeCallbackEP12napi_value__RKSt16initializer_listIS2_E
FNDA:1824,_ZN4Napi12CallbackInfoC2EP10napi_env__P20napi_callback_info__
FNDA:1824,_ZN4Napi12CallbackInfoD2Ev
FNDA:843,_ZNK4Napi12CallbackInfo3EnvEv
FNDA:3704,_ZNK4Napi12CallbackInfoixEj
FNDA:0,_ZNK4Napi12CallbackInfo4ThisEv
FNDA:1824,_ZNK4Napi12CallbackInfo4DataEv
FNDA:1824,_ZN4Napi12CallbackInfo7SetDataEPv
FNDA:0,_ZN4Napi10ObjectWrapI9LoRaCommsEC2ERKNS_12CallbackInfoE
FNDA:1,_ZN4Napi10ObjectWrapI9LoRaCommsE11DefineClassENS_3EnvEPKcRKSt16initializer_listINS_23ClassPropertyDescriptorIS1_EEEPv
FNDA:16,_ZN4Napi10ObjectWrapI9LoRaCommsE12StaticMethodEPKcPFvRKNS_12CallbackInfoEE24napi_property_attributesPv
FNDA:1,_ZN4Napi10ObjectWrapI9LoRaCommsE12StaticMethodEPKcPFNS_5ValueERKNS_12CallbackInfoEE24napi_property_attributesPv
FNDA:7,_ZN4Napi10ObjectWrapI9LoRaCommsE11StaticValueEPKcNS_5ValueE24napi_property_attributes
FNDA:0,_ZN4Napi10ObjectWrapI9LoRaCommsE26ConstructorCallbackWrapperEP10napi_env__P20napi_callback_info__
FNDA:0,_ZZN4Napi10ObjectWrapI9LoRaCommsE26ConstructorCallbackWrapperEP10napi_env__P20napi_callback_info__ENKUlvE_clEv
FNDA:981,_ZN4Napi10ObjectWrapI9LoRaCommsE31StaticVoidMethodCallbackWrapperEP10napi_env__P20napi_callback_info__
FNDA:981,_ZZN4Napi10ObjectWrapI9LoRaCommsE31StaticVoidMethodCallbackWrapperEP10napi_env__P20napi_callback_info__ENKUlvE_clEv
FNDA:843,_ZN4Napi10ObjectWrapI9LoRaCommsE27StaticMethodCallbackWrapperEP10napi_env__P20napi_callback_info__
FNDA:843,_ZZN4Napi10ObjectWrapI9LoRaCommsE27StaticMethodCallbackWrapperEP10napi_env__P20napi_callback_info__ENKUlvE_clEv
FNDA:0,_ZN4Napi10ObjectWrapI9LoRaCommsE16FinalizeCallbackEP10napi_env__PvS5_
FNDA:951,_ZN4Napi11HandleScopeC2ENS_3EnvE
FNDA:951,_ZN4Napi11HandleScopeD2Ev
FNDA:910,_ZN4Napi20EscapableHandleScopeC2ENS_3EnvE
FNDA:910,_ZN4Napi20EscapableHandleScopeD2Ev
FNDA:910,_ZN4Napi20EscapableHandleScope6EscapeEP12napi_value__
FNDA:910,_ZN4Napi11AsyncWorkerC2ERKNS_8FunctionE
FNDA:910,_ZN4Napi11AsyncWorkerC2ERKNS_6ObjectERKNS_8FunctionE
FNDA:0,_ZN4Napi11AsyncWorkerD0Ev
FNDA:910,_ZN4Napi11AsyncWorkerD2Ev
FNDA:894,_ZNK4Napi11AsyncWorker3EnvEv
FNDA:910,_ZN4Napi11AsyncWorker5QueueEv
FNDA:894,_ZN4Napi11AsyncWorker8ReceiverEv
FNDA:894,_ZN4Napi11AsyncWorker8CallbackEv
FNDA:15,_ZN4Napi11AsyncWorker4OnOKEv
FNDA:1,_ZN4Napi11AsyncWorker7OnErrorERKNS_5ErrorE
FNDA:1,_ZN4Napi11AsyncWorker8SetErrorERKNSt7__cxx1112basic_stringIcSt11char_traitsIcESaIcEEE
FNDA:910,_ZN4Napi11AsyncWorker9OnExecuteEP10napi_env__Pv
FNDA:910,_ZN4Napi11AsyncWorker14OnWorkCompleteEP10napi_env__11napi_statusPv
FNDA:910,_ZZN4Napi11AsyncWorker14OnWorkCompleteEP10napi_env__11napi_statusPvENKUlvE_clEv
FNF:118
FNH:98
DA:55,2735
DA:58,2735
DA:59,0
DA:60,0
DA:61,0
DA:168,1
DA:171,2
DA:172,3
DA:173,1
DA:174,3
DA:181,8133
DA:182,8133
DA:184,9929
DA:185,9929
DA:195,0
DA:197,0
DA:198,0
DA:199,0
DA:202,853
DA:204,853
DA:205,853
DA:206,853
DA:233,14723
DA:234,14723
DA:236,9972
DA:237,9972
DA:255,4534
DA:256,4534
DA:375,3704
DA:376,3704
DA:439,1785
DA:441,1785
DA:442,1785
DA:443,1785
DA:449,3669
DA:450,3669
DA:452,1877
DA:453,1877
DA:456,1
DA:457,1
DA:472,1883
DA:474,1883
DA:475,1883
DA:476,1883
DA:479,1
DA:481,1
DA:482,1
DA:483,1
DA:511,16
DA:512,16
DA:557,16
DA:558,16
DA:560,0
DA:561,0
DA:568,16
DA:570,16
DA:571,16
DA:573,16
DA:574,16
DA:575,16
DA:576,16
DA:577,16
DA:578,16
DA:675,42
DA:676,42
DA:695,42
DA:705,42
DA:750,910
DA:752,910
DA:753,910
DA:754,910
DA:760,4619
DA:761,4619
DA:851,0
DA:853,0
DA:854,0
DA:855,0
DA:877,42
DA:879,42
DA:880,42
DA:881,42
DA:1182,894
DA:1183,894
DA:1184,894
DA:1288,894
DA:1289,894
DA:1290,894
DA:1291,894
DA:1292,894
DA:1293,894
DA:1361,1821
DA:1362,1821
DA:1396,910
DA:1398,910
DA:1406,910
DA:1409,910
DA:1410,1820
DA:1411,910
DA:1412,910
DA:1544,894
DA:1545,894
DA:1546,894
DA:1554,894
DA:1555,894
DA:1556,894
DA:1560,894
DA:1561,894
DA:1562,894
DA:1566,1788
DA:1570,1788
DA:1573,894
DA:1574,894
DA:1575,894
DA:1576,894
DA:1578,1788
DA:1584,0
DA:1586,0
DA:1589,0
DA:1590,0
DA:1592,0
DA:1593,0
DA:1594,0
DA:1595,0
DA:1598,0
DA:1599,0
DA:1602,0
DA:1603,0
DA:1605,0
DA:1606,0
DA:1607,0
DA:1611,0
DA:1616,0
DA:1618,0
DA:1619,0
DA:1624,0
DA:1625,0
DA:1627,0
DA:1628,0
DA:1630,0
DA:1635,0
DA:1642,42
DA:1643,42
DA:1646,0
DA:1647,0
DA:1653,42
DA:1654,42
DA:1655,42
DA:1659,42
DA:1661,42
DA:1689,0
DA:1690,0
DA:1693,0
DA:1695,0
DA:1703,0
DA:1706,0
DA:1707,0
DA:1708,0
DA:1709,0
DA:1710,0
DA:1712,0
DA:1716,0
DA:1717,0
DA:1723,42
DA:1728,42
DA:1729,42
DA:1732,42
DA:1733,42
DA:1735,42
DA:1771,2714
DA:1772,2714
DA:1773,2714
DA:1775,2714
DA:1776,0
DA:1780,2714
DA:1781,2714
DA:1783,2714
DA:1788,0
DA:1789,0
DA:1792,2756
DA:1793,2756
DA:1794,2756
DA:1797,4576
DA:1798,4576
DA:1799,2756
DA:1800,2756
DA:1803,2756
DA:1805,4576
DA:1808,1820
DA:1809,1820
DA:1810,1820
DA:1811,1820
DA:1812,1820
DA:1813,1820
DA:1816,0
DA:1817,0
DA:1818,0
DA:1819,0
DA:1820,0
DA:1821,0
DA:1822,0
DA:1823,0
DA:1824,0
DA:1863,0
DA:1864,0
DA:1868,1903
DA:1869,1903
DA:1870,0
DA:1874,1903
DA:1875,1903
DA:1876,1903
DA:1896,0
DA:1897,0
DA:1898,0
DA:1899,0
DA:1900,0
DA:1902,0
DA:1935,894
DA:1936,894
DA:1939,910
DA:1940,910
DA:1943,910
DA:1944,910
DA:1954,42
DA:1955,42
DA:1957,910
DA:1958,910
DA:1959,910
DA:1979,0
DA:1980,0
DA:1981,0
DA:1994,41
DA:1995,82
DA:1996,41
DA:1997,41
DA:2085,910
DA:2086,910
DA:2087,910
DA:2131,910
DA:2133,1820
DA:2134,1820
DA:2157,1824
DA:2158,1824
DA:2159,1824
DA:2160,1824
DA:2161,1824
DA:2162,1824
DA:2164,1824
DA:2167,0
DA:2168,0
DA:2170,0
DA:2171,0
DA:2173,1824
DA:2175,3648
DA:2176,1824
DA:2177,0
DA:2179,1824
DA:2192,843
DA:2193,843
DA:2200,3704
DA:2201,3704
DA:2204,0
DA:2205,0
DA:2206,0
DA:2208,0
DA:2211,1824
DA:2212,1824
DA:2215,1824
DA:2216,1824
DA:2217,1824
DA:2454,0
DA:2455,0
DA:2456,0
DA:2459,0
DA:2460,0
DA:2461,0
DA:2463,0
DA:2464,0
DA:2465,0
DA:2476,1
DA:2482,2
DA:2485,2
DA:2486,1
DA:2488,1
DA:2508,16
DA:2514,16
DA:2516,16
DA:2517,16
DA:2518,16
DA:2519,16
DA:2520,16
DA:2521,16
DA:2525,1
DA:2531,1
DA:2533,1
DA:2534,1
DA:2535,1
DA:2536,1
DA:2537,1
DA:2538,1
DA:2652,7
DA:2654,7
DA:2655,7
DA:2656,7
DA:2657,7
DA:2658,7
DA:2674,0
DA:2678,0
DA:2679,0
DA:2681,0
DA:2682,0
DA:2683,0
DA:2684,0
DA:2688,0
DA:2689,0
DA:2690,0
DA:2691,0
DA:2692,0
DA:2694,0
DA:2698,981
DA:2701,1962
DA:2702,1962
DA:2704,981
DA:2705,981
DA:2706,981
DA:2707,1962
DA:2708,981
DA:2712,843
DA:2715,1686
DA:2716,1686
DA:2718,843
DA:2719,843
DA:2720,1686
DA:2721,843
DA:2814,0
DA:2815,0
DA:2816,0
DA:2817,0
DA:2827,951
DA:2828,951
DA:2829,951
DA:2830,951
DA:2832,1902
DA:2833,951
DA:2834,951
DA:2852,910
DA:2853,910
DA:2854,910
DA:2855,910
DA:2857,1820
DA:2858,910
DA:2859,910
DA:2869,910
DA:2871,910
DA:2872,910
DA:2873,910
DA:2880,910
DA:2881,910
DA:2882,910
DA:2884,910
DA:2885,1820
DA:2887,2730
DA:2890,910
DA:2891,910
DA:2892,910
DA:2894,910
DA:2896,910
DA:2897,910
DA:2899,1820
DA:2900,910
DA:2901,910
DA:2902,910
DA:2904,910
DA:2931,894
DA:2932,894
DA:2935,910
DA:2936,910
DA:2937,910
DA:2938,910
DA:2945,894
DA:2946,894
DA:2949,894
DA:2950,894
DA:2953,15
DA:2954,15
DA:2955,15
DA:2957,1
DA:2958,1
DA:2959,1
DA:2961,1
DA:2962,1
DA:2963,1
DA:2965,910
DA:2966,910
DA:2969,910
DA:2970,0
DA:2971,0
DA:2976,910
DA:2978,910
DA:2980,910
DA:2981,910
DA:2982,1820
DA:2983,910
DA:2984,2733
DA:2985,2727
DA:2988,5
DA:2990,910
DA:2991,910
DA:2993,910
DA:2994,910
LF:409
LH:295
end_of_record
SF:/home/pi/node-lora-comms/node_modules/node-addon-api/napi.h
FN:925,_ZN4Napi15ObjectReferenceD2Ev
FN:962,_ZN4Napi17FunctionReferenceD2Ev
FN:1087,_ZN4Napi5ErrorD0Ev
FN:1087,_ZN4Napi5ErrorD2Ev
FN:1274,_ZN4Napi23ClassPropertyDescriptorI9LoRaCommsEC2E24napi_property_descriptor
FN:1309,_ZN4Napi10ObjectWrapI9LoRaCommsED2Ev
FNDA:952,_ZN4Napi15ObjectReferenceD2Ev
FNDA:910,_ZN4Napi17FunctionReferenceD2Ev
FNDA:0,_ZN4Napi5ErrorD0Ev
FNDA:42,_ZN4Napi5ErrorD2Ev
FNDA:24,_ZN4Napi23ClassPropertyDescriptorI9LoRaCommsEC2E24napi_property_descriptor
FNDA:0,_ZN4Napi10ObjectWrapI9LoRaCommsED2Ev
FNF:6
FNH:4
DA:925,952
DA:962,910
DA:1087,42
DA:1274,24
DA:1309,0
LF:5
LH:4
end_of_record
SF:/usr/include/c++/6/bits/basic_string.h
FN:107,_ZNSt7__cxx1112basic_stringIcSt11char_traitsIcESaIcEE12_Alloc_hiderD2Ev
FN:192,_ZNSt7__cxx1112basic_stringIcSt11char_traitsIcESaIcEE16_M_construct_auxIPcEEvT_S7_St12__false_type
FN:212,_ZNSt7__cxx1112basic_stringIcSt11char_traitsIcESaIcEE12_M_constructIPcEEvT_S7_
FN:549,_ZNSt7__cxx1112basic_stringIcSt11char_traitsIcESaIcEEC2IPcvEET_S7_RKS3_
FN:5470,_ZNSt7__cxx119to_stringEi
FNDA:0,_ZNSt7__cxx1112basic_stringIcSt11char_traitsIcESaIcEE12_Alloc_hiderD2Ev
FNDA:0,_ZNSt7__cxx1112basic_stringIcSt11char_traitsIcESaIcEE16_M_construct_auxIPcEEvT_S7_St12__false_type
FNDA:0,_ZNSt7__cxx1112basic_stringIcSt11char_traitsIcESaIcEE12_M_constructIPcEEvT_S7_
FNDA:0,_ZNSt7__cxx1112basic_stringIcSt11char_traitsIcESaIcEEC2IPcvEET_S7_RKS3_
FNDA:0,_ZNSt7__cxx119to_stringEi
FNF:5
FNH:0
DA:107,0
DA:192,0
DA:196,0
DA:197,0
DA:212,0
DA:215,0
DA:216,0
DA:549,0
DA:551,0
DA:552,0
DA:5470,0
DA:5472,0
LF:12
LH:0
end_of_record
SF:/usr/include/c++/6/bits/basic_string.tcc
FN:206,_ZNSt7__cxx1112basic_stringIcSt11char_traitsIcESaIcEE12_M_constructIPcEEvT_S7_St20forward_iterator_tag
FNDA:0,_ZNSt7__cxx1112basic_stringIcSt11char_traitsIcESaIcEE12_M_constructIPcEEvT_S7_St20forward_iterator_tag
FNF:1
FNH:0
DA:206,0
DA:211,0
DA:212,0
DA:215,0
DA:217,0
DA:219,0
DA:220,0
DA:225,0
DA:226,0
DA:228,0
DA:229,0
DA:232,0
DA:233,0
LF:13
LH:0
end_of_record
SF:/usr/include/c++/6/bits/move.h
FN:101,_ZSt4moveIRN4Napi9ReferenceINS0_6ObjectEEEEONSt16remove_referenceIT_E4typeEOS6_
FN:101,_ZSt4moveIRN4Napi9ReferenceINS0_8FunctionEEEEONSt16remove_referenceIT_E4typeEOS6_
FNDA:910,_ZSt4moveIRN4Napi9ReferenceINS0_8FunctionEEEEONSt16remove_referenceIT_E4typeEOS6_
FNDA:910,_ZSt4moveIRN4Napi9ReferenceINS0_6ObjectEEEEONSt16remove_referenceIT_E4typeEOS6_
FNF:2
FNH:2
DA:101,1820
DA:102,1820
LF:2
LH:2
end_of_record
SF:/usr/include/c++/6/bits/stl_iterator_base_funcs.h
FN:96,_ZSt10__distanceIPcENSt15iterator_traitsIT_E15difference_typeES2_S2_St26random_access_iterator_tag
FN:135,_ZSt8distanceIPcENSt15iterator_traitsIT_E15difference_typeES2_S2_
FNDA:0,_ZSt10__distanceIPcENSt15iterator_traitsIT_E15difference_typeES2_S2_St26random_access_iterator_tag
FNDA:0,_ZSt8distanceIPcENSt15iterator_traitsIT_E15difference_typeES2_S2_
FNF:2
FNH:0
DA:96,0
DA:102,0
DA:135,0
DA:138,0
DA:139,0
LF:5
LH:0
end_of_record
SF:/usr/include/c++/6/bits/stl_iterator_base_types.h
FN:204,_ZSt19__iterator_categoryIPcENSt15iterator_traitsIT_E17iterator_categoryERKS2_
FNDA:0,_ZSt19__iterator_categoryIPcENSt15iterator_traitsIT_E17iterator_categoryERKS2_
FNF:1
FNH:0
DA:204,0
DA:205,0
LF:2
LH:0
end_of_record
SF:/usr/include/c++/6/exception
FN:65,_ZNSt9exceptionC2Ev
FNDA:42,_ZNSt9exceptionC2Ev
FNF:1
FNH:1
DA:65,42
LF:1
LH:1
end_of_record
SF:/usr/include/c++/6/ext/string_conversions.h
FN:89,_ZN9__gnu_cxx12__to_xstringINSt7__cxx1112basic_stringIcSt11char_traitsIcESaIcEEEcEET_PFiPT0_jPKS8_St9__va_listEjSB_z
FNDA:0,_ZN9__gnu_cxx12__to_xstringINSt7__cxx1112basic_stringIcSt11char_traitsIcESaIcEEEcEET_PFiPT0_jPKS8_St9__va_listEjSB_z
FNF:1
FNH:0
DA:89,0
DA:96,0
DA:99,0
DA:101,0
DA:103,0
DA:105,0
LF:6
LH:0
end_of_record
SF:/usr/include/c++/6/ext/type_traits.h
FN:152,_ZN9__gnu_cxx17__is_null_pointerIcEEbPT_
FNDA:0,_ZN9__gnu_cxx17__is_null_pointerIcEEbPT_
FNF:1
FNH:0
DA:152,0
DA:153,0
LF:2
LH:0
end_of_record
SF:/usr/include/c++/6/initializer_list
FN:66,_ZNSt16initializer_listIP12napi_value__EC1Ev
FN:71,_ZNKSt16initializer_listIP12napi_value__E4sizeEv
FN:71,_ZNKSt16initializer_listIN4Napi23ClassPropertyDescriptorI9LoRaCommsEEE4sizeEv
FN:75,_ZNKSt16initializer_listIN4Napi23ClassPropertyDescriptorI9LoRaCommsEEE5beginEv
FN:75,_ZNKSt16initializer_listIP12napi_value__E5beginEv
FNDA:15,_ZNSt16initializer_listIP12napi_value__EC1Ev
FNDA:1,_ZNKSt16initializer_listIN4Napi23ClassPropertyDescriptorI9LoRaCommsEEE4sizeEv
FNDA:910,_ZNKSt16initializer_listIP12napi_value__E4sizeEv
FNDA:1,_ZNKSt16initializer_listIN4Napi23ClassPropertyDescriptorI9LoRaCommsEEE5beginEv
FNDA:910,_ZNKSt16initializer_listIP12napi_value__E5beginEv
FNF:5
FNH:5
DA:66,15
DA:67,15
DA:71,911
DA:75,911
LF:4
LH:4
end_of_record
SF:/home/pi/node-lora-comms/src/lora_comms.cc
FN:56,_Z10ErrnoErrorRKN4Napi3EnvEi
FN:67,_ZN16StartAsyncWorkerD2Ev
FN:67,_ZN16StartAsyncWorkerD0Ev
FN:70,_ZN16StartAsyncWorkerC2ERKN4Napi8FunctionERKNS0_6StringE
FN:78,_ZN16StartAsyncWorker7ExecuteEv
FN:92,_ZN9LoRaComms5StartERKN4Napi12CallbackInfoE
FN:99,_ZN9LoRaComms4StopERKN4Napi12CallbackInfoE
FN:104,_ZN9LoRaComms5ResetERKN4Napi12CallbackInfoE
FN:112,_ZN16CommsAsyncWorkerC2ERKN4Napi8FunctionERKNS0_6BufferIhEERK7timeval
FN:135,_ZN16CommsAsyncWorker7ExecuteEv
FN:144,_ZN16CommsAsyncWorker4OnOKEv
FN:169,_ZN15LinkAsyncWorkerC2ERKN4Napi8FunctionEiRKNS0_6BufferIhEERK7timeval
FN:191,_ZN19RecvFromAsyncWorkerD0Ev
FN:191,_ZN19RecvFromAsyncWorkerD2Ev
FN:194,_ZN19RecvFromAsyncWorkerC2ERKN4Napi8FunctionEiRKNS0_6BufferIhEERK7timeval
FN:203,_ZN19RecvFromAsyncWorker11CommunicateEv
FN:209,_ZN9LoRaComms8RecvFromERKN4Napi12CallbackInfoE
FN:218,_ZN17SendToAsyncWorkerD2Ev
FN:218,_ZN17SendToAsyncWorkerD0Ev
FN:221,_ZN17SendToAsyncWorkerC2ERKN4Napi8FunctionEiRKNS0_6BufferIhEEiRK7timeval
FN:232,_ZN17SendToAsyncWorker11CommunicateEv
FN:241,_ZN9LoRaComms6SendToERKN4Napi12CallbackInfoE
FN:251,_ZN9LoRaComms12SetGWSendHWMERKN4Napi12CallbackInfoE
FN:256,_ZN9LoRaComms16SetGWSendTimeoutERKN4Napi12CallbackInfoE
FN:262,_ZN9LoRaComms16SetGWRecvTimeoutERKN4Napi12CallbackInfoE
FN:268,_ZN9LoRaComms12StartLoggingERKN4Napi12CallbackInfoE
FN:273,_ZN9LoRaComms11StopLoggingERKN4Napi12CallbackInfoE
FN:279,_ZN9LoRaComms12ResetLoggingERKN4Napi12CallbackInfoE
FN:284,_ZN14LogAsyncWorkerD0Ev
FN:284,_ZN14LogAsyncWorkerD2Ev
FN:287,_ZN14LogAsyncWorkerC2ERKN4Napi8FunctionEPFiPcjPK7timevalERKNS0_6BufferIhEERS6_
FN:297,_ZN14LogAsyncWorker11CommunicateEv
FN:306,_ZN9LoRaComms17GetLogInfoMessageERKN4Napi12CallbackInfoE
FN:315,_ZN9LoRaComms18GetLogErrorMessageERKN4Napi12CallbackInfoE
FN:324,_ZN9LoRaComms14SetLogWriteHWMERKN4Napi12CallbackInfoE
FN:329,_ZN9LoRaComms18SetLogWriteTimeoutERKN4Napi12CallbackInfoE
FN:335,_ZN9LoRaComms20SetLogMaxMessageSizeERKN4Napi12CallbackInfoE
FN:340,_ZN9LoRaComms20GetLogMaxMessageSizeERKN4Napi12CallbackInfoE
FN:347,_ZN9LoRaComms7TimeValERKN4Napi12CallbackInfoEj
FN:356,_ZN9LoRaComms8CommLinkERKN4Napi12CallbackInfoEj
FN:362,_ZN9LoRaComms10InitializeEN4Napi3EnvENS0_6ObjectE
FN:401,_Z10InitializeN4Napi3EnvENS_6ObjectE
FN:406,_Z17__napi_InitializeP10napi_env__P12napi_value__
FN:406,_register_lora_comms
FNDA:41,_Z10ErrnoErrorRKN4Napi3EnvEi
FNDA:16,_ZN16StartAsyncWorkerD0Ev
FNDA:16,_ZN16StartAsyncWorkerD2Ev
FNDA:16,_ZN16StartAsyncWorkerC2ERKN4Napi8FunctionERKNS0_6StringE
FNDA:16,_ZN16StartAsyncWorker7ExecuteEv
FNDA:16,_ZN9LoRaComms5StartERKN4Napi12CallbackInfoE
FNDA:15,_ZN9LoRaComms4StopERKN4Napi12CallbackInfoE
FNDA:15,_ZN9LoRaComms5ResetERKN4Napi12CallbackInfoE
FNDA:894,_ZN16CommsAsyncWorkerC2ERKN4Napi8FunctionERKNS0_6BufferIhEERK7timeval
FNDA:894,_ZN16CommsAsyncWorker7ExecuteEv
FNDA:894,_ZN16CommsAsyncWorker4OnOKEv
FNDA:52,_ZN15LinkAsyncWorkerC2ERKN4Napi8FunctionEiRKNS0_6BufferIhEERK7timeval
FNDA:28,_ZN19RecvFromAsyncWorkerD0Ev
FNDA:28,_ZN19RecvFromAsyncWorkerD2Ev
FNDA:28,_ZN19RecvFromAsyncWorkerC2ERKN4Napi8FunctionEiRKNS0_6BufferIhEERK7timeval
FNDA:28,_ZN19RecvFromAsyncWorker11CommunicateEv
FNDA:28,_ZN9LoRaComms8RecvFromERKN4Napi12CallbackInfoE
FNDA:24,_ZN17SendToAsyncWorkerD0Ev
FNDA:24,_ZN17SendToAsyncWorkerD2Ev
FNDA:24,_ZN17SendToAsyncWorkerC2ERKN4Napi8FunctionEiRKNS0_6BufferIhEEiRK7timeval
FNDA:24,_ZN17SendToAsyncWorker11CommunicateEv
FNDA:24,_ZN9LoRaComms6SendToERKN4Napi12CallbackInfoE
FNDA:2,_ZN9LoRaComms12SetGWSendHWMERKN4Napi12CallbackInfoE
FNDA:2,_ZN9LoRaComms16SetGWSendTimeoutERKN4Napi12CallbackInfoE
FNDA:2,_ZN9LoRaComms16SetGWRecvTimeoutERKN4Napi12CallbackInfoE
FNDA:16,_ZN9LoRaComms12StartLoggingERKN4Napi12CallbackInfoE
FNDA:1,_ZN9LoRaComms11StopLoggingERKN4Napi12CallbackInfoE
FNDA:15,_ZN9LoRaComms12ResetLoggingERKN4Napi12CallbackInfoE
FNDA:842,_ZN14LogAsyncWorkerD0Ev
FNDA:842,_ZN14LogAsyncWorkerD2Ev
FNDA:842,_ZN14LogAsyncWorkerC2ERKN4Napi8FunctionEPFiPcjPK7timevalERKNS0_6BufferIhEERS6_
FNDA:842,_ZN14LogAsyncWorker11CommunicateEv
FNDA:825,_ZN9LoRaComms17GetLogInfoMessageERKN4Napi12CallbackInfoE
FNDA:17,_ZN9LoRaComms18GetLogErrorMessageERKN4Napi12CallbackInfoE
FNDA:1,_ZN9LoRaComms14SetLogWriteHWMERKN4Napi12CallbackInfoE
FNDA:1,_ZN9LoRaComms18SetLogWriteTimeoutERKN4Napi12CallbackInfoE
FNDA:1,_ZN9LoRaComms20SetLogMaxMessageSizeERKN4Napi12CallbackInfoE
FNDA:843,_ZN9LoRaComms20GetLogMaxMessageSizeERKN4Napi12CallbackInfoE
FNDA:899,_ZN9LoRaComms7TimeValERKN4Napi12CallbackInfoEj
FNDA:6,_ZN9LoRaComms8CommLinkERKN4Napi12CallbackInfoEj
FNDA:1,_ZN9LoRaComms10InitializeEN4Napi3EnvENS0_6ObjectE
FNDA:1,_Z10InitializeN4Napi3EnvENS_6ObjectE
FNDA:1,_register_lora_comms
FNDA:1,_Z17__napi_InitializeP10napi_env__P12napi_value__
FNF:44
FNH:44
DA:56,41
DA:58,41
DA:59,41
DA:62,41
DA:63,41
DA:64,41
DA:67,32
DA:70,16
DA:71,16
DA:73,16
DA:75,16
DA:78,16
DA:80,16
DA:82,1
DA:85,16
DA:86,16
DA:92,16
DA:94,32
DA:95,48
DA:96,48
DA:97,16
DA:99,15
DA:101,15
DA:102,15
DA:104,15
DA:106,15
DA:107,15
DA:112,894
DA:114,894
DA:116,894
DA:117,894
DA:119,2682
DA:121,894
DA:135,894
DA:137,894
DA:138,894
DA:140,41
DA:142,894
DA:144,894
DA:146,894
DA:147,894
DA:148,1788
DA:149,2682
DA:151,1788
DA:152,1788
DA:153,3576
DA:154,894
DA:169,52
DA:172,52
DA:174,52
DA:176,52
DA:191,56
DA:194,28
DA:197,28
DA:198,28
DA:200,28
DA:203,28
DA:205,28
DA:209,28
DA:211,56
DA:212,56
DA:213,56
DA:214,112
DA:215,112
DA:216,28
DA:218,48
DA:221,24
DA:225,24
DA:227,24
DA:229,24
DA:232,24
DA:234,24
DA:241,24
DA:243,48
DA:244,48
DA:245,48
DA:246,48
DA:247,96
DA:248,96
DA:249,24
DA:251,2
DA:253,2
DA:254,2
DA:256,2
DA:258,2
DA:259,2
DA:260,2
DA:262,2
DA:264,2
DA:265,2
DA:266,2
DA:268,16
DA:270,16
DA:271,16
DA:273,1
DA:275,1
DA:276,1
DA:277,1
DA:279,15
DA:281,15
DA:282,15
DA:284,1684
DA:287,842
DA:290,842
DA:292,842
DA:294,842
DA:297,842
DA:299,842
DA:306,825
DA:308,1650
DA:310,1650
DA:311,2475
DA:312,3300
DA:313,825
DA:315,17
DA:317,34
DA:319,34
DA:320,51
DA:321,68
DA:322,17
DA:324,1
DA:326,1
DA:327,1
DA:329,1
DA:331,1
DA:332,1
DA:333,1
DA:335,1
DA:337,1
DA:338,1
DA:340,843
DA:342,843
DA:347,899
DA:351,899
DA:352,899
DA:353,899
DA:356,6
DA:359,6
DA:362,1
DA:364,2
DA:373,2
DA:374,2
DA:390,2
DA:391,2
DA:392,2
DA:394,2
DA:395,2
DA:396,10
DA:398,1
DA:401,1
DA:403,1
DA:406,2
LF:152
LH:152
end_of_record
