TN:
SF:/home/pi/node-lora-comms/src/lora_comms.cc
FN:56,_Z10ErrnoErrorRKN4Napi3EnvEi
FN:67,_ZN16StartAsyncWorkerD0Ev
FN:67,_ZN16StartAsyncWorkerD2Ev
FN:70,_ZN16StartAsyncWorkerC2ERKN4Napi8FunctionERKNS0_6StringE
FN:78,_ZN16StartAsyncWorker7ExecuteEv
FN:92,_ZN9LoRaComms5StartERKN4Napi12CallbackInfoE
FN:99,_ZN9LoRaComms4StopERKN4Napi12CallbackInfoE
FN:104,_ZN9LoRaComms5ResetERKN4Napi12CallbackInfoE
FN:112,_ZN16CommsAsyncWorkerC2ERKN4Napi8FunctionERKNS0_6BufferIhEERK7timeval
FN:135,_ZN16CommsAsyncWorker7ExecuteEv
FN:144,_ZN16CommsAsyncWorker4OnOKEv
FN:169,_ZN15LinkAsyncWorkerC2ERKN4Napi8FunctionEiRKNS0_6BufferIhEERK7timeval
FN:191,_ZN19RecvFromAsyncWorkerD0Ev
FN:191,_ZN19RecvFromAsyncWorkerD2Ev
FN:194,_ZN19RecvFromAsyncWorkerC2ERKN4Napi8FunctionEiRKNS0_6BufferIhEERK7timeval
FN:203,_ZN19RecvFromAsyncWorker11CommunicateEv
FN:209,_ZN9LoRaComms8RecvFromERKN4Napi12CallbackInfoE
FN:218,_ZN17SendToAsyncWorkerD2Ev
FN:218,_ZN17SendToAsyncWorkerD0Ev
FN:221,_ZN17SendToAsyncWorkerC2ERKN4Napi8FunctionEiRKNS0_6BufferIhEEiRK7timeval
FN:232,_ZN17SendToAsyncWorker11CommunicateEv
FN:241,_ZN9LoRaComms6SendToERKN4Napi12CallbackInfoE
FN:251,_ZN9LoRaComms12SetGWSendHWMERKN4Napi12CallbackInfoE
FN:256,_ZN9LoRaComms16SetGWSendTimeoutERKN4Napi12CallbackInfoE
FN:262,_ZN9LoRaComms16SetGWRecvTimeoutERKN4Napi12CallbackInfoE
FN:268,_ZN9LoRaComms12StartLoggingERKN4Napi12CallbackInfoE
FN:273,_ZN9LoRaComms11StopLoggingERKN4Napi12CallbackInfoE
FN:279,_ZN9LoRaComms12ResetLoggingERKN4Napi12CallbackInfoE
FN:284,_ZN14LogAsyncWorkerD2Ev
FN:284,_ZN14LogAsyncWorkerD0Ev
FN:287,_ZN14LogAsyncWorkerC2ERKN4Napi8FunctionEPFiPcjPK7timevalERKNS0_6BufferIhEERS6_
FN:297,_ZN14LogAsyncWorker11CommunicateEv
FN:306,_ZN9LoRaComms17GetLogInfoMessageERKN4Napi12CallbackInfoE
FN:315,_ZN9LoRaComms18GetLogErrorMessageERKN4Napi12CallbackInfoE
FN:324,_ZN9LoRaComms14SetLogWriteHWMERKN4Napi12CallbackInfoE
FN:329,_ZN9LoRaComms18SetLogWriteTimeoutERKN4Napi12CallbackInfoE
FN:335,_ZN9LoRaComms20SetLogMaxMessageSizeERKN4Napi12CallbackInfoE
FN:340,_ZN9LoRaComms20GetLogMaxMessageSizeERKN4Napi12CallbackInfoE
FN:347,_ZN9LoRaComms7TimeValERKN4Napi12CallbackInfoEj
FN:356,_ZN9LoRaComms8CommLinkERKN4Napi12CallbackInfoEj
FN:362,_ZN9LoRaComms10InitializeEN4Napi3EnvENS0_6ObjectE
FN:401,_Z10InitializeN4Napi3EnvENS_6ObjectE
FN:406,_register_lora_comms
FN:406,_Z17__napi_InitializeP10napi_env__P12napi_value__
FNDA:859,_ZN16CommsAsyncWorker4OnOKEv
FNDA:24,_ZN19RecvFromAsyncWorkerD0Ev
FNDA:1,_ZN9LoRaComms18SetLogWriteTimeoutERKN4Napi12CallbackInfoE
FNDA:1,_ZN9LoRaComms10InitializeEN4Napi3EnvENS0_6ObjectE
FNDA:1,_register_lora_comms
FNDA:864,_ZN9LoRaComms7TimeValERKN4Napi12CallbackInfoEj
FNDA:815,_ZN14LogAsyncWorkerC2ERKN4Napi8FunctionEPFiPcjPK7timevalERKNS0_6BufferIhEERS6_
FNDA:44,_ZN15LinkAsyncWorkerC2ERKN4Napi8FunctionEiRKNS0_6BufferIhEERK7timeval
FNDA:2,_ZN9LoRaComms16SetGWSendTimeoutERKN4Napi12CallbackInfoE
FNDA:41,_Z10ErrnoErrorRKN4Napi3EnvEi
FNDA:1,_Z10InitializeN4Napi3EnvENS_6ObjectE
FNDA:16,_ZN16StartAsyncWorker7ExecuteEv
FNDA:15,_ZN9LoRaComms4StopERKN4Napi12CallbackInfoE
FNDA:859,_ZN16CommsAsyncWorker7ExecuteEv
FNDA:24,_ZN19RecvFromAsyncWorker11CommunicateEv
FNDA:815,_ZN14LogAsyncWorkerD2Ev
FNDA:20,_ZN17SendToAsyncWorkerD2Ev
FNDA:20,_ZN9LoRaComms6SendToERKN4Napi12CallbackInfoE
FNDA:1,_ZN9LoRaComms14SetLogWriteHWMERKN4Napi12CallbackInfoE
FNDA:2,_ZN9LoRaComms12SetGWSendHWMERKN4Napi12CallbackInfoE
FNDA:16,_ZN16StartAsyncWorkerC2ERKN4Napi8FunctionERKNS0_6StringE
FNDA:16,_ZN9LoRaComms5StartERKN4Napi12CallbackInfoE
FNDA:24,_ZN9LoRaComms8RecvFromERKN4Napi12CallbackInfoE
FNDA:16,_ZN16StartAsyncWorkerD0Ev
FNDA:1,_ZN9LoRaComms11StopLoggingERKN4Napi12CallbackInfoE
FNDA:24,_ZN19RecvFromAsyncWorkerD2Ev
FNDA:859,_ZN16CommsAsyncWorkerC2ERKN4Napi8FunctionERKNS0_6BufferIhEERK7timeval
FNDA:15,_ZN9LoRaComms5ResetERKN4Napi12CallbackInfoE
FNDA:24,_ZN19RecvFromAsyncWorkerC2ERKN4Napi8FunctionEiRKNS0_6BufferIhEERK7timeval
FNDA:815,_ZN14LogAsyncWorkerD0Ev
FNDA:798,_ZN9LoRaComms17GetLogInfoMessageERKN4Napi12CallbackInfoE
FNDA:20,_ZN17SendToAsyncWorkerD0Ev
FNDA:17,_ZN9LoRaComms18GetLogErrorMessageERKN4Napi12CallbackInfoE
FNDA:16,_ZN16StartAsyncWorkerD2Ev
FNDA:16,_ZN9LoRaComms12StartLoggingERKN4Napi12CallbackInfoE
FNDA:6,_ZN9LoRaComms8CommLinkERKN4Napi12CallbackInfoEj
FNDA:2,_ZN9LoRaComms16SetGWRecvTimeoutERKN4Napi12CallbackInfoE
FNDA:15,_ZN9LoRaComms12ResetLoggingERKN4Napi12CallbackInfoE
FNDA:20,_ZN17SendToAsyncWorkerC2ERKN4Napi8FunctionEiRKNS0_6BufferIhEEiRK7timeval
FNDA:1,_ZN9LoRaComms20SetLogMaxMessageSizeERKN4Napi12CallbackInfoE
FNDA:815,_ZN14LogAsyncWorker11CommunicateEv
FNDA:816,_ZN9LoRaComms20GetLogMaxMessageSizeERKN4Napi12CallbackInfoE
FNDA:20,_ZN17SendToAsyncWorker11CommunicateEv
FNDA:1,_Z17__napi_InitializeP10napi_env__P12napi_value__
FNF:44
FNH:44
DA:56,41
DA:58,41
DA:59,41
DA:62,41
DA:63,41
DA:64,41
DA:67,32
DA:70,16
DA:71,16
DA:73,16
DA:75,16
DA:78,16
DA:80,16
DA:82,1
DA:85,16
DA:86,16
DA:92,16
DA:94,32
DA:95,48
DA:96,48
DA:97,16
DA:99,15
DA:101,15
DA:102,15
DA:104,15
DA:106,15
DA:107,15
DA:112,859
DA:114,859
DA:116,859
DA:117,859
DA:119,2577
DA:121,859
DA:135,859
DA:137,859
DA:138,859
DA:140,41
DA:142,859
DA:144,859
DA:146,859
DA:147,859
DA:148,1718
DA:149,2577
DA:151,1718
DA:152,1718
DA:153,3436
DA:154,859
DA:169,44
DA:172,44
DA:174,44
DA:176,44
DA:191,48
DA:194,24
DA:197,24
DA:198,24
DA:200,24
DA:203,24
DA:205,24
DA:209,24
DA:211,48
DA:212,48
DA:213,48
DA:214,96
DA:215,96
DA:216,24
DA:218,40
DA:221,20
DA:225,20
DA:227,20
DA:229,20
DA:232,20
DA:234,20
DA:241,20
DA:243,40
DA:244,40
DA:245,40
DA:246,40
DA:247,80
DA:248,80
DA:249,20
DA:251,2
DA:253,2
DA:254,2
DA:256,2
DA:258,2
DA:259,2
DA:260,2
DA:262,2
DA:264,2
DA:265,2
DA:266,2
DA:268,16
DA:270,16
DA:271,16
DA:273,1
DA:275,1
DA:276,1
DA:277,1
DA:279,15
DA:281,15
DA:282,15
DA:284,1630
DA:287,815
DA:290,815
DA:292,815
DA:294,815
DA:297,815
DA:299,815
DA:306,798
DA:308,1596
DA:310,1596
DA:311,2394
DA:312,3192
DA:313,798
DA:315,17
DA:317,34
DA:319,34
DA:320,51
DA:321,68
DA:322,17
DA:324,1
DA:326,1
DA:327,1
DA:329,1
DA:331,1
DA:332,1
DA:333,1
DA:335,1
DA:337,1
DA:338,1
DA:340,816
DA:342,816
DA:347,864
DA:351,864
DA:352,864
DA:353,864
DA:356,6
DA:359,6
DA:362,1
DA:364,2
DA:373,2
DA:374,2
DA:390,2
DA:391,2
DA:392,2
DA:394,2
DA:395,2
DA:396,10
DA:398,1
DA:401,1
DA:403,1
DA:406,2
LF:152
LH:152
end_of_record
