TN:
SF:/home/david/node-lora-comms/node_modules/node-addon-api/napi-inl.h
FN:29,_ZN4Napi7detailsL10AttachDataINS_20AccessorCallbackDataI9LoRaCommsMS3_FNS_5ValueERKNS_12CallbackInfoEEMS3_FvS7_RKS4_EEEEE11napi_statusP10napi_env__P12napi_value__PT_PFvSH_PvSM_ESM_
FN:29,_ZN4Napi7detailsL10AttachDataINS_20AccessorCallbackDataI9LoRaCommsPFNS_5ValueERKNS_12CallbackInfoEEPFvS7_RKS4_EEEEE11napi_statusP10napi_env__P12napi_value__PT_PFvSH_PvSM_ESM_
FN:29,_ZN4Napi7detailsL10AttachDataINS_18MethodCallbackDataI9LoRaCommsPFvRKNS_12CallbackInfoEEEEEE11napi_statusP10napi_env__P12napi_value__PT_PFvSC_PvSH_ESH_
FN:29,_ZN4Napi7detailsL10AttachDataINS_18MethodCallbackDataI9LoRaCommsMS3_FNS_5ValueERKNS_12CallbackInfoEEEEEE11napi_statusP10napi_env__P12napi_value__PT_PFvSD_PvSI_ESI_
FN:29,_ZN4Napi7detailsL10AttachDataINS_18MethodCallbackDataI9LoRaCommsMS3_FvRKNS_12CallbackInfoEEEEEE11napi_statusP10napi_env__P12napi_value__PT_PFvSC_PvSH_ESH_
FN:29,_ZN4Napi7detailsL10AttachDataINS_18MethodCallbackDataI9LoRaCommsPFNS_5ValueERKNS_12CallbackInfoEEEEEE11napi_statusP10napi_env__P12napi_value__PT_PFvSD_PvSI_ESI_
FN:36,_ZZN4Napi7detailsL10AttachDataINS_20AccessorCallbackDataI9LoRaCommsPFNS_5ValueERKNS_12CallbackInfoEEPFvS7_RKS4_EEEEE11napi_statusP10napi_env__P12napi_value__PT_PFvSH_PvSM_ESM_ENKUlSH_SM_SM_E_clESH_SM_SM_
FN:36,_ZZN4Napi7detailsL10AttachDataINS_18MethodCallbackDataI9LoRaCommsPFvRKNS_12CallbackInfoEEEEEE11napi_statusP10napi_env__P12napi_value__PT_PFvSC_PvSH_ESH_ENKUlSC_SH_SH_E_clESC_SH_SH_
FN:36,_ZZN4Napi7detailsL10AttachDataINS_18MethodCallbackDataI9LoRaCommsPFNS_5ValueERKNS_12CallbackInfoEEEEEE11napi_statusP10napi_env__P12napi_value__PT_PFvSD_PvSI_ESI_ENKUlSD_SI_SI_E_clESD_SI_SI_
FN:36,_ZZN4Napi7detailsL10AttachDataINS_18MethodCallbackDataI9LoRaCommsMS3_FNS_5ValueERKNS_12CallbackInfoEEEEEE11napi_statusP10napi_env__P12napi_value__PT_PFvSD_PvSI_ESI_ENKUlSD_SI_SI_E_clESD_SI_SI_
FN:36,_ZZN4Napi7detailsL10AttachDataINS_18MethodCallbackDataI9LoRaCommsMS3_FvRKNS_12CallbackInfoEEEEEE11napi_statusP10napi_env__P12napi_value__PT_PFvSC_PvSH_ESH_ENKUlSC_SH_SH_E_clESC_SH_SH_
FN:36,_ZZN4Napi7detailsL10AttachDataINS_20AccessorCallbackDataI9LoRaCommsMS3_FNS_5ValueERKNS_12CallbackInfoEEMS3_FvS7_RKS4_EEEEE11napi_statusP10napi_env__P12napi_value__PT_PFvSH_PvSM_ESM_ENKUlSH_SM_SM_E_clESH_SM_SM_
FN:72,_ZN4Napi7details12WrapCallbackIZNS_12InstanceWrapI9LoRaCommsE29InstanceGetterCallbackWrapperEP10napi_env__P20napi_callback_info__EUlvE_EEP12napi_value__T_
FN:72,_ZN4Napi7details12WrapCallbackIZNS0_L21TemplatedVoidCallbackIXadL_ZN9LoRaComms16SetGWRecvTimeoutERKNS_12CallbackInfoEEEEEP12napi_value__P10napi_env__P20napi_callback_info__EUlvE_EES8_T_
FN:72,_ZN4Napi7details12WrapCallbackIZNS0_L21TemplatedVoidCallbackIXadL_ZN9LoRaComms12ResetLoggingERKNS_12CallbackInfoEEEEEP12napi_value__P10napi_env__P20napi_callback_info__EUlvE_EES8_T_
FN:72,_ZN4Napi7details12WrapCallbackIZNS_12InstanceWrapI9LoRaCommsE29InstanceMethodCallbackWrapperEP10napi_env__P20napi_callback_info__EUlvE_EEP12napi_value__T_
FN:72,_ZN4Napi7details12WrapCallbackIZNS0_L21TemplatedVoidCallbackIXadL_ZN9LoRaComms4StopERKNS_12CallbackInfoEEEEEP12napi_value__P10napi_env__P20napi_callback_info__EUlvE_EES8_T_
FN:72,_ZN4Napi7details12WrapCallbackIZNS0_L21TemplatedVoidCallbackIXadL_ZN9LoRaComms14SetLogWriteHWMERKNS_12CallbackInfoEEEEEP12napi_value__P10napi_env__P20napi_callback_info__EUlvE_EES8_T_
FN:72,_ZN4Napi7details12WrapCallbackIZNS0_L21TemplatedVoidCallbackIXadL_ZN9LoRaComms18GetLogErrorMessageERKNS_12CallbackInfoEEEEEP12napi_value__P10napi_env__P20napi_callback_info__EUlvE_EES8_T_
FN:72,_ZN4Napi7details12WrapCallbackIZNS_10ObjectWrapI9LoRaCommsE27StaticGetterCallbackWrapperEP10napi_env__P20napi_callback_info__EUlvE_EEP12napi_value__T_
FN:72,_ZN4Napi7details12WrapCallbackIZNS0_L21TemplatedVoidCallbackIXadL_ZN9LoRaComms18SetLogWriteTimeoutERKNS_12CallbackInfoEEEEEP12napi_value__P10napi_env__P20napi_callback_info__EUlvE_EES8_T_
FN:72,_ZN4Napi7details12WrapCallbackIZNS0_L21TemplatedVoidCallbackIXadL_ZN9LoRaComms8RecvFromERKNS_12CallbackInfoEEEEEP12napi_value__P10napi_env__P20napi_callback_info__EUlvE_EES8_T_
FN:72,_ZN4Napi7details12WrapCallbackIZNS_14RegisterModuleEP10napi_env__P12napi_value__PFNS_6ObjectENS_3EnvES6_EEUlvE_EES5_T_
FN:72,_ZN4Napi7details12WrapCallbackIZNS_10ObjectWrapI9LoRaCommsE27StaticSetterCallbackWrapperEP10napi_env__P20napi_callback_info__EUlvE_EEP12napi_value__T_
FN:72,_ZN4Napi7details12WrapCallbackIZNS0_L17TemplatedCallbackIXadL_ZN9LoRaComms20GetLogMaxMessageSizeERKNS_12CallbackInfoEEEEEP12napi_value__P10napi_env__P20napi_callback_info__EUlvE_EES8_T_
FN:72,_ZN4Napi7details12WrapCallbackIZNS0_L21TemplatedVoidCallbackIXadL_ZN9LoRaComms16SetGWSendTimeoutERKNS_12CallbackInfoEEEEEP12napi_value__P10napi_env__P20napi_callback_info__EUlvE_EES8_T_
FN:72,_ZN4Napi7details12WrapCallbackIZNS0_L21TemplatedVoidCallbackIXadL_ZN9LoRaComms11StopLoggingERKNS_12CallbackInfoEEEEEP12napi_value__P10napi_env__P20napi_callback_info__EUlvE_EES8_T_
FN:72,_ZN4Napi7details12WrapCallbackIZNS0_L21TemplatedVoidCallbackIXadL_ZN9LoRaComms5ResetERKNS_12CallbackInfoEEEEEP12napi_value__P10napi_env__P20napi_callback_info__EUlvE_EES8_T_
FN:72,_ZN4Napi7details12WrapCallbackIZNS_10ObjectWrapI9LoRaCommsE26ConstructorCallbackWrapperEP10napi_env__P20napi_callback_info__EUlvE_EEP12napi_value__T_
FN:72,_ZN4Napi7details12WrapCallbackIZNS_10ObjectWrapI9LoRaCommsE27StaticMethodCallbackWrapperEP10napi_env__P20napi_callback_info__EUlvE_EEP12napi_value__T_
FN:72,_ZN4Napi7details12WrapCallbackIZNS0_L21TemplatedVoidCallbackIXadL_ZN9LoRaComms20SetLogMaxMessageSizeERKNS_12CallbackInfoEEEEEP12napi_value__P10napi_env__P20napi_callback_info__EUlvE_EES8_T_
FN:72,_ZN4Napi7details12WrapCallbackIZNS0_L21TemplatedVoidCallbackIXadL_ZN9LoRaComms12StartLoggingERKNS_12CallbackInfoEEEEEP12napi_value__P10napi_env__P20napi_callback_info__EUlvE_EES8_T_
FN:72,_ZN4Napi7details12WrapCallbackIZNS_12InstanceWrapI9LoRaCommsE29InstanceSetterCallbackWrapperEP10napi_env__P20napi_callback_info__EUlvE_EEP12napi_value__T_
FN:72,_ZN4Napi7details12WrapCallbackIZNS0_L21TemplatedVoidCallbackIXadL_ZN9LoRaComms5StartERKNS_12CallbackInfoEEEEEP12napi_value__P10napi_env__P20napi_callback_info__EUlvE_EES8_T_
FN:72,_ZN4Napi7details12WrapCallbackIZNS_12InstanceWrapI9LoRaCommsE33InstanceVoidMethodCallbackWrapperEP10napi_env__P20napi_callback_info__EUlvE_EEP12napi_value__T_
FN:72,_ZN4Napi7details12WrapCallbackIZNS0_L21TemplatedVoidCallbackIXadL_ZN9LoRaComms17GetLogInfoMessageERKNS_12CallbackInfoEEEEEP12napi_value__P10napi_env__P20napi_callback_info__EUlvE_EES8_T_
FN:72,_ZN4Napi7details12WrapCallbackIZNS0_L21TemplatedVoidCallbackIXadL_ZN9LoRaComms6SendToERKNS_12CallbackInfoEEEEEP12napi_value__P10napi_env__P20napi_callback_info__EUlvE_EES8_T_
FN:72,_ZN4Napi7details12WrapCallbackIZNS_11AsyncWorker14OnWorkCompleteENS_3EnvE11napi_statusEUlvE_EEP12napi_value__T_
FN:72,_ZN4Napi7details12WrapCallbackIZNS_10ObjectWrapI9LoRaCommsE31StaticVoidMethodCallbackWrapperEP10napi_env__P20napi_callback_info__EUlvE_EEP12napi_value__T_
FN:72,_ZN4Napi7details12WrapCallbackIZNS0_L21TemplatedVoidCallbackIXadL_ZN9LoRaComms12SetGWSendHWMERKNS_12CallbackInfoEEEEEP12napi_value__P10napi_env__P20napi_callback_info__EUlvE_EES8_T_
FN:142,_ZN4Napi7detailsL21TemplatedVoidCallbackIXadL_ZN9LoRaComms5ResetERKNS_12CallbackInfoEEEEEP12napi_value__P10napi_env__P20napi_callback_info__
FN:142,_ZN4Napi7detailsL21TemplatedVoidCallbackIXadL_ZN9LoRaComms20SetLogMaxMessageSizeERKNS_12CallbackInfoEEEEEP12napi_value__P10napi_env__P20napi_callback_info__
FN:142,_ZN4Napi7detailsL21TemplatedVoidCallbackIXadL_ZN9LoRaComms18GetLogErrorMessageERKNS_12CallbackInfoEEEEEP12napi_value__P10napi_env__P20napi_callback_info__
FN:142,_ZN4Napi7detailsL21TemplatedVoidCallbackIXadL_ZN9LoRaComms14SetLogWriteHWMERKNS_12CallbackInfoEEEEEP12napi_value__P10napi_env__P20napi_callback_info__
FN:142,_ZN4Napi7detailsL21TemplatedVoidCallbackIXadL_ZN9LoRaComms8RecvFromERKNS_12CallbackInfoEEEEEP12napi_value__P10napi_env__P20napi_callback_info__
FN:142,_ZN4Napi7detailsL21TemplatedVoidCallbackIXadL_ZN9LoRaComms5StartERKNS_12CallbackInfoEEEEEP12napi_value__P10napi_env__P20napi_callback_info__
FN:142,_ZN4Napi7detailsL21TemplatedVoidCallbackIXadL_ZN9LoRaComms12StartLoggingERKNS_12CallbackInfoEEEEEP12napi_value__P10napi_env__P20napi_callback_info__
FN:142,_ZN4Napi7detailsL21TemplatedVoidCallbackIXadL_ZN9LoRaComms12ResetLoggingERKNS_12CallbackInfoEEEEEP12napi_value__P10napi_env__P20napi_callback_info__
FN:142,_ZN4Napi7detailsL21TemplatedVoidCallbackIXadL_ZN9LoRaComms16SetGWRecvTimeoutERKNS_12CallbackInfoEEEEEP12napi_value__P10napi_env__P20napi_callback_info__
FN:142,_ZN4Napi7detailsL21TemplatedVoidCallbackIXadL_ZN9LoRaComms17GetLogInfoMessageERKNS_12CallbackInfoEEEEEP12napi_value__P10napi_env__P20napi_callback_info__
FN:142,_ZN4Napi7detailsL21TemplatedVoidCallbackIXadL_ZN9LoRaComms11StopLoggingERKNS_12CallbackInfoEEEEEP12napi_value__P10napi_env__P20napi_callback_info__
FN:142,_ZN4Napi7detailsL21TemplatedVoidCallbackIXadL_ZN9LoRaComms6SendToERKNS_12CallbackInfoEEEEEP12napi_value__P10napi_env__P20napi_callback_info__
FN:142,_ZN4Napi7detailsL21TemplatedVoidCallbackIXadL_ZN9LoRaComms12SetGWSendHWMERKNS_12CallbackInfoEEEEEP12napi_value__P10napi_env__P20napi_callback_info__
FN:142,_ZN4Napi7detailsL21TemplatedVoidCallbackIXadL_ZN9LoRaComms18SetLogWriteTimeoutERKNS_12CallbackInfoEEEEEP12napi_value__P10napi_env__P20napi_callback_info__
FN:142,_ZN4Napi7detailsL21TemplatedVoidCallbackIXadL_ZN9LoRaComms4StopERKNS_12CallbackInfoEEEEEP12napi_value__P10napi_env__P20napi_callback_info__
FN:142,_ZN4Napi7detailsL21TemplatedVoidCallbackIXadL_ZN9LoRaComms16SetGWSendTimeoutERKNS_12CallbackInfoEEEEEP12napi_value__P10napi_env__P20napi_callback_info__
FN:143,_ZZN4Napi7detailsL21TemplatedVoidCallbackIXadL_ZN9LoRaComms11StopLoggingERKNS_12CallbackInfoEEEEEP12napi_value__P10napi_env__P20napi_callback_info__ENKUlvE_clEv
FN:143,_ZZN4Napi7detailsL21TemplatedVoidCallbackIXadL_ZN9LoRaComms14SetLogWriteHWMERKNS_12CallbackInfoEEEEEP12napi_value__P10napi_env__P20napi_callback_info__ENKUlvE_clEv
FN:143,_ZZN4Napi7detailsL21TemplatedVoidCallbackIXadL_ZN9LoRaComms12StartLoggingERKNS_12CallbackInfoEEEEEP12napi_value__P10napi_env__P20napi_callback_info__ENKUlvE_clEv
FN:143,_ZZN4Napi7detailsL21TemplatedVoidCallbackIXadL_ZN9LoRaComms17GetLogInfoMessageERKNS_12CallbackInfoEEEEEP12napi_value__P10napi_env__P20napi_callback_info__ENKUlvE_clEv
FN:143,_ZZN4Napi7detailsL21TemplatedVoidCallbackIXadL_ZN9LoRaComms5StartERKNS_12CallbackInfoEEEEEP12napi_value__P10napi_env__P20napi_callback_info__ENKUlvE_clEv
FN:143,_ZZN4Napi7detailsL21TemplatedVoidCallbackIXadL_ZN9LoRaComms16SetGWRecvTimeoutERKNS_12CallbackInfoEEEEEP12napi_value__P10napi_env__P20napi_callback_info__ENKUlvE_clEv
FN:143,_ZZN4Napi7detailsL21TemplatedVoidCallbackIXadL_ZN9LoRaComms5ResetERKNS_12CallbackInfoEEEEEP12napi_value__P10napi_env__P20napi_callback_info__ENKUlvE_clEv
FN:143,_ZZN4Napi7detailsL21TemplatedVoidCallbackIXadL_ZN9LoRaComms18GetLogErrorMessageERKNS_12CallbackInfoEEEEEP12napi_value__P10napi_env__P20napi_callback_info__ENKUlvE_clEv
FN:143,_ZZN4Napi7detailsL21TemplatedVoidCallbackIXadL_ZN9LoRaComms8RecvFromERKNS_12CallbackInfoEEEEEP12napi_value__P10napi_env__P20napi_callback_info__ENKUlvE_clEv
FN:143,_ZZN4Napi7detailsL21TemplatedVoidCallbackIXadL_ZN9LoRaComms18SetLogWriteTimeoutERKNS_12CallbackInfoEEEEEP12napi_value__P10napi_env__P20napi_callback_info__ENKUlvE_clEv
FN:143,_ZZN4Napi7detailsL21TemplatedVoidCallbackIXadL_ZN9LoRaComms4StopERKNS_12CallbackInfoEEEEEP12napi_value__P10napi_env__P20napi_callback_info__ENKUlvE_clEv
FN:143,_ZZN4Napi7detailsL21TemplatedVoidCallbackIXadL_ZN9LoRaComms12ResetLoggingERKNS_12CallbackInfoEEEEEP12napi_value__P10napi_env__P20napi_callback_info__ENKUlvE_clEv
FN:143,_ZZN4Napi7detailsL21TemplatedVoidCallbackIXadL_ZN9LoRaComms6SendToERKNS_12CallbackInfoEEEEEP12napi_value__P10napi_env__P20napi_callback_info__ENKUlvE_clEv
FN:143,_ZZN4Napi7detailsL21TemplatedVoidCallbackIXadL_ZN9LoRaComms16SetGWSendTimeoutERKNS_12CallbackInfoEEEEEP12napi_value__P10napi_env__P20napi_callback_info__ENKUlvE_clEv
FN:143,_ZZN4Napi7detailsL21TemplatedVoidCallbackIXadL_ZN9LoRaComms20SetLogMaxMessageSizeERKNS_12CallbackInfoEEEEEP12napi_value__P10napi_env__P20napi_callback_info__ENKUlvE_clEv
FN:143,_ZZN4Napi7detailsL21TemplatedVoidCallbackIXadL_ZN9LoRaComms12SetGWSendHWMERKNS_12CallbackInfoEEEEEP12napi_value__P10napi_env__P20napi_callback_info__ENKUlvE_clEv
FN:152,_ZN4Napi7detailsL17TemplatedCallbackIXadL_ZN9LoRaComms20GetLogMaxMessageSizeERKNS_12CallbackInfoEEEEEP12napi_value__P10napi_env__P20napi_callback_info__
FN:153,_ZZN4Napi7detailsL17TemplatedCallbackIXadL_ZN9LoRaComms20GetLogMaxMessageSizeERKNS_12CallbackInfoEEEEEP12napi_value__P10napi_env__P20napi_callback_info__ENKUlvE_clEv
FN:372,_ZN4Napi14RegisterModuleEP10napi_env__P12napi_value__PFNS_6ObjectENS_3EnvES4_E
FN:375,_ZZN4Napi14RegisterModuleEP10napi_env__P12napi_value__PFNS_6ObjectENS_3EnvES4_EENKUlvE_clEv
FN:451,_ZN4Napi3EnvC2EP10napi_env__
FN:454,_ZNK4Napi3EnvcvP10napi_env__Ev
FN:465,_ZNK4Napi3Env9UndefinedEv
FN:472,_ZNK4Napi3Env4NullEv
FN:479,_ZNK4Napi3Env18IsExceptionPendingEv
FN:581,_ZN4Napi5ValueC2EP10napi_env__P12napi_value__
FN:584,_ZNK4Napi5ValuecvP12napi_value__Ev
FN:603,_ZNK4Napi5Value3EnvEv
FN:607,_ZNK4Napi5Value7IsEmptyEv
FN:744,_ZNK4Napi5Value2AsINS_6ObjectEEET_v
FN:744,_ZNK4Napi5Value2AsINS_6StringEEET_v
FN:744,_ZNK4Napi5Value2AsINS_8FunctionEEET_v
FN:744,_ZNK4Napi5Value2AsINS_6NumberEEET_v
FN:744,_ZNK4Napi5Value2AsINS_6BufferIhEEEET_v
FN:808,_ZN4Napi6Number3NewEP10napi_env__d
FN:818,_ZN4Napi6NumberC2EP10napi_env__P12napi_value__
FN:821,_ZNK4Napi6NumbercviEv
FN:825,_ZNK4Napi6NumbercvjEv
FN:829,_ZNK4Napi6NumbercvlEv
FN:841,_ZNK4Napi6Number10Int32ValueEv
FN:848,_ZNK4Napi6Number11Uint32ValueEv
FN:855,_ZNK4Napi6Number10Int64ValueEv
FN:974,_ZN4Napi4NameC2EP10napi_env__P12napi_value__
FN:1032,_ZN4Napi6StringC2EP10napi_env__P12napi_value__
FN:1035,_ZNK4Napi6StringcvNSt7__cxx1112basic_stringIcSt11char_traitsIcESaIcEEEEv
FN:1043,_ZNK4Napi6String9Utf8ValueB5cxx11Ev
FN:1198,_ZN4Napi7details11vf_fallbackINS_8FunctionEE4FromEP10napi_env__RKS2_
FN:1198,_ZN4Napi7details11vf_fallbackINS_5ValueEE4FromEP10napi_env__RKS2_
FN:1218,_ZN4Napi5Value4FromIS0_EES0_P10napi_env__RKT_
FN:1218,_ZN4Napi5Value4FromINS_8FunctionEEES0_P10napi_env__RKT_
FN:1284,_ZN4Napi6Object3NewEP10napi_env__
FN:1294,_ZN4Napi6ObjectC2EP10napi_env__P12napi_value__
FN:1380,_ZNK4Napi6Object3GetEPKc
FN:1405,_ZN4Napi6Object3SetINS_5ValueEEEbPKcRKT_
FN:1405,_ZN4Napi6Object3SetINS_8FunctionEEEbPKcRKT_
FN:1934,_ZN4Napi10TypedArrayC2EP10napi_env__P12napi_value__
FN:2044,_ZN4Napi12TypedArrayOfIhEC2EP10napi_env__P12napi_value__
FN:2099,_ZN4NapiL14CreateFunctionINS_18MethodCallbackDataI9LoRaCommsPFvRKNS_12CallbackInfoEEEEEE11napi_statusP10napi_env__PKcPFP12napi_value__SB_P20napi_callback_info__EPT_PSF_
FN:2099,_ZN4NapiL14CreateFunctionINS_18MethodCallbackDataI9LoRaCommsPFNS_5ValueERKNS_12CallbackInfoEEEEEE11napi_statusP10napi_env__PKcPFP12napi_value__SC_P20napi_callback_info__EPT_PSG_
FN:2187,_ZN4Napi8FunctionC2EP10napi_env__P12napi_value__
FN:2210,_ZNK4Napi8Function4CallEP12napi_value__RKSt16initializer_listIS2_E
FN:2215,_ZNK4Napi8Function4CallEP12napi_value__RKSt6vectorIS2_SaIS2_EE
FN:2220,_ZNK4Napi8Function4CallEP12napi_value__mPKS2_
FN:2230,_ZNK4Napi8Function12MakeCallbackEP12napi_value__RKSt16initializer_listIS2_EP20napi_async_context__
FN:2244,_ZNK4Napi8Function12MakeCallbackEP12napi_value__mPKS2_P20napi_async_context__
FN:2394,_ZN4Napi6BufferIhEC2EP10napi_env__P12napi_value__
FN:2404,_ZNK4Napi6BufferIhE6LengthEv
FN:2410,_ZNK4Napi6BufferIhE4DataEv
FN:2416,_ZNK4Napi6BufferIhE10EnsureInfoEv
FN:2434,_ZN4Napi5Error3NewEP10napi_env__
FN:2486,_ZN4Napi5Error3NewEP10napi_env__RKNSt7__cxx1112basic_stringIcSt11char_traitsIcESaIcEEE
FN:2490,_ZN4Napi5Error5FatalEPKcS2_
FN:2497,_ZN4Napi5ErrorC2EP10napi_env__P12napi_value__
FN:2533,_ZNK4Napi5Error7MessageB5cxx11Ev
FN:2557,_ZNK4Napi5Error26ThrowAsJavaScriptExceptionEv
FN:2605,_ZNK4Napi5Error4whatEv
FN:2612,_ZN4Napi5Error3NewIS0_EET_P10napi_env__PKcmPF11napi_statusS4_P12napi_value__S9_PS9_E
FN:2660,_ZN4Napi9ReferenceINS_6BufferIhEEE3NewERKS2_j
FN:2660,_ZN4Napi9ReferenceINS_8FunctionEE3NewERKS1_j
FN:2660,_ZN4Napi9ReferenceINS_6ObjectEE3NewERKS1_j
FN:2677,_ZN4Napi9ReferenceINS_6ObjectEEC2Ev
FN:2681,_ZN4Napi9ReferenceINS_8FunctionEEC2EP10napi_env__P10napi_ref__
FN:2681,_ZN4Napi9ReferenceINS_6ObjectEEC2EP10napi_env__P10napi_ref__
FN:2681,_ZN4Napi9ReferenceINS_6BufferIhEEEC2EP10napi_env__P10napi_ref__
FN:2686,_ZN4Napi9ReferenceINS_8FunctionEED2Ev
FN:2686,_ZN4Napi9ReferenceINS_6BufferIhEEED2Ev
FN:2686,_ZN4Napi9ReferenceINS_6ObjectEED2Ev
FN:2697,_ZN4Napi9ReferenceINS_8FunctionEEC2EOS2_
FN:2697,_ZN4Napi9ReferenceINS_6ObjectEEC2EOS2_
FN:2705,_ZN4Napi9ReferenceINS_6ObjectEEaSEOS2_
FN:2747,_ZNK4Napi9ReferenceINS_8FunctionEE3EnvEv
FN:2747,_ZNK4Napi9ReferenceINS_6ObjectEE3EnvEv
FN:2752,_ZNK4Napi9ReferenceINS_6ObjectEE7IsEmptyEv
FN:2752,_ZNK4Napi9ReferenceINS_8FunctionEE7IsEmptyEv
FN:2757,_ZNK4Napi9ReferenceINS_6ObjectEE5ValueEv
FN:2757,_ZNK4Napi9ReferenceINS_8FunctionEE5ValueEv
FN:2785,_ZN4Napi9ReferenceINS_6ObjectEE5ResetEv
FN:2824,_ZN4Napi10PersistentINS_6BufferIhEEEENS_9ReferenceIT_EES4_
FN:2828,_ZN4Napi10PersistentENS_6ObjectE
FN:2832,_ZN4Napi10PersistentENS_8FunctionE
FN:2843,_ZN4Napi15ObjectReferenceC2EP10napi_env__P10napi_ref__
FN:2846,_ZN4Napi15ObjectReferenceC2EONS_9ReferenceINS_6ObjectEEE
FN:2868,_ZNK4Napi15ObjectReference3GetEPKc
FN:2908,_ZN4Napi15ObjectReference3SetEPKcNS_5ValueE
FN:3024,_ZN4Napi17FunctionReferenceC2EONS_9ReferenceINS_8FunctionEEE
FN:3093,_ZNK4Napi17FunctionReference4CallEP12napi_value__RKSt16initializer_listIS2_E
FN:3110,_ZNK4Napi17FunctionReference4CallEP12napi_value__RKSt6vectorIS2_SaIS2_EE
FN:3144,_ZNK4Napi17FunctionReference12MakeCallbackEP12napi_value__RKSt16initializer_listIS2_EP20napi_async_context__
FN:3242,_ZN4Napi12CallbackInfoC2EP10napi_env__P20napi_callback_info__
FN:3260,_ZN4Napi12CallbackInfoD2Ev
FN:3277,_ZNK4Napi12CallbackInfo3EnvEv
FN:3285,_ZNK4Napi12CallbackInfoixEm
FN:3289,_ZNK4Napi12CallbackInfo4ThisEv
FN:3296,_ZNK4Napi12CallbackInfo4DataEv
FN:3300,_ZN4Napi12CallbackInfo7SetDataEPv
FN:3624,_ZN4Napi12InstanceWrapI9LoRaCommsE14AttachPropDataEP10napi_env__P12napi_value__PK24napi_property_descriptor
FN:3866,_ZN4Napi12InstanceWrapI9LoRaCommsE33InstanceVoidMethodCallbackWrapperEP10napi_env__P20napi_callback_info__
FN:3869,_ZZN4Napi12InstanceWrapI9LoRaCommsE33InstanceVoidMethodCallbackWrapperEP10napi_env__P20napi_callback_info__ENKUlvE_clEv
FN:3882,_ZN4Napi12InstanceWrapI9LoRaCommsE29InstanceMethodCallbackWrapperEP10napi_env__P20napi_callback_info__
FN:3885,_ZZN4Napi12InstanceWrapI9LoRaCommsE29InstanceMethodCallbackWrapperEP10napi_env__P20napi_callback_info__ENKUlvE_clEv
FN:3897,_ZN4Napi12InstanceWrapI9LoRaCommsE29InstanceGetterCallbackWrapperEP10napi_env__P20napi_callback_info__
FN:3900,_ZZN4Napi12InstanceWrapI9LoRaCommsE29InstanceGetterCallbackWrapperEP10napi_env__P20napi_callback_info__ENKUlvE_clEv
FN:3912,_ZN4Napi12InstanceWrapI9LoRaCommsE29InstanceSetterCallbackWrapperEP10napi_env__P20napi_callback_info__
FN:3915,_ZZN4Napi12InstanceWrapI9LoRaCommsE29InstanceSetterCallbackWrapperEP10napi_env__P20napi_callback_info__ENKUlvE_clEv
FN:3944,_ZN4Napi10ObjectWrapI9LoRaCommsEC2ERKNS_12CallbackInfoE
FN:3958,_ZN4Napi10ObjectWrapI9LoRaCommsED0Ev
FN:3958,_ZN4Napi10ObjectWrapI9LoRaCommsED2Ev
FN:3972,_ZN4Napi10ObjectWrapI9LoRaCommsE6UnwrapENS_6ObjectE
FN:3981,_ZN4Napi10ObjectWrapI9LoRaCommsE11DefineClassENS_3EnvEPKcmPK24napi_property_descriptorPv
FN:4055,_ZN4Napi10ObjectWrapI9LoRaCommsE11DefineClassENS_3EnvEPKcRKSt16initializer_listINS_23ClassPropertyDescriptorIS1_EEEPv
FN:4146,_ZN4Napi10ObjectWrapI9LoRaCommsE12StaticMethodIXadL_ZNS1_5ResetERKNS_12CallbackInfoEEEEENS_23ClassPropertyDescriptorIS1_EEPKc24napi_property_attributesPv
FN:4146,_ZN4Napi10ObjectWrapI9LoRaCommsE12StaticMethodIXadL_ZNS1_17GetLogInfoMessageERKNS_12CallbackInfoEEEEENS_23ClassPropertyDescriptorIS1_EEPKc24napi_property_attributesPv
FN:4146,_ZN4Napi10ObjectWrapI9LoRaCommsE12StaticMethodIXadL_ZNS1_16SetGWSendTimeoutERKNS_12CallbackInfoEEEEENS_23ClassPropertyDescriptorIS1_EEPKc24napi_property_attributesPv
FN:4146,_ZN4Napi10ObjectWrapI9LoRaCommsE12StaticMethodIXadL_ZNS1_18SetLogWriteTimeoutERKNS_12CallbackInfoEEEEENS_23ClassPropertyDescriptorIS1_EEPKc24napi_property_attributesPv
FN:4146,_ZN4Napi10ObjectWrapI9LoRaCommsE12StaticMethodIXadL_ZNS1_14SetLogWriteHWMERKNS_12CallbackInfoEEEEENS_23ClassPropertyDescriptorIS1_EEPKc24napi_property_attributesPv
FN:4146,_ZN4Napi10ObjectWrapI9LoRaCommsE12StaticMethodIXadL_ZNS1_4StopERKNS_12CallbackInfoEEEEENS_23ClassPropertyDescriptorIS1_EEPKc24napi_property_attributesPv
FN:4146,_ZN4Napi10ObjectWrapI9LoRaCommsE12StaticMethodIXadL_ZNS1_12SetGWSendHWMERKNS_12CallbackInfoEEEEENS_23ClassPropertyDescriptorIS1_EEPKc24napi_property_attributesPv
FN:4146,_ZN4Napi10ObjectWrapI9LoRaCommsE12StaticMethodIXadL_ZNS1_18GetLogErrorMessageERKNS_12CallbackInfoEEEEENS_23ClassPropertyDescriptorIS1_EEPKc24napi_property_attributesPv
FN:4146,_ZN4Napi10ObjectWrapI9LoRaCommsE12StaticMethodIXadL_ZNS1_6SendToERKNS_12CallbackInfoEEEEENS_23ClassPropertyDescriptorIS1_EEPKc24napi_property_attributesPv
FN:4146,_ZN4Napi10ObjectWrapI9LoRaCommsE12StaticMethodIXadL_ZNS1_12ResetLoggingERKNS_12CallbackInfoEEEEENS_23ClassPropertyDescriptorIS1_EEPKc24napi_property_attributesPv
FN:4146,_ZN4Napi10ObjectWrapI9LoRaCommsE12StaticMethodIXadL_ZNS1_5StartERKNS_12CallbackInfoEEEEENS_23ClassPropertyDescriptorIS1_EEPKc24napi_property_attributesPv
FN:4146,_ZN4Napi10ObjectWrapI9LoRaCommsE12StaticMethodIXadL_ZNS1_12StartLoggingERKNS_12CallbackInfoEEEEENS_23ClassPropertyDescriptorIS1_EEPKc24napi_property_attributesPv
FN:4146,_ZN4Napi10ObjectWrapI9LoRaCommsE12StaticMethodIXadL_ZNS1_8RecvFromERKNS_12CallbackInfoEEEEENS_23ClassPropertyDescriptorIS1_EEPKc24napi_property_attributesPv
FN:4146,_ZN4Napi10ObjectWrapI9LoRaCommsE12StaticMethodIXadL_ZNS1_20SetLogMaxMessageSizeERKNS_12CallbackInfoEEEEENS_23ClassPropertyDescriptorIS1_EEPKc24napi_property_attributesPv
FN:4146,_ZN4Napi10ObjectWrapI9LoRaCommsE12StaticMethodIXadL_ZNS1_11StopLoggingERKNS_12CallbackInfoEEEEENS_23ClassPropertyDescriptorIS1_EEPKc24napi_property_attributesPv
FN:4146,_ZN4Napi10ObjectWrapI9LoRaCommsE12StaticMethodIXadL_ZNS1_16SetGWRecvTimeoutERKNS_12CallbackInfoEEEEENS_23ClassPropertyDescriptorIS1_EEPKc24napi_property_attributesPv
FN:4174,_ZN4Napi10ObjectWrapI9LoRaCommsE12StaticMethodIXadL_ZNS1_20GetLogMaxMessageSizeERKNS_12CallbackInfoEEEEENS_23ClassPropertyDescriptorIS1_EEPKc24napi_property_attributesPv
FN:4271,_ZN4Napi10ObjectWrapI9LoRaCommsE11StaticValueEPKcNS_5ValueE24napi_property_attributes
FN:4291,_ZN4Napi10ObjectWrapI9LoRaCommsE8FinalizeENS_3EnvE
FN:4294,_ZN4Napi10ObjectWrapI9LoRaCommsE26ConstructorCallbackWrapperEP10napi_env__P20napi_callback_info__
FN:4307,_ZZN4Napi10ObjectWrapI9LoRaCommsE26ConstructorCallbackWrapperEP10napi_env__P20napi_callback_info__ENKUlvE_clEv
FN:4329,_ZN4Napi10ObjectWrapI9LoRaCommsE31StaticVoidMethodCallbackWrapperEP10napi_env__P20napi_callback_info__
FN:4332,_ZZN4Napi10ObjectWrapI9LoRaCommsE31StaticVoidMethodCallbackWrapperEP10napi_env__P20napi_callback_info__ENKUlvE_clEv
FN:4343,_ZN4Napi10ObjectWrapI9LoRaCommsE27StaticMethodCallbackWrapperEP10napi_env__P20napi_callback_info__
FN:4346,_ZZN4Napi10ObjectWrapI9LoRaCommsE27StaticMethodCallbackWrapperEP10napi_env__P20napi_callback_info__ENKUlvE_clEv
FN:4356,_ZN4Napi10ObjectWrapI9LoRaCommsE27StaticGetterCallbackWrapperEP10napi_env__P20napi_callback_info__
FN:4359,_ZZN4Napi10ObjectWrapI9LoRaCommsE27StaticGetterCallbackWrapperEP10napi_env__P20napi_callback_info__ENKUlvE_clEv
FN:4369,_ZN4Napi10ObjectWrapI9LoRaCommsE27StaticSetterCallbackWrapperEP10napi_env__P20napi_callback_info__
FN:4372,_ZZN4Napi10ObjectWrapI9LoRaCommsE27StaticSetterCallbackWrapperEP10napi_env__P20napi_callback_info__ENKUlvE_clEv
FN:4383,_ZN4Napi10ObjectWrapI9LoRaCommsE16FinalizeCallbackEP10napi_env__PvS5_
FN:4409,_ZN4Napi11HandleScopeC2ENS_3EnvE
FN:4414,_ZN4Napi11HandleScopeD2Ev
FN:4437,_ZN4Napi20EscapableHandleScopeC2ENS_3EnvE
FN:4442,_ZN4Napi20EscapableHandleScopeD2Ev
FN:4453,_ZNK4Napi20EscapableHandleScope3EnvEv
FN:4457,_ZN4Napi20EscapableHandleScope6EscapeEP12napi_value__
FN:4481,_ZN4Napi13CallbackScopeD2Ev
FN:4481,_ZN4Napi13CallbackScopeD0Ev
FN:4518,_ZN4Napi12AsyncContextD0Ev
FN:4518,_ZN4Napi12AsyncContextD2Ev
FN:4552,_ZN4Napi11AsyncWorkerC2ERKNS_8FunctionE
FN:4556,_ZN4Napi11AsyncWorkerC2ERKNS_8FunctionEPKc
FN:4561,_ZN4Napi11AsyncWorkerC2ERKNS_8FunctionEPKcRKNS_6ObjectE
FN:4584,_ZN4Napi11AsyncWorkerC2ERKNS_6ObjectERKNS_8FunctionEPKcS3_
FN:4628,_ZN4Napi11AsyncWorkerD0Ev
FN:4628,_ZN4Napi11AsyncWorkerD2Ev
FN:4635,_ZN4Napi11AsyncWorker7DestroyEv
FN:4666,_ZNK4Napi11AsyncWorker3EnvEv
FN:4670,_ZN4Napi11AsyncWorker5QueueEv
FN:4680,_ZN4Napi11AsyncWorker8ReceiverEv
FN:4684,_ZN4Napi11AsyncWorker8CallbackEv
FN:4692,_ZN4Napi11AsyncWorker4OnOKEv
FN:4698,_ZN4Napi11AsyncWorker7OnErrorERKNS_5ErrorE
FN:4704,_ZN4Napi11AsyncWorker8SetErrorERKNSt7__cxx1112basic_stringIcSt11char_traitsIcESaIcEEE
FN:4708,_ZN4Napi11AsyncWorker9GetResultENS_3EnvE
FN:4715,_ZN4Napi11AsyncWorker18OnAsyncWorkExecuteEP10napi_env__Pv
FN:4723,_ZN4Napi11AsyncWorker9OnExecuteENS_3EnvE
FN:4735,_ZN4Napi11AsyncWorker19OnAsyncWorkCompleteEP10napi_env__11napi_statusPv
FN:4741,_ZN4Napi11AsyncWorker14OnWorkCompleteENS_3EnvE11napi_status
FN:4744,_ZZN4Napi11AsyncWorker14OnWorkCompleteENS_3EnvE11napi_statusENKUlvE_clEv
FNDA:15,_ZNK4Napi17FunctionReference4CallEP12napi_value__RKSt6vectorIS2_SaIS2_EE
FNDA:0,_ZNK4Napi12CallbackInfo4ThisEv
FNDA:127,_ZN4Napi9ReferenceINS_6ObjectEEC2EOS2_
FNDA:127,_ZN4Napi20EscapableHandleScopeC2ENS_3EnvE
FNDA:2,_ZZN4Napi7detailsL21TemplatedVoidCallbackIXadL_ZN9LoRaComms16SetGWSendTimeoutERKNS_12CallbackInfoEEEEEP12napi_value__P10napi_env__P20napi_callback_info__ENKUlvE_clEv
FNDA:127,_ZN4Napi11AsyncWorkerC2ERKNS_6ObjectERKNS_8FunctionEPKcS3_
FNDA:57,_ZN4Napi15ObjectReferenceC2EP10napi_env__P10napi_ref__
FNDA:127,_ZN4Napi9ReferenceINS_6ObjectEE3NewERKS1_j
FNDA:111,_ZN4Napi10TypedArrayC2EP10napi_env__P12napi_value__
FNDA:0,_ZN4Napi7detailsL10AttachDataINS_18MethodCallbackDataI9LoRaCommsPFNS_5ValueERKNS_12CallbackInfoEEEEEE11napi_statusP10napi_env__P12napi_value__PT_PFvSD_PvSI_ESI_
FNDA:1,_ZN4Napi10ObjectWrapI9LoRaCommsE12StaticMethodIXadL_ZNS1_16SetGWRecvTimeoutERKNS_12CallbackInfoEEEEENS_23ClassPropertyDescriptorIS1_EEPKc24napi_property_attributesPv
FNDA:556,_ZN4Napi6NumberC2EP10napi_env__P12napi_value__
FNDA:16,_ZNK4Napi9ReferenceINS_8FunctionEE7IsEmptyEv
FNDA:127,_ZN4Napi20EscapableHandleScopeD2Ev
FNDA:0,_ZN4Napi7details12WrapCallbackIZNS_10ObjectWrapI9LoRaCommsE31StaticVoidMethodCallbackWrapperEP10napi_env__P20napi_callback_info__EUlvE_EEP12napi_value__T_
FNDA:0,_ZN4Napi12InstanceWrapI9LoRaCommsE29InstanceSetterCallbackWrapperEP10napi_env__P20napi_callback_info__
FNDA:111,_ZN4Napi9ReferenceINS_6BufferIhEEEC2EP10napi_env__P10napi_ref__
FNDA:111,_ZNK4Napi17FunctionReference12MakeCallbackEP12napi_value__RKSt16initializer_listIS2_EP20napi_async_context__
FNDA:1,_ZZN4Napi7detailsL21TemplatedVoidCallbackIXadL_ZN9LoRaComms20SetLogMaxMessageSizeERKNS_12CallbackInfoEEEEEP12napi_value__P10napi_env__P20napi_callback_info__ENKUlvE_clEv
FNDA:2,_ZN4Napi7detailsL21TemplatedVoidCallbackIXadL_ZN9LoRaComms16SetGWSendTimeoutERKNS_12CallbackInfoEEEEEP12napi_value__P10napi_env__P20napi_callback_info__
FNDA:127,_ZN4Napi7details12WrapCallbackIZNS_11AsyncWorker14OnWorkCompleteENS_3EnvE11napi_statusEUlvE_EEP12napi_value__T_
FNDA:111,_ZNK4Napi5Value2AsINS_6BufferIhEEEET_v
FNDA:0,_ZN4Napi10ObjectWrapI9LoRaCommsE27StaticGetterCallbackWrapperEP10napi_env__P20napi_callback_info__
FNDA:1469,_ZNK4Napi3EnvcvP10napi_env__Ev
FNDA:16,_ZNK4Napi6String9Utf8ValueB5cxx11Ev
FNDA:127,_ZN4Napi11AsyncWorker9OnExecuteENS_3EnvE
FNDA:2,_ZN4Napi7details12WrapCallbackIZNS0_L21TemplatedVoidCallbackIXadL_ZN9LoRaComms12SetGWSendHWMERKNS_12CallbackInfoEEEEEP12napi_value__P10napi_env__P20napi_callback_info__EUlvE_EES8_T_
FNDA:2,_ZZN4Napi7detailsL21TemplatedVoidCallbackIXadL_ZN9LoRaComms12SetGWSendHWMERKNS_12CallbackInfoEEEEEP12napi_value__P10napi_env__P20napi_callback_info__ENKUlvE_clEv
FNDA:1611,_ZN4Napi3EnvC2EP10napi_env__
FNDA:56,_ZN4Napi7details11vf_fallbackINS_5ValueEE4FromEP10napi_env__RKS2_
FNDA:57,_ZN4Napi5Error3NewEP10napi_env__RKNSt7__cxx1112basic_stringIcSt11char_traitsIcESaIcEEE
FNDA:47,_ZNK4Napi12CallbackInfo3EnvEv
FNDA:127,_ZNK4Napi20EscapableHandleScope3EnvEv
FNDA:15,_ZNK4Napi9ReferenceINS_8FunctionEE3EnvEv
FNDA:0,_ZN4Napi10ObjectWrapI9LoRaCommsE27StaticMethodCallbackWrapperEP10napi_env__P20napi_callback_info__
FNDA:15,_ZN4Napi11AsyncWorker9GetResultENS_3EnvE
FNDA:0,_ZNK4Napi6StringcvNSt7__cxx1112basic_stringIcSt11char_traitsIcESaIcEEEEv
FNDA:254,_ZN4Napi6Object3NewEP10napi_env__
FNDA:47,_ZZN4Napi7detailsL17TemplatedCallbackIXadL_ZN9LoRaComms20GetLogMaxMessageSizeERKNS_12CallbackInfoEEEEEP12napi_value__P10napi_env__P20napi_callback_info__ENKUlvE_clEv
FNDA:1,_ZN4Napi11AsyncWorker7OnErrorERKNS_5ErrorE
FNDA:0,_ZN4NapiL14CreateFunctionINS_18MethodCallbackDataI9LoRaCommsPFNS_5ValueERKNS_12CallbackInfoEEEEEE11napi_statusP10napi_env__PKcPFP12napi_value__SC_P20napi_callback_info__EPT_PSG_
FNDA:1,_ZN4Napi7detailsL21TemplatedVoidCallbackIXadL_ZN9LoRaComms18SetLogWriteTimeoutERKNS_12CallbackInfoEEEEEP12napi_value__P10napi_env__P20napi_callback_info__
FNDA:15,_ZN4Napi7detailsL21TemplatedVoidCallbackIXadL_ZN9LoRaComms4StopERKNS_12CallbackInfoEEEEEP12napi_value__P10napi_env__P20napi_callback_info__
FNDA:1,_ZN4Napi6Object3SetINS_8FunctionEEEbPKcRKT_
FNDA:127,_ZN4Napi11AsyncWorkerC2ERKNS_8FunctionE
FNDA:0,_ZN4Napi10ObjectWrapI9LoRaCommsE6UnwrapENS_6ObjectE
FNDA:311,_ZN4Napi9ReferenceINS_6ObjectEED2Ev
FNDA:111,_ZN4Napi11AsyncWorker8ReceiverEv
FNDA:111,_ZNK4Napi6BufferIhE6LengthEv
FNDA:0,_ZN4Napi12AsyncContextD2Ev
FNDA:29,_ZN4Napi7details12WrapCallbackIZNS0_L21TemplatedVoidCallbackIXadL_ZN9LoRaComms17GetLogInfoMessageERKNS_12CallbackInfoEEEEEP12napi_value__P10napi_env__P20napi_callback_info__EUlvE_EES8_T_
FNDA:0,_ZN4Napi7details12WrapCallbackIZNS_12InstanceWrapI9LoRaCommsE33InstanceVoidMethodCallbackWrapperEP10napi_env__P20napi_callback_info__EUlvE_EEP12napi_value__T_
FNDA:0,_ZN4Napi12InstanceWrapI9LoRaCommsE29InstanceMethodCallbackWrapperEP10napi_env__P20napi_callback_info__
FNDA:0,_ZNK4Napi9ReferenceINS_6ObjectEE3EnvEv
FNDA:0,_ZN4Napi12InstanceWrapI9LoRaCommsE29InstanceGetterCallbackWrapperEP10napi_env__P20napi_callback_info__
FNDA:127,_ZN4Napi9ReferenceINS_8FunctionEE3NewERKS1_j
FNDA:127,_ZN4Napi11AsyncWorker7DestroyEv
FNDA:0,_ZN4Napi7detailsL10AttachDataINS_18MethodCallbackDataI9LoRaCommsMS3_FvRKNS_12CallbackInfoEEEEEE11napi_statusP10napi_env__P12napi_value__PT_PFvSC_PvSH_ESH_
FNDA:1,_ZN4Napi5Value4FromINS_8FunctionEEES0_P10napi_env__RKT_
FNDA:28,_ZN4Napi7details12WrapCallbackIZNS0_L21TemplatedVoidCallbackIXadL_ZN9LoRaComms6SendToERKNS_12CallbackInfoEEEEEP12napi_value__P10napi_env__P20napi_callback_info__EUlvE_EES8_T_
FNDA:111,_ZN4Napi6BufferIhEC2EP10napi_env__P12napi_value__
FNDA:0,_ZN4Napi9ReferenceINS_6ObjectEE5ResetEv
FNDA:0,_ZZN4Napi12InstanceWrapI9LoRaCommsE33InstanceVoidMethodCallbackWrapperEP10napi_env__P20napi_callback_info__ENKUlvE_clEv
FNDA:127,_ZN4Napi10PersistentENS_8FunctionE
FNDA:0,_ZZN4Napi10ObjectWrapI9LoRaCommsE31StaticVoidMethodCallbackWrapperEP10napi_env__P20napi_callback_info__ENKUlvE_clEv
FNDA:0,_ZN4Napi7details12WrapCallbackIZNS_10ObjectWrapI9LoRaCommsE27StaticMethodCallbackWrapperEP10napi_env__P20napi_callback_info__EUlvE_EEP12napi_value__T_
FNDA:183,_ZN4Napi11HandleScopeD2Ev
FNDA:57,_ZN4Napi5ErrorC2EP10napi_env__P12napi_value__
FNDA:29,_ZN4Napi7detailsL21TemplatedVoidCallbackIXadL_ZN9LoRaComms17GetLogInfoMessageERKNS_12CallbackInfoEEEEEP12napi_value__P10napi_env__P20napi_callback_info__
FNDA:56,_ZN4Napi6Object3SetINS_5ValueEEEbPKcRKT_
FNDA:0,_ZN4Napi12InstanceWrapI9LoRaCommsE33InstanceVoidMethodCallbackWrapperEP10napi_env__P20napi_callback_info__
FNDA:335,_ZNK4Napi5Value2AsINS_6NumberEEET_v
FNDA:1,_ZN4Napi10ObjectWrapI9LoRaCommsE12StaticMethodIXadL_ZNS1_20GetLogMaxMessageSizeERKNS_12CallbackInfoEEEEENS_23ClassPropertyDescriptorIS1_EEPKc24napi_property_attributesPv
FNDA:245,_ZN4Napi12CallbackInfoC2EP10napi_env__P20napi_callback_info__
FNDA:2,_ZN4Napi7detailsL21TemplatedVoidCallbackIXadL_ZN9LoRaComms12SetGWSendHWMERKNS_12CallbackInfoEEEEEP12napi_value__P10napi_env__P20napi_callback_info__
FNDA:1,_ZN4Napi7detailsL21TemplatedVoidCallbackIXadL_ZN9LoRaComms11StopLoggingERKNS_12CallbackInfoEEEEEP12napi_value__P10napi_env__P20napi_callback_info__
FNDA:127,_ZZN4Napi11AsyncWorker14OnWorkCompleteENS_3EnvE11napi_statusENKUlvE_clEv
FNDA:0,_ZZN4Napi7detailsL10AttachDataINS_20AccessorCallbackDataI9LoRaCommsMS3_FNS_5ValueERKNS_12CallbackInfoEEMS3_FvS7_RKS4_EEEEE11napi_statusP10napi_env__P12napi_value__PT_PFvSH_PvSM_ESM_ENKUlSH_SM_SM_E_clESH_SM_SM_
FNDA:28,_ZN4Napi7detailsL21TemplatedVoidCallbackIXadL_ZN9LoRaComms6SendToERKNS_12CallbackInfoEEEEEP12napi_value__P10napi_env__P20napi_callback_info__
FNDA:0,_ZZN4Napi10ObjectWrapI9LoRaCommsE26ConstructorCallbackWrapperEP10napi_env__P20napi_callback_info__ENKUlvE_clEv
FNDA:1,_ZZN4Napi7detailsL21TemplatedVoidCallbackIXadL_ZN9LoRaComms18SetLogWriteTimeoutERKNS_12CallbackInfoEEEEEP12napi_value__P10napi_env__P20napi_callback_info__ENKUlvE_clEv
FNDA:16,_ZN4Napi7details12WrapCallbackIZNS0_L21TemplatedVoidCallbackIXadL_ZN9LoRaComms12StartLoggingERKNS_12CallbackInfoEEEEEP12napi_value__P10napi_env__P20napi_callback_info__EUlvE_EES8_T_
FNDA:1,_ZN4Napi7details12WrapCallbackIZNS0_L21TemplatedVoidCallbackIXadL_ZN9LoRaComms20SetLogMaxMessageSizeERKNS_12CallbackInfoEEEEEP12napi_value__P10napi_env__P20napi_callback_info__EUlvE_EES8_T_
FNDA:1,_ZN4Napi10ObjectWrapI9LoRaCommsE12StaticMethodIXadL_ZNS1_20SetLogMaxMessageSizeERKNS_12CallbackInfoEEEEENS_23ClassPropertyDescriptorIS1_EEPKc24napi_property_attributesPv
FNDA:15,_ZN4Napi11AsyncWorker4OnOKEv
FNDA:15,_ZZN4Napi7detailsL21TemplatedVoidCallbackIXadL_ZN9LoRaComms4StopERKNS_12CallbackInfoEEEEEP12napi_value__P10napi_env__P20napi_callback_info__ENKUlvE_clEv
FNDA:16,_ZN4Napi7details12WrapCallbackIZNS0_L21TemplatedVoidCallbackIXadL_ZN9LoRaComms5StartERKNS_12CallbackInfoEEEEEP12napi_value__P10napi_env__P20napi_callback_info__EUlvE_EES8_T_
FNDA:1,_ZN4Napi10ObjectWrapI9LoRaCommsE12StaticMethodIXadL_ZNS1_11StopLoggingERKNS_12CallbackInfoEEEEENS_23ClassPropertyDescriptorIS1_EEPKc24napi_property_attributesPv
FNDA:0,_ZN4Napi7details12WrapCallbackIZNS_12InstanceWrapI9LoRaCommsE29InstanceSetterCallbackWrapperEP10napi_env__P20napi_callback_info__EUlvE_EEP12napi_value__T_
FNDA:127,_ZN4Napi20EscapableHandleScope6EscapeEP12napi_value__
FNDA:1,_ZN4Napi11AsyncWorker8SetErrorERKNSt7__cxx1112basic_stringIcSt11char_traitsIcESaIcEEE
FNDA:28,_ZZN4Napi7detailsL21TemplatedVoidCallbackIXadL_ZN9LoRaComms6SendToERKNS_12CallbackInfoEEEEEP12napi_value__P10napi_env__P20napi_callback_info__ENKUlvE_clEv
FNDA:255,_ZN4Napi8FunctionC2EP10napi_env__P12napi_value__
FNDA:0,_ZN4Napi10ObjectWrapI9LoRaCommsE16FinalizeCallbackEP10napi_env__PvS5_
FNDA:16,_ZNK4Napi8Function4CallEP12napi_value__mPKS2_
FNDA:15,_ZZN4Napi7detailsL21TemplatedVoidCallbackIXadL_ZN9LoRaComms12ResetLoggingERKNS_12CallbackInfoEEEEEP12napi_value__P10napi_env__P20napi_callback_info__ENKUlvE_clEv
FNDA:2388,_ZN4Napi5ValueC2EP10napi_env__P12napi_value__
FNDA:184,_ZN4Napi9ReferenceINS_6ObjectEEC2EP10napi_env__P10napi_ref__
FNDA:1503,_ZNK4Napi5ValuecvP12napi_value__Ev
FNDA:17,_ZZN4Napi7detailsL21TemplatedVoidCallbackIXadL_ZN9LoRaComms18GetLogErrorMessageERKNS_12CallbackInfoEEEEEP12napi_value__P10napi_env__P20napi_callback_info__ENKUlvE_clEv
FNDA:1,_ZN4Napi7details12WrapCallbackIZNS0_L21TemplatedVoidCallbackIXadL_ZN9LoRaComms11StopLoggingERKNS_12CallbackInfoEEEEEP12napi_value__P10napi_env__P20napi_callback_info__EUlvE_EES8_T_
FNDA:2,_ZN4Napi7detailsL21TemplatedVoidCallbackIXadL_ZN9LoRaComms16SetGWRecvTimeoutERKNS_12CallbackInfoEEEEEP12napi_value__P10napi_env__P20napi_callback_info__
FNDA:0,_ZZN4Napi12InstanceWrapI9LoRaCommsE29InstanceMethodCallbackWrapperEP10napi_env__P20napi_callback_info__ENKUlvE_clEv
FNDA:127,_ZNK4Napi5Value2AsINS_8FunctionEEET_v
FNDA:56,_ZN4Napi5Value4FromIS0_EES0_P10napi_env__RKT_
FNDA:127,_ZN4Napi15ObjectReferenceC2EONS_9ReferenceINS_6ObjectEEE
FNDA:0,_ZN4Napi9ReferenceINS_6ObjectEEaSEOS2_
FNDA:1,_ZZN4Napi14RegisterModuleEP10napi_env__P12napi_value__PFNS_6ObjectENS_3EnvES4_EENKUlvE_clEv
FNDA:15,_ZN4Napi7details12WrapCallbackIZNS0_L21TemplatedVoidCallbackIXadL_ZN9LoRaComms5ResetERKNS_12CallbackInfoEEEEEP12napi_value__P10napi_env__P20napi_callback_info__EUlvE_EES8_T_
FNDA:1,_ZN4Napi10ObjectWrapI9LoRaCommsE12StaticMethodIXadL_ZNS1_8RecvFromERKNS_12CallbackInfoEEEEENS_23ClassPropertyDescriptorIS1_EEPKc24napi_property_attributesPv
FNDA:127,_ZN4Napi11AsyncWorker5QueueEv
FNDA:1,_ZN4Napi10ObjectWrapI9LoRaCommsE11DefineClassENS_3EnvEPKcmPK24napi_property_descriptorPv
FNDA:37,_ZZN4Napi7detailsL21TemplatedVoidCallbackIXadL_ZN9LoRaComms8RecvFromERKNS_12CallbackInfoEEEEEP12napi_value__P10napi_env__P20napi_callback_info__ENKUlvE_clEv
FNDA:127,_ZNK4Napi3Env18IsExceptionPendingEv
FNDA:0,_ZNK4Napi9ReferenceINS_6ObjectEE7IsEmptyEv
FNDA:0,_ZN4Napi10ObjectWrapI9LoRaCommsE26ConstructorCallbackWrapperEP10napi_env__P20napi_callback_info__
FNDA:183,_ZN4Napi11HandleScopeC2ENS_3EnvE
FNDA:127,_ZN4Napi11AsyncWorkerC2ERKNS_8FunctionEPKcRKNS_6ObjectE
FNDA:0,_ZZN4Napi12InstanceWrapI9LoRaCommsE29InstanceSetterCallbackWrapperEP10napi_env__P20napi_callback_info__ENKUlvE_clEv
FNDA:0,_ZN4Napi7detailsL10AttachDataINS_18MethodCallbackDataI9LoRaCommsMS3_FNS_5ValueERKNS_12CallbackInfoEEEEEE11napi_statusP10napi_env__P12napi_value__PT_PFvSD_PvSI_ESI_
FNDA:111,_ZNK4Napi8Function12MakeCallbackEP12napi_value__RKSt16initializer_listIS2_EP20napi_async_context__
FNDA:0,_ZN4Napi7details12WrapCallbackIZNS_10ObjectWrapI9LoRaCommsE26ConstructorCallbackWrapperEP10napi_env__P20napi_callback_info__EUlvE_EEP12napi_value__T_
FNDA:15,_ZN4Napi7detailsL21TemplatedVoidCallbackIXadL_ZN9LoRaComms12ResetLoggingERKNS_12CallbackInfoEEEEEP12napi_value__P10napi_env__P20napi_callback_info__
FNDA:127,_ZN4Napi11AsyncWorker14OnWorkCompleteENS_3EnvE11napi_status
FNDA:16,_ZN4Napi4NameC2EP10napi_env__P12napi_value__
FNDA:0,_ZZN4Napi7detailsL10AttachDataINS_18MethodCallbackDataI9LoRaCommsMS3_FNS_5ValueERKNS_12CallbackInfoEEEEEE11napi_statusP10napi_env__P12napi_value__PT_PFvSD_PvSI_ESI_ENKUlSD_SI_SI_E_clESD_SI_SI_
FNDA:746,_ZNK4Napi5Value3EnvEv
FNDA:127,_ZN4Napi10PersistentENS_6ObjectE
FNDA:1,_ZN4Napi7details12WrapCallbackIZNS_14RegisterModuleEP10napi_env__P12napi_value__PFNS_6ObjectENS_3EnvES6_EEUlvE_EES5_T_
FNDA:0,_ZN4Napi5Error3NewEP10napi_env__
FNDA:1,_ZNK4Napi17FunctionReference4CallEP12napi_value__RKSt16initializer_listIS2_E
FNDA:0,_ZN4Napi7details12WrapCallbackIZNS_10ObjectWrapI9LoRaCommsE27StaticSetterCallbackWrapperEP10napi_env__P20napi_callback_info__EUlvE_EEP12napi_value__T_
FNDA:0,_ZN4Napi10ObjectWrapI9LoRaCommsEC2ERKNS_12CallbackInfoE
FNDA:111,_ZN4Napi12TypedArrayOfIhEC2EP10napi_env__P12napi_value__
FNDA:0,_ZZN4Napi7detailsL10AttachDataINS_18MethodCallbackDataI9LoRaCommsMS3_FvRKNS_12CallbackInfoEEEEEE11napi_statusP10napi_env__P12napi_value__PT_PFvSC_PvSH_ESH_ENKUlSC_SH_SH_E_clESC_SH_SH_
FNDA:1,_ZN4Napi10ObjectWrapI9LoRaCommsE12StaticMethodIXadL_ZNS1_12ResetLoggingERKNS_12CallbackInfoEEEEENS_23ClassPropertyDescriptorIS1_EEPKc24napi_property_attributesPv
FNDA:16,_ZN4Napi6StringC2EP10napi_env__P12napi_value__
FNDA:0,_ZNK4Napi12CallbackInfo4DataEv
FNDA:245,_ZN4Napi12CallbackInfoD2Ev
FNDA:0,_ZNK4Napi5Error7MessageB5cxx11Ev
FNDA:0,_ZZN4Napi12InstanceWrapI9LoRaCommsE29InstanceGetterCallbackWrapperEP10napi_env__P20napi_callback_info__ENKUlvE_clEv
FNDA:0,_ZN4Napi10ObjectWrapI9LoRaCommsED2Ev
FNDA:47,_ZN4Napi7details12WrapCallbackIZNS0_L17TemplatedCallbackIXadL_ZN9LoRaComms20GetLogMaxMessageSizeERKNS_12CallbackInfoEEEEEP12napi_value__P10napi_env__P20napi_callback_info__EUlvE_EES8_T_
FNDA:57,_ZN4Napi5Error3NewIS0_EET_P10napi_env__PKcmPF11napi_statusS4_P12napi_value__S9_PS9_E
FNDA:1,_ZN4Napi10ObjectWrapI9LoRaCommsE12StaticMethodIXadL_ZNS1_12StartLoggingERKNS_12CallbackInfoEEEEENS_23ClassPropertyDescriptorIS1_EEPKc24napi_property_attributesPv
FNDA:1,_ZN4Napi10ObjectWrapI9LoRaCommsE12StaticMethodIXadL_ZNS1_5StartERKNS_12CallbackInfoEEEEENS_23ClassPropertyDescriptorIS1_EEPKc24napi_property_attributesPv
FNDA:2,_ZN4Napi7details12WrapCallbackIZNS0_L21TemplatedVoidCallbackIXadL_ZN9LoRaComms16SetGWSendTimeoutERKNS_12CallbackInfoEEEEEP12napi_value__P10napi_env__P20napi_callback_info__EUlvE_EES8_T_
FNDA:0,_ZNK4Napi3Env9UndefinedEv
FNDA:1,_ZN4Napi10ObjectWrapI9LoRaCommsE11DefineClassENS_3EnvEPKcRKSt16initializer_listINS_23ClassPropertyDescriptorIS1_EEEPv
FNDA:111,_ZN4Napi9ReferenceINS_6BufferIhEEE3NewERKS2_j
FNDA:127,_ZN4Napi11AsyncWorkerC2ERKNS_8FunctionEPKc
FNDA:16,_ZN4Napi7detailsL21TemplatedVoidCallbackIXadL_ZN9LoRaComms12StartLoggingERKNS_12CallbackInfoEEEEEP12napi_value__P10napi_env__P20napi_callback_info__
FNDA:0,_ZN4Napi10ObjectWrapI9LoRaCommsE27StaticSetterCallbackWrapperEP10napi_env__P20napi_callback_info__
FNDA:1,_ZN4Napi7details12WrapCallbackIZNS0_L21TemplatedVoidCallbackIXadL_ZN9LoRaComms14SetLogWriteHWMERKNS_12CallbackInfoEEEEEP12napi_value__P10napi_env__P20napi_callback_info__EUlvE_EES8_T_
FNDA:127,_ZN4Napi11AsyncWorkerD2Ev
FNDA:0,_ZNK4Napi15ObjectReference3GetEPKc
FNDA:0,_ZN4Napi12AsyncContextD0Ev
FNDA:0,_ZN4Napi10ObjectWrapI9LoRaCommsED0Ev
FNDA:111,_ZN4Napi9ReferenceINS_6BufferIhEEED2Ev
FNDA:0,_ZN4Napi7details12WrapCallbackIZNS_10ObjectWrapI9LoRaCommsE27StaticGetterCallbackWrapperEP10napi_env__P20napi_callback_info__EUlvE_EEP12napi_value__T_
FNDA:254,_ZN4Napi9ReferenceINS_8FunctionEED2Ev
FNDA:15,_ZNK4Napi8Function4CallEP12napi_value__RKSt6vectorIS2_SaIS2_EE
FNDA:17,_ZN4Napi7details12WrapCallbackIZNS0_L21TemplatedVoidCallbackIXadL_ZN9LoRaComms18GetLogErrorMessageERKNS_12CallbackInfoEEEEEP12napi_value__P10napi_env__P20napi_callback_info__EUlvE_EES8_T_
FNDA:589,_ZNK4Napi12CallbackInfoixEm
FNDA:127,_ZN4Napi9ReferenceINS_8FunctionEEC2EOS2_
FNDA:0,_ZN4Napi10ObjectWrapI9LoRaCommsE8FinalizeENS_3EnvE
FNDA:1,_ZN4Napi10ObjectWrapI9LoRaCommsE12StaticMethodIXadL_ZNS1_18GetLogErrorMessageERKNS_12CallbackInfoEEEEENS_23ClassPropertyDescriptorIS1_EEPKc24napi_property_attributesPv
FNDA:0,_ZNK4Napi5Value2AsINS_6ObjectEEET_v
FNDA:1,_ZNK4Napi8Function4CallEP12napi_value__RKSt16initializer_listIS2_E
FNDA:15,_ZZN4Napi7detailsL21TemplatedVoidCallbackIXadL_ZN9LoRaComms5ResetERKNS_12CallbackInfoEEEEEP12napi_value__P10napi_env__P20napi_callback_info__ENKUlvE_clEv
FNDA:0,_ZN4Napi10ObjectWrapI9LoRaCommsE31StaticVoidMethodCallbackWrapperEP10napi_env__P20napi_callback_info__
FNDA:861,_ZN4Napi6ObjectC2EP10napi_env__P12napi_value__
FNDA:1,_ZN4Napi7details12WrapCallbackIZNS0_L21TemplatedVoidCallbackIXadL_ZN9LoRaComms18SetLogWriteTimeoutERKNS_12CallbackInfoEEEEEP12napi_value__P10napi_env__P20napi_callback_info__EUlvE_EES8_T_
FNDA:16,_ZZN4Napi7detailsL21TemplatedVoidCallbackIXadL_ZN9LoRaComms5StartERKNS_12CallbackInfoEEEEEP12napi_value__P10napi_env__P20napi_callback_info__ENKUlvE_clEv
FNDA:2,_ZZN4Napi7detailsL21TemplatedVoidCallbackIXadL_ZN9LoRaComms16SetGWRecvTimeoutERKNS_12CallbackInfoEEEEEP12napi_value__P10napi_env__P20napi_callback_info__ENKUlvE_clEv
FNDA:29,_ZZN4Napi7detailsL21TemplatedVoidCallbackIXadL_ZN9LoRaComms17GetLogInfoMessageERKNS_12CallbackInfoEEEEEP12napi_value__P10napi_env__P20napi_callback_info__ENKUlvE_clEv
FNDA:56,_ZN4Napi15ObjectReference3SetEPKcNS_5ValueE
FNDA:127,_ZN4Napi11AsyncWorker18OnAsyncWorkExecuteEP10napi_env__Pv
FNDA:0,_ZN4Napi12CallbackInfo7SetDataEPv
FNDA:16,_ZNK4Napi5Value2AsINS_6StringEEET_v
FNDA:37,_ZN4Napi7details12WrapCallbackIZNS0_L21TemplatedVoidCallbackIXadL_ZN9LoRaComms8RecvFromERKNS_12CallbackInfoEEEEEP12napi_value__P10napi_env__P20napi_callback_info__EUlvE_EES8_T_
FNDA:1,_ZN4Napi10ObjectWrapI9LoRaCommsE12StaticMethodIXadL_ZNS1_6SendToERKNS_12CallbackInfoEEEEENS_23ClassPropertyDescriptorIS1_EEPKc24napi_property_attributesPv
FNDA:0,_ZZN4Napi10ObjectWrapI9LoRaCommsE27StaticSetterCallbackWrapperEP10napi_env__P20napi_callback_info__ENKUlvE_clEv
FNDA:71,_ZNK4Napi6Number10Int32ValueEv
FNDA:0,_ZZN4Napi10ObjectWrapI9LoRaCommsE27StaticGetterCallbackWrapperEP10napi_env__P20napi_callback_info__ENKUlvE_clEv
FNDA:1,_ZNK4Napi6NumbercvjEv
FNDA:0,_ZN4Napi7details12WrapCallbackIZNS_12InstanceWrapI9LoRaCommsE29InstanceMethodCallbackWrapperEP10napi_env__P20napi_callback_info__EUlvE_EEP12napi_value__T_
FNDA:263,_ZNK4Napi6Number10Int64ValueEv
FNDA:111,_ZNK4Napi11AsyncWorker3EnvEv
FNDA:15,_ZN4Napi7details12WrapCallbackIZNS0_L21TemplatedVoidCallbackIXadL_ZN9LoRaComms12ResetLoggingERKNS_12CallbackInfoEEEEEP12napi_value__P10napi_env__P20napi_callback_info__EUlvE_EES8_T_
FNDA:1,_ZN4Napi7detailsL21TemplatedVoidCallbackIXadL_ZN9LoRaComms14SetLogWriteHWMERKNS_12CallbackInfoEEEEEP12napi_value__P10napi_env__P20napi_callback_info__
FNDA:127,_ZNK4Napi9ReferenceINS_8FunctionEE5ValueEv
FNDA:1,_ZN4Napi10ObjectWrapI9LoRaCommsE12StaticMethodIXadL_ZNS1_14SetLogWriteHWMERKNS_12CallbackInfoEEEEENS_23ClassPropertyDescriptorIS1_EEPKc24napi_property_attributesPv
FNDA:17,_ZN4Napi7detailsL21TemplatedVoidCallbackIXadL_ZN9LoRaComms18GetLogErrorMessageERKNS_12CallbackInfoEEEEEP12napi_value__P10napi_env__P20napi_callback_info__
FNDA:0,_ZNK4Napi5Error26ThrowAsJavaScriptExceptionEv
FNDA:1,_ZZN4Napi7detailsL21TemplatedVoidCallbackIXadL_ZN9LoRaComms14SetLogWriteHWMERKNS_12CallbackInfoEEEEEP12napi_value__P10napi_env__P20napi_callback_info__ENKUlvE_clEv
FNDA:1,_ZN4Napi10ObjectWrapI9LoRaCommsE12StaticMethodIXadL_ZNS1_18SetLogWriteTimeoutERKNS_12CallbackInfoEEEEENS_23ClassPropertyDescriptorIS1_EEPKc24napi_property_attributesPv
FNDA:15,_ZN4Napi7details12WrapCallbackIZNS0_L21TemplatedVoidCallbackIXadL_ZN9LoRaComms4StopERKNS_12CallbackInfoEEEEEP12napi_value__P10napi_env__P20napi_callback_info__EUlvE_EES8_T_
FNDA:16,_ZZN4Napi7detailsL21TemplatedVoidCallbackIXadL_ZN9LoRaComms12StartLoggingERKNS_12CallbackInfoEEEEEP12napi_value__P10napi_env__P20napi_callback_info__ENKUlvE_clEv
FNDA:111,_ZN4Napi10PersistentINS_6BufferIhEEEENS_9ReferenceIT_EES4_
FNDA:0,_ZN4Napi7detailsL10AttachDataINS_18MethodCallbackDataI9LoRaCommsPFvRKNS_12CallbackInfoEEEEEE11napi_statusP10napi_env__P12napi_value__PT_PFvSC_PvSH_ESH_
FNDA:111,_ZNK4Napi8Function12MakeCallbackEP12napi_value__mPKS2_P20napi_async_context__
FNDA:1,_ZN4Napi10ObjectWrapI9LoRaCommsE12StaticMethodIXadL_ZNS1_4StopERKNS_12CallbackInfoEEEEENS_23ClassPropertyDescriptorIS1_EEPKc24napi_property_attributesPv
FNDA:55,_ZNK4Napi3Env4NullEv
FNDA:0,_ZNK4Napi5Error4whatEv
FNDA:65,_ZNK4Napi6NumbercviEv
FNDA:1,_ZN4Napi10ObjectWrapI9LoRaCommsE12StaticMethodIXadL_ZNS1_12SetGWSendHWMERKNS_12CallbackInfoEEEEENS_23ClassPropertyDescriptorIS1_EEPKc24napi_property_attributesPv
FNDA:0,_ZN4NapiL14CreateFunctionINS_18MethodCallbackDataI9LoRaCommsPFvRKNS_12CallbackInfoEEEEEE11napi_statusP10napi_env__PKcPFP12napi_value__SB_P20napi_callback_info__EPT_PSF_
FNDA:16,_ZN4Napi7detailsL21TemplatedVoidCallbackIXadL_ZN9LoRaComms5StartERKNS_12CallbackInfoEEEEEP12napi_value__P10napi_env__P20napi_callback_info__
FNDA:37,_ZN4Napi7detailsL21TemplatedVoidCallbackIXadL_ZN9LoRaComms8RecvFromERKNS_12CallbackInfoEEEEEP12napi_value__P10napi_env__P20napi_callback_info__
FNDA:1,_ZN4Napi10ObjectWrapI9LoRaCommsE12StaticMethodIXadL_ZNS1_17GetLogInfoMessageERKNS_12CallbackInfoEEEEENS_23ClassPropertyDescriptorIS1_EEPKc24napi_property_attributesPv
FNDA:47,_ZN4Napi7detailsL17TemplatedCallbackIXadL_ZN9LoRaComms20GetLogMaxMessageSizeERKNS_12CallbackInfoEEEEEP12napi_value__P10napi_env__P20napi_callback_info__
FNDA:0,_ZZN4Napi7detailsL10AttachDataINS_20AccessorCallbackDataI9LoRaCommsPFNS_5ValueERKNS_12CallbackInfoEEPFvS7_RKS4_EEEEE11napi_statusP10napi_env__P12napi_value__PT_PFvSH_PvSM_ESM_ENKUlSH_SM_SM_E_clESH_SM_SM_
FNDA:127,_ZN4Napi17FunctionReferenceC2EONS_9ReferenceINS_8FunctionEEE
FNDA:7,_ZN4Napi10ObjectWrapI9LoRaCommsE11StaticValueEPKcNS_5ValueE24napi_property_attributes
FNDA:127,_ZN4Napi9ReferenceINS_8FunctionEEC2EP10napi_env__P10napi_ref__
FNDA:1,_ZN4Napi14RegisterModuleEP10napi_env__P12napi_value__PFNS_6ObjectENS_3EnvES4_E
FNDA:1,_ZN4Napi10ObjectWrapI9LoRaCommsE12StaticMethodIXadL_ZNS1_5ResetERKNS_12CallbackInfoEEEEENS_23ClassPropertyDescriptorIS1_EEPKc24napi_property_attributesPv
FNDA:0,_ZZN4Napi7detailsL10AttachDataINS_18MethodCallbackDataI9LoRaCommsPFvRKNS_12CallbackInfoEEEEEE11napi_statusP10napi_env__P12napi_value__PT_PFvSC_PvSH_ESH_ENKUlSC_SH_SH_E_clESC_SH_SH_
FNDA:263,_ZNK4Napi6NumbercvlEv
FNDA:1,_ZZN4Napi7detailsL21TemplatedVoidCallbackIXadL_ZN9LoRaComms11StopLoggingERKNS_12CallbackInfoEEEEEP12napi_value__P10napi_env__P20napi_callback_info__ENKUlvE_clEv
FNDA:0,_ZNK4Napi6Object3GetEPKc
FNDA:0,_ZN4Napi5Error5FatalEPKcS2_
FNDA:1,_ZNK4Napi6Number11Uint32ValueEv
FNDA:240,_ZNK4Napi9ReferenceINS_6ObjectEE5ValueEv
FNDA:0,_ZN4Napi7details12WrapCallbackIZNS_12InstanceWrapI9LoRaCommsE29InstanceGetterCallbackWrapperEP10napi_env__P20napi_callback_info__EUlvE_EEP12napi_value__T_
FNDA:0,_ZN4Napi9ReferenceINS_6ObjectEEC2Ev
FNDA:0,_ZN4Napi11AsyncWorkerD0Ev
FNDA:0,_ZZN4Napi7detailsL10AttachDataINS_18MethodCallbackDataI9LoRaCommsPFNS_5ValueERKNS_12CallbackInfoEEEEEE11napi_statusP10napi_env__P12napi_value__PT_PFvSD_PvSI_ESI_ENKUlSD_SI_SI_E_clESD_SI_SI_
FNDA:221,_ZN4Napi6Number3NewEP10napi_env__d
FNDA:1,_ZN4Napi7details11vf_fallbackINS_8FunctionEE4FromEP10napi_env__RKS2_
FNDA:111,_ZN4Napi11AsyncWorker8CallbackEv
FNDA:111,_ZNK4Napi6BufferIhE4DataEv
FNDA:0,_ZN4Napi7detailsL10AttachDataINS_20AccessorCallbackDataI9LoRaCommsPFNS_5ValueERKNS_12CallbackInfoEEPFvS7_RKS4_EEEEE11napi_statusP10napi_env__P12napi_value__PT_PFvSH_PvSM_ESM_
FNDA:15,_ZN4Napi7detailsL21TemplatedVoidCallbackIXadL_ZN9LoRaComms5ResetERKNS_12CallbackInfoEEEEEP12napi_value__P10napi_env__P20napi_callback_info__
FNDA:1,_ZN4Napi7detailsL21TemplatedVoidCallbackIXadL_ZN9LoRaComms20SetLogMaxMessageSizeERKNS_12CallbackInfoEEEEEP12napi_value__P10napi_env__P20napi_callback_info__
FNDA:24,_ZN4Napi12InstanceWrapI9LoRaCommsE14AttachPropDataEP10napi_env__P12napi_value__PK24napi_property_descriptor
FNDA:0,_ZZN4Napi10ObjectWrapI9LoRaCommsE27StaticMethodCallbackWrapperEP10napi_env__P20napi_callback_info__ENKUlvE_clEv
FNDA:0,_ZN4Napi13CallbackScopeD0Ev
FNDA:1,_ZN4Napi10ObjectWrapI9LoRaCommsE12StaticMethodIXadL_ZNS1_16SetGWSendTimeoutERKNS_12CallbackInfoEEEEENS_23ClassPropertyDescriptorIS1_EEPKc24napi_property_attributesPv
FNDA:0,_ZN4Napi7detailsL10AttachDataINS_20AccessorCallbackDataI9LoRaCommsMS3_FNS_5ValueERKNS_12CallbackInfoEEMS3_FvS7_RKS4_EEEEE11napi_statusP10napi_env__P12napi_value__PT_PFvSH_PvSM_ESM_
FNDA:0,_ZN4Napi13CallbackScopeD2Ev
FNDA:127,_ZN4Napi11AsyncWorker19OnAsyncWorkCompleteEP10napi_env__11napi_statusPv
FNDA:222,_ZNK4Napi6BufferIhE10EnsureInfoEv
FNDA:0,_ZNK4Napi5Value7IsEmptyEv
FNDA:2,_ZN4Napi7details12WrapCallbackIZNS0_L21TemplatedVoidCallbackIXadL_ZN9LoRaComms16SetGWRecvTimeoutERKNS_12CallbackInfoEEEEEP12napi_value__P10napi_env__P20napi_callback_info__EUlvE_EES8_T_
FNF:246
FNH:175
DA:29,0
DA:35,0
DA:36,0
DA:37,0
DA:64,0
DA:66,0
DA:72,373
DA:75,373
DA:76,0
DA:77,0
DA:78,0
DA:142,198
DA:143,396
DA:144,198
DA:145,198
DA:146,198
DA:147,396
DA:152,47
DA:153,47
DA:154,47
DA:155,94
DA:156,94
DA:372,1
DA:375,1
DA:376,2
DA:377,3
DA:378,1
DA:451,1611
DA:452,1611
DA:454,1469
DA:455,1469
DA:465,0
DA:467,0
DA:468,0
DA:469,0
DA:472,55
DA:474,55
DA:475,55
DA:476,55
DA:479,127
DA:481,127
DA:482,127
DA:483,127
DA:581,2388
DA:582,2388
DA:584,1503
DA:585,1503
DA:603,746
DA:604,746
DA:607,0
DA:608,0
DA:744,589
DA:745,589
DA:808,221
DA:810,221
DA:811,221
DA:812,221
DA:818,556
DA:819,556
DA:821,65
DA:822,65
DA:825,1
DA:826,1
DA:829,263
DA:830,263
DA:841,71
DA:843,71
DA:844,71
DA:845,71
DA:848,1
DA:850,1
DA:851,1
DA:852,1
DA:855,263
DA:857,263
DA:858,263
DA:859,263
DA:974,16
DA:975,16
DA:1032,16
DA:1033,16
DA:1035,0
DA:1036,0
DA:1043,16
DA:1045,16
DA:1046,16
DA:1048,16
DA:1049,16
DA:1050,16
DA:1051,16
DA:1052,16
DA:1053,32
DA:1054,0
DA:1198,57
DA:1199,57
DA:1218,57
DA:1228,57
DA:1284,254
DA:1286,254
DA:1287,254
DA:1288,254
DA:1294,861
DA:1295,861
DA:1380,0
DA:1382,0
DA:1383,0
DA:1405,57
DA:1408,57
DA:1409,57
DA:1934,111
DA:1935,111
DA:1936,111
DA:2044,111
DA:2045,111
DA:2046,111
DA:2047,111
DA:2048,111
DA:2049,111
DA:2051,111
DA:2053,0
DA:2054,0
DA:2056,111
DA:2057,111
DA:2099,0
DA:2105,0
DA:2106,0
DA:2107,0
DA:2110,0
DA:2187,255
DA:2188,255
DA:2210,1
DA:2212,1
DA:2215,15
DA:2217,15
DA:2220,16
DA:2224,32
DA:2225,16
DA:2226,16
DA:2230,111
DA:2234,111
DA:2244,111
DA:2250,222
DA:2251,111
DA:2252,111
DA:2394,111
DA:2395,111
DA:2396,111
DA:2404,111
DA:2405,111
DA:2406,111
DA:2410,111
DA:2411,111
DA:2412,111
DA:2416,222
DA:2420,222
DA:2423,111
DA:2424,111
DA:2425,111
DA:2426,111
DA:2428,222
DA:2434,0
DA:2436,0
DA:2442,0
DA:2443,0
DA:2445,0
DA:2446,0
DA:2449,0
DA:2450,0
DA:2451,0
DA:2454,0
DA:2455,0
DA:2458,0
DA:2463,0
DA:2465,0
DA:2466,0
DA:2470,0
DA:2471,0
DA:2472,0
DA:2473,0
DA:2474,0
DA:2476,0
DA:2479,0
DA:2486,57
DA:2487,57
DA:2490,0
DA:2491,0
DA:2497,57
DA:2498,57
DA:2499,57
DA:2503,57
DA:2505,57
DA:2533,0
DA:2534,0
DA:2537,0
DA:2539,0
DA:2542,0
DA:2554,0
DA:2557,0
DA:2558,0
DA:2559,0
DA:2590,0
DA:2594,0
DA:2595,0
DA:2601,0
DA:2605,0
DA:2606,0
DA:2612,57
DA:2617,57
DA:2618,57
DA:2621,57
DA:2622,57
DA:2624,114
DA:2660,365
DA:2661,365
DA:2662,365
DA:2664,365
DA:2665,0
DA:2669,365
DA:2670,365
DA:2672,365
DA:2677,0
DA:2678,0
DA:2681,422
DA:2682,422
DA:2683,422
DA:2686,676
DA:2687,676
DA:2688,422
DA:2689,422
DA:2692,422
DA:2694,676
DA:2697,254
DA:2698,254
DA:2699,254
DA:2700,254
DA:2701,254
DA:2702,254
DA:2705,0
DA:2706,0
DA:2707,0
DA:2708,0
DA:2709,0
DA:2710,0
DA:2711,0
DA:2712,0
DA:2713,0
DA:2747,15
DA:2748,15
DA:2752,16
DA:2753,16
DA:2757,367
DA:2758,367
DA:2759,0
DA:2763,367
DA:2764,367
DA:2765,367
DA:2785,0
DA:2786,0
DA:2787,0
DA:2788,0
DA:2789,0
DA:2791,0
DA:2824,111
DA:2825,111
DA:2828,127
DA:2829,254
DA:2832,127
DA:2833,254
DA:2843,57
DA:2844,57
DA:2846,127
DA:2847,127
DA:2848,127
DA:2868,0
DA:2870,0
DA:2871,0
DA:2878,0
DA:2879,0
DA:2881,0
DA:2883,0
DA:2908,56
DA:2910,56
DA:2911,112
DA:2912,56
DA:3024,127
DA:3025,127
DA:3026,127
DA:3093,1
DA:3095,1
DA:3096,1
DA:3103,1
DA:3104,0
DA:3106,1
DA:3108,1
DA:3110,15
DA:3112,15
DA:3113,15
DA:3120,15
DA:3121,0
DA:3123,15
DA:3125,15
DA:3144,111
DA:3148,111
DA:3149,111
DA:3157,111
DA:3158,0
DA:3160,111
DA:3162,111
DA:3242,245
DA:3243,245
DA:3244,245
DA:3245,245
DA:3246,245
DA:3247,245
DA:3249,245
DA:3252,0
DA:3253,0
DA:3255,0
DA:3256,0
DA:3258,245
DA:3260,245
DA:3261,245
DA:3262,0
DA:3264,245
DA:3277,47
DA:3278,47
DA:3285,589
DA:3286,1178
DA:3289,0
DA:3290,0
DA:3291,0
DA:3293,0
DA:3296,0
DA:3297,0
DA:3300,0
DA:3301,0
DA:3302,0
DA:3624,24
DA:3628,24
DA:3629,0
DA:3630,0
DA:3632,0
DA:3633,0
DA:3634,0
DA:3635,0
DA:3637,0
DA:3638,0
DA:3639,0
DA:3640,0
DA:3641,0
DA:3643,0
DA:3644,0
DA:3647,24
DA:3866,0
DA:3869,0
DA:3870,0
DA:3872,0
DA:3873,0
DA:3874,0
DA:3875,0
DA:3876,0
DA:3877,0
DA:3878,0
DA:3882,0
DA:3885,0
DA:3886,0
DA:3888,0
DA:3889,0
DA:3890,0
DA:3891,0
DA:3892,0
DA:3893,0
DA:3897,0
DA:3900,0
DA:3901,0
DA:3903,0
DA:3904,0
DA:3905,0
DA:3906,0
DA:3907,0
DA:3908,0
DA:3912,0
DA:3915,0
DA:3916,0
DA:3918,0
DA:3919,0
DA:3920,0
DA:3921,0
DA:3922,0
DA:3923,0
DA:3924,0
DA:3944,0
DA:3945,0
DA:3946,0
DA:3949,0
DA:3950,0
DA:3951,0
DA:3953,0
DA:3954,0
DA:3955,0
DA:3958,0
DA:3961,0
DA:3962,0
DA:3965,0
DA:3966,0
DA:3969,0
DA:3972,0
DA:3974,0
DA:3975,0
DA:3976,0
DA:3981,1
DA:3987,1
DA:3997,25
DA:3998,24
DA:3999,24
DA:4000,24
DA:4001,0
DA:4004,0
DA:4006,0
DA:4007,0
DA:4008,0
DA:4009,24
DA:4010,0
DA:4013,0
DA:4015,0
DA:4016,0
DA:4017,0
DA:4022,1
DA:4028,1
DA:4030,1
DA:4035,25
DA:4036,24
DA:4038,24
DA:4039,24
DA:4040,0
DA:4042,0
DA:4043,0
DA:4047,24
DA:4051,2
DA:4052,1
DA:4055,1
DA:4060,1
DA:4063,1
DA:4064,1
DA:4146,16
DA:4150,16
DA:4151,16
DA:4152,16
DA:4153,16
DA:4154,16
DA:4155,16
DA:4174,1
DA:4178,1
DA:4179,1
DA:4180,1
DA:4181,1
DA:4182,1
DA:4183,1
DA:4271,7
DA:4273,7
DA:4274,7
DA:4275,7
DA:4276,7
DA:4277,14
DA:4291,0
DA:4294,0
DA:4298,0
DA:4299,0
DA:4301,0
DA:4302,0
DA:4303,0
DA:4304,0
DA:4307,0
DA:4308,0
DA:4309,0
DA:4311,0
DA:4322,0
DA:4323,0
DA:4325,0
DA:4329,0
DA:4332,0
DA:4333,0
DA:4335,0
DA:4336,0
DA:4337,0
DA:4338,0
DA:4339,0
DA:4343,0
DA:4346,0
DA:4347,0
DA:4349,0
DA:4350,0
DA:4351,0
DA:4352,0
DA:4356,0
DA:4359,0
DA:4360,0
DA:4362,0
DA:4363,0
DA:4364,0
DA:4365,0
DA:4369,0
DA:4372,0
DA:4373,0
DA:4375,0
DA:4376,0
DA:4377,0
DA:4378,0
DA:4379,0
DA:4383,0
DA:4384,0
DA:4385,0
DA:4386,0
DA:4387,0
DA:4388,0
DA:4409,183
DA:4410,183
DA:4411,183
DA:4412,183
DA:4414,183
DA:4415,183
DA:4416,183
DA:4419,183
DA:4437,127
DA:4438,127
DA:4439,127
DA:4440,127
DA:4442,127
DA:4443,127
DA:4444,127
DA:4447,127
DA:4453,127
DA:4454,127
DA:4457,127
DA:4459,127
DA:4460,127
DA:4461,127
DA:4481,0
DA:4482,0
DA:4483,0
DA:4486,0
DA:4518,0
DA:4519,0
DA:4520,0
DA:4521,0
DA:4523,0
DA:4552,127
DA:4553,127
DA:4554,127
DA:4556,127
DA:4557,127
DA:4558,127
DA:4559,127
DA:4561,127
DA:4563,127
DA:4564,127
DA:4567,127
DA:4568,127
DA:4584,127
DA:4587,127
DA:4588,127
DA:4589,127
DA:4590,127
DA:4591,254
DA:4593,127
DA:4595,127
DA:4597,127
DA:4599,127
DA:4600,127
DA:4628,127
DA:4629,127
DA:4630,127
DA:4631,127
DA:4633,127
DA:4635,127
DA:4636,127
DA:4637,127
DA:4666,111
DA:4667,111
DA:4670,127
DA:4671,127
DA:4672,127
DA:4673,127
DA:4680,111
DA:4681,111
DA:4684,111
DA:4685,111
DA:4692,15
DA:4693,15
DA:4694,15
DA:4696,15
DA:4698,1
DA:4699,1
DA:4700,1
DA:4702,1
DA:4704,1
DA:4705,1
DA:4706,1
DA:4708,15
DA:4709,15
DA:4715,127
DA:4716,127
DA:4717,127
DA:4718,127
DA:4723,127
DA:4726,127
DA:4727,0
DA:4728,0
DA:4729,0
DA:4733,127
DA:4735,127
DA:4738,127
DA:4739,127
DA:4740,127
DA:4741,127
DA:4742,127
DA:4743,127
DA:4744,127
DA:4745,127
DA:4746,126
DA:4749,1
DA:4751,127
DA:4753,127
DA:4754,127
DA:4755,127
DA:4757,127
LF:626
LH:370
end_of_record
TN:
SF:/home/david/node-lora-comms/node_modules/node-addon-api/napi.h
FN:1082,_ZN4Napi10TypedArray30TypedArrayTypeForPrimitiveTypeIhEE20napi_typedarray_typev
FN:1897,_ZN4Napi23ClassPropertyDescriptorI9LoRaCommsEC2E24napi_property_descriptor
FNDA:24,_ZN4Napi23ClassPropertyDescriptorI9LoRaCommsEC2E24napi_property_descriptor
FNDA:0,_ZN4Napi10TypedArray30TypedArrayTypeForPrimitiveTypeIhEE20napi_typedarray_typev
FNF:2
FNH:1
DA:1082,0
DA:1095,0
DA:1897,24
LF:3
LH:1
end_of_record
TN:
SF:/home/david/node-lora-comms/src/lora_comms.cc
FN:53,_Z10ErrnoErrorRKN4Napi3EnvEi
FN:71,_ZN16StartAsyncWorkerC2ERKN4Napi8FunctionERKNS0_6StringE
FN:79,_ZN16StartAsyncWorker7ExecuteEv
FN:93,_ZN9LoRaComms5StartERKN4Napi12CallbackInfoE
FN:100,_ZN9LoRaComms4StopERKN4Napi12CallbackInfoE
FN:105,_ZN9LoRaComms5ResetERKN4Napi12CallbackInfoE
FN:113,_ZN16CommsAsyncWorkerC2ERKN4Napi8FunctionERKNS0_6BufferIhEERK7timeval
FN:136,_ZN16CommsAsyncWorker7ExecuteEv
FN:145,_ZN16CommsAsyncWorker4OnOKEv
FN:169,_ZN15LinkAsyncWorkerC2ERKN4Napi8FunctionEiRKNS0_6BufferIhEERK7timeval
FN:194,_ZN19RecvFromAsyncWorkerC2ERKN4Napi8FunctionEiRKNS0_6BufferIhEERK7timeval
FN:203,_ZN19RecvFromAsyncWorker11CommunicateEv
FN:209,_ZN9LoRaComms8RecvFromERKN4Napi12CallbackInfoE
FN:221,_ZN17SendToAsyncWorkerC2ERKN4Napi8FunctionEiRKNS0_6BufferIhEElRK7timeval
FN:232,_ZN17SendToAsyncWorker11CommunicateEv
FN:241,_ZN9LoRaComms6SendToERKN4Napi12CallbackInfoE
FN:251,_ZN9LoRaComms12SetGWSendHWMERKN4Napi12CallbackInfoE
FN:256,_ZN9LoRaComms16SetGWSendTimeoutERKN4Napi12CallbackInfoE
FN:262,_ZN9LoRaComms16SetGWRecvTimeoutERKN4Napi12CallbackInfoE
FN:268,_ZN9LoRaComms12StartLoggingERKN4Napi12CallbackInfoE
FN:273,_ZN9LoRaComms11StopLoggingERKN4Napi12CallbackInfoE
FN:279,_ZN9LoRaComms12ResetLoggingERKN4Napi12CallbackInfoE
FN:287,_ZN14LogAsyncWorkerC2ERKN4Napi8FunctionEPFlPcmPK7timevalERKNS0_6BufferIhEERS6_
FN:297,_ZN14LogAsyncWorker11CommunicateEv
FN:306,_ZN9LoRaComms17GetLogInfoMessageERKN4Napi12CallbackInfoE
FN:315,_ZN9LoRaComms18GetLogErrorMessageERKN4Napi12CallbackInfoE
FN:324,_ZN9LoRaComms14SetLogWriteHWMERKN4Napi12CallbackInfoE
FN:329,_ZN9LoRaComms18SetLogWriteTimeoutERKN4Napi12CallbackInfoE
FN:335,_ZN9LoRaComms20SetLogMaxMessageSizeERKN4Napi12CallbackInfoE
FN:340,_ZN9LoRaComms20GetLogMaxMessageSizeERKN4Napi12CallbackInfoE
FN:347,_ZN9LoRaComms7TimeValERKN4Napi12CallbackInfoEj
FN:356,_ZN9LoRaComms8CommLinkERKN4Napi12CallbackInfoEj
FN:362,_ZN9LoRaComms10InitializeEN4Napi3EnvENS0_6ObjectE
FN:401,_Z10InitializeN4Napi3EnvENS_6ObjectE
FN:406,_ZL17__napi_InitializeP10napi_env__P12napi_value__
FN:406,_register_lora_comms
FNDA:16,_ZN16StartAsyncWorkerC2ERKN4Napi8FunctionERKNS0_6StringE
FNDA:1,_ZN9LoRaComms18SetLogWriteTimeoutERKN4Napi12CallbackInfoE
FNDA:29,_ZN9LoRaComms17GetLogInfoMessageERKN4Napi12CallbackInfoE
FNDA:15,_ZN9LoRaComms12ResetLoggingERKN4Napi12CallbackInfoE
FNDA:116,_ZN9LoRaComms7TimeValERKN4Napi12CallbackInfoEj
FNDA:16,_ZN9LoRaComms5StartERKN4Napi12CallbackInfoE
FNDA:1,_register_lora_comms
FNDA:46,_ZN14LogAsyncWorker11CommunicateEv
FNDA:1,_ZN9LoRaComms10InitializeEN4Napi3EnvENS0_6ObjectE
FNDA:111,_ZN16CommsAsyncWorker4OnOKEv
FNDA:2,_ZN9LoRaComms12SetGWSendHWMERKN4Napi12CallbackInfoE
FNDA:16,_ZN16StartAsyncWorker7ExecuteEv
FNDA:56,_Z10ErrnoErrorRKN4Napi3EnvEi
FNDA:37,_ZN19RecvFromAsyncWorker11CommunicateEv
FNDA:28,_ZN9LoRaComms6SendToERKN4Napi12CallbackInfoE
FNDA:37,_ZN9LoRaComms8RecvFromERKN4Napi12CallbackInfoE
FNDA:1,_Z10InitializeN4Napi3EnvENS_6ObjectE
FNDA:17,_ZN9LoRaComms18GetLogErrorMessageERKN4Napi12CallbackInfoE
FNDA:2,_ZN9LoRaComms16SetGWRecvTimeoutERKN4Napi12CallbackInfoE
FNDA:1,_ZN9LoRaComms11StopLoggingERKN4Napi12CallbackInfoE
FNDA:1,_ZN9LoRaComms14SetLogWriteHWMERKN4Napi12CallbackInfoE
FNDA:65,_ZN15LinkAsyncWorkerC2ERKN4Napi8FunctionEiRKNS0_6BufferIhEERK7timeval
FNDA:2,_ZN9LoRaComms16SetGWSendTimeoutERKN4Napi12CallbackInfoE
FNDA:111,_ZN16CommsAsyncWorkerC2ERKN4Napi8FunctionERKNS0_6BufferIhEERK7timeval
FNDA:111,_ZN16CommsAsyncWorker7ExecuteEv
FNDA:6,_ZN9LoRaComms8CommLinkERKN4Napi12CallbackInfoEj
FNDA:1,_ZN9LoRaComms20SetLogMaxMessageSizeERKN4Napi12CallbackInfoE
FNDA:15,_ZN9LoRaComms5ResetERKN4Napi12CallbackInfoE
FNDA:37,_ZN19RecvFromAsyncWorkerC2ERKN4Napi8FunctionEiRKNS0_6BufferIhEERK7timeval
FNDA:1,_ZL17__napi_InitializeP10napi_env__P12napi_value__
FNDA:28,_ZN17SendToAsyncWorkerC2ERKN4Napi8FunctionEiRKNS0_6BufferIhEElRK7timeval
FNDA:47,_ZN9LoRaComms20GetLogMaxMessageSizeERKN4Napi12CallbackInfoE
FNDA:28,_ZN17SendToAsyncWorker11CommunicateEv
FNDA:15,_ZN9LoRaComms4StopERKN4Napi12CallbackInfoE
FNDA:46,_ZN14LogAsyncWorkerC2ERKN4Napi8FunctionEPFlPcmPK7timevalERKNS0_6BufferIhEERS6_
FNDA:16,_ZN9LoRaComms12StartLoggingERKN4Napi12CallbackInfoE
FNF:36
FNH:36
DA:53,56
DA:55,56
DA:56,56
DA:59,112
DA:60,56
DA:61,112
DA:71,16
DA:72,16
DA:74,16
DA:76,16
DA:79,16
DA:81,16
DA:83,1
DA:86,16
DA:87,16
DA:93,16
DA:95,16
DA:96,16
DA:97,16
DA:98,16
DA:100,15
DA:102,15
DA:103,15
DA:105,15
DA:107,15
DA:108,15
DA:113,111
DA:115,111
DA:117,222
DA:118,111
DA:119,111
DA:120,222
DA:122,111
DA:136,111
DA:138,111
DA:139,111
DA:141,56
DA:143,111
DA:145,111
DA:147,111
DA:148,444
DA:149,111
DA:151,167
DA:152,222
DA:154,111
DA:169,65
DA:172,65
DA:174,65
DA:176,65
DA:194,37
DA:197,37
DA:198,37
DA:200,37
DA:203,37
DA:205,37
DA:209,37
DA:211,37
DA:212,37
DA:213,37
DA:214,74
DA:215,37
DA:216,37
DA:221,28
DA:225,28
DA:227,28
DA:229,28
DA:232,28
DA:234,28
DA:241,28
DA:243,28
DA:244,28
DA:245,28
DA:246,28
DA:247,56
DA:248,28
DA:249,28
DA:251,2
DA:253,2
DA:254,2
DA:256,2
DA:258,2
DA:259,2
DA:260,2
DA:262,2
DA:264,2
DA:265,2
DA:266,2
DA:268,16
DA:270,16
DA:271,16
DA:273,1
DA:275,1
DA:276,1
DA:277,1
DA:279,15
DA:281,15
DA:282,15
DA:287,46
DA:290,46
DA:292,46
DA:294,46
DA:297,46
DA:299,46
DA:306,29
DA:308,29
DA:310,29
DA:311,29
DA:312,29
DA:313,29
DA:315,17
DA:317,17
DA:319,17
DA:320,17
DA:321,17
DA:322,17
DA:324,1
DA:326,1
DA:327,1
DA:329,1
DA:331,1
DA:332,1
DA:333,1
DA:335,1
DA:337,1
DA:338,1
DA:340,47
DA:342,47
DA:347,116
DA:351,116
DA:352,116
DA:353,116
DA:356,6
DA:359,6
DA:362,1
DA:364,1
DA:366,1
DA:367,1
DA:368,1
DA:370,1
DA:371,1
DA:373,1
DA:374,1
DA:376,1
DA:377,1
DA:378,1
DA:380,1
DA:381,1
DA:382,1
DA:383,1
DA:384,1
DA:385,1
DA:386,1
DA:387,1
DA:388,1
DA:390,1
DA:391,1
DA:392,1
DA:394,1
DA:395,1
DA:398,1
DA:401,1
DA:403,1
DA:406,2
LF:163
LH:163
end_of_record
TN:
SF:/home/david/node-lora-comms/test/simulate.cc
FN:31,_ZN9WaitQueueINSt6chrono8durationIlSt5ratioILl1ELl1000000EEEESt6vectorIhSaIhEEE11maybe_resetIZN8LogQueueIS4_E5resetEvEUlvE_EEvT_
FN:31,_ZN9WaitQueueINSt6chrono8durationIlSt5ratioILl1ELl1000000EEEESt6vectorIhSaIhEEE11maybe_resetIZN5QueueIS4_E5resetEvEUlvE_EEvT_
FN:39,_ZN9WaitQueueINSt6chrono8durationIlSt5ratioILl1ELl1000000EEEESt6vectorIhSaIhEEE11maybe_closeIZN8LogQueueIS4_E5closeEbEUlvE_EEvT_
FN:39,_ZN9WaitQueueINSt6chrono8durationIlSt5ratioILl1ELl1000000EEEESt6vectorIhSaIhEEE11maybe_closeIZN5QueueIS4_E5closeEvEUlvE_EEvT_
FN:52,_ZN9WaitQueueINSt6chrono8durationIlSt5ratioILl1ELl1000000EEEESt6vectorIhSaIhEEE7enqueueIZN5QueueIS4_E4sendEPKvmlRKS4_EUlvE_EEilSF_T_
FN:77,_ZN9WaitQueueINSt6chrono8durationIlSt5ratioILl1ELl1000000EEEESt6vectorIhSaIhEEE7dequeueIZN5QueueIS4_E4recvEPvmRKS4_EUlvE_EEiSE_T_
FN:97,_ZN9WaitQueueINSt6chrono8durationIlSt5ratioILl1ELl1000000EEEESt6vectorIhSaIhEEE12wait_for_hwmElRKS4_RSt11unique_lockISt5mutexE
FN:100,_ZZN9WaitQueueINSt6chrono8durationIlSt5ratioILl1ELl1000000EEEESt6vectorIhSaIhEEE12wait_for_hwmElRKS4_RSt11unique_lockISt5mutexEENKUlvE_clEv
FN:106,_ZN9WaitQueueINSt6chrono8durationIlSt5ratioILl1ELl1000000EEEESt6vectorIhSaIhEEE18wait_for_not_emptyERKS4_RSt11unique_lockISt5mutexE
FN:109,_ZZN9WaitQueueINSt6chrono8durationIlSt5ratioILl1ELl1000000EEEESt6vectorIhSaIhEEE18wait_for_not_emptyERKS4_RSt11unique_lockISt5mutexEENKUlvE_clEv
FN:123,_ZN9WaitQueueINSt6chrono8durationIlSt5ratioILl1ELl1000000EEEESt6vectorIhSaIhEEE4waitIZNS8_18wait_for_not_emptyERKS4_RSt11unique_lockISt5mutexEEUlvE_EEiSB_SF_RSt18condition_variableT_
FN:123,_ZN9WaitQueueINSt6chrono8durationIlSt5ratioILl1ELl1000000EEEESt6vectorIhSaIhEEE4waitIZNS8_12wait_for_hwmElRKS4_RSt11unique_lockISt5mutexEEUlvE_EEiSB_SF_RSt18condition_variableT_
FN:127,_ZZN9WaitQueueINSt6chrono8durationIlSt5ratioILl1ELl1000000EEEESt6vectorIhSaIhEEE4waitIZNS8_18wait_for_not_emptyERKS4_RSt11unique_lockISt5mutexEEUlvE_EEiSB_SF_RSt18condition_variableT_ENKUlvE_clEv
FN:127,_ZZN9WaitQueueINSt6chrono8durationIlSt5ratioILl1ELl1000000EEEESt6vectorIhSaIhEEE4waitIZNS8_12wait_for_hwmElRKS4_RSt11unique_lockISt5mutexEEUlvE_EEiSB_SF_RSt18condition_variableT_ENKUlvE_clEv
FN:151,_ZN5QueueINSt6chrono8durationIlSt5ratioILl1ELl1000000EEEEEC2Em
FN:155,_ZN5QueueINSt6chrono8durationIlSt5ratioILl1ELl1000000EEEEE5resetEv
FN:156,_ZZN5QueueINSt6chrono8durationIlSt5ratioILl1ELl1000000EEEEE5resetEvENKUlvE_clEv
FN:159,_ZN5QueueINSt6chrono8durationIlSt5ratioILl1ELl1000000EEEEE5closeEv
FN:160,_ZZN5QueueINSt6chrono8durationIlSt5ratioILl1ELl1000000EEEEE5closeEvENKUlvE_clEv
FN:163,_ZN5QueueINSt6chrono8durationIlSt5ratioILl1ELl1000000EEEEE4sendEPKvmlRKS4_
FN:165,_ZZN5QueueINSt6chrono8durationIlSt5ratioILl1ELl1000000EEEEE4sendEPKvmlRKS4_ENKUlvE_clEv
FN:175,_ZN5QueueINSt6chrono8durationIlSt5ratioILl1ELl1000000EEEEE4recvEPvmRKS4_
FN:176,_ZZN5QueueINSt6chrono8durationIlSt5ratioILl1ELl1000000EEEEE4recvEPvmRKS4_ENKUlvE_clEv
FN:195,_ZN8LogQueueINSt6chrono8durationIlSt5ratioILl1ELl1000000EEEEEC2EmlRKS4_
FN:203,_ZN8LogQueueINSt6chrono8durationIlSt5ratioILl1ELl1000000EEEEE5resetEv
FN:204,_ZZN8LogQueueINSt6chrono8durationIlSt5ratioILl1ELl1000000EEEEE5resetEvENKUlvE_clEv
FN:210,_ZN8LogQueueINSt6chrono8durationIlSt5ratioILl1ELl1000000EEEEE5closeEb
FN:211,_ZZN8LogQueueINSt6chrono8durationIlSt5ratioILl1ELl1000000EEEEE5closeEbENKUlvE_clEv
FN:217,_ZN8LogQueueINSt6chrono8durationIlSt5ratioILl1ELl1000000EEEEE5writeEPKcP13__va_list_tag
FN:226,_ZN8LogQueueINSt6chrono8durationIlSt5ratioILl1ELl1000000EEEEE13set_write_hwmEl
FN:230,_ZN8LogQueueINSt6chrono8durationIlSt5ratioILl1ELl1000000EEEEE17set_write_timeoutERKS4_
FN:234,_ZN8LogQueueINSt6chrono8durationIlSt5ratioILl1ELl1000000EEEEE16set_max_msg_sizeEm
FN:238,_ZN8LogQueueINSt6chrono8durationIlSt5ratioILl1ELl1000000EEEEE16get_max_msg_sizeEv
FN:243,_ZN8LogQueueINSt6chrono8durationIlSt5ratioILl1ELl1000000EEEEE18wait_for_not_emptyERKS4_RSt11unique_lockISt5mutexE
FN:261,_ZN4LinkC2Ev
FN:266,_ZN4Link5resetEv
FN:274,_ZN4Link5closeEv
FN:279,_ZN4Link21set_from_fwd_send_hwmEl
FN:283,_ZN4Link25set_from_fwd_send_timeoutERKNSt6chrono8durationIlSt5ratioILl1ELl1000000EEEE
FN:287,_ZN4Link23set_to_fwd_recv_timeoutERKNSt6chrono8durationIlSt5ratioILl1ELl1000000EEEE
FN:291,_ZN4Link13from_fwd_sendEPKvm
FN:296,_ZN4Link13from_fwd_recvEPvmRKNSt6chrono8durationIlSt5ratioILl1ELl1000000EEEE
FN:301,_ZN4Link11to_fwd_sendEPKvmlRKNSt6chrono8durationIlSt5ratioILl1ELl1000000EEEE
FN:306,_ZN4Link11to_fwd_recvEPvm
FN:328,_ZL15to_microsecondsPK7timeval
FN:332,_Z3logR8LogQueueINSt6chrono8durationIlSt5ratioILl1ELl1000000EEEEEPKcz
FN:339,start
FN:365,recv_from
FN:385,send_to
FN:405,set_logger
FN:409,log_to_queues
FN:420,close_log_queues
FN:425,get_log_info_message
FN:430,get_log_error_message
FN:435,set_gw_send_hwm
FN:443,set_gw_send_timeout
FN:451,set_gw_recv_timeout
FN:459,set_log_write_hwm
FN:464,set_log_write_timeout
FN:470,set_log_max_msg_size
FN:475,get_log_max_msg_size
FN:480,stop
FN:485,reset_log_queues
FN:490,reset
FNDA:15,_ZN8LogQueueINSt6chrono8durationIlSt5ratioILl1ELl1000000EEEEE5writeEPKcP13__va_list_tag
FNDA:17,close_log_queues
FNDA:10,_ZN4Link11to_fwd_sendEPKvmlRKNSt6chrono8durationIlSt5ratioILl1ELl1000000EEEE
FNDA:0,_ZZN9WaitQueueINSt6chrono8durationIlSt5ratioILl1ELl1000000EEEESt6vectorIhSaIhEEE12wait_for_hwmElRKS4_RSt11unique_lockISt5mutexEENKUlvE_clEv
FNDA:2,_ZN4LinkC2Ev
FNDA:15,stop
FNDA:31,_ZZN5QueueINSt6chrono8durationIlSt5ratioILl1ELl1000000EEEEE4recvEPvmRKS4_ENKUlvE_clEv
FNDA:30,_ZN4Link5resetEv
FNDA:2,_ZN4Link23set_to_fwd_recv_timeoutERKNSt6chrono8durationIlSt5ratioILl1ELl1000000EEEE
FNDA:14,_ZN4Link13from_fwd_recvEPvmRKNSt6chrono8durationIlSt5ratioILl1ELl1000000EEEE
FNDA:0,log_to_queues
FNDA:34,_ZN8LogQueueINSt6chrono8durationIlSt5ratioILl1ELl1000000EEEEE5closeEb
FNDA:75,_ZL15to_microsecondsPK7timeval
FNDA:17,get_log_error_message
FNDA:2,set_gw_send_timeout
FNDA:100,_ZZN9WaitQueueINSt6chrono8durationIlSt5ratioILl1ELl1000000EEEESt6vectorIhSaIhEEE4waitIZNS8_18wait_for_not_emptyERKS4_RSt11unique_lockISt5mutexEEUlvE_EEiSB_SF_RSt18condition_variableT_ENKUlvE_clEv
FNDA:0,_ZZN9WaitQueueINSt6chrono8durationIlSt5ratioILl1ELl1000000EEEESt6vectorIhSaIhEEE4waitIZNS8_12wait_for_hwmElRKS4_RSt11unique_lockISt5mutexEEUlvE_EEiSB_SF_RSt18condition_variableT_ENKUlvE_clEv
FNDA:17,set_logger
FNDA:60,_ZN5QueueINSt6chrono8durationIlSt5ratioILl1ELl1000000EEEEE5resetEv
FNDA:22,_ZN4Link11to_fwd_recvEPvm
FNDA:1,set_log_write_timeout
FNDA:1,set_log_write_hwm
FNDA:2,set_gw_send_hwm
FNDA:30,_ZN4Link5closeEv
FNDA:34,_ZN9WaitQueueINSt6chrono8durationIlSt5ratioILl1ELl1000000EEEESt6vectorIhSaIhEEE11maybe_closeIZN8LogQueueIS4_E5closeEbEUlvE_EEvT_
FNDA:47,get_log_max_msg_size
FNDA:60,_ZZN5QueueINSt6chrono8durationIlSt5ratioILl1ELl1000000EEEEE5closeEvENKUlvE_clEv
FNDA:30,_ZN8LogQueueINSt6chrono8durationIlSt5ratioILl1ELl1000000EEEEE5resetEv
FNDA:30,_ZN9WaitQueueINSt6chrono8durationIlSt5ratioILl1ELl1000000EEEESt6vectorIhSaIhEEE11maybe_resetIZN8LogQueueIS4_E5resetEvEUlvE_EEvT_
FNDA:66,_ZZN9WaitQueueINSt6chrono8durationIlSt5ratioILl1ELl1000000EEEESt6vectorIhSaIhEEE18wait_for_not_emptyERKS4_RSt11unique_lockISt5mutexEENKUlvE_clEv
FNDA:15,reset
FNDA:26,_ZN8LogQueueINSt6chrono8durationIlSt5ratioILl1ELl1000000EEEEE18wait_for_not_emptyERKS4_RSt11unique_lockISt5mutexE
FNDA:2,_ZN8LogQueueINSt6chrono8durationIlSt5ratioILl1ELl1000000EEEEEC2EmlRKS4_
FNDA:39,_ZZN5QueueINSt6chrono8durationIlSt5ratioILl1ELl1000000EEEEE4sendEPKvmlRKS4_ENKUlvE_clEv
FNDA:15,reset_log_queues
FNDA:6,_ZN5QueueINSt6chrono8durationIlSt5ratioILl1ELl1000000EEEEEC2Em
FNDA:34,_ZZN8LogQueueINSt6chrono8durationIlSt5ratioILl1ELl1000000EEEEE5closeEbENKUlvE_clEv
FNDA:0,_ZN9WaitQueueINSt6chrono8durationIlSt5ratioILl1ELl1000000EEEESt6vectorIhSaIhEEE12wait_for_hwmElRKS4_RSt11unique_lockISt5mutexE
FNDA:0,_ZN9WaitQueueINSt6chrono8durationIlSt5ratioILl1ELl1000000EEEESt6vectorIhSaIhEEE4waitIZNS8_12wait_for_hwmElRKS4_RSt11unique_lockISt5mutexEEUlvE_EEiSB_SF_RSt18condition_variableT_
FNDA:28,send_to
FNDA:52,_ZN9WaitQueueINSt6chrono8durationIlSt5ratioILl1ELl1000000EEEESt6vectorIhSaIhEEE4waitIZNS8_18wait_for_not_emptyERKS4_RSt11unique_lockISt5mutexEEUlvE_EEiSB_SF_RSt18condition_variableT_
FNDA:29,get_log_info_message
FNDA:60,_ZZN5QueueINSt6chrono8durationIlSt5ratioILl1ELl1000000EEEEE5resetEvENKUlvE_clEv
FNDA:42,_ZN9WaitQueueINSt6chrono8durationIlSt5ratioILl1ELl1000000EEEESt6vectorIhSaIhEEE7enqueueIZN5QueueIS4_E4sendEPKvmlRKS4_EUlvE_EEilSF_T_
FNDA:37,recv_from
FNDA:2,_ZN8LogQueueINSt6chrono8durationIlSt5ratioILl1ELl1000000EEEEE16set_max_msg_sizeEm
FNDA:2,_ZN8LogQueueINSt6chrono8durationIlSt5ratioILl1ELl1000000EEEEE17set_write_timeoutERKS4_
FNDA:60,_ZN5QueueINSt6chrono8durationIlSt5ratioILl1ELl1000000EEEEE5closeEv
FNDA:2,_ZN4Link21set_from_fwd_send_hwmEl
FNDA:2,set_gw_recv_timeout
FNDA:15,_Z3logR8LogQueueINSt6chrono8durationIlSt5ratioILl1ELl1000000EEEEEPKcz
FNDA:16,start
FNDA:82,_ZN5QueueINSt6chrono8durationIlSt5ratioILl1ELl1000000EEEEE4recvEPvmRKS4_
FNDA:60,_ZN9WaitQueueINSt6chrono8durationIlSt5ratioILl1ELl1000000EEEESt6vectorIhSaIhEEE11maybe_resetIZN5QueueIS4_E5resetEvEUlvE_EEvT_
FNDA:1,set_log_max_msg_size
FNDA:42,_ZN5QueueINSt6chrono8durationIlSt5ratioILl1ELl1000000EEEEE4sendEPKvmlRKS4_
FNDA:52,_ZN9WaitQueueINSt6chrono8durationIlSt5ratioILl1ELl1000000EEEESt6vectorIhSaIhEEE18wait_for_not_emptyERKS4_RSt11unique_lockISt5mutexE
FNDA:60,_ZN9WaitQueueINSt6chrono8durationIlSt5ratioILl1ELl1000000EEEESt6vectorIhSaIhEEE11maybe_closeIZN5QueueIS4_E5closeEvEUlvE_EEvT_
FNDA:94,_ZN8LogQueueINSt6chrono8durationIlSt5ratioILl1ELl1000000EEEEE16get_max_msg_sizeEv
FNDA:2,_ZN8LogQueueINSt6chrono8durationIlSt5ratioILl1ELl1000000EEEEE13set_write_hwmEl
FNDA:2,_ZN4Link25set_from_fwd_send_timeoutERKNSt6chrono8durationIlSt5ratioILl1ELl1000000EEEE
FNDA:17,_ZN4Link13from_fwd_sendEPKvm
FNDA:30,_ZZN8LogQueueINSt6chrono8durationIlSt5ratioILl1ELl1000000EEEEE5resetEvENKUlvE_clEv
FNDA:82,_ZN9WaitQueueINSt6chrono8durationIlSt5ratioILl1ELl1000000EEEESt6vectorIhSaIhEEE7dequeueIZN5QueueIS4_E4recvEPvmRKS4_EUlvE_EEiSE_T_
FNF:64
FNH:59
DA:31,90
DA:32,90
DA:33,90
DA:34,90
DA:36,90
DA:39,94
DA:40,94
DA:41,94
DA:42,90
DA:43,90
DA:44,90
DA:45,90
DA:46,90
DA:47,90
DA:48,90
DA:49,94
DA:52,42
DA:53,42
DA:55,42
DA:56,3
DA:57,3
DA:60,39
DA:61,0
DA:64,39
DA:65,0
DA:66,0
DA:68,0
DA:69,0
DA:73,39
DA:74,42
DA:77,82
DA:78,82
DA:80,82
DA:81,9
DA:82,9
DA:85,73
DA:86,56
DA:87,56
DA:89,42
DA:90,42
DA:94,31
DA:95,82
DA:97,0
DA:100,0
DA:102,0
DA:103,0
DA:106,52
DA:109,52
DA:111,66
DA:112,52
DA:123,52
DA:127,152
DA:128,100
DA:131,52
DA:133,48
DA:134,6
DA:135,2
DA:136,4
DA:139,48
DA:140,34
DA:143,14
DA:151,6
DA:152,6
DA:153,6
DA:155,60
DA:156,120
DA:157,60
DA:159,60
DA:160,120
DA:161,60
DA:163,42
DA:165,42
DA:166,39
DA:167,39
DA:168,39
DA:169,39
DA:170,39
DA:171,39
DA:172,42
DA:175,82
DA:176,82
DA:177,31
DA:178,31
DA:179,31
DA:180,31
DA:181,31
DA:182,31
DA:183,31
DA:184,82
DA:195,2
DA:199,2
DA:200,2
DA:201,2
DA:203,30
DA:204,30
DA:205,30
DA:206,30
DA:208,30
DA:210,34
DA:211,34
DA:212,34
DA:213,34
DA:215,34
DA:217,15
DA:218,15
DA:219,15
DA:220,15
DA:221,0
DA:223,15
DA:224,15
DA:226,2
DA:227,2
DA:228,2
DA:230,2
DA:231,2
DA:232,2
DA:234,2
DA:235,2
DA:236,2
DA:238,94
DA:239,94
DA:243,26
DA:245,26
DA:246,4
DA:247,4
DA:250,22
DA:261,2
DA:262,2
DA:263,6
DA:264,2
DA:266,30
DA:267,30
DA:268,30
DA:269,30
DA:270,30
DA:271,30
DA:272,30
DA:274,30
DA:275,30
DA:276,30
DA:277,30
DA:279,2
DA:280,2
DA:281,2
DA:283,2
DA:284,2
DA:285,2
DA:287,2
DA:288,2
DA:289,2
DA:291,17
DA:292,34
DA:293,17
DA:296,14
DA:298,14
DA:301,10
DA:303,10
DA:306,22
DA:307,22
DA:312,2
DA:313,2
DA:328,75
DA:329,75
DA:332,15
DA:334,15
DA:336,15
DA:339,16
DA:340,16
DA:341,1
DA:344,15
DA:347,15
DA:349,138114
DA:350,138114
DA:351,15
DA:353,276213
DA:355,0
DA:356,0
DA:357,0
DA:359,15
DA:360,15
DA:362,15
DA:365,37
DA:368,37
DA:369,22
DA:370,0
DA:371,0
DA:374,22
DA:377,15
DA:378,1
DA:379,1
DA:382,14
DA:385,28
DA:388,28
DA:389,17
DA:390,0
DA:391,0
DA:394,17
DA:397,11
DA:398,1
DA:399,1
DA:402,10
DA:405,17
DA:406,17
DA:407,17
DA:409,0
DA:410,0
DA:412,0
DA:414,0
DA:417,0
DA:420,17
DA:421,17
DA:422,17
DA:423,17
DA:425,29
DA:427,29
DA:430,17
DA:432,17
DA:435,2
DA:436,2
DA:437,0
DA:440,2
DA:443,2
DA:444,2
DA:445,0
DA:448,2
DA:451,2
DA:452,2
DA:453,0
DA:456,2
DA:459,1
DA:460,1
DA:461,1
DA:462,1
DA:464,1
DA:465,1
DA:466,1
DA:467,1
DA:468,1
DA:470,1
DA:471,1
DA:472,1
DA:473,1
DA:475,47
DA:476,47
DA:477,94
DA:480,15
DA:481,15
DA:482,15
DA:483,15
DA:485,15
DA:486,15
DA:487,15
DA:488,15
DA:490,15
DA:491,15
DA:492,15
DA:493,15
DA:494,15
LF:258
LH:233
end_of_record
TN:
SF:/usr/include/c++/11/atomic
FN:431,_ZNSt6atomicIPFiP8_IO_FILEPKcP13__va_list_tagEEaSES7_
FNDA:17,_ZNSt6atomicIPFiP8_IO_FILEPKcP13__va_list_tagEEaSES7_
FNF:1
FNH:1
DA:431,17
DA:432,17
LF:2
LH:2
end_of_record
TN:
SF:/usr/include/c++/11/bits/alloc_traits.h
FN:459,_ZNSt16allocator_traitsISaIPSt6vectorIhSaIhEEEE8allocateERS4_m
FN:459,_ZNSt16allocator_traitsISaIcEE8allocateERS0_m
FN:459,_ZNSt16allocator_traitsISaIhEE8allocateERS0_m
FN:459,_ZNSt16allocator_traitsISaI24napi_property_descriptorEE8allocateERS1_m
FN:459,_ZNSt16allocator_traitsISaISt6vectorIhSaIhEEEE8allocateERS3_m
FN:491,_ZNSt16allocator_traitsISaIPSt6vectorIhSaIhEEEE10deallocateERS4_PS3_m
FN:491,_ZNSt16allocator_traitsISaIP12napi_value__EE10deallocateERS2_PS1_m
FN:491,_ZNSt16allocator_traitsISaI24napi_property_descriptorEE10deallocateERS1_PS0_m
FN:491,_ZNSt16allocator_traitsISaISt6vectorIhSaIhEEEE10deallocateERS3_PS2_m
FN:491,_ZNSt16allocator_traitsISaIhEE10deallocateERS0_Phm
FN:491,_ZNSt16allocator_traitsISaIcEE10deallocateERS0_Pcm
FN:507,_ZNSt16allocator_traitsISaISt6vectorIhSaIhEEEE9constructIS2_JRPKhS7_EEEvRS3_PT_DpOT0_
FN:527,_ZNSt16allocator_traitsISaISt6vectorIhSaIhEEEE7destroyIS2_EEvRS3_PT_
FN:543,_ZNSt16allocator_traitsISaIhEE8max_sizeERKS0_
FN:543,_ZNSt16allocator_traitsISaISt6vectorIhSaIhEEEE8max_sizeERKS3_
FN:543,_ZNSt16allocator_traitsISaIcEE8max_sizeERKS0_
FN:543,_ZNSt16allocator_traitsISaI24napi_property_descriptorEE8max_sizeERKS1_
FN:629,_ZSt18__do_alloc_on_swapISaISt6vectorIhSaIhEEEEvRT_S5_St17integral_constantIbLb0EE
FN:635,_ZSt15__alloc_on_swapISaISt6vectorIhSaIhEEEEvRT_S5_
FN:743,_ZSt8_DestroyIP24napi_property_descriptorS0_EvT_S2_RSaIT0_E
FN:743,_ZSt8_DestroyIPccEvT_S1_RSaIT0_E
FN:743,_ZSt8_DestroyIPP12napi_value__S1_EvT_S3_RSaIT0_E
FN:743,_ZSt8_DestroyIPSt6vectorIhSaIhEES2_EvT_S4_RSaIT0_E
FN:743,_ZSt8_DestroyIPhhEvT_S1_RSaIT0_E
FNDA:96,_ZNSt16allocator_traitsISaISt6vectorIhSaIhEEEE10deallocateERS3_PS2_m
FNDA:15,_ZSt8_DestroyIPccEvT_S1_RSaIT0_E
FNDA:0,_ZNSt16allocator_traitsISaISt6vectorIhSaIhEEEE8max_sizeERKS3_
FNDA:1,_ZNSt16allocator_traitsISaI24napi_property_descriptorEE10deallocateERS1_PS0_m
FNDA:0,_ZNSt16allocator_traitsISaIP12napi_value__EE10deallocateERS2_PS1_m
FNDA:39,_ZNSt16allocator_traitsISaIhEE8max_sizeERKS0_
FNDA:39,_ZNSt16allocator_traitsISaIhEE8allocateERS0_m
FNDA:15,_ZNSt16allocator_traitsISaIcEE8allocateERS0_m
FNDA:1,_ZSt8_DestroyIP24napi_property_descriptorS0_EvT_S2_RSaIT0_E
FNDA:96,_ZNSt16allocator_traitsISaIPSt6vectorIhSaIhEEEE8allocateERS4_m
FNDA:96,_ZNSt16allocator_traitsISaIPSt6vectorIhSaIhEEEE10deallocateERS4_PS3_m
FNDA:39,_ZSt8_DestroyIPhhEvT_S1_RSaIT0_E
FNDA:90,_ZSt15__alloc_on_swapISaISt6vectorIhSaIhEEEEvRT_S5_
FNDA:31,_ZNSt16allocator_traitsISaISt6vectorIhSaIhEEEE7destroyIS2_EEvRS3_PT_
FNDA:15,_ZNSt16allocator_traitsISaIcEE10deallocateERS0_Pcm
FNDA:96,_ZSt8_DestroyIPSt6vectorIhSaIhEES2_EvT_S4_RSaIT0_E
FNDA:1,_ZNSt16allocator_traitsISaI24napi_property_descriptorEE8max_sizeERKS1_
FNDA:90,_ZSt18__do_alloc_on_swapISaISt6vectorIhSaIhEEEEvRT_S5_St17integral_constantIbLb0EE
FNDA:39,_ZNSt16allocator_traitsISaIhEE10deallocateERS0_Phm
FNDA:39,_ZNSt16allocator_traitsISaISt6vectorIhSaIhEEEE9constructIS2_JRPKhS7_EEEvRS3_PT_DpOT0_
FNDA:15,_ZSt8_DestroyIPP12napi_value__S1_EvT_S3_RSaIT0_E
FNDA:96,_ZNSt16allocator_traitsISaISt6vectorIhSaIhEEEE8allocateERS3_m
FNDA:15,_ZNSt16allocator_traitsISaIcEE8max_sizeERKS0_
FNDA:1,_ZNSt16allocator_traitsISaI24napi_property_descriptorEE8allocateERS1_m
FNF:24
FNH:22
DA:459,247
DA:460,247
DA:491,247
DA:492,247
DA:507,39
DA:512,39
DA:516,39
DA:527,31
DA:531,31
DA:535,31
DA:543,55
DA:546,55
DA:629,90
DA:630,90
DA:635,90
DA:646,90
DA:648,90
DA:743,166
DA:746,166
DA:747,166
LF:20
LH:20
end_of_record
TN:
SF:/usr/include/c++/11/bits/allocator.h
FN:168,_ZNSaIhEC2Ev
[...]
FNDA:2,_ZNSt6chrono20__duration_cast_implINS_8durationIlSt5ratioILl1ELl1000000000EEEES2_ILl1ELl1EElLb1ELb1EE6__castIlS3_EES4_RKNS1_IT_T0_EE
FNDA:2,_ZNSt6chrono20__duration_cast_implINS_8durationIlSt5ratioILl1ELl1000000000EEEES2_ILl1000000000ELl1EElLb0ELb1EE6__castIlS2_ILl1ELl1EEEES4_RKNS1_IT_T0_EE
FNDA:12,_ZNSt6chrono8durationIlSt5ratioILl1ELl1000000000EEEC1IlvEERKT_
FNDA:2,_ZNSt6chrono13duration_castINS_8durationIlSt5ratioILl1ELl1000000000EEEElS2_ILl1ELl1EEEENSt9enable_ifIXsrNS_13__is_durationIT_EE5valueES8_E4typeERKNS1_IT0_T1_EE
FNDA:2,_ZNSt6chrono20__duration_cast_implINS_8durationIlSt5ratioILl1ELl1EEEES2_ILl1ELl1000000000EElLb1ELb0EE6__castIlS5_EES4_RKNS1_IT_T0_EE
FNDA:10,_ZNKSt6chrono10time_pointINS_3_V212steady_clockENS_8durationIlSt5ratioILl1ELl1000000000EEEEE16time_since_epochEv
FNDA:141,_ZNSt8literals15chrono_literalsli2usIJLc49EEEENSt6chrono8durationIlSt5ratioILl1ELl1000000EEEEv
FNDA:75,_ZNSt6chronomlIllSt5ratioILl1ELl1EEEENS_8durationINSt9enable_ifIXsrSt14is_convertibleIRKT_NSt11common_typeIJT0_S6_EE4typeEE5valueESC_E4typeET1_EES8_RKNS3_ISA_SG_EE
FNDA:2,_ZNSt6chronomiIlSt5ratioILl1ELl1000000000EElS1_ILl1ELl1EEEENSt11common_typeIJNS_8durationIT_T0_EENS5_IT1_T2_EEEE4typeERKS8_RKSB_
FNDA:75,_ZNSt6chrono8durationIlSt5ratioILl1ELl1000000EEEC2IlS1_ILl1ELl1EEvEERKNS0_IT_T0_EE
FNDA:4,_ZNSt6chrono13duration_castINS_8durationIlSt5ratioILl1ELl1000000000EEEElS2_ILl1ELl1000000EEEENSt9enable_ifIXsrNS_13__is_durationIT_EE5valueES8_E4typeERKNS1_IT0_T1_EE
FNDA:75,_ZNSt6chronomlIlSt5ratioILl1ELl1000000EElEENS_8durationINSt9enable_ifIXsrSt14is_convertibleIRKT1_NSt11common_typeIJT_S6_EE4typeEE5valueESC_E4typeET0_EERKNS3_ISA_SG_EES8_
FNDA:488,_ZNSt6chrono8durationIlSt5ratioILl1ELl1000000EEEC1IlvEERKT_
FNDA:141,_ZNSt8literals15chrono_literals16__check_overflowINSt6chrono8durationIlSt5ratioILl1ELl1000000EEEEJLc49EEEET_v
FNDA:2,_ZNSt6chrono8durationIlSt5ratioILl1ELl1000000000EEEC2IlS1_ILl1ELl1000000EEvEERKNS0_IT_T0_EE
FNDA:154,_ZNKSt6chrono8durationIlSt5ratioILl1ELl1EEE5countEv
FNDA:2,_ZNSt6chronoltIlSt5ratioILl1ELl1000000000EElS1_ILl1ELl1000000EEEEbRKNS_8durationIT_T0_EERKNS4_IT1_T2_EE
FNDA:66,_ZNKSt6chrono8durationIlSt5ratioILl1ELl1000000EEEngEv
FNDA:4,_ZNSt6chronoeqIlSt5ratioILl1ELl1000000EElS2_EEbRKNS_8durationIT_T0_EERKNS3_IT1_T2_EE
FNDA:2,_ZNSt6chrono15time_point_castINS_8durationIlSt5ratioILl1ELl1EEEENS_3_V212steady_clockENS1_IlS2_ILl1ELl1000000000EEEEEENSt9enable_ifIXsrNS_13__is_durationIT_EE5valueENS_10time_pointIT0_SB_EEE4typeERKNSD_ISE_T1_EE
FNDA:4,_ZNKSt6chrono10time_pointINS_3_V212steady_clockENS_8durationIlSt5ratioILl1ELl1EEEEE16time_since_epochEv
FNDA:75,_ZNSt8literals15chrono_literalsli1sIJLc49EEEENSt6chrono8durationIlSt5ratioILl1ELl1EEEEv
FNDA:2,_ZNSt6chrono10time_pointINS_3_V212steady_clockENS_8durationIlSt5ratioILl1ELl1EEEEEC2ERKS6_
FNDA:52,_ZNSt6chronoltIlSt5ratioILl1ELl1000000EElS2_EEbRKNS_8durationIT_T0_EERKNS3_IT1_T2_EE
FNDA:416,_ZNKSt6chrono8durationIlSt5ratioILl1ELl1000000EEE5countEv
FNDA:56,_ZNSt6chrono15duration_valuesIlE4zeroEv
FNDA:2,_ZNSt6chronoltINS_3_V212steady_clockENS_8durationIlSt5ratioILl1ELl1000000000EEEES6_EEbRKNS_10time_pointIT_T0_EERKNS7_IS8_T1_EE
FNDA:75,_ZNSt6chrono13duration_castINS_8durationIlSt5ratioILl1ELl1000000EEEElS2_ILl1ELl1EEEENSt9enable_ifIXsrNS_13__is_durationIT_EE5valueES8_E4typeERKNS1_IT0_T1_EE
FNDA:2,_ZNSt6chrono13duration_castINS_8durationIlSt5ratioILl1ELl1000000000EEEElS3_EENSt9enable_ifIXsrNS_13__is_durationIT_EE5valueES7_E4typeERKNS1_IT0_T1_EE
FNDA:75,_ZNSt6chronomlIlSt5ratioILl1ELl1EElEENS_8durationINSt9enable_ifIXsrSt14is_convertibleIRKT1_NSt11common_typeIJT_S6_EE4typeEE5valueESC_E4typeET0_EERKNS3_ISA_SG_EES8_
FNF:48
FNH:47
DA:211,2
DA:214,2
DA:223,2
DA:226,4
DA:227,2
DA:236,81
DA:239,162
DA:240,81
DA:267,85
DA:276,85
DA:412,2
DA:414,4
DA:420,2
DA:422,2
DA:432,56
DA:433,56
DA:521,652
DA:522,652
DA:529,79
DA:530,79
DA:537,596
DA:538,596
DA:547,66
DA:548,66
DA:623,56
DA:624,56
DA:646,77
DA:652,77
DA:660,2
DA:666,2
DA:691,150
DA:695,150
DA:700,150
DA:701,150
DA:760,4
DA:766,4
DA:772,56
DA:778,56
DA:885,4
DA:886,4
DA:887,4
DA:898,14
DA:899,14
DA:957,2
DA:960,2
DA:1002,2
DA:1008,2
DA:1042,2
DA:1044,2
DA:1075,2
DA:1077,2
DA:3198,216
DA:3201,216
DA:3204,216
DA:3238,75
DA:3239,75
DA:3260,141
DA:3261,141
LF:58
LH:58
end_of_record
TN:
SF:/usr/include/c++/11/condition_variable
FN:100,_ZNSt18condition_variable4waitIZN9WaitQueueINSt6chrono8durationIlSt5ratioILl1ELl1000000EEEESt6vectorIhSaIhEEE4waitIZNSA_12wait_for_hwmElRKS6_RSt11unique_lockISt5mutexEEUlvE_EEiSD_SH_RS_T_EUlvE_EEvSH_SK_
FN:100,_ZNSt18condition_variable4waitIZN9WaitQueueINSt6chrono8durationIlSt5ratioILl1ELl1000000EEEESt6vectorIhSaIhEEE4waitIZNSA_18wait_for_not_emptyERKS6_RSt11unique_lockISt5mutexEEUlvE_EEiSD_SH_RS_T_EUlvE_EEvSH_SK_
FN:109,_ZNSt18condition_variable10wait_untilINSt6chrono8durationIlSt5ratioILl1ELl1000000000EEEEEESt9cv_statusRSt11unique_lockISt5mutexERKNS1_10time_pointINS1_3_V212steady_clockET_EE
FN:147,_ZNSt18condition_variable10wait_untilINSt6chrono3_V212steady_clockENS1_8durationIlSt5ratioILl1ELl1000000000EEEEZN9WaitQueueINS4_IlS5_ILl1ELl1000000EEEESt6vectorIhSaIhEEE4waitIZNSE_12wait_for_hwmElRKSA_RSt11unique_lockISt5mutexEEUlvE_EEiSH_SL_RS_T_EUlvE_EEbSL_RKNS1_10time_pointISO_T0_EET1_
FN:147,_ZNSt18condition_variable10wait_untilINSt6chrono3_V212steady_clockENS1_8durationIlSt5ratioILl1ELl1000000000EEEEZN9WaitQueueINS4_IlS5_ILl1ELl1000000EEEESt6vectorIhSaIhEEE4waitIZNSE_18wait_for_not_emptyERKSA_RSt11unique_lockISt5mutexEEUlvE_EEiSH_SL_RS_T_EUlvE_EEbSL_RKNS1_10time_pointISO_T0_EET1_
FN:170,_ZNSt18condition_variable8wait_forIlSt5ratioILl1ELl1000000EEZN9WaitQueueINSt6chrono8durationIlS2_EESt6vectorIhSaIhEEE4waitIZNSA_12wait_for_hwmElRKS6_RSt11unique_lockISt5mutexEEUlvE_EEiSD_SH_RS_T_EUlvE_EEbSH_RKNS5_ISK_T0_EET1_
FN:170,_ZNSt18condition_variable8wait_forIlSt5ratioILl1ELl1000000EEZN9WaitQueueINSt6chrono8durationIlS2_EESt6vectorIhSaIhEEE4waitIZNSA_18wait_for_not_emptyERKS6_RSt11unique_lockISt5mutexEEUlvE_EEiSD_SH_RS_T_EUlvE_EEbSH_RKNS5_ISK_T0_EET1_
FN:189,_ZNSt18condition_variable17__wait_until_implINSt6chrono8durationIlSt5ratioILl1ELl1000000000EEEEEESt9cv_statusRSt11unique_lockISt5mutexERKNS1_10time_pointINS1_3_V212steady_clockET_EE
FNDA:2,_ZNSt18condition_variable10wait_untilINSt6chrono3_V212steady_clockENS1_8durationIlSt5ratioILl1ELl1000000000EEEEZN9WaitQueueINS4_IlS5_ILl1ELl1000000EEEESt6vectorIhSaIhEEE4waitIZNSE_18wait_for_not_emptyERKSA_RSt11unique_lockISt5mutexEEUlvE_EEiSH_SL_RS_T_EUlvE_EEbSL_RKNS1_10time_pointISO_T0_EET1_
FNDA:0,_ZNSt18condition_variable10wait_untilINSt6chrono3_V212steady_clockENS1_8durationIlSt5ratioILl1ELl1000000000EEEEZN9WaitQueueINS4_IlS5_ILl1ELl1000000EEEESt6vectorIhSaIhEEE4waitIZNSE_12wait_for_hwmElRKSA_RSt11unique_lockISt5mutexEEUlvE_EEiSH_SL_RS_T_EUlvE_EEbSL_RKNS1_10time_pointISO_T0_EET1_
FNDA:2,_ZNSt18condition_variable10wait_untilINSt6chrono8durationIlSt5ratioILl1ELl1000000000EEEEEESt9cv_statusRSt11unique_lockISt5mutexERKNS1_10time_pointINS1_3_V212steady_clockET_EE
FNDA:0,_ZNSt18condition_variable8wait_forIlSt5ratioILl1ELl1000000EEZN9WaitQueueINSt6chrono8durationIlS2_EESt6vectorIhSaIhEEE4waitIZNSA_12wait_for_hwmElRKS6_RSt11unique_lockISt5mutexEEUlvE_EEiSD_SH_RS_T_EUlvE_EEbSH_RKNS5_ISK_T0_EET1_
FNDA:2,_ZNSt18condition_variable17__wait_until_implINSt6chrono8durationIlSt5ratioILl1ELl1000000000EEEEEESt9cv_statusRSt11unique_lockISt5mutexERKNS1_10time_pointINS1_3_V212steady_clockET_EE
FNDA:48,_ZNSt18condition_variable4waitIZN9WaitQueueINSt6chrono8durationIlSt5ratioILl1ELl1000000EEEESt6vectorIhSaIhEEE4waitIZNSA_18wait_for_not_emptyERKS6_RSt11unique_lockISt5mutexEEUlvE_EEiSD_SH_RS_T_EUlvE_EEvSH_SK_
FNDA:0,_ZNSt18condition_variable4waitIZN9WaitQueueINSt6chrono8durationIlSt5ratioILl1ELl1000000EEEESt6vectorIhSaIhEEE4waitIZNSA_12wait_for_hwmElRKS6_RSt11unique_lockISt5mutexEEUlvE_EEiSD_SH_RS_T_EUlvE_EEvSH_SK_
FNDA:2,_ZNSt18condition_variable8wait_forIlSt5ratioILl1ELl1000000EEZN9WaitQueueINSt6chrono8durationIlS2_EESt6vectorIhSaIhEEE4waitIZNSA_18wait_for_not_emptyERKS6_RSt11unique_lockISt5mutexEEUlvE_EEiSD_SH_RS_T_EUlvE_EEbSH_RKNS5_ISK_T0_EET1_
FNF:8
FNH:5
DA:100,48
DA:102,96
DA:103,48
DA:104,48
DA:109,2
DA:111,2
DA:147,2
DA:151,2
DA:152,2
DA:153,2
DA:154,0
DA:170,2
DA:175,2
DA:176,2
DA:177,4
DA:178,6
DA:189,2
DA:192,2
DA:193,2
DA:195,4
DA:197,2
DA:198,2
DA:201,2
DA:203,2
DA:204,2
LF:25
LH:24
end_of_record
TN:
SF:/usr/include/c++/11/ext/alloc_traits.h
FN:100,_ZN9__gnu_cxx14__alloc_traitsISaISt6vectorIhSaIhEEES3_E10_S_on_swapERS4_S6_
FNDA:90,_ZN9__gnu_cxx14__alloc_traitsISaISt6vectorIhSaIhEEES3_E10_S_on_swapERS4_S6_
FNF:1
FNH:1
DA:100,90
DA:101,90
LF:2
LH:2
end_of_record
TN:
SF:/usr/include/c++/11/ext/new_allocator.h
FN:79,_ZN9__gnu_cxx13new_allocatorIPSt6vectorIhSaIhEEEC2Ev
FN:79,_ZN9__gnu_cxx13new_allocatorIP12napi_value__EC2Ev
FN:79,_ZN9__gnu_cxx13new_allocatorISt6vectorIhSaIhEEEC2Ev
FN:79,_ZN9__gnu_cxx13new_allocatorIhEC2Ev
FN:79,_ZN9__gnu_cxx13new_allocatorI24napi_property_descriptorEC2Ev
FN:79,_ZN9__gnu_cxx13new_allocatorIcEC2Ev
FN:82,_ZN9__gnu_cxx13new_allocatorIhEC2ERKS1_
FN:82,_ZN9__gnu_cxx13new_allocatorI24napi_property_descriptorEC2ERKS2_
FN:82,_ZN9__gnu_cxx13new_allocatorIcEC2ERKS1_
FN:89,_ZN9__gnu_cxx13new_allocatorIP12napi_value__ED2Ev
FN:89,_ZN9__gnu_cxx13new_allocatorIhED2Ev
FN:89,_ZN9__gnu_cxx13new_allocatorIcED2Ev
FN:89,_ZN9__gnu_cxx13new_allocatorISt6vectorIhSaIhEEED2Ev
FN:89,_ZN9__gnu_cxx13new_allocatorI24napi_property_descriptorED2Ev
FN:89,_ZN9__gnu_cxx13new_allocatorIPSt6vectorIhSaIhEEED2Ev
FN:103,_ZN9__gnu_cxx13new_allocatorIcE8allocateEmPKv
FN:103,_ZN9__gnu_cxx13new_allocatorIPSt6vectorIhSaIhEEE8allocateEmPKv
FN:103,_ZN9__gnu_cxx13new_allocatorI24napi_property_descriptorE8allocateEmPKv
FN:103,_ZN9__gnu_cxx13new_allocatorIhE8allocateEmPKv
FN:103,_ZN9__gnu_cxx13new_allocatorISt6vectorIhSaIhEEE8allocateEmPKv
FN:132,_ZN9__gnu_cxx13new_allocatorISt6vectorIhSaIhEEE10deallocateEPS3_m
FN:132,_ZN9__gnu_cxx13new_allocatorIhE10deallocateEPhm
FN:132,_ZN9__gnu_cxx13new_allocatorIcE10deallocateEPcm
FN:132,_ZN9__gnu_cxx13new_allocatorI24napi_property_descriptorE10deallocateEPS1_m
FN:132,_ZN9__gnu_cxx13new_allocatorIPSt6vectorIhSaIhEEE10deallocateEPS4_m
FN:132,_ZN9__gnu_cxx13new_allocatorIP12napi_value__E10deallocateEPS2_m
FN:154,_ZNK9__gnu_cxx13new_allocatorIhE8max_sizeEv
FN:154,_ZNK9__gnu_cxx13new_allocatorI24napi_property_descriptorE8max_sizeEv
FN:154,_ZNK9__gnu_cxx13new_allocatorISt6vectorIhSaIhEEE8max_sizeEv
FN:154,_ZNK9__gnu_cxx13new_allocatorIcE8max_sizeEv
FN:160,_ZN9__gnu_cxx13new_allocatorISt6vectorIhSaIhEEE9constructIS3_JRPKhS7_EEEvPT_DpOT0_
FN:166,_ZN9__gnu_cxx13new_allocatorISt6vectorIhSaIhEEE7destroyIS3_EEvPT_
FN:197,_ZNK9__gnu_cxx13new_allocatorIPSt6vectorIhSaIhEEE11_M_max_sizeEv
FN:197,_ZNK9__gnu_cxx13new_allocatorIhE11_M_max_sizeEv
FN:197,_ZNK9__gnu_cxx13new_allocatorIcE11_M_max_sizeEv
FN:197,_ZNK9__gnu_cxx13new_allocatorISt6vectorIhSaIhEEE11_M_max_sizeEv
FN:197,_ZNK9__gnu_cxx13new_allocatorI24napi_property_descriptorE11_M_max_sizeEv
FNDA:2,_ZN9__gnu_cxx13new_allocatorI24napi_property_descriptorEC2ERKS2_
FNDA:0,_ZN9__gnu_cxx13new_allocatorIP12napi_value__E10deallocateEPS2_m
FNDA:96,_ZN9__gnu_cxx13new_allocatorIPSt6vectorIhSaIhEEE10deallocateEPS4_m
FNDA:3,_ZN9__gnu_cxx13new_allocatorI24napi_property_descriptorED2Ev
FNDA:0,_ZN9__gnu_cxx13new_allocatorIcEC2ERKS1_
FNDA:192,_ZN9__gnu_cxx13new_allocatorIPSt6vectorIhSaIhEEED2Ev
FNDA:96,_ZN9__gnu_cxx13new_allocatorISt6vectorIhSaIhEEED2Ev
FNDA:1,_ZN9__gnu_cxx13new_allocatorI24napi_property_descriptorE10deallocateEPS1_m
FNDA:96,_ZNK9__gnu_cxx13new_allocatorISt6vectorIhSaIhEEE11_M_max_sizeEv
FNDA:0,_ZN9__gnu_cxx13new_allocatorIcEC2Ev
FNDA:2,_ZNK9__gnu_cxx13new_allocatorI24napi_property_descriptorE11_M_max_sizeEv
FNDA:39,_ZN9__gnu_cxx13new_allocatorIhE10deallocateEPhm
FNDA:1,_ZN9__gnu_cxx13new_allocatorI24napi_property_descriptorEC2Ev
FNDA:15,_ZN9__gnu_cxx13new_allocatorIcE10deallocateEPcm
FNDA:96,_ZN9__gnu_cxx13new_allocatorISt6vectorIhSaIhEEEC2Ev
FNDA:0,_ZNK9__gnu_cxx13new_allocatorISt6vectorIhSaIhEEE8max_sizeEv
FNDA:78,_ZN9__gnu_cxx13new_allocatorIhEC2ERKS1_
FNDA:39,_ZN9__gnu_cxx13new_allocatorISt6vectorIhSaIhEEE9constructIS3_JRPKhS7_EEEvPT_DpOT0_
FNDA:30,_ZNK9__gnu_cxx13new_allocatorIcE11_M_max_sizeEv
FNDA:39,_ZN9__gnu_cxx13new_allocatorIhE8allocateEmPKv
FNDA:96,_ZN9__gnu_cxx13new_allocatorISt6vectorIhSaIhEEE8allocateEmPKv
FNDA:15,_ZNK9__gnu_cxx13new_allocatorIcE8max_sizeEv
FNDA:39,_ZN9__gnu_cxx13new_allocatorIhEC2Ev
FNDA:1,_ZNK9__gnu_cxx13new_allocatorI24napi_property_descriptorE8max_sizeEv
FNDA:0,_ZN9__gnu_cxx13new_allocatorIcED2Ev
FNDA:96,_ZN9__gnu_cxx13new_allocatorISt6vectorIhSaIhEEE10deallocateEPS3_m
FNDA:78,_ZNK9__gnu_cxx13new_allocatorIhE11_M_max_sizeEv
FNDA:39,_ZNK9__gnu_cxx13new_allocatorIhE8max_sizeEv
FNDA:1,_ZN9__gnu_cxx13new_allocatorI24napi_property_descriptorE8allocateEmPKv
FNDA:192,_ZN9__gnu_cxx13new_allocatorIPSt6vectorIhSaIhEEEC2Ev
FNDA:117,_ZN9__gnu_cxx13new_allocatorIhED2Ev
FNDA:96,_ZN9__gnu_cxx13new_allocatorIPSt6vectorIhSaIhEEE8allocateEmPKv
FNDA:15,_ZN9__gnu_cxx13new_allocatorIP12napi_value__EC2Ev
FNDA:31,_ZN9__gnu_cxx13new_allocatorISt6vectorIhSaIhEEE7destroyIS3_EEvPT_
FNDA:96,_ZNK9__gnu_cxx13new_allocatorIPSt6vectorIhSaIhEEE11_M_max_sizeEv
FNDA:15,_ZN9__gnu_cxx13new_allocatorIP12napi_value__ED2Ev
FNDA:15,_ZN9__gnu_cxx13new_allocatorIcE8allocateEmPKv
FNF:37
FNH:32
DA:79,343
DA:82,80
DA:89,423
DA:103,247
DA:111,247
DA:115,0
DA:116,0
DA:117,0
DA:127,247
DA:132,247
DA:145,247
DA:150,247
DA:154,55
DA:155,55
DA:160,39
DA:162,39
DA:166,31
DA:168,31
DA:197,302
DA:200,302
LF:20
LH:17
end_of_record
TN:
SF:/usr/include/c++/11/ext/type_traits.h
FN:152,_ZN9__gnu_cxx17__is_null_pointerIKcEEbPT_
FNDA:0,_ZN9__gnu_cxx17__is_null_pointerIKcEEbPT_
FNF:1
FNH:0
DA:152,0
DA:153,0
LF:2
LH:0
end_of_record
TN:
SF:/usr/include/c++/11/initializer_list
FN:71,_ZNKSt16initializer_listIN4Napi23ClassPropertyDescriptorI9LoRaCommsEEE4sizeEv
FN:71,_ZNKSt16initializer_listIP12napi_value__E4sizeEv
FN:75,_ZNKSt16initializer_listIP12napi_value__E5beginEv
FN:75,_ZNKSt16initializer_listIN4Napi23ClassPropertyDescriptorI9LoRaCommsEEE5beginEv
FNDA:112,_ZNKSt16initializer_listIP12napi_value__E5beginEv
FNDA:1,_ZNKSt16initializer_listIN4Napi23ClassPropertyDescriptorI9LoRaCommsEEE5beginEv
FNDA:112,_ZNKSt16initializer_listIP12napi_value__E4sizeEv
FNDA:1,_ZNKSt16initializer_listIN4Napi23ClassPropertyDescriptorI9LoRaCommsEEE4sizeEv
FNF:4
FNH:4
DA:71,113
DA:75,113
LF:2
LH:2
end_of_record
TN:
SF:/usr/include/c++/11/new
FN:174,_ZnwmPv
FN:180,_ZdlPvS_
FNDA:55,_ZnwmPv
FNDA:0,_ZdlPvS_
FNF:2
FNH:1
DA:174,55
DA:175,55
DA:180,0
LF:3
LH:2
end_of_record
TN:
SF:/usr/include/x86_64-linux-gnu/c++/11/bits/gthr-default.h
FN:248,_ZL18__gthread_active_pv
FN:746,_ZL20__gthread_mutex_lockP15pthread_mutex_t
FN:776,_ZL22__gthread_mutex_unlockP15pthread_mutex_t
FNDA:276874,_ZL18__gthread_active_pv
FNDA:138437,_ZL22__gthread_mutex_unlockP15pthread_mutex_t
FNDA:138437,_ZL20__gthread_mutex_lockP15pthread_mutex_t
FNF:3
FNH:3
DA:248,276874
DA:252,276874
DA:746,138437
DA:748,138437
DA:749,138437
DA:751,0
DA:776,138437
DA:778,138437
DA:779,138437
DA:781,0
LF:10
LH:8
end_of_record
TN:
SF:lib/lora-comms.js
FN:29,LinkDuplex
FN:36,_write
FN:88,LogReadable
FN:94,_read
FN:119,get LoRaComms
FN:124,lora_comms
FN:145,start
FN:210,stop
FN:222,get uplink
FN:235,get downlink
FN:246,get active
FN:259,start_logging
FN:279,check
FN:301,stop_logging
FN:314,get log_info
FN:325,get log_error
FN:336,get logging_active
FNDA:16,get active
FNDA:40,get downlink
FNDA:32,check
FNDA:1,stop_logging
FNDA:17,start_logging
FNDA:59,get uplink
FNDA:19,get LoRaComms
FNDA:28,_write
FNDA:16,get log_error
FNDA:15,stop
FNDA:1,lora_comms
FNDA:21,get log_info
FNDA:32,LogReadable
FNDA:97,_read
FNDA:17,start
FNDA:16,get logging_active
FNDA:44,LinkDuplex
FNF:17
FNH:17
BRDA:1,0,0,1
BRDA:29,1,0,44
BRDA:36,2,0,28
BRDA:38,3,0,28
BRDA:41,4,0,4
BRDA:43,5,0,3
BRDA:49,6,0,24
BRDA:51,7,0,1
BRDA:54,8,0,23
BRDA:59,9,0,52
BRDA:61,10,0,17
BRDA:62,11,0,35
BRDA:65,12,0,35
BRDA:69,13,0,18
BRDA:71,14,0,17
BRDA:74,15,0,1
BRDA:75,17,0,1
BRDA:77,16,0,17
BRDA:80,18,0,17
BRDA:88,19,0,32
BRDA:94,20,0,45
BRDA:97,21,0,45
BRDA:100,22,0,31
BRDA:102,23,0,30
BRDA:105,24,0,1
BRDA:106,27,0,1
BRDA:108,25,0,14
BRDA:110,26,0,13
BRDA:111,28,0,13
BRDA:119,29,0,19
BRDA:124,30,0,1
BRDA:145,31,0,17
BRDA:154,32,0,1
BRDA:157,33,0,16
BRDA:159,34,0,15
BRDA:162,35,0,16
BRDA:167,36,0,5
BRDA:171,37,0,11
BRDA:176,38,0,16
BRDA:177,39,0,16
BRDA:177,40,0,16
BRDA:182,41,0,11
BRDA:188,42,0,11
BRDA:194,43,0,1
BRDA:210,44,0,15
BRDA:222,45,0,59
BRDA:235,46,0,40
BRDA:246,47,0,16
BRDA:259,48,0,17
BRDA:262,49,0,1
BRDA:265,50,0,16
BRDA:267,51,0,15
BRDA:270,52,0,16
BRDA:279,53,0,32
BRDA:282,54,0,16
BRDA:301,55,0,1
BRDA:314,56,0,21
BRDA:325,57,0,16
BRDA:336,58,0,16
BRF:59
BRH:59
DA:1,1
DA:2,1
DA:3,1
DA:4,1
DA:5,1
DA:6,1
DA:7,1
DA:8,1
DA:9,1
DA:10,1
DA:11,1
DA:12,1
DA:13,1
DA:14,1
DA:15,1
DA:16,1
DA:17,1
DA:18,1
DA:19,1
DA:20,1
DA:21,1
DA:22,1
DA:23,1
DA:24,1
DA:25,1
DA:26,1
DA:27,1
DA:28,1
DA:29,1
DA:30,44
DA:31,44
DA:32,44
DA:33,44
DA:34,44
DA:35,1
DA:36,1
DA:37,28
DA:38,28
DA:39,28
DA:40,28
DA:41,28
DA:42,4
DA:43,4
DA:44,3
DA:45,3
DA:46,4
DA:47,4
DA:48,4
DA:49,24
DA:50,24
DA:51,28
DA:52,1
DA:53,1
DA:54,23
DA:55,23
DA:56,28
DA:57,28
DA:58,1
DA:59,1
DA:60,52
DA:61,52
DA:62,35
DA:63,35
DA:64,35
DA:65,35
DA:66,35
DA:67,35
DA:68,35
DA:69,35
DA:70,18
DA:71,18
DA:72,17
DA:73,17
DA:74,1
DA:75,1
DA:76,1
DA:77,17
DA:78,17
DA:79,17
DA:80,17
DA:81,17
DA:82,35
DA:83,52
DA:84,1
DA:85,1
DA:86,1
DA:87,1
DA:88,1
DA:89,32
DA:90,32
DA:91,32
DA:92,32
DA:93,1
DA:94,1
DA:95,45
DA:96,45
DA:97,45
DA:98,45
DA:99,45
DA:100,45
DA:101,31
DA:102,31
DA:103,30
DA:104,30
DA:105,1
DA:106,1
DA:107,1
DA:108,14
DA:109,14
DA:110,45
DA:111,13
DA:112,13
DA:113,45
DA:114,45
DA:115,1
DA:116,1
DA:117,1
DA:118,1
DA:119,1
DA:120,19
DA:121,19
DA:122,19
DA:123,1
DA:124,1
DA:125,1
DA:126,1
DA:127,1
DA:128,1
DA:129,1
DA:130,1
DA:131,1
DA:132,1
DA:133,1
DA:134,1
DA:135,1
DA:136,1
DA:137,1
DA:138,1
DA:139,1
DA:140,1
DA:141,1
DA:142,1
DA:143,1
DA:144,1
DA:145,1
DA:146,17
DA:147,17
DA:148,17
DA:149,17
DA:150,17
DA:151,17
DA:152,17
DA:153,17
DA:154,17
DA:155,1
DA:156,1
DA:157,16
DA:158,16
DA:159,17
DA:160,15
DA:161,15
DA:162,16
DA:163,16
DA:164,16
DA:165,16
DA:166,16
DA:167,17
DA:168,5
DA:169,5
DA:170,5
DA:171,11
DA:172,11
DA:173,11
DA:174,11
DA:175,11
DA:176,16
DA:177,16
DA:178,16
DA:179,16
DA:180,16
DA:181,16
DA:182,16
DA:183,11
DA:184,11
DA:185,11
DA:186,16
DA:187,16
DA:188,16
DA:189,11
DA:190,11
DA:191,11
DA:192,16
DA:193,16
DA:194,16
DA:195,1
DA:196,1
DA:197,16
DA:198,16
DA:199,16
DA:200,17
DA:201,1
DA:202,1
DA:203,1
DA:204,1
DA:205,1
DA:206,1
DA:207,1
DA:208,1
DA:209,1
DA:210,1
DA:211,15
DA:212,15
DA:213,15
DA:214,1
DA:215,1
DA:216,1
DA:217,1
DA:218,1
DA:219,1
DA:220,1
DA:221,1
DA:222,1
DA:223,59
DA:224,59
DA:225,59
DA:226,1
DA:227,1
DA:228,1
DA:229,1
DA:230,1
DA:231,1
DA:232,1
DA:233,1
DA:234,1
DA:235,1
DA:236,40
DA:237,40
DA:238,40
DA:239,1
DA:240,1
DA:241,1
DA:242,1
DA:243,1
DA:244,1
DA:245,1
DA:246,1
DA:247,16
DA:248,16
DA:249,16
DA:250,1
DA:251,1
DA:252,1
DA:253,1
DA:254,1
DA:255,1
DA:256,1
DA:257,1
DA:258,1
DA:259,1
DA:260,17
DA:261,17
DA:262,17
DA:263,1
DA:264,1
DA:265,16
DA:266,16
DA:267,17
DA:268,15
DA:269,15
DA:270,16
DA:271,16
DA:272,16
DA:273,16
DA:274,16
DA:275,16
DA:276,16
DA:277,16
DA:278,16
DA:279,16
DA:280,32
DA:281,32
DA:282,32
DA:283,16
DA:284,16
DA:285,16
DA:286,16
DA:287,16
DA:288,16
DA:289,16
DA:290,16
DA:291,17
DA:292,1
DA:293,1
DA:294,1
DA:295,1
DA:296,1
DA:297,1
DA:298,1
DA:299,1
DA:300,1
DA:301,1
DA:302,1
DA:303,1
DA:304,1
DA:305,1
DA:306,1
DA:307,1
DA:308,1
DA:309,1
DA:310,1
DA:311,1
DA:312,1
DA:313,1
DA:314,1
DA:315,21
DA:316,21
DA:317,21
DA:318,1
DA:319,1
DA:320,1
DA:321,1
DA:322,1
DA:323,1
DA:324,1
DA:325,1
DA:326,16
DA:327,16
DA:328,16
DA:329,1
DA:330,1
DA:331,1
DA:332,1
DA:333,1
DA:334,1
DA:335,1
DA:336,1
DA:337,16
DA:338,16
DA:339,16
DA:340,1
DA:341,1
DA:342,1
DA:343,1
DA:344,1
DA:345,1
DA:346,1
DA:347,1
DA:348,1
DA:349,1
DA:350,1
DA:351,1
DA:352,1
DA:353,1
DA:354,1
DA:355,1
DA:356,1
DA:357,1
DA:358,1
DA:359,1
DA:360,1
DA:361,1
DA:362,1
DA:363,1
DA:364,1
LF:364
LH:364
end_of_record
