TN:
SF:/usr/include/c++/9/ext/type_traits.h
FN:152,_ZN9__gnu_cxx17__is_null_pointerIcEEbPT_
FNDA:0,_ZN9__gnu_cxx17__is_null_pointerIcEEbPT_
FN:152,_ZN9__gnu_cxx17__is_null_pointerIKcEEbPT_
FNDA:0,_ZN9__gnu_cxx17__is_null_pointerIKcEEbPT_
DA:152,0
DA:153,0
DA:152,0
DA:153,0
end_of_record
SF:/usr/include/c++/9/bits/allocator.h
FN:138,_ZNSaI24napi_property_descriptorEC2Ev
FNDA:0,_ZNSaI24napi_property_descriptorEC2Ev
FN:138,_ZNSaIP12napi_value__EC2Ev
FNDA:0,_ZNSaIP12napi_value__EC2Ev
FN:141,_ZNSaI24napi_property_descriptorEC2ERKS0_
FNDA:0,_ZNSaI24napi_property_descriptorEC2ERKS0_
FN:153,_ZNSaI24napi_property_descriptorED2Ev
FNDA:0,_ZNSaI24napi_property_descriptorED2Ev
FN:153,_ZNSaIP12napi_value__ED2Ev
FNDA:0,_ZNSaIP12napi_value__ED2Ev
DA:138,0
DA:138,0
DA:141,0
DA:142,0
DA:153,0
DA:153,0
end_of_record
SF:/home/ubuntu/node-lora-comms/src/lora_comms.cc
FN:56,_Z10ErrnoErrorRKN4Napi3EnvEi
FNDA:0,_Z10ErrnoErrorRKN4Napi3EnvEi
FN:70,_ZN16StartAsyncWorkerC2ERKN4Napi8FunctionERKNS0_6StringE
FNDA:0,_ZN16StartAsyncWorkerC2ERKN4Napi8FunctionERKNS0_6StringE
FN:78,_ZN16StartAsyncWorker7ExecuteEv
FNDA:0,_ZN16StartAsyncWorker7ExecuteEv
FN:92,_ZN9LoRaComms5StartERKN4Napi12CallbackInfoE
FNDA:0,_ZN9LoRaComms5StartERKN4Napi12CallbackInfoE
FN:99,_ZN9LoRaComms4StopERKN4Napi12CallbackInfoE
FNDA:0,_ZN9LoRaComms4StopERKN4Napi12CallbackInfoE
FN:104,_ZN9LoRaComms5ResetERKN4Napi12CallbackInfoE
FNDA:0,_ZN9LoRaComms5ResetERKN4Napi12CallbackInfoE
FN:112,_ZN16CommsAsyncWorkerC2ERKN4Napi8FunctionERKNS0_6BufferIhEERK7timeval
FNDA:0,_ZN16CommsAsyncWorkerC2ERKN4Napi8FunctionERKNS0_6BufferIhEERK7timeval
FN:135,_ZN16CommsAsyncWorker7ExecuteEv
FNDA:0,_ZN16CommsAsyncWorker7ExecuteEv
FN:144,_ZN16CommsAsyncWorker4OnOKEv
FNDA:0,_ZN16CommsAsyncWorker4OnOKEv
FN:169,_ZN15LinkAsyncWorkerC2ERKN4Napi8FunctionEiRKNS0_6BufferIhEERK7timeval
FNDA:0,_ZN15LinkAsyncWorkerC2ERKN4Napi8FunctionEiRKNS0_6BufferIhEERK7timeval
FN:194,_ZN19RecvFromAsyncWorkerC2ERKN4Napi8FunctionEiRKNS0_6BufferIhEERK7timeval
FNDA:0,_ZN19RecvFromAsyncWorkerC2ERKN4Napi8FunctionEiRKNS0_6BufferIhEERK7timeval
FN:203,_ZN19RecvFromAsyncWorker11CommunicateEv
FNDA:0,_ZN19RecvFromAsyncWorker11CommunicateEv
FN:209,_ZN9LoRaComms8RecvFromERKN4Napi12CallbackInfoE
FNDA:0,_ZN9LoRaComms8RecvFromERKN4Napi12CallbackInfoE
FN:221,_ZN17SendToAsyncWorkerC2ERKN4Napi8FunctionEiRKNS0_6BufferIhEEiRK7timeval
FNDA:0,_ZN17SendToAsyncWorkerC2ERKN4Napi8FunctionEiRKNS0_6BufferIhEEiRK7timeval
FN:232,_ZN17SendToAsyncWorker11CommunicateEv
FNDA:0,_ZN17SendToAsyncWorker11CommunicateEv
FN:241,_ZN9LoRaComms6SendToERKN4Napi12CallbackInfoE
FNDA:0,_ZN9LoRaComms6SendToERKN4Napi12CallbackInfoE
FN:251,_ZN9LoRaComms12SetGWSendHWMERKN4Napi12CallbackInfoE
FNDA:0,_ZN9LoRaComms12SetGWSendHWMERKN4Napi12CallbackInfoE
FN:256,_ZN9LoRaComms16SetGWSendTimeoutERKN4Napi12CallbackInfoE
FNDA:0,_ZN9LoRaComms16SetGWSendTimeoutERKN4Napi12CallbackInfoE
FN:262,_ZN9LoRaComms16SetGWRecvTimeoutERKN4Napi12CallbackInfoE
FNDA:0,_ZN9LoRaComms16SetGWRecvTimeoutERKN4Napi12CallbackInfoE
FN:268,_ZN9LoRaComms12StartLoggingERKN4Napi12CallbackInfoE
FNDA:0,_ZN9LoRaComms12StartLoggingERKN4Napi12CallbackInfoE
FN:273,_ZN9LoRaComms11StopLoggingERKN4Napi12CallbackInfoE
FNDA:0,_ZN9LoRaComms11StopLoggingERKN4Napi12CallbackInfoE
FN:279,_ZN9LoRaComms12ResetLoggingERKN4Napi12CallbackInfoE
FNDA:0,_ZN9LoRaComms12ResetLoggingERKN4Napi12CallbackInfoE
FN:287,_ZN14LogAsyncWorkerC2ERKN4Napi8FunctionEPFiPcjPK7timevalERKNS0_6BufferIhEERS6_
FNDA:0,_ZN14LogAsyncWorkerC2ERKN4Napi8FunctionEPFiPcjPK7timevalERKNS0_6BufferIhEERS6_
FN:297,_ZN14LogAsyncWorker11CommunicateEv
FNDA:0,_ZN14LogAsyncWorker11CommunicateEv
FN:306,_ZN9LoRaComms17GetLogInfoMessageERKN4Napi12CallbackInfoE
FNDA:0,_ZN9LoRaComms17GetLogInfoMessageERKN4Napi12CallbackInfoE
FN:315,_ZN9LoRaComms18GetLogErrorMessageERKN4Napi12CallbackInfoE
FNDA:0,_ZN9LoRaComms18GetLogErrorMessageERKN4Napi12CallbackInfoE
FN:324,_ZN9LoRaComms14SetLogWriteHWMERKN4Napi12CallbackInfoE
FNDA:0,_ZN9LoRaComms14SetLogWriteHWMERKN4Napi12CallbackInfoE
FN:329,_ZN9LoRaComms18SetLogWriteTimeoutERKN4Napi12CallbackInfoE
FNDA:0,_ZN9LoRaComms18SetLogWriteTimeoutERKN4Napi12CallbackInfoE
FN:335,_ZN9LoRaComms20SetLogMaxMessageSizeERKN4Napi12CallbackInfoE
FNDA:0,_ZN9LoRaComms20SetLogMaxMessageSizeERKN4Napi12CallbackInfoE
FN:340,_ZN9LoRaComms20GetLogMaxMessageSizeERKN4Napi12CallbackInfoE
FNDA:0,_ZN9LoRaComms20GetLogMaxMessageSizeERKN4Napi12CallbackInfoE
FN:347,_ZN9LoRaComms7TimeValERKN4Napi12CallbackInfoEj
FNDA:0,_ZN9LoRaComms7TimeValERKN4Napi12CallbackInfoEj
FN:356,_ZN9LoRaComms8CommLinkERKN4Napi12CallbackInfoEj
FNDA:0,_ZN9LoRaComms8CommLinkERKN4Napi12CallbackInfoEj
FN:362,_ZN9LoRaComms10InitializeEN4Napi3EnvENS0_6ObjectE
FNDA:0,_ZN9LoRaComms10InitializeEN4Napi3EnvENS0_6ObjectE
FN:401,_Z10InitializeN4Napi3EnvENS_6ObjectE
FNDA:0,_Z10InitializeN4Napi3EnvENS_6ObjectE
FN:406,_register_lora_comms
FNDA:0,_register_lora_comms
FN:406,_Z17__napi_InitializeP10napi_env__P12napi_value__
FNDA:0,_Z17__napi_InitializeP10napi_env__P12napi_value__
DA:56,0
DA:58,0
DA:59,0
DA:62,0
DA:63,0
DA:64,0
DA:70,0
DA:71,0
DA:73,0
DA:75,0
DA:78,0
DA:80,0
DA:82,0
DA:85,0
DA:86,0
DA:92,0
DA:94,0
DA:95,0
DA:96,0
DA:97,0
DA:99,0
DA:101,0
DA:102,0
DA:104,0
DA:106,0
DA:107,0
DA:112,0
DA:114,0
DA:116,0
DA:117,0
DA:119,0
DA:121,0
DA:135,0
DA:137,0
DA:138,0
DA:140,0
DA:142,0
DA:144,0
DA:146,0
DA:147,0
DA:148,0
DA:149,0
DA:151,0
DA:152,0
DA:153,0
DA:154,0
DA:169,0
DA:172,0
DA:174,0
DA:176,0
DA:194,0
DA:197,0
DA:198,0
DA:200,0
DA:203,0
DA:205,0
DA:209,0
DA:211,0
DA:212,0
DA:213,0
DA:214,0
DA:215,0
DA:216,0
DA:221,0
DA:225,0
DA:227,0
DA:229,0
DA:232,0
DA:234,0
DA:241,0
DA:243,0
DA:244,0
DA:245,0
DA:246,0
DA:247,0
DA:248,0
DA:249,0
DA:251,0
DA:253,0
DA:254,0
DA:256,0
DA:258,0
DA:259,0
DA:260,0
DA:262,0
DA:264,0
DA:265,0
DA:266,0
DA:268,0
DA:270,0
DA:271,0
DA:273,0
DA:275,0
DA:276,0
DA:277,0
DA:279,0
DA:281,0
DA:282,0
DA:287,0
DA:290,0
DA:292,0
DA:294,0
DA:297,0
DA:299,0
DA:306,0
DA:308,0
DA:310,0
DA:311,0
DA:312,0
DA:313,0
DA:315,0
DA:317,0
DA:319,0
DA:320,0
DA:321,0
DA:322,0
DA:324,0
DA:326,0
DA:327,0
DA:329,0
DA:331,0
DA:332,0
DA:333,0
DA:335,0
DA:337,0
DA:338,0
DA:340,0
DA:342,0
DA:347,0
DA:351,0
DA:352,0
DA:353,0
DA:356,0
DA:359,0
DA:362,0
DA:364,0
DA:366,0
DA:367,0
DA:368,0
DA:370,0
DA:371,0
DA:373,0
DA:374,0
DA:376,0
DA:377,0
DA:378,0
DA:380,0
DA:381,0
DA:382,0
DA:383,0
DA:384,0
DA:385,0
DA:386,0
DA:387,0
DA:388,0
DA:390,0
DA:391,0
DA:392,0
DA:394,0
DA:395,0
DA:396,0
DA:398,0
DA:401,0
DA:403,0
DA:406,0
DA:406,0
end_of_record
SF:/usr/include/c++/9/bits/stl_uninitialized.h
FN:561,_ZNSt27__uninitialized_default_n_1ILb1EE18__uninit_default_nIP24napi_property_descriptorjEET_S4_T0_
FNDA:0,_ZNSt27__uninitialized_default_n_1ILb1EE18__uninit_default_nIP24napi_property_descriptorjEET_S4_T0_
FN:592,_ZSt25__uninitialized_default_nIP24napi_property_descriptorjET_S2_T0_
FNDA:0,_ZSt25__uninitialized_default_nIP24napi_property_descriptorjET_S2_T0_
FN:661,_ZSt27__uninitialized_default_n_aIP24napi_property_descriptorjS0_ET_S2_T0_RSaIT1_E
FNDA:0,_ZSt27__uninitialized_default_n_aIP24napi_property_descriptorjS0_ET_S2_T0_RSaIT1_E
DA:561,0
DA:566,0
DA:592,0
DA:597,0
DA:601,0
DA:661,0
DA:663,0
end_of_record
SF:/usr/include/c++/9/bits/exception.h
FN:63,_ZNSt9exceptionC2Ev
FNDA:0,_ZNSt9exceptionC2Ev
DA:63,0
end_of_record
SF:/home/ubuntu/node-lora-comms/node_modules/node-addon-api/napi-inl.h
FN:27,_ZN4Napi7detailsL10AttachDataINS_10ObjectWrapI9LoRaCommsE20AccessorCallbackDataIMS3_FNS_5ValueERKNS_12CallbackInfoEEMS3_FvS9_RKS6_EEEEE11napi_statusP10napi_env__P12napi_value__PT_PFvSJ_PvSO_ESO_
FNDA:0,_ZN4Napi7detailsL10AttachDataINS_10ObjectWrapI9LoRaCommsE20AccessorCallbackDataIMS3_FNS_5ValueERKNS_12CallbackInfoEEMS3_FvS9_RKS6_EEEEE11napi_statusP10napi_env__P12napi_value__PT_PFvSJ_PvSO_ESO_
FN:27,_ZN4Napi7detailsL10AttachDataINS_10ObjectWrapI9LoRaCommsE20AccessorCallbackDataIPFNS_5ValueERKNS_12CallbackInfoEEPFvS9_RKS6_EEEEE11napi_statusP10napi_env__P12napi_value__PT_PFvSJ_PvSO_ESO_
FNDA:0,_ZN4Napi7detailsL10AttachDataINS_10ObjectWrapI9LoRaCommsE20AccessorCallbackDataIPFNS_5ValueERKNS_12CallbackInfoEEPFvS9_RKS6_EEEEE11napi_statusP10napi_env__P12napi_value__PT_PFvSJ_PvSO_ESO_
FN:27,_ZN4Napi7detailsL10AttachDataINS_10ObjectWrapI9LoRaCommsE18MethodCallbackDataIMS3_FvRKNS_12CallbackInfoEEEEEE11napi_statusP10napi_env__P12napi_value__PT_PFvSE_PvSJ_ESJ_
FNDA:0,_ZN4Napi7detailsL10AttachDataINS_10ObjectWrapI9LoRaCommsE18MethodCallbackDataIMS3_FvRKNS_12CallbackInfoEEEEEE11napi_statusP10napi_env__P12napi_value__PT_PFvSE_PvSJ_ESJ_
FN:27,_ZN4Napi7detailsL10AttachDataINS_10ObjectWrapI9LoRaCommsE18MethodCallbackDataIPFvRKNS_12CallbackInfoEEEEEE11napi_statusP10napi_env__P12napi_value__PT_PFvSE_PvSJ_ESJ_
FNDA:0,_ZN4Napi7detailsL10AttachDataINS_10ObjectWrapI9LoRaCommsE18MethodCallbackDataIPFvRKNS_12CallbackInfoEEEEEE11napi_statusP10napi_env__P12napi_value__PT_PFvSE_PvSJ_ESJ_
FN:27,_ZN4Napi7detailsL10AttachDataINS_10ObjectWrapI9LoRaCommsE18MethodCallbackDataIPFNS_5ValueERKNS_12CallbackInfoEEEEEE11napi_statusP10napi_env__P12napi_value__PT_PFvSF_PvSK_ESK_
FNDA:0,_ZN4Napi7detailsL10AttachDataINS_10ObjectWrapI9LoRaCommsE18MethodCallbackDataIPFNS_5ValueERKNS_12CallbackInfoEEEEEE11napi_statusP10napi_env__P12napi_value__PT_PFvSF_PvSK_ESK_
FN:27,_ZN4Napi7detailsL10AttachDataINS_10ObjectWrapI9LoRaCommsE18MethodCallbackDataIMS3_FNS_5ValueERKNS_12CallbackInfoEEEEEE11napi_statusP10napi_env__P12napi_value__PT_PFvSF_PvSK_ESK_
FNDA:0,_ZN4Napi7detailsL10AttachDataINS_10ObjectWrapI9LoRaCommsE18MethodCallbackDataIMS3_FNS_5ValueERKNS_12CallbackInfoEEEEEE11napi_statusP10napi_env__P12napi_value__PT_PFvSF_PvSK_ESK_
FN:34,_ZZN4Napi7detailsL10AttachDataINS_10ObjectWrapI9LoRaCommsE20AccessorCallbackDataIMS3_FNS_5ValueERKNS_12CallbackInfoEEMS3_FvS9_RKS6_EEEEE11napi_statusP10napi_env__P12napi_value__PT_PFvSJ_PvSO_ESO_ENKUlSJ_SO_SO_E_clESJ_SO_SO_
FNDA:0,_ZZN4Napi7detailsL10AttachDataINS_10ObjectWrapI9LoRaCommsE20AccessorCallbackDataIMS3_FNS_5ValueERKNS_12CallbackInfoEEMS3_FvS9_RKS6_EEEEE11napi_statusP10napi_env__P12napi_value__PT_PFvSJ_PvSO_ESO_ENKUlSJ_SO_SO_E_clESJ_SO_SO_
FN:34,_ZZN4Napi7detailsL10AttachDataINS_10ObjectWrapI9LoRaCommsE18MethodCallbackDataIMS3_FvRKNS_12CallbackInfoEEEEEE11napi_statusP10napi_env__P12napi_value__PT_PFvSE_PvSJ_ESJ_ENKUlSE_SJ_SJ_E_clESE_SJ_SJ_
FNDA:0,_ZZN4Napi7detailsL10AttachDataINS_10ObjectWrapI9LoRaCommsE18MethodCallbackDataIMS3_FvRKNS_12CallbackInfoEEEEEE11napi_statusP10napi_env__P12napi_value__PT_PFvSE_PvSJ_ESJ_ENKUlSE_SJ_SJ_E_clESE_SJ_SJ_
FN:34,_ZZN4Napi7detailsL10AttachDataINS_10ObjectWrapI9LoRaCommsE18MethodCallbackDataIPFvRKNS_12CallbackInfoEEEEEE11napi_statusP10napi_env__P12napi_value__PT_PFvSE_PvSJ_ESJ_ENKUlSE_SJ_SJ_E_clESE_SJ_SJ_
FNDA:0,_ZZN4Napi7detailsL10AttachDataINS_10ObjectWrapI9LoRaCommsE18MethodCallbackDataIPFvRKNS_12CallbackInfoEEEEEE11napi_statusP10napi_env__P12napi_value__PT_PFvSE_PvSJ_ESJ_ENKUlSE_SJ_SJ_E_clESE_SJ_SJ_
FN:34,_ZZN4Napi7detailsL10AttachDataINS_10ObjectWrapI9LoRaCommsE20AccessorCallbackDataIPFNS_5ValueERKNS_12CallbackInfoEEPFvS9_RKS6_EEEEE11napi_statusP10napi_env__P12napi_value__PT_PFvSJ_PvSO_ESO_ENKUlSJ_SO_SO_E_clESJ_SO_SO_
FNDA:0,_ZZN4Napi7detailsL10AttachDataINS_10ObjectWrapI9LoRaCommsE20AccessorCallbackDataIPFNS_5ValueERKNS_12CallbackInfoEEPFvS9_RKS6_EEEEE11napi_statusP10napi_env__P12napi_value__PT_PFvSJ_PvSO_ESO_ENKUlSJ_SO_SO_E_clESJ_SO_SO_
FN:34,_ZZN4Napi7detailsL10AttachDataINS_10ObjectWrapI9LoRaCommsE18MethodCallbackDataIPFNS_5ValueERKNS_12CallbackInfoEEEEEE11napi_statusP10napi_env__P12napi_value__PT_PFvSF_PvSK_ESK_ENKUlSF_SK_SK_E_clESF_SK_SK_
FNDA:0,_ZZN4Napi7detailsL10AttachDataINS_10ObjectWrapI9LoRaCommsE18MethodCallbackDataIPFNS_5ValueERKNS_12CallbackInfoEEEEEE11napi_statusP10napi_env__P12napi_value__PT_PFvSF_PvSK_ESK_ENKUlSF_SK_SK_E_clESF_SK_SK_
FN:34,_ZZN4Napi7detailsL10AttachDataINS_10ObjectWrapI9LoRaCommsE18MethodCallbackDataIMS3_FNS_5ValueERKNS_12CallbackInfoEEEEEE11napi_statusP10napi_env__P12napi_value__PT_PFvSF_PvSK_ESK_ENKUlSF_SK_SK_E_clESF_SK_SK_
FNDA:0,_ZZN4Napi7detailsL10AttachDataINS_10ObjectWrapI9LoRaCommsE18MethodCallbackDataIMS3_FNS_5ValueERKNS_12CallbackInfoEEEEEE11napi_statusP10napi_env__P12napi_value__PT_PFvSF_PvSK_ESK_ENKUlSF_SK_SK_E_clESF_SK_SK_
FN:70,_ZN4Napi7details12WrapCallbackIZNS_10ObjectWrapI9LoRaCommsE13WrappedMethodIXadL_ZNS3_12StartLoggingERKNS_12CallbackInfoEEEEEP12napi_value__P10napi_env__P20napi_callback_info__EUlvE_EESA_T_
FNDA:0,_ZN4Napi7details12WrapCallbackIZNS_10ObjectWrapI9LoRaCommsE13WrappedMethodIXadL_ZNS3_12StartLoggingERKNS_12CallbackInfoEEEEEP12napi_value__P10napi_env__P20napi_callback_info__EUlvE_EESA_T_
FN:70,_ZN4Napi7details12WrapCallbackIZNS_10ObjectWrapI9LoRaCommsE13WrappedMethodIXadL_ZNS3_6SendToERKNS_12CallbackInfoEEEEEP12napi_value__P10napi_env__P20napi_callback_info__EUlvE_EESA_T_
FNDA:0,_ZN4Napi7details12WrapCallbackIZNS_10ObjectWrapI9LoRaCommsE13WrappedMethodIXadL_ZNS3_6SendToERKNS_12CallbackInfoEEEEEP12napi_value__P10napi_env__P20napi_callback_info__EUlvE_EESA_T_
FN:70,_ZN4Napi7details12WrapCallbackIZNS_10ObjectWrapI9LoRaCommsE13WrappedMethodIXadL_ZNS3_12SetGWSendHWMERKNS_12CallbackInfoEEEEEP12napi_value__P10napi_env__P20napi_callback_info__EUlvE_EESA_T_
FNDA:0,_ZN4Napi7details12WrapCallbackIZNS_10ObjectWrapI9LoRaCommsE13WrappedMethodIXadL_ZNS3_12SetGWSendHWMERKNS_12CallbackInfoEEEEEP12napi_value__P10napi_env__P20napi_callback_info__EUlvE_EESA_T_
FN:70,_ZN4Napi7details12WrapCallbackIZNS_10ObjectWrapI9LoRaCommsE13WrappedMethodIXadL_ZNS3_16SetGWSendTimeoutERKNS_12CallbackInfoEEEEEP12napi_value__P10napi_env__P20napi_callback_info__EUlvE_EESA_T_
FNDA:0,_ZN4Napi7details12WrapCallbackIZNS_10ObjectWrapI9LoRaCommsE13WrappedMethodIXadL_ZNS3_16SetGWSendTimeoutERKNS_12CallbackInfoEEEEEP12napi_value__P10napi_env__P20napi_callback_info__EUlvE_EESA_T_
FN:70,_ZN4Napi7details12WrapCallbackIZNS_10ObjectWrapI9LoRaCommsE13WrappedMethodIXadL_ZNS3_16SetGWRecvTimeoutERKNS_12CallbackInfoEEEEEP12napi_value__P10napi_env__P20napi_callback_info__EUlvE_EESA_T_
FNDA:0,_ZN4Napi7details12WrapCallbackIZNS_10ObjectWrapI9LoRaCommsE13WrappedMethodIXadL_ZNS3_16SetGWRecvTimeoutERKNS_12CallbackInfoEEEEEP12napi_value__P10napi_env__P20napi_callback_info__EUlvE_EESA_T_
FN:70,_ZN4Napi7details12WrapCallbackIZNS_10ObjectWrapI9LoRaCommsE13WrappedMethodIXadL_ZNS3_5StartERKNS_12CallbackInfoEEEEEP12napi_value__P10napi_env__P20napi_callback_info__EUlvE_EESA_T_
FNDA:0,_ZN4Napi7details12WrapCallbackIZNS_10ObjectWrapI9LoRaCommsE13WrappedMethodIXadL_ZNS3_5StartERKNS_12CallbackInfoEEEEEP12napi_value__P10napi_env__P20napi_callback_info__EUlvE_EESA_T_
FN:70,_ZN4Napi7details12WrapCallbackIZNS_10ObjectWrapI9LoRaCommsE13WrappedMethodIXadL_ZNS3_11StopLoggingERKNS_12CallbackInfoEEEEEP12napi_value__P10napi_env__P20napi_callback_info__EUlvE_EESA_T_
FNDA:0,_ZN4Napi7details12WrapCallbackIZNS_10ObjectWrapI9LoRaCommsE13WrappedMethodIXadL_ZNS3_11StopLoggingERKNS_12CallbackInfoEEEEEP12napi_value__P10napi_env__P20napi_callback_info__EUlvE_EESA_T_
FN:70,_ZN4Napi7details12WrapCallbackIZNS_10ObjectWrapI9LoRaCommsE13WrappedMethodIXadL_ZNS3_12ResetLoggingERKNS_12CallbackInfoEEEEEP12napi_value__P10napi_env__P20napi_callback_info__EUlvE_EESA_T_
FNDA:0,_ZN4Napi7details12WrapCallbackIZNS_10ObjectWrapI9LoRaCommsE13WrappedMethodIXadL_ZNS3_12ResetLoggingERKNS_12CallbackInfoEEEEEP12napi_value__P10napi_env__P20napi_callback_info__EUlvE_EESA_T_
FN:70,_ZN4Napi7details12WrapCallbackIZNS_10ObjectWrapI9LoRaCommsE13WrappedMethodIXadL_ZNS3_17GetLogInfoMessageERKNS_12CallbackInfoEEEEEP12napi_value__P10napi_env__P20napi_callback_info__EUlvE_EESA_T_
FNDA:0,_ZN4Napi7details12WrapCallbackIZNS_10ObjectWrapI9LoRaCommsE13WrappedMethodIXadL_ZNS3_17GetLogInfoMessageERKNS_12CallbackInfoEEEEEP12napi_value__P10napi_env__P20napi_callback_info__EUlvE_EESA_T_
FN:70,_ZN4Napi7details12WrapCallbackIZNS_10ObjectWrapI9LoRaCommsE13WrappedMethodIXadL_ZNS3_18GetLogErrorMessageERKNS_12CallbackInfoEEEEEP12napi_value__P10napi_env__P20napi_callback_info__EUlvE_EESA_T_
FNDA:0,_ZN4Napi7details12WrapCallbackIZNS_10ObjectWrapI9LoRaCommsE13WrappedMethodIXadL_ZNS3_18GetLogErrorMessageERKNS_12CallbackInfoEEEEEP12napi_value__P10napi_env__P20napi_callback_info__EUlvE_EESA_T_
FN:70,_ZN4Napi7details12WrapCallbackIZNS_10ObjectWrapI9LoRaCommsE13WrappedMethodIXadL_ZNS3_14SetLogWriteHWMERKNS_12CallbackInfoEEEEEP12napi_value__P10napi_env__P20napi_callback_info__EUlvE_EESA_T_
FNDA:0,_ZN4Napi7details12WrapCallbackIZNS_10ObjectWrapI9LoRaCommsE13WrappedMethodIXadL_ZNS3_14SetLogWriteHWMERKNS_12CallbackInfoEEEEEP12napi_value__P10napi_env__P20napi_callback_info__EUlvE_EESA_T_
FN:70,_ZN4Napi7details12WrapCallbackIZNS_10ObjectWrapI9LoRaCommsE13WrappedMethodIXadL_ZNS3_18SetLogWriteTimeoutERKNS_12CallbackInfoEEEEEP12napi_value__P10napi_env__P20napi_callback_info__EUlvE_EESA_T_
FNDA:0,_ZN4Napi7details12WrapCallbackIZNS_10ObjectWrapI9LoRaCommsE13WrappedMethodIXadL_ZNS3_18SetLogWriteTimeoutERKNS_12CallbackInfoEEEEEP12napi_value__P10napi_env__P20napi_callback_info__EUlvE_EESA_T_
FN:70,_ZN4Napi7details12WrapCallbackIZNS_10ObjectWrapI9LoRaCommsE13WrappedMethodIXadL_ZNS3_20SetLogMaxMessageSizeERKNS_12CallbackInfoEEEEEP12napi_value__P10napi_env__P20napi_callback_info__EUlvE_EESA_T_
FNDA:0,_ZN4Napi7details12WrapCallbackIZNS_10ObjectWrapI9LoRaCommsE13WrappedMethodIXadL_ZNS3_20SetLogMaxMessageSizeERKNS_12CallbackInfoEEEEEP12napi_value__P10napi_env__P20napi_callback_info__EUlvE_EESA_T_
FN:70,_ZN4Napi7details12WrapCallbackIZNS_10ObjectWrapI9LoRaCommsE13WrappedMethodIXadL_ZNS3_20GetLogMaxMessageSizeERKNS_12CallbackInfoEEEEEP12napi_value__P10napi_env__P20napi_callback_info__EUlvE_EESA_T_
FNDA:0,_ZN4Napi7details12WrapCallbackIZNS_10ObjectWrapI9LoRaCommsE13WrappedMethodIXadL_ZNS3_20GetLogMaxMessageSizeERKNS_12CallbackInfoEEEEEP12napi_value__P10napi_env__P20napi_callback_info__EUlvE_EESA_T_
FN:70,_ZN4Napi7details12WrapCallbackIZNS_10ObjectWrapI9LoRaCommsE13WrappedMethodIXadL_ZNS3_8RecvFromERKNS_12CallbackInfoEEEEEP12napi_value__P10napi_env__P20napi_callback_info__EUlvE_EESA_T_
FNDA:0,_ZN4Napi7details12WrapCallbackIZNS_10ObjectWrapI9LoRaCommsE13WrappedMethodIXadL_ZNS3_8RecvFromERKNS_12CallbackInfoEEEEEP12napi_value__P10napi_env__P20napi_callback_info__EUlvE_EESA_T_
FN:70,_ZN4Napi7details12WrapCallbackIZNS_10ObjectWrapI9LoRaCommsE13WrappedMethodIXadL_ZNS3_5ResetERKNS_12CallbackInfoEEEEEP12napi_value__P10napi_env__P20napi_callback_info__EUlvE_EESA_T_
FNDA:0,_ZN4Napi7details12WrapCallbackIZNS_10ObjectWrapI9LoRaCommsE13WrappedMethodIXadL_ZNS3_5ResetERKNS_12CallbackInfoEEEEEP12napi_value__P10napi_env__P20napi_callback_info__EUlvE_EESA_T_
FN:70,_ZN4Napi7details12WrapCallbackIZNS_10ObjectWrapI9LoRaCommsE13WrappedMethodIXadL_ZNS3_4StopERKNS_12CallbackInfoEEEEEP12napi_value__P10napi_env__P20napi_callback_info__EUlvE_EESA_T_
FNDA:0,_ZN4Napi7details12WrapCallbackIZNS_10ObjectWrapI9LoRaCommsE13WrappedMethodIXadL_ZNS3_4StopERKNS_12CallbackInfoEEEEEP12napi_value__P10napi_env__P20napi_callback_info__EUlvE_EESA_T_
FN:70,_ZN4Napi7details12WrapCallbackIZNS_11AsyncWorker14OnWorkCompleteENS_3EnvE11napi_statusEUlvE_EEP12napi_value__T_
FNDA:0,_ZN4Napi7details12WrapCallbackIZNS_11AsyncWorker14OnWorkCompleteENS_3EnvE11napi_statusEUlvE_EEP12napi_value__T_
FN:70,_ZN4Napi7details12WrapCallbackIZNS_14RegisterModuleEP10napi_env__P12napi_value__PFNS_6ObjectENS_3EnvES6_EEUlvE_EES5_T_
FNDA:0,_ZN4Napi7details12WrapCallbackIZNS_14RegisterModuleEP10napi_env__P12napi_value__PFNS_6ObjectENS_3EnvES6_EEUlvE_EES5_T_
FN:70,_ZN4Napi7details12WrapCallbackIZNS_10ObjectWrapI9LoRaCommsE27StaticMethodCallbackWrapperEP10napi_env__P20napi_callback_info__EUlvE_EEP12napi_value__T_
FNDA:0,_ZN4Napi7details12WrapCallbackIZNS_10ObjectWrapI9LoRaCommsE27StaticMethodCallbackWrapperEP10napi_env__P20napi_callback_info__EUlvE_EEP12napi_value__T_
FN:70,_ZN4Napi7details12WrapCallbackIZNS_10ObjectWrapI9LoRaCommsE31StaticVoidMethodCallbackWrapperEP10napi_env__P20napi_callback_info__EUlvE_EEP12napi_value__T_
FNDA:0,_ZN4Napi7details12WrapCallbackIZNS_10ObjectWrapI9LoRaCommsE31StaticVoidMethodCallbackWrapperEP10napi_env__P20napi_callback_info__EUlvE_EEP12napi_value__T_
FN:70,_ZN4Napi7details12WrapCallbackIZNS_10ObjectWrapI9LoRaCommsE26ConstructorCallbackWrapperEP10napi_env__P20napi_callback_info__EUlvE_EEP12napi_value__T_
FNDA:0,_ZN4Napi7details12WrapCallbackIZNS_10ObjectWrapI9LoRaCommsE26ConstructorCallbackWrapperEP10napi_env__P20napi_callback_info__EUlvE_EEP12napi_value__T_
FN:70,_ZN4Napi7details12WrapCallbackIZNS_10ObjectWrapI9LoRaCommsE27StaticGetterCallbackWrapperEP10napi_env__P20napi_callback_info__EUlvE_EEP12napi_value__T_
FNDA:0,_ZN4Napi7details12WrapCallbackIZNS_10ObjectWrapI9LoRaCommsE27StaticGetterCallbackWrapperEP10napi_env__P20napi_callback_info__EUlvE_EEP12napi_value__T_
FN:70,_ZN4Napi7details12WrapCallbackIZNS_10ObjectWrapI9LoRaCommsE27StaticSetterCallbackWrapperEP10napi_env__P20napi_callback_info__EUlvE_EEP12napi_value__T_
FNDA:0,_ZN4Napi7details12WrapCallbackIZNS_10ObjectWrapI9LoRaCommsE27StaticSetterCallbackWrapperEP10napi_env__P20napi_callback_info__EUlvE_EEP12napi_value__T_
FN:70,_ZN4Napi7details12WrapCallbackIZNS_10ObjectWrapI9LoRaCommsE29InstanceMethodCallbackWrapperEP10napi_env__P20napi_callback_info__EUlvE_EEP12napi_value__T_
FNDA:0,_ZN4Napi7details12WrapCallbackIZNS_10ObjectWrapI9LoRaCommsE29InstanceMethodCallbackWrapperEP10napi_env__P20napi_callback_info__EUlvE_EEP12napi_value__T_
FN:70,_ZN4Napi7details12WrapCallbackIZNS_10ObjectWrapI9LoRaCommsE29InstanceGetterCallbackWrapperEP10napi_env__P20napi_callback_info__EUlvE_EEP12napi_value__T_
FNDA:0,_ZN4Napi7details12WrapCallbackIZNS_10ObjectWrapI9LoRaCommsE29InstanceGetterCallbackWrapperEP10napi_env__P20napi_callback_info__EUlvE_EEP12napi_value__T_
FN:70,_ZN4Napi7details12WrapCallbackIZNS_10ObjectWrapI9LoRaCommsE29InstanceSetterCallbackWrapperEP10napi_env__P20napi_callback_info__EUlvE_EEP12napi_value__T_
FNDA:0,_ZN4Napi7details12WrapCallbackIZNS_10ObjectWrapI9LoRaCommsE29InstanceSetterCallbackWrapperEP10napi_env__P20napi_callback_info__EUlvE_EEP12napi_value__T_
FN:70,_ZN4Napi7details12WrapCallbackIZNS_10ObjectWrapI9LoRaCommsE33InstanceVoidMethodCallbackWrapperEP10napi_env__P20napi_callback_info__EUlvE_EEP12napi_value__T_
FNDA:0,_ZN4Napi7details12WrapCallbackIZNS_10ObjectWrapI9LoRaCommsE33InstanceVoidMethodCallbackWrapperEP10napi_env__P20napi_callback_info__EUlvE_EEP12napi_value__T_
FN:251,_ZN4Napi14RegisterModuleEP10napi_env__P12napi_value__PFNS_6ObjectENS_3EnvES4_E
FNDA:0,_ZN4Napi14RegisterModuleEP10napi_env__P12napi_value__PFNS_6ObjectENS_3EnvES4_E
FN:254,_ZZN4Napi14RegisterModuleEP10napi_env__P12napi_value__PFNS_6ObjectENS_3EnvES4_EENKUlvE_clEv
FNDA:0,_ZZN4Napi14RegisterModuleEP10napi_env__P12napi_value__PFNS_6ObjectENS_3EnvES4_EENKUlvE_clEv
FN:264,_ZN4Napi3EnvC2EP10napi_env__
FNDA:0,_ZN4Napi3EnvC2EP10napi_env__
FN:267,_ZNK4Napi3EnvcvP10napi_env__Ev
FNDA:0,_ZNK4Napi3EnvcvP10napi_env__Ev
FN:278,_ZNK4Napi3Env9UndefinedEv
FNDA:0,_ZNK4Napi3Env9UndefinedEv
FN:285,_ZNK4Napi3Env4NullEv
FNDA:0,_ZNK4Napi3Env4NullEv
FN:292,_ZNK4Napi3Env18IsExceptionPendingEv
FNDA:0,_ZNK4Napi3Env18IsExceptionPendingEv
FN:374,_ZN4Napi5ValueC2EP10napi_env__P12napi_value__
FNDA:0,_ZN4Napi5ValueC2EP10napi_env__P12napi_value__
FN:377,_ZNK4Napi5ValuecvP12napi_value__Ev
FNDA:0,_ZNK4Napi5ValuecvP12napi_value__Ev
FN:396,_ZNK4Napi5Value3EnvEv
FNDA:0,_ZNK4Napi5Value3EnvEv
FN:400,_ZNK4Napi5Value7IsEmptyEv
FNDA:0,_ZNK4Napi5Value7IsEmptyEv
FN:537,_ZNK4Napi5Value2AsINS_6StringEEET_v
FNDA:0,_ZNK4Napi5Value2AsINS_6StringEEET_v
FN:537,_ZNK4Napi5Value2AsINS_8FunctionEEET_v
FNDA:0,_ZNK4Napi5Value2AsINS_8FunctionEEET_v
FN:537,_ZNK4Napi5Value2AsINS_6NumberEEET_v
FNDA:0,_ZNK4Napi5Value2AsINS_6NumberEEET_v
FN:537,_ZNK4Napi5Value2AsINS_6BufferIhEEEET_v
FNDA:0,_ZNK4Napi5Value2AsINS_6BufferIhEEEET_v
FN:537,_ZNK4Napi5Value2AsINS_6ObjectEEET_v
FNDA:0,_ZNK4Napi5Value2AsINS_6ObjectEEET_v
FN:601,_ZN4Napi6Number3NewEP10napi_env__d
FNDA:0,_ZN4Napi6Number3NewEP10napi_env__d
FN:611,_ZN4Napi6NumberC2EP10napi_env__P12napi_value__
FNDA:0,_ZN4Napi6NumberC2EP10napi_env__P12napi_value__
FN:614,_ZNK4Napi6NumbercviEv
FNDA:0,_ZNK4Napi6NumbercviEv
FN:618,_ZNK4Napi6NumbercvjEv
FNDA:0,_ZNK4Napi6NumbercvjEv
FN:634,_ZNK4Napi6Number10Int32ValueEv
FNDA:0,_ZNK4Napi6Number10Int32ValueEv
FN:641,_ZNK4Napi6Number11Uint32ValueEv
FNDA:0,_ZNK4Napi6Number11Uint32ValueEv
FN:767,_ZN4Napi4NameC2EP10napi_env__P12napi_value__
FNDA:0,_ZN4Napi4NameC2EP10napi_env__P12napi_value__
FN:813,_ZN4Napi6StringC2EP10napi_env__P12napi_value__
FNDA:0,_ZN4Napi6StringC2EP10napi_env__P12napi_value__
FN:816,_ZNK4Napi6StringcvNSt7__cxx1112basic_stringIcSt11char_traitsIcESaIcEEEEv
FNDA:0,_ZNK4Napi6StringcvNSt7__cxx1112basic_stringIcSt11char_traitsIcESaIcEEEEv
FN:824,_ZNK4Napi6String9Utf8ValueB5cxx11Ev
FNDA:0,_ZNK4Napi6String9Utf8ValueB5cxx11Ev
FN:931,_ZN4Napi7details11vf_fallbackINS_8FunctionEE4FromEP10napi_env__RKS2_
FNDA:0,_ZN4Napi7details11vf_fallbackINS_8FunctionEE4FromEP10napi_env__RKS2_
FN:931,_ZN4Napi7details11vf_fallbackINS_5ValueEE4FromEP10napi_env__RKS2_
FNDA:0,_ZN4Napi7details11vf_fallbackINS_5ValueEE4FromEP10napi_env__RKS2_
FN:951,_ZN4Napi5Value4FromINS_8FunctionEEES0_P10napi_env__RKT_
FNDA:0,_ZN4Napi5Value4FromINS_8FunctionEEES0_P10napi_env__RKT_
FN:951,_ZN4Napi5Value4FromIS0_EES0_P10napi_env__RKT_
FNDA:0,_ZN4Napi5Value4FromIS0_EES0_P10napi_env__RKT_
FN:1006,_ZN4Napi6Object3NewEP10napi_env__
FNDA:0,_ZN4Napi6Object3NewEP10napi_env__
FN:1016,_ZN4Napi6ObjectC2EP10napi_env__P12napi_value__
FNDA:0,_ZN4Napi6ObjectC2EP10napi_env__P12napi_value__
FN:1107,_ZNK4Napi6Object3GetEPKc
FNDA:0,_ZNK4Napi6Object3GetEPKc
FN:1133,_ZN4Napi6Object3SetINS_8FunctionEEEvPKcRKT_
FNDA:0,_ZN4Napi6Object3SetINS_8FunctionEEEvPKcRKT_
FN:1133,_ZN4Napi6Object3SetINS_5ValueEEEvPKcRKT_
FNDA:0,_ZN4Napi6Object3SetINS_5ValueEEEvPKcRKT_
FN:1631,_ZN4Napi10TypedArrayC2EP10napi_env__P12napi_value__
FNDA:0,_ZN4Napi10TypedArrayC2EP10napi_env__P12napi_value__
FN:1741,_ZN4Napi12TypedArrayOfIhEC2EP10napi_env__P12napi_value__
FNDA:0,_ZN4Napi12TypedArrayOfIhEC2EP10napi_env__P12napi_value__
FN:1788,_ZN4NapiL14CreateFunctionINS_10ObjectWrapI9LoRaCommsE18MethodCallbackDataIPFNS_5ValueERKNS_12CallbackInfoEEEEEE11napi_statusP10napi_env__PKcPFP12napi_value__SE_P20napi_callback_info__EPT_PSI_
FNDA:0,_ZN4NapiL14CreateFunctionINS_10ObjectWrapI9LoRaCommsE18MethodCallbackDataIPFNS_5ValueERKNS_12CallbackInfoEEEEEE11napi_statusP10napi_env__PKcPFP12napi_value__SE_P20napi_callback_info__EPT_PSI_
FN:1788,_ZN4NapiL14CreateFunctionINS_10ObjectWrapI9LoRaCommsE18MethodCallbackDataIPFvRKNS_12CallbackInfoEEEEEE11napi_statusP10napi_env__PKcPFP12napi_value__SD_P20napi_callback_info__EPT_PSH_
FNDA:0,_ZN4NapiL14CreateFunctionINS_10ObjectWrapI9LoRaCommsE18MethodCallbackDataIPFvRKNS_12CallbackInfoEEEEEE11napi_statusP10napi_env__PKcPFP12napi_value__SD_P20napi_callback_info__EPT_PSH_
FN:1881,_ZN4Napi8FunctionC2EP10napi_env__P12napi_value__
FNDA:0,_ZN4Napi8FunctionC2EP10napi_env__P12napi_value__
FN:1900,_ZNK4Napi8Function4CallEP12napi_value__RKSt16initializer_listIS2_E
FNDA:0,_ZNK4Napi8Function4CallEP12napi_value__RKSt16initializer_listIS2_E
FN:1904,_ZNK4Napi8Function4CallEP12napi_value__RKSt6vectorIS2_SaIS2_EE
FNDA:0,_ZNK4Napi8Function4CallEP12napi_value__RKSt6vectorIS2_SaIS2_EE
FN:1908,_ZNK4Napi8Function4CallEP12napi_value__jPKS2_
FNDA:0,_ZNK4Napi8Function4CallEP12napi_value__jPKS2_
FN:1916,_ZNK4Napi8Function12MakeCallbackEP12napi_value__RKSt16initializer_listIS2_EP20napi_async_context__
FNDA:0,_ZNK4Napi8Function12MakeCallbackEP12napi_value__RKSt16initializer_listIS2_EP20napi_async_context__
FN:1930,_ZNK4Napi8Function12MakeCallbackEP12napi_value__jPKS2_P20napi_async_context__
FNDA:0,_ZNK4Napi8Function12MakeCallbackEP12napi_value__jPKS2_P20napi_async_context__
FN:2075,_ZN4Napi6BufferIhEC2EP10napi_env__P12napi_value__
FNDA:0,_ZN4Napi6BufferIhEC2EP10napi_env__P12napi_value__
FN:2085,_ZNK4Napi6BufferIhE6LengthEv
FNDA:0,_ZNK4Napi6BufferIhE6LengthEv
FN:2091,_ZNK4Napi6BufferIhE4DataEv
FNDA:0,_ZNK4Napi6BufferIhE4DataEv
FN:2097,_ZNK4Napi6BufferIhE10EnsureInfoEv
FNDA:0,_ZNK4Napi6BufferIhE10EnsureInfoEv
FN:2115,_ZN4Napi5Error3NewEP10napi_env__
FNDA:0,_ZN4Napi5Error3NewEP10napi_env__
FN:2167,_ZN4Napi5Error3NewEP10napi_env__RKNSt7__cxx1112basic_stringIcSt11char_traitsIcESaIcEEE
FNDA:0,_ZN4Napi5Error3NewEP10napi_env__RKNSt7__cxx1112basic_stringIcSt11char_traitsIcESaIcEEE
FN:2171,_ZN4Napi5Error5FatalEPKcS2_
FNDA:0,_ZN4Napi5Error5FatalEPKcS2_
FN:2178,_ZN4Napi5ErrorC2EP10napi_env__P12napi_value__
FNDA:0,_ZN4Napi5ErrorC2EP10napi_env__P12napi_value__
FN:2214,_ZNK4Napi5Error7MessageB5cxx11Ev
FNDA:0,_ZNK4Napi5Error7MessageB5cxx11Ev
FN:2231,_ZNK4Napi5Error26ThrowAsJavaScriptExceptionEv
FNDA:0,_ZNK4Napi5Error26ThrowAsJavaScriptExceptionEv
FN:2253,_ZNK4Napi5Error4whatEv
FNDA:0,_ZNK4Napi5Error4whatEv
FN:2260,_ZN4Napi5Error3NewIS0_EET_P10napi_env__PKcjPF11napi_statusS4_P12napi_value__S9_PS9_E
FNDA:0,_ZN4Napi5Error3NewIS0_EET_P10napi_env__PKcjPF11napi_statusS4_P12napi_value__S9_PS9_E
FN:2308,_ZN4Napi9ReferenceINS_6BufferIhEEE3NewERKS2_j
FNDA:0,_ZN4Napi9ReferenceINS_6BufferIhEEE3NewERKS2_j
FN:2308,_ZN4Napi9ReferenceINS_8FunctionEE3NewERKS1_j
FNDA:0,_ZN4Napi9ReferenceINS_8FunctionEE3NewERKS1_j
FN:2308,_ZN4Napi9ReferenceINS_6ObjectEE3NewERKS1_j
FNDA:0,_ZN4Napi9ReferenceINS_6ObjectEE3NewERKS1_j
FN:2325,_ZN4Napi9ReferenceINS_6ObjectEEC2Ev
FNDA:0,_ZN4Napi9ReferenceINS_6ObjectEEC2Ev
FN:2329,_ZN4Napi9ReferenceINS_8FunctionEEC2EP10napi_env__P10napi_ref__
FNDA:0,_ZN4Napi9ReferenceINS_8FunctionEEC2EP10napi_env__P10napi_ref__
FN:2329,_ZN4Napi9ReferenceINS_6ObjectEEC2EP10napi_env__P10napi_ref__
FNDA:0,_ZN4Napi9ReferenceINS_6ObjectEEC2EP10napi_env__P10napi_ref__
FN:2329,_ZN4Napi9ReferenceINS_6BufferIhEEEC2EP10napi_env__P10napi_ref__
FNDA:0,_ZN4Napi9ReferenceINS_6BufferIhEEEC2EP10napi_env__P10napi_ref__
FN:2334,_ZN4Napi9ReferenceINS_6BufferIhEEED2Ev
FNDA:0,_ZN4Napi9ReferenceINS_6BufferIhEEED2Ev
FN:2334,_ZN4Napi9ReferenceINS_6ObjectEED2Ev
FNDA:0,_ZN4Napi9ReferenceINS_6ObjectEED2Ev
FN:2334,_ZN4Napi9ReferenceINS_8FunctionEED2Ev
FNDA:0,_ZN4Napi9ReferenceINS_8FunctionEED2Ev
FN:2345,_ZN4Napi9ReferenceINS_8FunctionEEC2EOS2_
FNDA:0,_ZN4Napi9ReferenceINS_8FunctionEEC2EOS2_
FN:2345,_ZN4Napi9ReferenceINS_6ObjectEEC2EOS2_
FNDA:0,_ZN4Napi9ReferenceINS_6ObjectEEC2EOS2_
FN:2353,_ZN4Napi9ReferenceINS_6ObjectEEaSEOS2_
FNDA:0,_ZN4Napi9ReferenceINS_6ObjectEEaSEOS2_
FN:2395,_ZNK4Napi9ReferenceINS_8FunctionEE3EnvEv
FNDA:0,_ZNK4Napi9ReferenceINS_8FunctionEE3EnvEv
FN:2395,_ZNK4Napi9ReferenceINS_6ObjectEE3EnvEv
FNDA:0,_ZNK4Napi9ReferenceINS_6ObjectEE3EnvEv
FN:2400,_ZNK4Napi9ReferenceINS_8FunctionEE7IsEmptyEv
FNDA:0,_ZNK4Napi9ReferenceINS_8FunctionEE7IsEmptyEv
FN:2400,_ZNK4Napi9ReferenceINS_6ObjectEE7IsEmptyEv
FNDA:0,_ZNK4Napi9ReferenceINS_6ObjectEE7IsEmptyEv
FN:2405,_ZNK4Napi9ReferenceINS_8FunctionEE5ValueEv
FNDA:0,_ZNK4Napi9ReferenceINS_8FunctionEE5ValueEv
FN:2405,_ZNK4Napi9ReferenceINS_6ObjectEE5ValueEv
FNDA:0,_ZNK4Napi9ReferenceINS_6ObjectEE5ValueEv
FN:2433,_ZN4Napi9ReferenceINS_6ObjectEE5ResetEv
FNDA:0,_ZN4Napi9ReferenceINS_6ObjectEE5ResetEv
FN:2472,_ZN4Napi10PersistentINS_6BufferIhEEEENS_9ReferenceIT_EES4_
FNDA:0,_ZN4Napi10PersistentINS_6BufferIhEEEENS_9ReferenceIT_EES4_
FN:2476,_ZN4Napi10PersistentENS_6ObjectE
FNDA:0,_ZN4Napi10PersistentENS_6ObjectE
FN:2480,_ZN4Napi10PersistentENS_8FunctionE
FNDA:0,_ZN4Napi10PersistentENS_8FunctionE
FN:2491,_ZN4Napi15ObjectReferenceC2EP10napi_env__P10napi_ref__
FNDA:0,_ZN4Napi15ObjectReferenceC2EP10napi_env__P10napi_ref__
FN:2494,_ZN4Napi15ObjectReferenceC2EONS_9ReferenceINS_6ObjectEEE
FNDA:0,_ZN4Napi15ObjectReferenceC2EONS_9ReferenceINS_6ObjectEEE
FN:2516,_ZNK4Napi15ObjectReference3GetEPKc
FNDA:0,_ZNK4Napi15ObjectReference3GetEPKc
FN:2531,_ZN4Napi15ObjectReference3SetEPKcNS_5ValueE
FNDA:0,_ZN4Napi15ObjectReference3SetEPKcNS_5ValueE
FN:2622,_ZN4Napi17FunctionReferenceC2EONS_9ReferenceINS_8FunctionEEE
FNDA:0,_ZN4Napi17FunctionReferenceC2EONS_9ReferenceINS_8FunctionEEE
FN:2664,_ZNK4Napi17FunctionReference4CallEP12napi_value__RKSt16initializer_listIS2_E
FNDA:0,_ZNK4Napi17FunctionReference4CallEP12napi_value__RKSt16initializer_listIS2_E
FN:2674,_ZNK4Napi17FunctionReference4CallEP12napi_value__RKSt6vectorIS2_SaIS2_EE
FNDA:0,_ZNK4Napi17FunctionReference4CallEP12napi_value__RKSt6vectorIS2_SaIS2_EE
FN:2694,_ZNK4Napi17FunctionReference12MakeCallbackEP12napi_value__RKSt16initializer_listIS2_EP20napi_async_context__
FNDA:0,_ZNK4Napi17FunctionReference12MakeCallbackEP12napi_value__RKSt16initializer_listIS2_EP20napi_async_context__
FN:2745,_ZN4Napi12CallbackInfoC2EP10napi_env__P20napi_callback_info__
FNDA:0,_ZN4Napi12CallbackInfoC2EP10napi_env__P20napi_callback_info__
FN:2763,_ZN4Napi12CallbackInfoD2Ev
FNDA:0,_ZN4Napi12CallbackInfoD2Ev
FN:2780,_ZNK4Napi12CallbackInfo3EnvEv
FNDA:0,_ZNK4Napi12CallbackInfo3EnvEv
FN:2788,_ZNK4Napi12CallbackInfoixEj
FNDA:0,_ZNK4Napi12CallbackInfoixEj
FN:2792,_ZNK4Napi12CallbackInfo4ThisEv
FNDA:0,_ZNK4Napi12CallbackInfo4ThisEv
FN:2799,_ZNK4Napi12CallbackInfo4DataEv
FNDA:0,_ZNK4Napi12CallbackInfo4DataEv
FN:2803,_ZN4Napi12CallbackInfo7SetDataEPv
FNDA:0,_ZN4Napi12CallbackInfo7SetDataEPv
FN:3144,_ZN4Napi10ObjectWrapI9LoRaCommsEC2ERKNS_12CallbackInfoE
FNDA:0,_ZN4Napi10ObjectWrapI9LoRaCommsEC2ERKNS_12CallbackInfoE
FN:3157,_ZN4Napi10ObjectWrapI9LoRaCommsED0Ev
FNDA:0,_ZN4Napi10ObjectWrapI9LoRaCommsED0Ev
FN:3157,_ZN4Napi10ObjectWrapI9LoRaCommsED2Ev
FNDA:0,_ZN4Napi10ObjectWrapI9LoRaCommsED2Ev
FN:3171,_ZN4Napi10ObjectWrapI9LoRaCommsE6UnwrapENS_6ObjectE
FNDA:0,_ZN4Napi10ObjectWrapI9LoRaCommsE6UnwrapENS_6ObjectE
FN:3180,_ZN4Napi10ObjectWrapI9LoRaCommsE11DefineClassENS_3EnvEPKcjPK24napi_property_descriptorPv
FNDA:0,_ZN4Napi10ObjectWrapI9LoRaCommsE11DefineClassENS_3EnvEPKcjPK24napi_property_descriptorPv
FN:3268,_ZN4Napi10ObjectWrapI9LoRaCommsE11DefineClassENS_3EnvEPKcRKSt16initializer_listINS_23ClassPropertyDescriptorIS1_EEEPv
FNDA:0,_ZN4Napi10ObjectWrapI9LoRaCommsE11DefineClassENS_3EnvEPKcRKSt16initializer_listINS_23ClassPropertyDescriptorIS1_EEEPv
FN:3359,_ZN4Napi10ObjectWrapI9LoRaCommsE12StaticMethodIXadL_ZNS1_5StartERKNS_12CallbackInfoEEEEENS_23ClassPropertyDescriptorIS1_EEPKc24napi_property_attributesPv
FNDA:0,_ZN4Napi10ObjectWrapI9LoRaCommsE12StaticMethodIXadL_ZNS1_5StartERKNS_12CallbackInfoEEEEENS_23ClassPropertyDescriptorIS1_EEPKc24napi_property_attributesPv
FN:3359,_ZN4Napi10ObjectWrapI9LoRaCommsE12StaticMethodIXadL_ZNS1_20SetLogMaxMessageSizeERKNS_12CallbackInfoEEEEENS_23ClassPropertyDescriptorIS1_EEPKc24napi_property_attributesPv
FNDA:0,_ZN4Napi10ObjectWrapI9LoRaCommsE12StaticMethodIXadL_ZNS1_20SetLogMaxMessageSizeERKNS_12CallbackInfoEEEEENS_23ClassPropertyDescriptorIS1_EEPKc24napi_property_attributesPv
FN:3359,_ZN4Napi10ObjectWrapI9LoRaCommsE12StaticMethodIXadL_ZNS1_18SetLogWriteTimeoutERKNS_12CallbackInfoEEEEENS_23ClassPropertyDescriptorIS1_EEPKc24napi_property_attributesPv
FNDA:0,_ZN4Napi10ObjectWrapI9LoRaCommsE12StaticMethodIXadL_ZNS1_18SetLogWriteTimeoutERKNS_12CallbackInfoEEEEENS_23ClassPropertyDescriptorIS1_EEPKc24napi_property_attributesPv
FN:3359,_ZN4Napi10ObjectWrapI9LoRaCommsE12StaticMethodIXadL_ZNS1_14SetLogWriteHWMERKNS_12CallbackInfoEEEEENS_23ClassPropertyDescriptorIS1_EEPKc24napi_property_attributesPv
FNDA:0,_ZN4Napi10ObjectWrapI9LoRaCommsE12StaticMethodIXadL_ZNS1_14SetLogWriteHWMERKNS_12CallbackInfoEEEEENS_23ClassPropertyDescriptorIS1_EEPKc24napi_property_attributesPv
FN:3359,_ZN4Napi10ObjectWrapI9LoRaCommsE12StaticMethodIXadL_ZNS1_18GetLogErrorMessageERKNS_12CallbackInfoEEEEENS_23ClassPropertyDescriptorIS1_EEPKc24napi_property_attributesPv
FNDA:0,_ZN4Napi10ObjectWrapI9LoRaCommsE12StaticMethodIXadL_ZNS1_18GetLogErrorMessageERKNS_12CallbackInfoEEEEENS_23ClassPropertyDescriptorIS1_EEPKc24napi_property_attributesPv
FN:3359,_ZN4Napi10ObjectWrapI9LoRaCommsE12StaticMethodIXadL_ZNS1_17GetLogInfoMessageERKNS_12CallbackInfoEEEEENS_23ClassPropertyDescriptorIS1_EEPKc24napi_property_attributesPv
FNDA:0,_ZN4Napi10ObjectWrapI9LoRaCommsE12StaticMethodIXadL_ZNS1_17GetLogInfoMessageERKNS_12CallbackInfoEEEEENS_23ClassPropertyDescriptorIS1_EEPKc24napi_property_attributesPv
FN:3359,_ZN4Napi10ObjectWrapI9LoRaCommsE12StaticMethodIXadL_ZNS1_12ResetLoggingERKNS_12CallbackInfoEEEEENS_23ClassPropertyDescriptorIS1_EEPKc24napi_property_attributesPv
FNDA:0,_ZN4Napi10ObjectWrapI9LoRaCommsE12StaticMethodIXadL_ZNS1_12ResetLoggingERKNS_12CallbackInfoEEEEENS_23ClassPropertyDescriptorIS1_EEPKc24napi_property_attributesPv
FN:3359,_ZN4Napi10ObjectWrapI9LoRaCommsE12StaticMethodIXadL_ZNS1_11StopLoggingERKNS_12CallbackInfoEEEEENS_23ClassPropertyDescriptorIS1_EEPKc24napi_property_attributesPv
FNDA:0,_ZN4Napi10ObjectWrapI9LoRaCommsE12StaticMethodIXadL_ZNS1_11StopLoggingERKNS_12CallbackInfoEEEEENS_23ClassPropertyDescriptorIS1_EEPKc24napi_property_attributesPv
FN:3359,_ZN4Napi10ObjectWrapI9LoRaCommsE12StaticMethodIXadL_ZNS1_16SetGWRecvTimeoutERKNS_12CallbackInfoEEEEENS_23ClassPropertyDescriptorIS1_EEPKc24napi_property_attributesPv
FNDA:0,_ZN4Napi10ObjectWrapI9LoRaCommsE12StaticMethodIXadL_ZNS1_16SetGWRecvTimeoutERKNS_12CallbackInfoEEEEENS_23ClassPropertyDescriptorIS1_EEPKc24napi_property_attributesPv
FN:3359,_ZN4Napi10ObjectWrapI9LoRaCommsE12StaticMethodIXadL_ZNS1_16SetGWSendTimeoutERKNS_12CallbackInfoEEEEENS_23ClassPropertyDescriptorIS1_EEPKc24napi_property_attributesPv
FNDA:0,_ZN4Napi10ObjectWrapI9LoRaCommsE12StaticMethodIXadL_ZNS1_16SetGWSendTimeoutERKNS_12CallbackInfoEEEEENS_23ClassPropertyDescriptorIS1_EEPKc24napi_property_attributesPv
FN:3359,_ZN4Napi10ObjectWrapI9LoRaCommsE12StaticMethodIXadL_ZNS1_12SetGWSendHWMERKNS_12CallbackInfoEEEEENS_23ClassPropertyDescriptorIS1_EEPKc24napi_property_attributesPv
FNDA:0,_ZN4Napi10ObjectWrapI9LoRaCommsE12StaticMethodIXadL_ZNS1_12SetGWSendHWMERKNS_12CallbackInfoEEEEENS_23ClassPropertyDescriptorIS1_EEPKc24napi_property_attributesPv
FN:3359,_ZN4Napi10ObjectWrapI9LoRaCommsE12StaticMethodIXadL_ZNS1_12StartLoggingERKNS_12CallbackInfoEEEEENS_23ClassPropertyDescriptorIS1_EEPKc24napi_property_attributesPv
FNDA:0,_ZN4Napi10ObjectWrapI9LoRaCommsE12StaticMethodIXadL_ZNS1_12StartLoggingERKNS_12CallbackInfoEEEEENS_23ClassPropertyDescriptorIS1_EEPKc24napi_property_attributesPv
FN:3359,_ZN4Napi10ObjectWrapI9LoRaCommsE12StaticMethodIXadL_ZNS1_6SendToERKNS_12CallbackInfoEEEEENS_23ClassPropertyDescriptorIS1_EEPKc24napi_property_attributesPv
FNDA:0,_ZN4Napi10ObjectWrapI9LoRaCommsE12StaticMethodIXadL_ZNS1_6SendToERKNS_12CallbackInfoEEEEENS_23ClassPropertyDescriptorIS1_EEPKc24napi_property_attributesPv
FN:3359,_ZN4Napi10ObjectWrapI9LoRaCommsE12StaticMethodIXadL_ZNS1_8RecvFromERKNS_12CallbackInfoEEEEENS_23ClassPropertyDescriptorIS1_EEPKc24napi_property_attributesPv
FNDA:0,_ZN4Napi10ObjectWrapI9LoRaCommsE12StaticMethodIXadL_ZNS1_8RecvFromERKNS_12CallbackInfoEEEEENS_23ClassPropertyDescriptorIS1_EEPKc24napi_property_attributesPv
FN:3359,_ZN4Napi10ObjectWrapI9LoRaCommsE12StaticMethodIXadL_ZNS1_5ResetERKNS_12CallbackInfoEEEEENS_23ClassPropertyDescriptorIS1_EEPKc24napi_property_attributesPv
FNDA:0,_ZN4Napi10ObjectWrapI9LoRaCommsE12StaticMethodIXadL_ZNS1_5ResetERKNS_12CallbackInfoEEEEENS_23ClassPropertyDescriptorIS1_EEPKc24napi_property_attributesPv
FN:3359,_ZN4Napi10ObjectWrapI9LoRaCommsE12StaticMethodIXadL_ZNS1_4StopERKNS_12CallbackInfoEEEEENS_23ClassPropertyDescriptorIS1_EEPKc24napi_property_attributesPv
FNDA:0,_ZN4Napi10ObjectWrapI9LoRaCommsE12StaticMethodIXadL_ZNS1_4StopERKNS_12CallbackInfoEEEEENS_23ClassPropertyDescriptorIS1_EEPKc24napi_property_attributesPv
FN:3387,_ZN4Napi10ObjectWrapI9LoRaCommsE12StaticMethodIXadL_ZNS1_20GetLogMaxMessageSizeERKNS_12CallbackInfoEEEEENS_23ClassPropertyDescriptorIS1_EEPKc24napi_property_attributesPv
FNDA:0,_ZN4Napi10ObjectWrapI9LoRaCommsE12StaticMethodIXadL_ZNS1_20GetLogMaxMessageSizeERKNS_12CallbackInfoEEEEENS_23ClassPropertyDescriptorIS1_EEPKc24napi_property_attributesPv
FN:3676,_ZN4Napi10ObjectWrapI9LoRaCommsE11StaticValueEPKcNS_5ValueE24napi_property_attributes
FNDA:0,_ZN4Napi10ObjectWrapI9LoRaCommsE11StaticValueEPKcNS_5ValueE24napi_property_attributes
FN:3720,_ZN4Napi10ObjectWrapI9LoRaCommsE8FinalizeENS_3EnvE
FNDA:0,_ZN4Napi10ObjectWrapI9LoRaCommsE8FinalizeENS_3EnvE
FN:3723,_ZN4Napi10ObjectWrapI9LoRaCommsE26ConstructorCallbackWrapperEP10napi_env__P20napi_callback_info__
FNDA:0,_ZN4Napi10ObjectWrapI9LoRaCommsE26ConstructorCallbackWrapperEP10napi_env__P20napi_callback_info__
FN:3736,_ZZN4Napi10ObjectWrapI9LoRaCommsE26ConstructorCallbackWrapperEP10napi_env__P20napi_callback_info__ENKUlvE_clEv
FNDA:0,_ZZN4Napi10ObjectWrapI9LoRaCommsE26ConstructorCallbackWrapperEP10napi_env__P20napi_callback_info__ENKUlvE_clEv
FN:3758,_ZN4Napi10ObjectWrapI9LoRaCommsE31StaticVoidMethodCallbackWrapperEP10napi_env__P20napi_callback_info__
FNDA:0,_ZN4Napi10ObjectWrapI9LoRaCommsE31StaticVoidMethodCallbackWrapperEP10napi_env__P20napi_callback_info__
FN:3761,_ZZN4Napi10ObjectWrapI9LoRaCommsE31StaticVoidMethodCallbackWrapperEP10napi_env__P20napi_callback_info__ENKUlvE_clEv
FNDA:0,_ZZN4Napi10ObjectWrapI9LoRaCommsE31StaticVoidMethodCallbackWrapperEP10napi_env__P20napi_callback_info__ENKUlvE_clEv
FN:3772,_ZN4Napi10ObjectWrapI9LoRaCommsE27StaticMethodCallbackWrapperEP10napi_env__P20napi_callback_info__
FNDA:0,_ZN4Napi10ObjectWrapI9LoRaCommsE27StaticMethodCallbackWrapperEP10napi_env__P20napi_callback_info__
FN:3775,_ZZN4Napi10ObjectWrapI9LoRaCommsE27StaticMethodCallbackWrapperEP10napi_env__P20napi_callback_info__ENKUlvE_clEv
FNDA:0,_ZZN4Napi10ObjectWrapI9LoRaCommsE27StaticMethodCallbackWrapperEP10napi_env__P20napi_callback_info__ENKUlvE_clEv
FN:3785,_ZN4Napi10ObjectWrapI9LoRaCommsE27StaticGetterCallbackWrapperEP10napi_env__P20napi_callback_info__
FNDA:0,_ZN4Napi10ObjectWrapI9LoRaCommsE27StaticGetterCallbackWrapperEP10napi_env__P20napi_callback_info__
FN:3788,_ZZN4Napi10ObjectWrapI9LoRaCommsE27StaticGetterCallbackWrapperEP10napi_env__P20napi_callback_info__ENKUlvE_clEv
FNDA:0,_ZZN4Napi10ObjectWrapI9LoRaCommsE27StaticGetterCallbackWrapperEP10napi_env__P20napi_callback_info__ENKUlvE_clEv
FN:3798,_ZN4Napi10ObjectWrapI9LoRaCommsE27StaticSetterCallbackWrapperEP10napi_env__P20napi_callback_info__
FNDA:0,_ZN4Napi10ObjectWrapI9LoRaCommsE27StaticSetterCallbackWrapperEP10napi_env__P20napi_callback_info__
FN:3801,_ZZN4Napi10ObjectWrapI9LoRaCommsE27StaticSetterCallbackWrapperEP10napi_env__P20napi_callback_info__ENKUlvE_clEv
FNDA:0,_ZZN4Napi10ObjectWrapI9LoRaCommsE27StaticSetterCallbackWrapperEP10napi_env__P20napi_callback_info__ENKUlvE_clEv
FN:3812,_ZN4Napi10ObjectWrapI9LoRaCommsE33InstanceVoidMethodCallbackWrapperEP10napi_env__P20napi_callback_info__
FNDA:0,_ZN4Napi10ObjectWrapI9LoRaCommsE33InstanceVoidMethodCallbackWrapperEP10napi_env__P20napi_callback_info__
FN:3815,_ZZN4Napi10ObjectWrapI9LoRaCommsE33InstanceVoidMethodCallbackWrapperEP10napi_env__P20napi_callback_info__ENKUlvE_clEv
FNDA:0,_ZZN4Napi10ObjectWrapI9LoRaCommsE33InstanceVoidMethodCallbackWrapperEP10napi_env__P20napi_callback_info__ENKUlvE_clEv
FN:3828,_ZN4Napi10ObjectWrapI9LoRaCommsE29InstanceMethodCallbackWrapperEP10napi_env__P20napi_callback_info__
FNDA:0,_ZN4Napi10ObjectWrapI9LoRaCommsE29InstanceMethodCallbackWrapperEP10napi_env__P20napi_callback_info__
FN:3831,_ZZN4Napi10ObjectWrapI9LoRaCommsE29InstanceMethodCallbackWrapperEP10napi_env__P20napi_callback_info__ENKUlvE_clEv
FNDA:0,_ZZN4Napi10ObjectWrapI9LoRaCommsE29InstanceMethodCallbackWrapperEP10napi_env__P20napi_callback_info__ENKUlvE_clEv
FN:3843,_ZN4Napi10ObjectWrapI9LoRaCommsE29InstanceGetterCallbackWrapperEP10napi_env__P20napi_callback_info__
FNDA:0,_ZN4Napi10ObjectWrapI9LoRaCommsE29InstanceGetterCallbackWrapperEP10napi_env__P20napi_callback_info__
FN:3846,_ZZN4Napi10ObjectWrapI9LoRaCommsE29InstanceGetterCallbackWrapperEP10napi_env__P20napi_callback_info__ENKUlvE_clEv
FNDA:0,_ZZN4Napi10ObjectWrapI9LoRaCommsE29InstanceGetterCallbackWrapperEP10napi_env__P20napi_callback_info__ENKUlvE_clEv
FN:3858,_ZN4Napi10ObjectWrapI9LoRaCommsE29InstanceSetterCallbackWrapperEP10napi_env__P20napi_callback_info__
FNDA:0,_ZN4Napi10ObjectWrapI9LoRaCommsE29InstanceSetterCallbackWrapperEP10napi_env__P20napi_callback_info__
FN:3861,_ZZN4Napi10ObjectWrapI9LoRaCommsE29InstanceSetterCallbackWrapperEP10napi_env__P20napi_callback_info__ENKUlvE_clEv
FNDA:0,_ZZN4Napi10ObjectWrapI9LoRaCommsE29InstanceSetterCallbackWrapperEP10napi_env__P20napi_callback_info__ENKUlvE_clEv
FN:3874,_ZN4Napi10ObjectWrapI9LoRaCommsE16FinalizeCallbackEP10napi_env__PvS5_
FNDA:0,_ZN4Napi10ObjectWrapI9LoRaCommsE16FinalizeCallbackEP10napi_env__PvS5_
FN:3882,_ZN4Napi10ObjectWrapI9LoRaCommsE13WrappedMethodIXadL_ZNS1_8RecvFromERKNS_12CallbackInfoEEEEEP12napi_value__P10napi_env__P20napi_callback_info__
FNDA:0,_ZN4Napi10ObjectWrapI9LoRaCommsE13WrappedMethodIXadL_ZNS1_8RecvFromERKNS_12CallbackInfoEEEEEP12napi_value__P10napi_env__P20napi_callback_info__
FN:3882,_ZN4Napi10ObjectWrapI9LoRaCommsE13WrappedMethodIXadL_ZNS1_16SetGWRecvTimeoutERKNS_12CallbackInfoEEEEEP12napi_value__P10napi_env__P20napi_callback_info__
FNDA:0,_ZN4Napi10ObjectWrapI9LoRaCommsE13WrappedMethodIXadL_ZNS1_16SetGWRecvTimeoutERKNS_12CallbackInfoEEEEEP12napi_value__P10napi_env__P20napi_callback_info__
FN:3882,_ZN4Napi10ObjectWrapI9LoRaCommsE13WrappedMethodIXadL_ZNS1_6SendToERKNS_12CallbackInfoEEEEEP12napi_value__P10napi_env__P20napi_callback_info__
FNDA:0,_ZN4Napi10ObjectWrapI9LoRaCommsE13WrappedMethodIXadL_ZNS1_6SendToERKNS_12CallbackInfoEEEEEP12napi_value__P10napi_env__P20napi_callback_info__
FN:3882,_ZN4Napi10ObjectWrapI9LoRaCommsE13WrappedMethodIXadL_ZNS1_12SetGWSendHWMERKNS_12CallbackInfoEEEEEP12napi_value__P10napi_env__P20napi_callback_info__
FNDA:0,_ZN4Napi10ObjectWrapI9LoRaCommsE13WrappedMethodIXadL_ZNS1_12SetGWSendHWMERKNS_12CallbackInfoEEEEEP12napi_value__P10napi_env__P20napi_callback_info__
FN:3882,_ZN4Napi10ObjectWrapI9LoRaCommsE13WrappedMethodIXadL_ZNS1_16SetGWSendTimeoutERKNS_12CallbackInfoEEEEEP12napi_value__P10napi_env__P20napi_callback_info__
FNDA:0,_ZN4Napi10ObjectWrapI9LoRaCommsE13WrappedMethodIXadL_ZNS1_16SetGWSendTimeoutERKNS_12CallbackInfoEEEEEP12napi_value__P10napi_env__P20napi_callback_info__
FN:3882,_ZN4Napi10ObjectWrapI9LoRaCommsE13WrappedMethodIXadL_ZNS1_12StartLoggingERKNS_12CallbackInfoEEEEEP12napi_value__P10napi_env__P20napi_callback_info__
FNDA:0,_ZN4Napi10ObjectWrapI9LoRaCommsE13WrappedMethodIXadL_ZNS1_12StartLoggingERKNS_12CallbackInfoEEEEEP12napi_value__P10napi_env__P20napi_callback_info__
FN:3882,_ZN4Napi10ObjectWrapI9LoRaCommsE13WrappedMethodIXadL_ZNS1_11StopLoggingERKNS_12CallbackInfoEEEEEP12napi_value__P10napi_env__P20napi_callback_info__
FNDA:0,_ZN4Napi10ObjectWrapI9LoRaCommsE13WrappedMethodIXadL_ZNS1_11StopLoggingERKNS_12CallbackInfoEEEEEP12napi_value__P10napi_env__P20napi_callback_info__
FN:3882,_ZN4Napi10ObjectWrapI9LoRaCommsE13WrappedMethodIXadL_ZNS1_12ResetLoggingERKNS_12CallbackInfoEEEEEP12napi_value__P10napi_env__P20napi_callback_info__
FNDA:0,_ZN4Napi10ObjectWrapI9LoRaCommsE13WrappedMethodIXadL_ZNS1_12ResetLoggingERKNS_12CallbackInfoEEEEEP12napi_value__P10napi_env__P20napi_callback_info__
FN:3882,_ZN4Napi10ObjectWrapI9LoRaCommsE13WrappedMethodIXadL_ZNS1_17GetLogInfoMessageERKNS_12CallbackInfoEEEEEP12napi_value__P10napi_env__P20napi_callback_info__
FNDA:0,_ZN4Napi10ObjectWrapI9LoRaCommsE13WrappedMethodIXadL_ZNS1_17GetLogInfoMessageERKNS_12CallbackInfoEEEEEP12napi_value__P10napi_env__P20napi_callback_info__
FN:3882,_ZN4Napi10ObjectWrapI9LoRaCommsE13WrappedMethodIXadL_ZNS1_18GetLogErrorMessageERKNS_12CallbackInfoEEEEEP12napi_value__P10napi_env__P20napi_callback_info__
FNDA:0,_ZN4Napi10ObjectWrapI9LoRaCommsE13WrappedMethodIXadL_ZNS1_18GetLogErrorMessageERKNS_12CallbackInfoEEEEEP12napi_value__P10napi_env__P20napi_callback_info__
FN:3882,_ZN4Napi10ObjectWrapI9LoRaCommsE13WrappedMethodIXadL_ZNS1_14SetLogWriteHWMERKNS_12CallbackInfoEEEEEP12napi_value__P10napi_env__P20napi_callback_info__
FNDA:0,_ZN4Napi10ObjectWrapI9LoRaCommsE13WrappedMethodIXadL_ZNS1_14SetLogWriteHWMERKNS_12CallbackInfoEEEEEP12napi_value__P10napi_env__P20napi_callback_info__
FN:3882,_ZN4Napi10ObjectWrapI9LoRaCommsE13WrappedMethodIXadL_ZNS1_18SetLogWriteTimeoutERKNS_12CallbackInfoEEEEEP12napi_value__P10napi_env__P20napi_callback_info__
FNDA:0,_ZN4Napi10ObjectWrapI9LoRaCommsE13WrappedMethodIXadL_ZNS1_18SetLogWriteTimeoutERKNS_12CallbackInfoEEEEEP12napi_value__P10napi_env__P20napi_callback_info__
FN:3882,_ZN4Napi10ObjectWrapI9LoRaCommsE13WrappedMethodIXadL_ZNS1_20SetLogMaxMessageSizeERKNS_12CallbackInfoEEEEEP12napi_value__P10napi_env__P20napi_callback_info__
FNDA:0,_ZN4Napi10ObjectWrapI9LoRaCommsE13WrappedMethodIXadL_ZNS1_20SetLogMaxMessageSizeERKNS_12CallbackInfoEEEEEP12napi_value__P10napi_env__P20napi_callback_info__
FN:3882,_ZN4Napi10ObjectWrapI9LoRaCommsE13WrappedMethodIXadL_ZNS1_5ResetERKNS_12CallbackInfoEEEEEP12napi_value__P10napi_env__P20napi_callback_info__
FNDA:0,_ZN4Napi10ObjectWrapI9LoRaCommsE13WrappedMethodIXadL_ZNS1_5ResetERKNS_12CallbackInfoEEEEEP12napi_value__P10napi_env__P20napi_callback_info__
FN:3882,_ZN4Napi10ObjectWrapI9LoRaCommsE13WrappedMethodIXadL_ZNS1_4StopERKNS_12CallbackInfoEEEEEP12napi_value__P10napi_env__P20napi_callback_info__
FNDA:0,_ZN4Napi10ObjectWrapI9LoRaCommsE13WrappedMethodIXadL_ZNS1_4StopERKNS_12CallbackInfoEEEEEP12napi_value__P10napi_env__P20napi_callback_info__
FN:3882,_ZN4Napi10ObjectWrapI9LoRaCommsE13WrappedMethodIXadL_ZNS1_5StartERKNS_12CallbackInfoEEEEEP12napi_value__P10napi_env__P20napi_callback_info__
FNDA:0,_ZN4Napi10ObjectWrapI9LoRaCommsE13WrappedMethodIXadL_ZNS1_5StartERKNS_12CallbackInfoEEEEEP12napi_value__P10napi_env__P20napi_callback_info__
FN:3883,_ZZN4Napi10ObjectWrapI9LoRaCommsE13WrappedMethodIXadL_ZNS1_8RecvFromERKNS_12CallbackInfoEEEEEP12napi_value__P10napi_env__P20napi_callback_info__ENKUlvE_clEv
FNDA:0,_ZZN4Napi10ObjectWrapI9LoRaCommsE13WrappedMethodIXadL_ZNS1_8RecvFromERKNS_12CallbackInfoEEEEEP12napi_value__P10napi_env__P20napi_callback_info__ENKUlvE_clEv
FN:3883,_ZZN4Napi10ObjectWrapI9LoRaCommsE13WrappedMethodIXadL_ZNS1_20SetLogMaxMessageSizeERKNS_12CallbackInfoEEEEEP12napi_value__P10napi_env__P20napi_callback_info__ENKUlvE_clEv
FNDA:0,_ZZN4Napi10ObjectWrapI9LoRaCommsE13WrappedMethodIXadL_ZNS1_20SetLogMaxMessageSizeERKNS_12CallbackInfoEEEEEP12napi_value__P10napi_env__P20napi_callback_info__ENKUlvE_clEv
FN:3883,_ZZN4Napi10ObjectWrapI9LoRaCommsE13WrappedMethodIXadL_ZNS1_18SetLogWriteTimeoutERKNS_12CallbackInfoEEEEEP12napi_value__P10napi_env__P20napi_callback_info__ENKUlvE_clEv
FNDA:0,_ZZN4Napi10ObjectWrapI9LoRaCommsE13WrappedMethodIXadL_ZNS1_18SetLogWriteTimeoutERKNS_12CallbackInfoEEEEEP12napi_value__P10napi_env__P20napi_callback_info__ENKUlvE_clEv
FN:3883,_ZZN4Napi10ObjectWrapI9LoRaCommsE13WrappedMethodIXadL_ZNS1_14SetLogWriteHWMERKNS_12CallbackInfoEEEEEP12napi_value__P10napi_env__P20napi_callback_info__ENKUlvE_clEv
FNDA:0,_ZZN4Napi10ObjectWrapI9LoRaCommsE13WrappedMethodIXadL_ZNS1_14SetLogWriteHWMERKNS_12CallbackInfoEEEEEP12napi_value__P10napi_env__P20napi_callback_info__ENKUlvE_clEv
FN:3883,_ZZN4Napi10ObjectWrapI9LoRaCommsE13WrappedMethodIXadL_ZNS1_18GetLogErrorMessageERKNS_12CallbackInfoEEEEEP12napi_value__P10napi_env__P20napi_callback_info__ENKUlvE_clEv
FNDA:0,_ZZN4Napi10ObjectWrapI9LoRaCommsE13WrappedMethodIXadL_ZNS1_18GetLogErrorMessageERKNS_12CallbackInfoEEEEEP12napi_value__P10napi_env__P20napi_callback_info__ENKUlvE_clEv
FN:3883,_ZZN4Napi10ObjectWrapI9LoRaCommsE13WrappedMethodIXadL_ZNS1_17GetLogInfoMessageERKNS_12CallbackInfoEEEEEP12napi_value__P10napi_env__P20napi_callback_info__ENKUlvE_clEv
FNDA:0,_ZZN4Napi10ObjectWrapI9LoRaCommsE13WrappedMethodIXadL_ZNS1_17GetLogInfoMessageERKNS_12CallbackInfoEEEEEP12napi_value__P10napi_env__P20napi_callback_info__ENKUlvE_clEv
FN:3883,_ZZN4Napi10ObjectWrapI9LoRaCommsE13WrappedMethodIXadL_ZNS1_12ResetLoggingERKNS_12CallbackInfoEEEEEP12napi_value__P10napi_env__P20napi_callback_info__ENKUlvE_clEv
FNDA:0,_ZZN4Napi10ObjectWrapI9LoRaCommsE13WrappedMethodIXadL_ZNS1_12ResetLoggingERKNS_12CallbackInfoEEEEEP12napi_value__P10napi_env__P20napi_callback_info__ENKUlvE_clEv
FN:3883,_ZZN4Napi10ObjectWrapI9LoRaCommsE13WrappedMethodIXadL_ZNS1_11StopLoggingERKNS_12CallbackInfoEEEEEP12napi_value__P10napi_env__P20napi_callback_info__ENKUlvE_clEv
FNDA:0,_ZZN4Napi10ObjectWrapI9LoRaCommsE13WrappedMethodIXadL_ZNS1_11StopLoggingERKNS_12CallbackInfoEEEEEP12napi_value__P10napi_env__P20napi_callback_info__ENKUlvE_clEv
FN:3883,_ZZN4Napi10ObjectWrapI9LoRaCommsE13WrappedMethodIXadL_ZNS1_5StartERKNS_12CallbackInfoEEEEEP12napi_value__P10napi_env__P20napi_callback_info__ENKUlvE_clEv
FNDA:0,_ZZN4Napi10ObjectWrapI9LoRaCommsE13WrappedMethodIXadL_ZNS1_5StartERKNS_12CallbackInfoEEEEEP12napi_value__P10napi_env__P20napi_callback_info__ENKUlvE_clEv
FN:3883,_ZZN4Napi10ObjectWrapI9LoRaCommsE13WrappedMethodIXadL_ZNS1_12StartLoggingERKNS_12CallbackInfoEEEEEP12napi_value__P10napi_env__P20napi_callback_info__ENKUlvE_clEv
FNDA:0,_ZZN4Napi10ObjectWrapI9LoRaCommsE13WrappedMethodIXadL_ZNS1_12StartLoggingERKNS_12CallbackInfoEEEEEP12napi_value__P10napi_env__P20napi_callback_info__ENKUlvE_clEv
FN:3883,_ZZN4Napi10ObjectWrapI9LoRaCommsE13WrappedMethodIXadL_ZNS1_5ResetERKNS_12CallbackInfoEEEEEP12napi_value__P10napi_env__P20napi_callback_info__ENKUlvE_clEv
FNDA:0,_ZZN4Napi10ObjectWrapI9LoRaCommsE13WrappedMethodIXadL_ZNS1_5ResetERKNS_12CallbackInfoEEEEEP12napi_value__P10napi_env__P20napi_callback_info__ENKUlvE_clEv
FN:3883,_ZZN4Napi10ObjectWrapI9LoRaCommsE13WrappedMethodIXadL_ZNS1_6SendToERKNS_12CallbackInfoEEEEEP12napi_value__P10napi_env__P20napi_callback_info__ENKUlvE_clEv
FNDA:0,_ZZN4Napi10ObjectWrapI9LoRaCommsE13WrappedMethodIXadL_ZNS1_6SendToERKNS_12CallbackInfoEEEEEP12napi_value__P10napi_env__P20napi_callback_info__ENKUlvE_clEv
FN:3883,_ZZN4Napi10ObjectWrapI9LoRaCommsE13WrappedMethodIXadL_ZNS1_12SetGWSendHWMERKNS_12CallbackInfoEEEEEP12napi_value__P10napi_env__P20napi_callback_info__ENKUlvE_clEv
FNDA:0,_ZZN4Napi10ObjectWrapI9LoRaCommsE13WrappedMethodIXadL_ZNS1_12SetGWSendHWMERKNS_12CallbackInfoEEEEEP12napi_value__P10napi_env__P20napi_callback_info__ENKUlvE_clEv
FN:3883,_ZZN4Napi10ObjectWrapI9LoRaCommsE13WrappedMethodIXadL_ZNS1_4StopERKNS_12CallbackInfoEEEEEP12napi_value__P10napi_env__P20napi_callback_info__ENKUlvE_clEv
FNDA:0,_ZZN4Napi10ObjectWrapI9LoRaCommsE13WrappedMethodIXadL_ZNS1_4StopERKNS_12CallbackInfoEEEEEP12napi_value__P10napi_env__P20napi_callback_info__ENKUlvE_clEv
FN:3883,_ZZN4Napi10ObjectWrapI9LoRaCommsE13WrappedMethodIXadL_ZNS1_16SetGWSendTimeoutERKNS_12CallbackInfoEEEEEP12napi_value__P10napi_env__P20napi_callback_info__ENKUlvE_clEv
FNDA:0,_ZZN4Napi10ObjectWrapI9LoRaCommsE13WrappedMethodIXadL_ZNS1_16SetGWSendTimeoutERKNS_12CallbackInfoEEEEEP12napi_value__P10napi_env__P20napi_callback_info__ENKUlvE_clEv
FN:3883,_ZZN4Napi10ObjectWrapI9LoRaCommsE13WrappedMethodIXadL_ZNS1_16SetGWRecvTimeoutERKNS_12CallbackInfoEEEEEP12napi_value__P10napi_env__P20napi_callback_info__ENKUlvE_clEv
FNDA:0,_ZZN4Napi10ObjectWrapI9LoRaCommsE13WrappedMethodIXadL_ZNS1_16SetGWRecvTimeoutERKNS_12CallbackInfoEEEEEP12napi_value__P10napi_env__P20napi_callback_info__ENKUlvE_clEv
FN:3891,_ZN4Napi10ObjectWrapI9LoRaCommsE13WrappedMethodIXadL_ZNS1_20GetLogMaxMessageSizeERKNS_12CallbackInfoEEEEEP12napi_value__P10napi_env__P20napi_callback_info__
FNDA:0,_ZN4Napi10ObjectWrapI9LoRaCommsE13WrappedMethodIXadL_ZNS1_20GetLogMaxMessageSizeERKNS_12CallbackInfoEEEEEP12napi_value__P10napi_env__P20napi_callback_info__
FN:3892,_ZZN4Napi10ObjectWrapI9LoRaCommsE13WrappedMethodIXadL_ZNS1_20GetLogMaxMessageSizeERKNS_12CallbackInfoEEEEEP12napi_value__P10napi_env__P20napi_callback_info__ENKUlvE_clEv
FNDA:0,_ZZN4Napi10ObjectWrapI9LoRaCommsE13WrappedMethodIXadL_ZNS1_20GetLogMaxMessageSizeERKNS_12CallbackInfoEEEEEP12napi_value__P10napi_env__P20napi_callback_info__ENKUlvE_clEv
FN:3947,_ZN4Napi11HandleScopeC2ENS_3EnvE
FNDA:0,_ZN4Napi11HandleScopeC2ENS_3EnvE
FN:3952,_ZN4Napi11HandleScopeD2Ev
FNDA:0,_ZN4Napi11HandleScopeD2Ev
FN:3975,_ZN4Napi20EscapableHandleScopeC2ENS_3EnvE
FNDA:0,_ZN4Napi20EscapableHandleScopeC2ENS_3EnvE
FN:3980,_ZN4Napi20EscapableHandleScopeD2Ev
FNDA:0,_ZN4Napi20EscapableHandleScopeD2Ev
FN:3991,_ZNK4Napi20EscapableHandleScope3EnvEv
FNDA:0,_ZNK4Napi20EscapableHandleScope3EnvEv
FN:3995,_ZN4Napi20EscapableHandleScope6EscapeEP12napi_value__
FNDA:0,_ZN4Napi20EscapableHandleScope6EscapeEP12napi_value__
FN:4091,_ZN4Napi11AsyncWorkerC2ERKNS_8FunctionE
FNDA:0,_ZN4Napi11AsyncWorkerC2ERKNS_8FunctionE
FN:4095,_ZN4Napi11AsyncWorkerC2ERKNS_8FunctionEPKc
FNDA:0,_ZN4Napi11AsyncWorkerC2ERKNS_8FunctionEPKc
FN:4100,_ZN4Napi11AsyncWorkerC2ERKNS_8FunctionEPKcRKNS_6ObjectE
FNDA:0,_ZN4Napi11AsyncWorkerC2ERKNS_8FunctionEPKcRKNS_6ObjectE
FN:4123,_ZN4Napi11AsyncWorkerC2ERKNS_6ObjectERKNS_8FunctionEPKcS3_
FNDA:0,_ZN4Napi11AsyncWorkerC2ERKNS_6ObjectERKNS_8FunctionEPKcS3_
FN:4167,_ZN4Napi11AsyncWorkerD0Ev
FNDA:0,_ZN4Napi11AsyncWorkerD0Ev
FN:4167,_ZN4Napi11AsyncWorkerD2Ev
FNDA:0,_ZN4Napi11AsyncWorkerD2Ev
FN:4174,_ZN4Napi11AsyncWorker7DestroyEv
FNDA:0,_ZN4Napi11AsyncWorker7DestroyEv
FN:4205,_ZNK4Napi11AsyncWorker3EnvEv
FNDA:0,_ZNK4Napi11AsyncWorker3EnvEv
FN:4209,_ZN4Napi11AsyncWorker5QueueEv
FNDA:0,_ZN4Napi11AsyncWorker5QueueEv
FN:4219,_ZN4Napi11AsyncWorker8ReceiverEv
FNDA:0,_ZN4Napi11AsyncWorker8ReceiverEv
FN:4223,_ZN4Napi11AsyncWorker8CallbackEv
FNDA:0,_ZN4Napi11AsyncWorker8CallbackEv
FN:4231,_ZN4Napi11AsyncWorker4OnOKEv
FNDA:0,_ZN4Napi11AsyncWorker4OnOKEv
FN:4237,_ZN4Napi11AsyncWorker7OnErrorERKNS_5ErrorE
FNDA:0,_ZN4Napi11AsyncWorker7OnErrorERKNS_5ErrorE
FN:4243,_ZN4Napi11AsyncWorker8SetErrorERKNSt7__cxx1112basic_stringIcSt11char_traitsIcESaIcEEE
FNDA:0,_ZN4Napi11AsyncWorker8SetErrorERKNSt7__cxx1112basic_stringIcSt11char_traitsIcESaIcEEE
FN:4247,_ZN4Napi11AsyncWorker9GetResultENS_3EnvE
FNDA:0,_ZN4Napi11AsyncWorker9GetResultENS_3EnvE
FN:4254,_ZN4Napi11AsyncWorker18OnAsyncWorkExecuteEP10napi_env__Pv
FNDA:0,_ZN4Napi11AsyncWorker18OnAsyncWorkExecuteEP10napi_env__Pv
FN:4262,_ZN4Napi11AsyncWorker9OnExecuteENS_3EnvE
FNDA:0,_ZN4Napi11AsyncWorker9OnExecuteENS_3EnvE
FN:4274,_ZN4Napi11AsyncWorker19OnAsyncWorkCompleteEP10napi_env__11napi_statusPv
FNDA:0,_ZN4Napi11AsyncWorker19OnAsyncWorkCompleteEP10napi_env__11napi_statusPv
FN:4280,_ZN4Napi11AsyncWorker14OnWorkCompleteENS_3EnvE11napi_status
FNDA:0,_ZN4Napi11AsyncWorker14OnWorkCompleteENS_3EnvE11napi_status
FN:4283,_ZZN4Napi11AsyncWorker14OnWorkCompleteENS_3EnvE11napi_statusENKUlvE_clEv
FNDA:0,_ZZN4Napi11AsyncWorker14OnWorkCompleteENS_3EnvE11napi_statusENKUlvE_clEv
DA:27,0
DA:33,0
DA:34,0
DA:62,0
DA:64,0
DA:27,0
DA:33,0
DA:34,0
DA:62,0
DA:64,0
DA:27,0
DA:33,0
DA:34,0
DA:62,0
DA:64,0
DA:27,0
DA:33,0
DA:34,0
DA:62,0
DA:64,0
DA:27,0
DA:33,0
DA:34,0
DA:62,0
DA:64,0
DA:27,0
DA:33,0
DA:34,0
DA:62,0
DA:64,0
DA:34,0
DA:34,0
DA:34,0
DA:34,0
DA:34,0
DA:34,0
DA:35,0
DA:70,0
DA:73,0
DA:74,0
DA:75,0
DA:76,0
DA:70,0
DA:73,0
DA:74,0
DA:75,0
DA:76,0
DA:70,0
DA:73,0
DA:74,0
DA:75,0
DA:76,0
DA:70,0
DA:73,0
DA:74,0
DA:75,0
DA:76,0
DA:70,0
DA:73,0
DA:74,0
DA:75,0
DA:76,0
DA:70,0
DA:73,0
DA:74,0
DA:75,0
DA:76,0
DA:70,0
DA:73,0
DA:74,0
DA:75,0
DA:76,0
DA:70,0
DA:73,0
DA:74,0
DA:75,0
DA:76,0
DA:70,0
DA:73,0
DA:74,0
DA:75,0
DA:76,0
DA:70,0
DA:73,0
DA:74,0
DA:75,0
DA:76,0
DA:70,0
DA:73,0
DA:74,0
DA:75,0
DA:76,0
DA:70,0
DA:73,0
DA:74,0
DA:75,0
DA:76,0
DA:70,0
DA:73,0
DA:74,0
DA:75,0
DA:76,0
DA:70,0
DA:73,0
DA:74,0
DA:75,0
DA:76,0
DA:70,0
DA:73,0
DA:74,0
DA:75,0
DA:76,0
DA:70,0
DA:73,0
DA:74,0
DA:75,0
DA:76,0
DA:70,0
DA:73,0
DA:74,0
DA:75,0
DA:76,0
DA:70,0
DA:73,0
DA:74,0
DA:75,0
DA:76,0
DA:70,0
DA:73,0
DA:74,0
DA:75,0
DA:76,0
DA:70,0
DA:73,0
DA:74,0
DA:75,0
DA:76,0
DA:70,0
DA:73,0
DA:74,0
DA:75,0
DA:76,0
DA:70,0
DA:73,0
DA:74,0
DA:75,0
DA:76,0
DA:70,0
DA:73,0
DA:74,0
DA:75,0
DA:76,0
DA:70,0
DA:73,0
DA:74,0
DA:75,0
DA:76,0
DA:70,0
DA:73,0
DA:74,0
DA:75,0
DA:76,0
DA:70,0
DA:73,0
DA:74,0
DA:75,0
DA:76,0
DA:70,0
DA:73,0
DA:74,0
DA:75,0
DA:76,0
DA:70,0
DA:73,0
DA:74,0
DA:75,0
DA:76,0
DA:251,0
DA:254,0
DA:255,0
DA:256,0
DA:257,0
DA:264,0
DA:265,0
DA:267,0
DA:268,0
DA:278,0
DA:280,0
DA:281,0
DA:282,0
DA:285,0
DA:287,0
DA:288,0
DA:289,0
DA:292,0
DA:294,0
DA:295,0
DA:296,0
DA:374,0
DA:375,0
DA:377,0
DA:378,0
DA:396,0
DA:397,0
DA:400,0
DA:401,0
DA:537,0
DA:538,0
DA:537,0
DA:538,0
DA:537,0
DA:538,0
DA:537,0
DA:538,0
DA:537,0
DA:538,0
DA:601,0
DA:603,0
DA:604,0
DA:605,0
DA:611,0
DA:612,0
DA:614,0
DA:615,0
DA:618,0
DA:619,0
DA:634,0
DA:636,0
DA:637,0
DA:638,0
DA:641,0
DA:643,0
DA:644,0
DA:645,0
DA:767,0
DA:768,0
DA:813,0
DA:814,0
DA:816,0
DA:817,0
DA:824,0
DA:826,0
DA:827,0
DA:829,0
DA:830,0
DA:831,0
DA:832,0
DA:833,0
DA:834,0
DA:931,0
DA:932,0
DA:931,0
DA:932,0
DA:951,0
DA:961,0
DA:951,0
DA:961,0
DA:1006,0
DA:1008,0
DA:1009,0
DA:1010,0
DA:1016,0
DA:1017,0
DA:1107,0
DA:1109,0
DA:1110,0
DA:1111,0
DA:1133,0
DA:1135,0
DA:1136,0
DA:1137,0
DA:1133,0
DA:1135,0
DA:1136,0
DA:1137,0
DA:1631,0
DA:1632,0
DA:1633,0
DA:1741,0
DA:1742,0
DA:1743,0
DA:1744,0
DA:1745,0
DA:1746,0
DA:1788,0
DA:1794,0
DA:1795,0
DA:1796,0
DA:1799,0
DA:1788,0
DA:1794,0
DA:1795,0
DA:1796,0
DA:1799,0
DA:1881,0
DA:1882,0
DA:1900,0
DA:1901,0
DA:1904,0
DA:1905,0
DA:1908,0
DA:1910,0
DA:1911,0
DA:1912,0
DA:1913,0
DA:1916,0
DA:1920,0
DA:1930,0
DA:1936,0
DA:1937,0
DA:1938,0
DA:1939,0
DA:2075,0
DA:2076,0
DA:2077,0
DA:2085,0
DA:2086,0
DA:2087,0
DA:2091,0
DA:2092,0
DA:2093,0
DA:2097,0
DA:2101,0
DA:2104,0
DA:2105,0
DA:2106,0
DA:2107,0
DA:2109,0
DA:2115,0
DA:2117,0
DA:2123,0
DA:2124,0
DA:2126,0
DA:2127,0
DA:2130,0
DA:2131,0
DA:2132,0
DA:2135,0
DA:2136,0
DA:2139,0
DA:2144,0
DA:2146,0
DA:2147,0
DA:2151,0
DA:2152,0
DA:2153,0
DA:2154,0
DA:2155,0
DA:2157,0
DA:2160,0
DA:2167,0
DA:2168,0
DA:2171,0
DA:2172,0
DA:2178,0
DA:2179,0
DA:2180,0
DA:2184,0
DA:2186,0
DA:2214,0
DA:2215,0
DA:2218,0
DA:2220,0
DA:2228,0
DA:2231,0
DA:2232,0
DA:2233,0
DA:2239,0
DA:2242,0
DA:2243,0
DA:2249,0
DA:2253,0
DA:2254,0
DA:2260,0
DA:2265,0
DA:2266,0
DA:2269,0
DA:2270,0
DA:2272,0
DA:2308,0
DA:2309,0
DA:2310,0
DA:2312,0
DA:2313,0
DA:2317,0
DA:2318,0
DA:2320,0
DA:2308,0
DA:2309,0
DA:2310,0
DA:2312,0
DA:2313,0
DA:2317,0
DA:2318,0
DA:2320,0
DA:2308,0
DA:2309,0
DA:2310,0
DA:2312,0
DA:2313,0
DA:2317,0
DA:2318,0
DA:2320,0
DA:2325,0
DA:2326,0
DA:2329,0
DA:2330,0
DA:2331,0
DA:2329,0
DA:2330,0
DA:2331,0
DA:2329,0
DA:2330,0
DA:2331,0
DA:2334,0
DA:2335,0
DA:2336,0
DA:2337,0
DA:2340,0
DA:2342,0
DA:2334,0
DA:2335,0
DA:2336,0
DA:2337,0
DA:2340,0
DA:2342,0
DA:2334,0
DA:2335,0
DA:2336,0
DA:2337,0
DA:2340,0
DA:2342,0
DA:2345,0
DA:2346,0
DA:2347,0
DA:2348,0
DA:2349,0
DA:2350,0
DA:2345,0
DA:2346,0
DA:2347,0
DA:2348,0
DA:2349,0
DA:2350,0
DA:2353,0
DA:2354,0
DA:2355,0
DA:2356,0
DA:2357,0
DA:2358,0
DA:2359,0
DA:2360,0
DA:2361,0
DA:2395,0
DA:2396,0
DA:2395,0
DA:2396,0
DA:2400,0
DA:2401,0
DA:2400,0
DA:2401,0
DA:2405,0
DA:2406,0
DA:2407,0
DA:2411,0
DA:2412,0
DA:2413,0
DA:2405,0
DA:2406,0
DA:2407,0
DA:2411,0
DA:2412,0
DA:2413,0
DA:2433,0
DA:2434,0
DA:2435,0
DA:2436,0
DA:2437,0
DA:2439,0
DA:2472,0
DA:2473,0
DA:2476,0
DA:2477,0
DA:2480,0
DA:2481,0
DA:2491,0
DA:2492,0
DA:2494,0
DA:2495,0
DA:2496,0
DA:2516,0
DA:2517,0
DA:2518,0
DA:2531,0
DA:2532,0
DA:2533,0
DA:2534,0
DA:2622,0
DA:2623,0
DA:2624,0
DA:2664,0
DA:2666,0
DA:2667,0
DA:2668,0
DA:2669,0
DA:2671,0
DA:2674,0
DA:2676,0
DA:2677,0
DA:2678,0
DA:2679,0
DA:2681,0
DA:2694,0
DA:2698,0
DA:2699,0
DA:2700,0
DA:2701,0
DA:2703,0
DA:2745,0
DA:2746,0
DA:2747,0
DA:2748,0
DA:2749,0
DA:2750,0
DA:2752,0
DA:2755,0
DA:2756,0
DA:2758,0
DA:2759,0
DA:2761,0
DA:2763,0
DA:2764,0
DA:2765,0
DA:2767,0
DA:2780,0
DA:2781,0
DA:2788,0
DA:2789,0
DA:2792,0
DA:2793,0
DA:2794,0
DA:2796,0
DA:2799,0
DA:2800,0
DA:2803,0
DA:2804,0
DA:2805,0
DA:3144,0
DA:3145,0
DA:3146,0
DA:3149,0
DA:3150,0
DA:3152,0
DA:3153,0
DA:3154,0
DA:3157,0
DA:3168,0
DA:3157,0
DA:3160,0
DA:3161,0
DA:3164,0
DA:3165,0
DA:3168,0
DA:3171,0
DA:3173,0
DA:3174,0
DA:3175,0
DA:3180,0
DA:3186,0
DA:3196,0
DA:3197,0
DA:3198,0
DA:3199,0
DA:3200,0
DA:3203,0
DA:3205,0
DA:3206,0
DA:3207,0
DA:3208,0
DA:3209,0
DA:3212,0
DA:3214,0
DA:3215,0
DA:3216,0
DA:3221,0
DA:3227,0
DA:3229,0
DA:3234,0
DA:3235,0
DA:3237,0
DA:3238,0
DA:3239,0
DA:3241,0
DA:3242,0
DA:3243,0
DA:3244,0
DA:3245,0
DA:3247,0
DA:3248,0
DA:3249,0
DA:3250,0
DA:3251,0
DA:3253,0
DA:3254,0
DA:3255,0
DA:3256,0
DA:3258,0
DA:3259,0
DA:3264,0
DA:3268,0
DA:3273,0
DA:3276,0
DA:3277,0
DA:3359,0
DA:3363,0
DA:3364,0
DA:3365,0
DA:3366,0
DA:3367,0
DA:3368,0
DA:3359,0
DA:3363,0
DA:3364,0
DA:3365,0
DA:3366,0
DA:3367,0
DA:3368,0
DA:3359,0
DA:3363,0
DA:3364,0
DA:3365,0
DA:3366,0
DA:3367,0
DA:3368,0
DA:3359,0
DA:3363,0
DA:3364,0
DA:3365,0
DA:3366,0
DA:3367,0
DA:3368,0
DA:3359,0
DA:3363,0
DA:3364,0
DA:3365,0
DA:3366,0
DA:3367,0
DA:3368,0
DA:3359,0
DA:3363,0
DA:3364,0
DA:3365,0
DA:3366,0
DA:3367,0
DA:3368,0
DA:3359,0
DA:3363,0
DA:3364,0
DA:3365,0
DA:3366,0
DA:3367,0
DA:3368,0
DA:3359,0
DA:3363,0
DA:3364,0
DA:3365,0
DA:3366,0
DA:3367,0
DA:3368,0
DA:3359,0
DA:3363,0
DA:3364,0
DA:3365,0
DA:3366,0
DA:3367,0
DA:3368,0
DA:3359,0
DA:3363,0
DA:3364,0
DA:3365,0
DA:3366,0
DA:3367,0
DA:3368,0
DA:3359,0
DA:3363,0
DA:3364,0
DA:3365,0
DA:3366,0
DA:3367,0
DA:3368,0
DA:3359,0
DA:3363,0
DA:3364,0
DA:3365,0
DA:3366,0
DA:3367,0
DA:3368,0
DA:3359,0
DA:3363,0
DA:3364,0
DA:3365,0
DA:3366,0
DA:3367,0
DA:3368,0
DA:3359,0
DA:3363,0
DA:3364,0
DA:3365,0
DA:3366,0
DA:3367,0
DA:3368,0
DA:3359,0
DA:3363,0
DA:3364,0
DA:3365,0
DA:3366,0
DA:3367,0
DA:3368,0
DA:3359,0
DA:3363,0
DA:3364,0
DA:3365,0
DA:3366,0
DA:3367,0
DA:3368,0
DA:3387,0
DA:3391,0
DA:3392,0
DA:3393,0
DA:3394,0
DA:3395,0
DA:3396,0
DA:3676,0
DA:3678,0
DA:3679,0
DA:3680,0
DA:3681,0
DA:3682,0
DA:3720,0
DA:3723,0
DA:3727,0
DA:3728,0
DA:3730,0
DA:3731,0
DA:3732,0
DA:3733,0
DA:3736,0
DA:3737,0
DA:3738,0
DA:3740,0
DA:3751,0
DA:3754,0
DA:3758,0
DA:3761,0
DA:3762,0
DA:3764,0
DA:3765,0
DA:3766,0
DA:3767,0
DA:3768,0
DA:3772,0
DA:3775,0
DA:3776,0
DA:3778,0
DA:3779,0
DA:3780,0
DA:3781,0
DA:3785,0
DA:3788,0
DA:3789,0
DA:3791,0
DA:3792,0
DA:3793,0
DA:3794,0
DA:3798,0
DA:3801,0
DA:3802,0
DA:3804,0
DA:3805,0
DA:3806,0
DA:3807,0
DA:3808,0
DA:3812,0
DA:3815,0
DA:3816,0
DA:3818,0
DA:3819,0
DA:3820,0
DA:3821,0
DA:3822,0
DA:3823,0
DA:3824,0
DA:3828,0
DA:3831,0
DA:3832,0
DA:3834,0
DA:3835,0
DA:3836,0
DA:3837,0
DA:3838,0
DA:3839,0
DA:3843,0
DA:3846,0
DA:3847,0
DA:3849,0
DA:3850,0
DA:3851,0
DA:3852,0
DA:3853,0
DA:3854,0
DA:3858,0
DA:3861,0
DA:3862,0
DA:3864,0
DA:3865,0
DA:3866,0
DA:3867,0
DA:3868,0
DA:3869,0
DA:3870,0
DA:3874,0
DA:3875,0
DA:3876,0
DA:3877,0
DA:3878,0
DA:3882,0
DA:3883,0
DA:3886,0
DA:3882,0
DA:3883,0
DA:3886,0
DA:3882,0
DA:3883,0
DA:3886,0
DA:3882,0
DA:3883,0
DA:3886,0
DA:3882,0
DA:3883,0
DA:3886,0
DA:3882,0
DA:3883,0
DA:3886,0
DA:3882,0
DA:3883,0
DA:3886,0
DA:3882,0
DA:3883,0
DA:3886,0
DA:3882,0
DA:3883,0
DA:3886,0
DA:3882,0
DA:3883,0
DA:3886,0
DA:3882,0
DA:3883,0
DA:3886,0
DA:3882,0
DA:3883,0
DA:3886,0
DA:3882,0
DA:3883,0
DA:3886,0
DA:3882,0
DA:3883,0
DA:3886,0
DA:3882,0
DA:3883,0
DA:3886,0
DA:3882,0
DA:3883,0
DA:3886,0
DA:3883,0
DA:3883,0
DA:3883,0
DA:3883,0
DA:3883,0
DA:3883,0
DA:3883,0
DA:3883,0
DA:3883,0
DA:3883,0
DA:3883,0
DA:3883,0
DA:3883,0
DA:3883,0
DA:3883,0
DA:3883,0
DA:3884,0
DA:3885,0
DA:3891,0
DA:3892,0
DA:3893,0
DA:3894,0
DA:3947,0
DA:3948,0
DA:3949,0
DA:3950,0
DA:3952,0
DA:3953,0
DA:3954,0
DA:3957,0
DA:3975,0
DA:3976,0
DA:3977,0
DA:3978,0
DA:3980,0
DA:3981,0
DA:3982,0
DA:3985,0
DA:3991,0
DA:3992,0
DA:3995,0
DA:3997,0
DA:3998,0
DA:3999,0
DA:4091,0
DA:4092,0
DA:4093,0
DA:4095,0
DA:4096,0
DA:4097,0
DA:4098,0
DA:4100,0
DA:4102,0
DA:4103,0
DA:4106,0
DA:4107,0
DA:4123,0
DA:4126,0
DA:4127,0
DA:4130,0
DA:4132,0
DA:4134,0
DA:4136,0
DA:4138,0
DA:4139,0
DA:4167,0
DA:4172,0
DA:4167,0
DA:4168,0
DA:4169,0
DA:4170,0
DA:4172,0
DA:4174,0
DA:4175,0
DA:4176,0
DA:4205,0
DA:4206,0
DA:4209,0
DA:4210,0
DA:4211,0
DA:4212,0
DA:4219,0
DA:4220,0
DA:4223,0
DA:4224,0
DA:4231,0
DA:4232,0
DA:4233,0
DA:4235,0
DA:4237,0
DA:4238,0
DA:4239,0
DA:4241,0
DA:4243,0
DA:4244,0
DA:4245,0
DA:4247,0
DA:4248,0
DA:4254,0
DA:4255,0
DA:4256,0
DA:4257,0
DA:4262,0
DA:4265,0
DA:4266,0
DA:4267,0
DA:4272,0
DA:4274,0
DA:4277,0
DA:4278,0
DA:4279,0
DA:4280,0
DA:4281,0
DA:4282,0
DA:4283,0
DA:4284,0
DA:4285,0
DA:4288,0
DA:4290,0
DA:4293,0
DA:4294,0
DA:4296,0
end_of_record
SF:/usr/include/c++/9/bits/stl_vector.h
FN:94,_ZNSt12_Vector_baseI24napi_property_descriptorSaIS0_EE17_Vector_impl_dataC2Ev
FNDA:0,_ZNSt12_Vector_baseI24napi_property_descriptorSaIS0_EE17_Vector_impl_dataC2Ev
FN:94,_ZNSt12_Vector_baseIP12napi_value__SaIS1_EE17_Vector_impl_dataC2Ev
FNDA:0,_ZNSt12_Vector_baseIP12napi_value__SaIS1_EE17_Vector_impl_dataC2Ev
FN:128,_ZNSt12_Vector_baseIP12napi_value__SaIS1_EE12_Vector_implC2Ev
FNDA:0,_ZNSt12_Vector_baseIP12napi_value__SaIS1_EE12_Vector_implC2Ev
FN:133,_ZNSt12_Vector_baseI24napi_property_descriptorSaIS0_EE12_Vector_implC2ERKS1_
FNDA:0,_ZNSt12_Vector_baseI24napi_property_descriptorSaIS0_EE12_Vector_implC2ERKS1_
FN:273,_ZNSt12_Vector_baseIP12napi_value__SaIS1_EE19_M_get_Tp_allocatorEv
FNDA:0,_ZNSt12_Vector_baseIP12napi_value__SaIS1_EE19_M_get_Tp_allocatorEv
FN:273,_ZNSt12_Vector_baseI24napi_property_descriptorSaIS0_EE19_M_get_Tp_allocatorEv
FNDA:0,_ZNSt12_Vector_baseI24napi_property_descriptorSaIS0_EE19_M_get_Tp_allocatorEv
FN:285,_ZNSt12_Vector_baseIP12napi_value__SaIS1_EEC2Ev
FNDA:0,_ZNSt12_Vector_baseIP12napi_value__SaIS1_EEC2Ev
FN:300,_ZNSt12_Vector_baseI24napi_property_descriptorSaIS0_EEC2EjRKS1_
FNDA:0,_ZNSt12_Vector_baseI24napi_property_descriptorSaIS0_EEC2EjRKS1_
FN:330,_ZNSt12_Vector_baseI24napi_property_descriptorSaIS0_EED2Ev
FNDA:0,_ZNSt12_Vector_baseI24napi_property_descriptorSaIS0_EED2Ev
FN:330,_ZNSt12_Vector_baseIP12napi_value__SaIS1_EED2Ev
FNDA:0,_ZNSt12_Vector_baseIP12napi_value__SaIS1_EED2Ev
FN:340,_ZNSt12_Vector_baseI24napi_property_descriptorSaIS0_EE11_M_allocateEj
FNDA:0,_ZNSt12_Vector_baseI24napi_property_descriptorSaIS0_EE11_M_allocateEj
FN:347,_ZNSt12_Vector_baseIP12napi_value__SaIS1_EE13_M_deallocateEPS1_j
FNDA:0,_ZNSt12_Vector_baseIP12napi_value__SaIS1_EE13_M_deallocateEPS1_j
FN:347,_ZNSt12_Vector_baseI24napi_property_descriptorSaIS0_EE13_M_deallocateEPS0_j
FNDA:0,_ZNSt12_Vector_baseI24napi_property_descriptorSaIS0_EE13_M_deallocateEPS0_j
FN:356,_ZNSt12_Vector_baseI24napi_property_descriptorSaIS0_EE17_M_create_storageEj
FNDA:0,_ZNSt12_Vector_baseI24napi_property_descriptorSaIS0_EE17_M_create_storageEj
FN:484,_ZNSt6vectorIP12napi_value__SaIS1_EEC2Ev
FNDA:0,_ZNSt6vectorIP12napi_value__SaIS1_EEC2Ev
FN:507,_ZNSt6vectorI24napi_property_descriptorSaIS0_EEC2EjRKS1_
FNDA:0,_ZNSt6vectorI24napi_property_descriptorSaIS0_EEC2EjRKS1_
FN:675,_ZNSt6vectorI24napi_property_descriptorSaIS0_EED2Ev
FNDA:0,_ZNSt6vectorI24napi_property_descriptorSaIS0_EED2Ev
FN:675,_ZNSt6vectorIP12napi_value__SaIS1_EED2Ev
FNDA:0,_ZNSt6vectorIP12napi_value__SaIS1_EED2Ev
FN:915,_ZNKSt6vectorIP12napi_value__SaIS1_EE4sizeEv
FNDA:0,_ZNKSt6vectorIP12napi_value__SaIS1_EE4sizeEv
FN:1040,_ZNSt6vectorI24napi_property_descriptorSaIS0_EEixEj
FNDA:0,_ZNSt6vectorI24napi_property_descriptorSaIS0_EEixEj
FN:1165,_ZNSt6vectorI24napi_property_descriptorSaIS0_EE4dataEv
FNDA:0,_ZNSt6vectorI24napi_property_descriptorSaIS0_EE4dataEv
FN:1169,_ZNKSt6vectorIP12napi_value__SaIS1_EE4dataEv
FNDA:0,_ZNKSt6vectorIP12napi_value__SaIS1_EE4dataEv
FN:1600,_ZNSt6vectorI24napi_property_descriptorSaIS0_EE21_M_default_initializeEj
FNDA:0,_ZNSt6vectorI24napi_property_descriptorSaIS0_EE21_M_default_initializeEj
FN:1764,_ZNSt6vectorI24napi_property_descriptorSaIS0_EE17_S_check_init_lenEjRKS1_
FNDA:0,_ZNSt6vectorI24napi_property_descriptorSaIS0_EE17_S_check_init_lenEjRKS1_
FN:1773,_ZNSt6vectorI24napi_property_descriptorSaIS0_EE11_S_max_sizeERKS1_
FNDA:0,_ZNSt6vectorI24napi_property_descriptorSaIS0_EE11_S_max_sizeERKS1_
FN:1840,_ZNKSt6vectorIP12napi_value__SaIS1_EE11_M_data_ptrIS1_EEPT_S6_
FNDA:0,_ZNKSt6vectorIP12napi_value__SaIS1_EE11_M_data_ptrIS1_EEPT_S6_
FN:1840,_ZNKSt6vectorI24napi_property_descriptorSaIS0_EE11_M_data_ptrIS0_EEPT_S5_
FNDA:0,_ZNKSt6vectorI24napi_property_descriptorSaIS0_EE11_M_data_ptrIS0_EEPT_S5_
DA:94,0
DA:95,0
DA:96,0
DA:94,0
DA:95,0
DA:96,0
DA:128,0
DA:130,0
DA:131,0
DA:133,0
DA:134,0
DA:135,0
DA:273,0
DA:274,0
DA:273,0
DA:274,0
DA:285,0
DA:300,0
DA:301,0
DA:302,0
DA:330,0
DA:332,0
DA:333,0
DA:334,0
DA:330,0
DA:332,0
DA:333,0
DA:334,0
DA:340,0
DA:343,0
DA:347,0
DA:350,0
DA:351,0
DA:352,0
DA:347,0
DA:350,0
DA:351,0
DA:352,0
DA:356,0
DA:358,0
DA:359,0
DA:360,0
DA:361,0
DA:484,0
DA:507,0
DA:508,0
DA:509,0
DA:675,0
DA:677,0
DA:678,0
DA:680,0
DA:675,0
DA:677,0
DA:678,0
DA:680,0
DA:915,0
DA:916,0
DA:1040,0
DA:1043,0
DA:1165,0
DA:1166,0
DA:1169,0
DA:1170,0
DA:1600,0
DA:1602,0
DA:1603,0
DA:1604,0
DA:1605,0
DA:1764,0
DA:1766,0
DA:1767,0
DA:1769,0
DA:1773,0
DA:1778,0
DA:1780,0
DA:1781,0
DA:1840,0
DA:1841,0
DA:1840,0
DA:1841,0
end_of_record
SF:/usr/include/c++/9/bits/basic_string.h
FN:243,_ZNSt7__cxx1112basic_stringIcSt11char_traitsIcESaIcEE16_M_construct_auxIPcEEvT_S7_St12__false_type
FNDA:0,_ZNSt7__cxx1112basic_stringIcSt11char_traitsIcESaIcEE16_M_construct_auxIPcEEvT_S7_St12__false_type
FN:243,_ZNSt7__cxx1112basic_stringIcSt11char_traitsIcESaIcEE16_M_construct_auxIPKcEEvT_S8_St12__false_type
FNDA:0,_ZNSt7__cxx1112basic_stringIcSt11char_traitsIcESaIcEE16_M_construct_auxIPKcEEvT_S8_St12__false_type
FN:263,_ZNSt7__cxx1112basic_stringIcSt11char_traitsIcESaIcEE12_M_constructIPcEEvT_S7_
FNDA:0,_ZNSt7__cxx1112basic_stringIcSt11char_traitsIcESaIcEE12_M_constructIPcEEvT_S7_
FN:263,_ZNSt7__cxx1112basic_stringIcSt11char_traitsIcESaIcEE12_M_constructIPKcEEvT_S8_
FNDA:0,_ZNSt7__cxx1112basic_stringIcSt11char_traitsIcESaIcEE12_M_constructIPKcEEvT_S8_
FN:625,_ZNSt7__cxx1112basic_stringIcSt11char_traitsIcESaIcEEC2IPcvEET_S7_RKS3_
FNDA:0,_ZNSt7__cxx1112basic_stringIcSt11char_traitsIcESaIcEEC2IPcvEET_S7_RKS3_
FN:6546,_ZNSt7__cxx119to_stringEi
FNDA:0,_ZNSt7__cxx119to_stringEi
DA:243,0
DA:247,0
DA:248,0
DA:243,0
DA:247,0
DA:248,0
DA:263,0
DA:266,0
DA:267,0
DA:263,0
DA:266,0
DA:267,0
DA:625,0
DA:627,0
DA:628,0
DA:6546,0
DA:6548,0
end_of_record
SF:/usr/include/c++/9/bits/stl_iterator_base_types.h
FN:205,_ZSt19__iterator_categoryIPcENSt15iterator_traitsIT_E17iterator_categoryERKS2_
FNDA:0,_ZSt19__iterator_categoryIPcENSt15iterator_traitsIT_E17iterator_categoryERKS2_
FN:205,_ZSt19__iterator_categoryIPKcENSt15iterator_traitsIT_E17iterator_categoryERKS3_
FNDA:0,_ZSt19__iterator_categoryIPKcENSt15iterator_traitsIT_E17iterator_categoryERKS3_
DA:205,0
DA:206,0
DA:205,0
DA:206,0
end_of_record
SF:/usr/include/c++/9/bits/stl_algobase.h
FN:198,_ZSt3minIjERKT_S2_S2_
FNDA:0,_ZSt3minIjERKT_S2_S2_
FN:280,_ZSt12__niter_baseIP24napi_property_descriptorET_S2_
FNDA:0,_ZSt12__niter_baseIP24napi_property_descriptorET_S2_
FN:295,_ZSt12__niter_wrapIP24napi_property_descriptorET_RKS2_S2_
FNDA:0,_ZSt12__niter_wrapIP24napi_property_descriptorET_RKS2_S2_
FN:756,_ZSt10__fill_n_aIP24napi_property_descriptorjS0_EN9__gnu_cxx11__enable_ifIXntsrSt11__is_scalarIT1_E7__valueET_E6__typeES7_T0_RKS5_
FNDA:0,_ZSt10__fill_n_aIP24napi_property_descriptorjS0_EN9__gnu_cxx11__enable_ifIXntsrSt11__is_scalarIT1_E7__valueET_E6__typeES7_T0_RKS5_
FN:802,_ZSt6fill_nIP24napi_property_descriptorjS0_ET_S2_T0_RKT1_
FNDA:0,_ZSt6fill_nIP24napi_property_descriptorjS0_ET_S2_T0_RKT1_
DA:198,0
DA:203,0
DA:204,0
DA:205,0
DA:280,0
DA:282,0
DA:295,0
DA:296,0
DA:756,0
DA:758,0
DA:759,0
DA:760,0
DA:761,0
DA:802,0
DA:808,0
DA:809,0
end_of_record
SF:/usr/include/c++/9/bits/alloc_traits.h
FN:443,_ZNSt16allocator_traitsISaI24napi_property_descriptorEE8allocateERS1_j
FNDA:0,_ZNSt16allocator_traitsISaI24napi_property_descriptorEE8allocateERS1_j
FN:469,_ZNSt16allocator_traitsISaI24napi_property_descriptorEE10deallocateERS1_PS0_j
FNDA:0,_ZNSt16allocator_traitsISaI24napi_property_descriptorEE10deallocateERS1_PS0_j
FN:469,_ZNSt16allocator_traitsISaIP12napi_value__EE10deallocateERS2_PS1_j
FNDA:0,_ZNSt16allocator_traitsISaIP12napi_value__EE10deallocateERS2_PS1_j
FN:505,_ZNSt16allocator_traitsISaI24napi_property_descriptorEE8max_sizeERKS1_
FNDA:0,_ZNSt16allocator_traitsISaI24napi_property_descriptorEE8max_sizeERKS1_
DA:443,0
DA:444,0
DA:469,0
DA:470,0
DA:469,0
DA:470,0
DA:505,0
DA:506,0
end_of_record
SF:/usr/include/c++/9/ext/new_allocator.h
FN:80,_ZN9__gnu_cxx13new_allocatorI24napi_property_descriptorEC2Ev
FNDA:0,_ZN9__gnu_cxx13new_allocatorI24napi_property_descriptorEC2Ev
FN:80,_ZN9__gnu_cxx13new_allocatorIP12napi_value__EC2Ev
FNDA:0,_ZN9__gnu_cxx13new_allocatorIP12napi_value__EC2Ev
FN:80,_ZN9__gnu_cxx13new_allocatorIcEC2Ev
FNDA:0,_ZN9__gnu_cxx13new_allocatorIcEC2Ev
FN:83,_ZN9__gnu_cxx13new_allocatorI24napi_property_descriptorEC2ERKS2_
FNDA:0,_ZN9__gnu_cxx13new_allocatorI24napi_property_descriptorEC2ERKS2_
FN:89,_ZN9__gnu_cxx13new_allocatorI24napi_property_descriptorED2Ev
FNDA:0,_ZN9__gnu_cxx13new_allocatorI24napi_property_descriptorED2Ev
FN:89,_ZN9__gnu_cxx13new_allocatorIP12napi_value__ED2Ev
FNDA:0,_ZN9__gnu_cxx13new_allocatorIP12napi_value__ED2Ev
FN:89,_ZN9__gnu_cxx13new_allocatorIcED2Ev
FNDA:0,_ZN9__gnu_cxx13new_allocatorIcED2Ev
FN:102,_ZN9__gnu_cxx13new_allocatorI24napi_property_descriptorE8allocateEjPKv
FNDA:0,_ZN9__gnu_cxx13new_allocatorI24napi_property_descriptorE8allocateEjPKv
FN:119,_ZN9__gnu_cxx13new_allocatorI24napi_property_descriptorE10deallocateEPS1_j
FNDA:0,_ZN9__gnu_cxx13new_allocatorI24napi_property_descriptorE10deallocateEPS1_j
FN:119,_ZN9__gnu_cxx13new_allocatorIP12napi_value__E10deallocateEPS2_j
FNDA:0,_ZN9__gnu_cxx13new_allocatorIP12napi_value__E10deallocateEPS2_j
FN:132,_ZNK9__gnu_cxx13new_allocatorI24napi_property_descriptorE8max_sizeEv
FNDA:0,_ZNK9__gnu_cxx13new_allocatorI24napi_property_descriptorE8max_sizeEv
DA:80,0
DA:80,0
DA:80,0
DA:83,0
DA:89,0
DA:89,0
DA:89,0
DA:102,0
DA:104,0
DA:105,0
DA:114,0
DA:119,0
DA:128,0
DA:129,0
DA:119,0
DA:128,0
DA:129,0
DA:132,0
DA:135,0
end_of_record
SF:/usr/include/c++/9/ext/string_conversions.h
FN:99,_ZN9__gnu_cxx12__to_xstringINSt7__cxx1112basic_stringIcSt11char_traitsIcESaIcEEEcEET_PFiPT0_jPKS8_St9__va_listEjSB_z
FNDA:0,_ZN9__gnu_cxx12__to_xstringINSt7__cxx1112basic_stringIcSt11char_traitsIcESaIcEEEcEET_PFiPT0_jPKS8_St9__va_listEjSB_z
DA:99,0
DA:105,0
DA:109,0
DA:111,0
DA:113,0
DA:115,0
end_of_record
SF:/home/ubuntu/node-lora-comms/node_modules/node-addon-api/napi.h
FN:1641,_ZN4Napi23ClassPropertyDescriptorI9LoRaCommsEC2E24napi_property_descriptor
FNDA:0,_ZN4Napi23ClassPropertyDescriptorI9LoRaCommsEC2E24napi_property_descriptor
DA:1641,0
end_of_record
SF:/usr/include/c++/9/bits/basic_string.tcc
FN:206,_ZNSt7__cxx1112basic_stringIcSt11char_traitsIcESaIcEE12_M_constructIPcEEvT_S7_St20forward_iterator_tag
FNDA:0,_ZNSt7__cxx1112basic_stringIcSt11char_traitsIcESaIcEE12_M_constructIPcEEvT_S7_St20forward_iterator_tag
FN:206,_ZNSt7__cxx1112basic_stringIcSt11char_traitsIcESaIcEE12_M_constructIPKcEEvT_S8_St20forward_iterator_tag
FNDA:0,_ZNSt7__cxx1112basic_stringIcSt11char_traitsIcESaIcEE12_M_constructIPKcEEvT_S8_St20forward_iterator_tag
DA:206,0
DA:211,0
DA:212,0
DA:215,0
DA:217,0
DA:219,0
DA:220,0
DA:225,0
DA:226,0
DA:228,0
DA:229,0
DA:232,0
DA:233,0
DA:206,0
DA:211,0
DA:212,0
DA:215,0
DA:217,0
DA:219,0
DA:220,0
DA:225,0
DA:226,0
DA:228,0
DA:229,0
DA:232,0
DA:233,0
end_of_record
SF:/usr/include/c++/9/bits/char_traits.h
FN:329,_ZNSt11char_traitsIcE6lengthEPKc
FNDA:0,_ZNSt11char_traitsIcE6lengthEPKc
DA:329,0
DA:335,0
end_of_record
SF:/usr/include/c++/9/bits/stl_construct.h
FN:117,_ZNSt12_Destroy_auxILb1EE9__destroyIP24napi_property_descriptorEEvT_S4_
FNDA:0,_ZNSt12_Destroy_auxILb1EE9__destroyIP24napi_property_descriptorEEvT_S4_
FN:117,_ZNSt12_Destroy_auxILb1EE9__destroyIPP12napi_value__EEvT_S5_
FNDA:0,_ZNSt12_Destroy_auxILb1EE9__destroyIPP12napi_value__EEvT_S5_
FN:127,_ZSt8_DestroyIP24napi_property_descriptorEvT_S2_
FNDA:0,_ZSt8_DestroyIP24napi_property_descriptorEvT_S2_
FN:127,_ZSt8_DestroyIPP12napi_value__EvT_S3_
FNDA:0,_ZSt8_DestroyIPP12napi_value__EvT_S3_
FN:203,_ZSt8_DestroyIP24napi_property_descriptorS0_EvT_S2_RSaIT0_E
FNDA:0,_ZSt8_DestroyIP24napi_property_descriptorS0_EvT_S2_RSaIT0_E
FN:203,_ZSt8_DestroyIPP12napi_value__S1_EvT_S3_RSaIT0_E
FNDA:0,_ZSt8_DestroyIPP12napi_value__S1_EvT_S3_RSaIT0_E
DA:117,0
DA:117,0
DA:127,0
DA:137,0
DA:138,0
DA:127,0
DA:137,0
DA:138,0
DA:203,0
DA:206,0
DA:207,0
DA:203,0
DA:206,0
DA:207,0
end_of_record
SF:/usr/include/c++/9/initializer_list
FN:71,_ZNKSt16initializer_listIN4Napi23ClassPropertyDescriptorI9LoRaCommsEEE4sizeEv
FNDA:0,_ZNKSt16initializer_listIN4Napi23ClassPropertyDescriptorI9LoRaCommsEEE4sizeEv
FN:71,_ZNKSt16initializer_listIP12napi_value__E4sizeEv
FNDA:0,_ZNKSt16initializer_listIP12napi_value__E4sizeEv
FN:75,_ZNKSt16initializer_listIN4Napi23ClassPropertyDescriptorI9LoRaCommsEEE5beginEv
FNDA:0,_ZNKSt16initializer_listIN4Napi23ClassPropertyDescriptorI9LoRaCommsEEE5beginEv
FN:75,_ZNKSt16initializer_listIP12napi_value__E5beginEv
FNDA:0,_ZNKSt16initializer_listIP12napi_value__E5beginEv
DA:71,0
DA:71,0
DA:75,0
DA:75,0
end_of_record
SF:/usr/include/c++/9/bits/stl_iterator_base_funcs.h
FN:98,_ZSt10__distanceIPcENSt15iterator_traitsIT_E15difference_typeES2_S2_St26random_access_iterator_tag
FNDA:0,_ZSt10__distanceIPcENSt15iterator_traitsIT_E15difference_typeES2_S2_St26random_access_iterator_tag
FN:98,_ZSt10__distanceIPKcENSt15iterator_traitsIT_E15difference_typeES3_S3_St26random_access_iterator_tag
FNDA:0,_ZSt10__distanceIPKcENSt15iterator_traitsIT_E15difference_typeES3_S3_St26random_access_iterator_tag
FN:138,_ZSt8distanceIPcENSt15iterator_traitsIT_E15difference_typeES2_S2_
FNDA:0,_ZSt8distanceIPcENSt15iterator_traitsIT_E15difference_typeES2_S2_
FN:138,_ZSt8distanceIPKcENSt15iterator_traitsIT_E15difference_typeES3_S3_
FNDA:0,_ZSt8distanceIPKcENSt15iterator_traitsIT_E15difference_typeES3_S3_
DA:98,0
DA:104,0
DA:98,0
DA:104,0
DA:138,0
DA:141,0
DA:142,0
DA:138,0
DA:141,0
DA:142,0
end_of_record
SF:/usr/include/c++/9/bits/move.h
FN:99,_ZSt4moveIRSaIcEEONSt16remove_referenceIT_E4typeEOS3_
FNDA:0,_ZSt4moveIRSaIcEEONSt16remove_referenceIT_E4typeEOS3_
FN:99,_ZSt4moveIRN4Napi9ReferenceINS0_8FunctionEEEEONSt16remove_referenceIT_E4typeEOS6_
FNDA:0,_ZSt4moveIRN4Napi9ReferenceINS0_8FunctionEEEEONSt16remove_referenceIT_E4typeEOS6_
FN:99,_ZSt4moveIRN4Napi9ReferenceINS0_6ObjectEEEEONSt16remove_referenceIT_E4typeEOS6_
FNDA:0,_ZSt4moveIRN4Napi9ReferenceINS0_6ObjectEEEEONSt16remove_referenceIT_E4typeEOS6_
DA:99,0
DA:100,0
DA:99,0
DA:100,0
DA:99,0
DA:100,0
end_of_record
