TN:
SF:/home/pi/node-lora-comms/node_modules/node-addon-api/napi-inl.h
FN:27,_ZN4Napi7detailsL10AttachDataINS_10ObjectWrapI9LoRaCommsE18MethodCallbackDataIPFNS_5ValueERKNS_12CallbackInfoEEEEEE11napi_statusP10napi_env__P12napi_value__PT_PFvSF_PvSK_ESK_
FN:27,_ZN4Napi7detailsL10AttachDataINS_10ObjectWrapI9LoRaCommsE20AccessorCallbackDataIMS3_FNS_5ValueERKNS_12CallbackInfoEEMS3_FvS9_RKS6_EEEEE11napi_statusP10napi_env__P12napi_value__PT_PFvSJ_PvSO_ESO_
FN:27,_ZN4Napi7detailsL10AttachDataINS_10ObjectWrapI9LoRaCommsE18MethodCallbackDataIPFvRKNS_12CallbackInfoEEEEEE11napi_statusP10napi_env__P12napi_value__PT_PFvSE_PvSJ_ESJ_
FN:27,_ZN4Napi7detailsL10AttachDataINS_10ObjectWrapI9LoRaCommsE20AccessorCallbackDataIPFNS_5ValueERKNS_12CallbackInfoEEPFvS9_RKS6_EEEEE11napi_statusP10napi_env__P12napi_value__PT_PFvSJ_PvSO_ESO_
FN:27,_ZN4Napi7detailsL10AttachDataINS_10ObjectWrapI9LoRaCommsE18MethodCallbackDataIMS3_FNS_5ValueERKNS_12CallbackInfoEEEEEE11napi_statusP10napi_env__P12napi_value__PT_PFvSF_PvSK_ESK_
FN:27,_ZN4Napi7detailsL10AttachDataINS_10ObjectWrapI9LoRaCommsE18MethodCallbackDataIMS3_FvRKNS_12CallbackInfoEEEEEE11napi_statusP10napi_env__P12napi_value__PT_PFvSE_PvSJ_ESJ_
FN:34,_ZZN4Napi7detailsL10AttachDataINS_10ObjectWrapI9LoRaCommsE18MethodCallbackDataIMS3_FvRKNS_12CallbackInfoEEEEEE11napi_statusP10napi_env__P12napi_value__PT_PFvSE_PvSJ_ESJ_ENKUlSE_SJ_SJ_E_clESE_SJ_SJ_
FN:34,_ZZN4Napi7detailsL10AttachDataINS_10ObjectWrapI9LoRaCommsE18MethodCallbackDataIPFvRKNS_12CallbackInfoEEEEEE11napi_statusP10napi_env__P12napi_value__PT_PFvSE_PvSJ_ESJ_ENKUlSE_SJ_SJ_E_cvSL_Ev
FN:34,_ZZN4Napi7detailsL10AttachDataINS_10ObjectWrapI9LoRaCommsE18MethodCallbackDataIMS3_FNS_5ValueERKNS_12CallbackInfoEEEEEE11napi_statusP10napi_env__P12napi_value__PT_PFvSF_PvSK_ESK_ENKUlSF_SK_SK_E_cvSM_Ev
FN:34,_ZZN4Napi7detailsL10AttachDataINS_10ObjectWrapI9LoRaCommsE18MethodCallbackDataIPFNS_5ValueERKNS_12CallbackInfoEEEEEE11napi_statusP10napi_env__P12napi_value__PT_PFvSF_PvSK_ESK_ENUlSF_SK_SK_E_4_FUNESF_SK_SK_
FN:34,_ZZN4Napi7detailsL10AttachDataINS_10ObjectWrapI9LoRaCommsE18MethodCallbackDataIMS3_FNS_5ValueERKNS_12CallbackInfoEEEEEE11napi_statusP10napi_env__P12napi_value__PT_PFvSF_PvSK_ESK_ENKUlSF_SK_SK_E_clESF_SK_SK_
FN:34,_ZZN4Napi7detailsL10AttachDataINS_10ObjectWrapI9LoRaCommsE20AccessorCallbackDataIMS3_FNS_5ValueERKNS_12CallbackInfoEEMS3_FvS9_RKS6_EEEEE11napi_statusP10napi_env__P12napi_value__PT_PFvSJ_PvSO_ESO_ENKUlSJ_SO_SO_E_cvSQ_Ev
FN:34,_ZZN4Napi7detailsL10AttachDataINS_10ObjectWrapI9LoRaCommsE20AccessorCallbackDataIPFNS_5ValueERKNS_12CallbackInfoEEPFvS9_RKS6_EEEEE11napi_statusP10napi_env__P12napi_value__PT_PFvSJ_PvSO_ESO_ENUlSJ_SO_SO_E_4_FUNESJ_SO_SO_
FN:34,_ZZN4Napi7detailsL10AttachDataINS_10ObjectWrapI9LoRaCommsE18MethodCallbackDataIMS3_FNS_5ValueERKNS_12CallbackInfoEEEEEE11napi_statusP10napi_env__P12napi_value__PT_PFvSF_PvSK_ESK_ENUlSF_SK_SK_E_4_FUNESF_SK_SK_
FN:34,_ZZN4Napi7detailsL10AttachDataINS_10ObjectWrapI9LoRaCommsE20AccessorCallbackDataIMS3_FNS_5ValueERKNS_12CallbackInfoEEMS3_FvS9_RKS6_EEEEE11napi_statusP10napi_env__P12napi_value__PT_PFvSJ_PvSO_ESO_ENKUlSJ_SO_SO_E_clESJ_SO_SO_
FN:34,_ZZN4Napi7detailsL10AttachDataINS_10ObjectWrapI9LoRaCommsE18MethodCallbackDataIPFvRKNS_12CallbackInfoEEEEEE11napi_statusP10napi_env__P12napi_value__PT_PFvSE_PvSJ_ESJ_ENKUlSE_SJ_SJ_E_clESE_SJ_SJ_
FN:34,_ZZN4Napi7detailsL10AttachDataINS_10ObjectWrapI9LoRaCommsE18MethodCallbackDataIPFvRKNS_12CallbackInfoEEEEEE11napi_statusP10napi_env__P12napi_value__PT_PFvSE_PvSJ_ESJ_ENUlSE_SJ_SJ_E_4_FUNESE_SJ_SJ_
FN:34,_ZZN4Napi7detailsL10AttachDataINS_10ObjectWrapI9LoRaCommsE18MethodCallbackDataIMS3_FvRKNS_12CallbackInfoEEEEEE11napi_statusP10napi_env__P12napi_value__PT_PFvSE_PvSJ_ESJ_ENUlSE_SJ_SJ_E_4_FUNESE_SJ_SJ_
FN:34,_ZZN4Napi7detailsL10AttachDataINS_10ObjectWrapI9LoRaCommsE18MethodCallbackDataIMS3_FvRKNS_12CallbackInfoEEEEEE11napi_statusP10napi_env__P12napi_value__PT_PFvSE_PvSJ_ESJ_ENKUlSE_SJ_SJ_E_cvSL_Ev
FN:34,_ZZN4Napi7detailsL10AttachDataINS_10ObjectWrapI9LoRaCommsE20AccessorCallbackDataIPFNS_5ValueERKNS_12CallbackInfoEEPFvS9_RKS6_EEEEE11napi_statusP10napi_env__P12napi_value__PT_PFvSJ_PvSO_ESO_ENKUlSJ_SO_SO_E_cvSQ_Ev
FN:34,_ZZN4Napi7detailsL10AttachDataINS_10ObjectWrapI9LoRaCommsE18MethodCallbackDataIPFNS_5ValueERKNS_12CallbackInfoEEEEEE11napi_statusP10napi_env__P12napi_value__PT_PFvSF_PvSK_ESK_ENKUlSF_SK_SK_E_cvSM_Ev
FN:34,_ZZN4Napi7detailsL10AttachDataINS_10ObjectWrapI9LoRaCommsE18MethodCallbackDataIPFNS_5ValueERKNS_12CallbackInfoEEEEEE11napi_statusP10napi_env__P12napi_value__PT_PFvSF_PvSK_ESK_ENKUlSF_SK_SK_E_clESF_SK_SK_
FN:34,_ZZN4Napi7detailsL10AttachDataINS_10ObjectWrapI9LoRaCommsE20AccessorCallbackDataIMS3_FNS_5ValueERKNS_12CallbackInfoEEMS3_FvS9_RKS6_EEEEE11napi_statusP10napi_env__P12napi_value__PT_PFvSJ_PvSO_ESO_ENUlSJ_SO_SO_E_4_FUNESJ_SO_SO_
FN:34,_ZZN4Napi7detailsL10AttachDataINS_10ObjectWrapI9LoRaCommsE20AccessorCallbackDataIPFNS_5ValueERKNS_12CallbackInfoEEPFvS9_RKS6_EEEEE11napi_statusP10napi_env__P12napi_value__PT_PFvSJ_PvSO_ESO_ENKUlSJ_SO_SO_E_clESJ_SO_SO_
FN:70,_ZN4Napi7details12WrapCallbackIZNS_10ObjectWrapI9LoRaCommsE33InstanceVoidMethodCallbackWrapperEP10napi_env__P20napi_callback_info__EUlvE_EEP12napi_value__T_
FN:70,_ZN4Napi7details12WrapCallbackIZNS_10ObjectWrapI9LoRaCommsE27StaticSetterCallbackWrapperEP10napi_env__P20napi_callback_info__EUlvE_EEP12napi_value__T_
FN:70,_ZN4Napi7details12WrapCallbackIZNS_10ObjectWrapI9LoRaCommsE29InstanceGetterCallbackWrapperEP10napi_env__P20napi_callback_info__EUlvE_EEP12napi_value__T_
FN:70,_ZN4Napi7details12WrapCallbackIZNS_10ObjectWrapI9LoRaCommsE31StaticVoidMethodCallbackWrapperEP10napi_env__P20napi_callback_info__EUlvE_EEP12napi_value__T_
FN:70,_ZN4Napi7details12WrapCallbackIZNS_11AsyncWorker14OnWorkCompleteEP10napi_env__11napi_statusPvEUlvE_EEP12napi_value__T_
FN:70,_ZN4Napi7details12WrapCallbackIZNS_10ObjectWrapI9LoRaCommsE29InstanceMethodCallbackWrapperEP10napi_env__P20napi_callback_info__EUlvE_EEP12napi_value__T_
FN:70,_ZN4Napi7details12WrapCallbackIZNS_10ObjectWrapI9LoRaCommsE27StaticMethodCallbackWrapperEP10napi_env__P20napi_callback_info__EUlvE_EEP12napi_value__T_
FN:70,_ZN4Napi7details12WrapCallbackIZNS_10ObjectWrapI9LoRaCommsE26ConstructorCallbackWrapperEP10napi_env__P20napi_callback_info__EUlvE_EEP12napi_value__T_
FN:70,_ZN4Napi7details12WrapCallbackIZNS_10ObjectWrapI9LoRaCommsE29InstanceSetterCallbackWrapperEP10napi_env__P20napi_callback_info__EUlvE_EEP12napi_value__T_
FN:70,_ZN4Napi7details12WrapCallbackIZNS_10ObjectWrapI9LoRaCommsE27StaticGetterCallbackWrapperEP10napi_env__P20napi_callback_info__EUlvE_EEP12napi_value__T_
FN:70,_ZN4Napi7details12WrapCallbackIZNS_14RegisterModuleEP10napi_env__P12napi_value__PFNS_6ObjectENS_3EnvES6_EEUlvE_EES5_T_
FN:264,_ZN4Napi14RegisterModuleEP10napi_env__P12napi_value__PFNS_6ObjectENS_3EnvES4_E
FN:267,_ZZN4Napi14RegisterModuleEP10napi_env__P12napi_value__PFNS_6ObjectENS_3EnvES4_EENKUlvE_clEv
FN:277,_ZN4Napi3EnvC2EP10napi_env__
FN:280,_ZNK4Napi3EnvcvP10napi_env__Ev
FN:291,_ZNK4Napi3Env9UndefinedEv
FN:298,_ZNK4Napi3Env4NullEv
FN:305,_ZNK4Napi3Env18IsExceptionPendingEv
FN:329,_ZN4Napi5ValueC2EP10napi_env__P12napi_value__
FN:332,_ZNK4Napi5ValuecvP12napi_value__Ev
FN:351,_ZNK4Napi5Value3EnvEv
FN:495,_ZNK4Napi5Value2AsINS_6StringEEET_v
FN:495,_ZNK4Napi5Value2AsINS_6NumberEEET_v
FN:495,_ZNK4Napi5Value2AsINS_6ObjectEEET_v
FN:495,_ZNK4Napi5Value2AsINS_6BufferIhEEEET_v
FN:495,_ZNK4Napi5Value2AsINS_8FunctionEEET_v
FN:559,_ZN4Napi6Number3NewEP10napi_env__d
FN:569,_ZN4Napi6NumberC2EP10napi_env__P12napi_value__
FN:572,_ZNK4Napi6NumbercviEv
FN:576,_ZNK4Napi6NumbercvjEv
FN:592,_ZNK4Napi6Number10Int32ValueEv
FN:599,_ZNK4Napi6Number11Uint32ValueEv
FN:728,_ZN4Napi4NameC2EP10napi_env__P12napi_value__
FN:774,_ZN4Napi6StringC2EP10napi_env__P12napi_value__
FN:777,_ZNK4Napi6StringcvNSt7__cxx1112basic_stringIcSt11char_traitsIcESaIcEEEB5cxx11Ev
FN:785,_ZNK4Napi6String9Utf8ValueB5cxx11Ev
FN:892,_ZN4Napi7details11vf_fallbackINS_5ValueEE4FromEP10napi_env__RKS2_
FN:892,_ZN4Napi7details11vf_fallbackINS_8FunctionEE4FromEP10napi_env__RKS2_
FN:912,_ZN4Napi5Value4FromIS0_EES0_P10napi_env__RKT_
FN:912,_ZN4Napi5Value4FromINS_8FunctionEEES0_P10napi_env__RKT_
FN:967,_ZN4Napi6Object3NewEP10napi_env__
FN:977,_ZN4Napi6ObjectC2EP10napi_env__P12napi_value__
FN:1068,_ZNK4Napi6Object3GetEPKc
FN:1094,_ZN4Napi6Object3SetINS_8FunctionEEEvPKcRKT_
FN:1094,_ZN4Napi6Object3SetINS_5ValueEEEvPKcRKT_
FN:1602,_ZN4Napi10TypedArrayC2EP10napi_env__P12napi_value__
FN:1708,_ZN4Napi12TypedArrayOfIhEC2EP10napi_env__P12napi_value__
FN:1755,_ZN4NapiL14CreateFunctionINS_10ObjectWrapI9LoRaCommsE18MethodCallbackDataIPFvRKNS_12CallbackInfoEEEEEE11napi_statusP10napi_env__PKcPFP12napi_value__SD_P20napi_callback_info__EPT_PSH_
FN:1755,_ZN4NapiL14CreateFunctionINS_10ObjectWrapI9LoRaCommsE18MethodCallbackDataIPFNS_5ValueERKNS_12CallbackInfoEEEEEE11napi_statusP10napi_env__PKcPFP12napi_value__SE_P20napi_callback_info__EPT_PSI_
FN:1803,_ZN4Napi8FunctionC2EP10napi_env__P12napi_value__
FN:1822,_ZNK4Napi8Function4CallEP12napi_value__RKSt16initializer_listIS2_E
FN:1826,_ZNK4Napi8Function4CallEP12napi_value__RKSt6vectorIS2_SaIS2_EE
FN:1830,_ZNK4Napi8Function4CallEP12napi_value__jPKS2_
FN:1838,_ZNK4Napi8Function12MakeCallbackEP12napi_value__RKSt16initializer_listIS2_EP20napi_async_context__
FN:1852,_ZNK4Napi8Function12MakeCallbackEP12napi_value__jPKS2_P20napi_async_context__
FN:1997,_ZN4Napi6BufferIhEC2EP10napi_env__P12napi_value__
FN:2007,_ZNK4Napi6BufferIhE6LengthEv
FN:2013,_ZNK4Napi6BufferIhE4DataEv
FN:2019,_ZNK4Napi6BufferIhE10EnsureInfoEv
FN:2037,_ZN4Napi5Error3NewEP10napi_env__
FN:2091,_ZN4Napi5Error3NewEP10napi_env__RKNSt7__cxx1112basic_stringIcSt11char_traitsIcESaIcEEE
FN:2095,_ZN4Napi5Error5FatalEPKcS2_
FN:2102,_ZN4Napi5ErrorC2EP10napi_env__P12napi_value__
FN:2138,_ZNK4Napi5Error7MessageB5cxx11Ev
FN:2155,_ZNK4Napi5Error26ThrowAsJavaScriptExceptionEv
FN:2177,_ZNK4Napi5Error4whatEv
FN:2184,_ZN4Napi5Error3NewIS0_EET_P10napi_env__PKcjPF11napi_statusS4_P12napi_value__S9_PS9_E
FN:2232,_ZN4Napi9ReferenceINS_8FunctionEE3NewERKS1_j
FN:2232,_ZN4Napi9ReferenceINS_6BufferIhEEE3NewERKS2_j
FN:2232,_ZN4Napi9ReferenceINS_6ObjectEE3NewERKS1_j
FN:2249,_ZN4Napi9ReferenceINS_6ObjectEEC2Ev
FN:2253,_ZN4Napi9ReferenceINS_8FunctionEEC2EP10napi_env__P10napi_ref__
FN:2253,_ZN4Napi9ReferenceINS_6BufferIhEEEC2EP10napi_env__P10napi_ref__
FN:2253,_ZN4Napi9ReferenceINS_6ObjectEEC2EP10napi_env__P10napi_ref__
FN:2258,_ZN4Napi9ReferenceINS_8FunctionEED2Ev
FN:2258,_ZN4Napi9ReferenceINS_6ObjectEED2Ev
FN:2258,_ZN4Napi9ReferenceINS_6BufferIhEEED2Ev
FN:2269,_ZN4Napi9ReferenceINS_6ObjectEEC2EOS2_
FN:2269,_ZN4Napi9ReferenceINS_8FunctionEEC2EOS2_
FN:2277,_ZN4Napi9ReferenceINS_6ObjectEEaSEOS2_
FN:2319,_ZNK4Napi9ReferenceINS_8FunctionEE3EnvEv
FN:2324,_ZNK4Napi9ReferenceINS_6ObjectEE7IsEmptyEv
FN:2324,_ZNK4Napi9ReferenceINS_8FunctionEE7IsEmptyEv
FN:2329,_ZNK4Napi9ReferenceINS_6ObjectEE5ValueEv
FN:2329,_ZNK4Napi9ReferenceINS_8FunctionEE5ValueEv
FN:2357,_ZN4Napi9ReferenceINS_6ObjectEE5ResetEv
FN:2396,_ZN4Napi10PersistentINS_6BufferIhEEEENS_9ReferenceIT_EES4_
FN:2400,_ZN4Napi10PersistentENS_6ObjectE
FN:2404,_ZN4Napi10PersistentENS_8FunctionE
FN:2415,_ZN4Napi15ObjectReferenceC2EP10napi_env__P10napi_ref__
FN:2418,_ZN4Napi15ObjectReferenceC2EONS_9ReferenceINS_6ObjectEEE
FN:2440,_ZNK4Napi15ObjectReference3GetEPKc
FN:2455,_ZN4Napi15ObjectReference3SetEPKcNS_5ValueE
FN:2546,_ZN4Napi17FunctionReferenceC2EONS_9ReferenceINS_8FunctionEEE
FN:2588,_ZNK4Napi17FunctionReference4CallEP12napi_value__RKSt16initializer_listIS2_E
FN:2598,_ZNK4Napi17FunctionReference4CallEP12napi_value__RKSt6vectorIS2_SaIS2_EE
FN:2618,_ZNK4Napi17FunctionReference12MakeCallbackEP12napi_value__RKSt16initializer_listIS2_EP20napi_async_context__
FN:2669,_ZN4Napi12CallbackInfoC2EP10napi_env__P20napi_callback_info__
FN:2687,_ZN4Napi12CallbackInfoD2Ev
FN:2704,_ZNK4Napi12CallbackInfo3EnvEv
FN:2712,_ZNK4Napi12CallbackInfoixEj
FN:2716,_ZNK4Napi12CallbackInfo4ThisEv
FN:2723,_ZNK4Napi12CallbackInfo4DataEv
FN:2727,_ZN4Napi12CallbackInfo7SetDataEPv
FN:2966,_ZN4Napi10ObjectWrapI9LoRaCommsEC2ERKNS_12CallbackInfoE
FN:2980,_ZN4Napi10ObjectWrapI9LoRaCommsED2Ev
FN:2980,_ZN4Napi10ObjectWrapI9LoRaCommsED0Ev
FN:2983,_ZN4Napi10ObjectWrapI9LoRaCommsE6UnwrapENS_6ObjectE
FN:2992,_ZN4Napi10ObjectWrapI9LoRaCommsE11DefineClassENS_3EnvEPKcjPK24napi_property_descriptorPv
FN:3080,_ZN4Napi10ObjectWrapI9LoRaCommsE11DefineClassENS_3EnvEPKcRKSt16initializer_listINS_23ClassPropertyDescriptorIS1_EEEPv
FN:3106,_ZN4Napi10ObjectWrapI9LoRaCommsE12StaticMethodEPKcPFvRKNS_12CallbackInfoEE24napi_property_attributesPv
FN:3122,_ZN4Napi10ObjectWrapI9LoRaCommsE12StaticMethodEPKcPFNS_5ValueERKNS_12CallbackInfoEE24napi_property_attributesPv
FN:3312,_ZN4Napi10ObjectWrapI9LoRaCommsE11StaticValueEPKcNS_5ValueE24napi_property_attributes
FN:3356,_ZN4Napi10ObjectWrapI9LoRaCommsE8FinalizeENS_3EnvE
FN:3359,_ZN4Napi10ObjectWrapI9LoRaCommsE26ConstructorCallbackWrapperEP10napi_env__P20napi_callback_info__
FN:3373,_ZZN4Napi10ObjectWrapI9LoRaCommsE26ConstructorCallbackWrapperEP10napi_env__P20napi_callback_info__ENKUlvE_clEv
FN:3383,_ZN4Napi10ObjectWrapI9LoRaCommsE31StaticVoidMethodCallbackWrapperEP10napi_env__P20napi_callback_info__
FN:3386,_ZZN4Napi10ObjectWrapI9LoRaCommsE31StaticVoidMethodCallbackWrapperEP10napi_env__P20napi_callback_info__ENKUlvE_clEv
FN:3397,_ZN4Napi10ObjectWrapI9LoRaCommsE27StaticMethodCallbackWrapperEP10napi_env__P20napi_callback_info__
FN:3400,_ZZN4Napi10ObjectWrapI9LoRaCommsE27StaticMethodCallbackWrapperEP10napi_env__P20napi_callback_info__ENKUlvE_clEv
FN:3410,_ZN4Napi10ObjectWrapI9LoRaCommsE27StaticGetterCallbackWrapperEP10napi_env__P20napi_callback_info__
FN:3413,_ZZN4Napi10ObjectWrapI9LoRaCommsE27StaticGetterCallbackWrapperEP10napi_env__P20napi_callback_info__ENKUlvE_clEv
FN:3423,_ZN4Napi10ObjectWrapI9LoRaCommsE27StaticSetterCallbackWrapperEP10napi_env__P20napi_callback_info__
FN:3426,_ZZN4Napi10ObjectWrapI9LoRaCommsE27StaticSetterCallbackWrapperEP10napi_env__P20napi_callback_info__ENKUlvE_clEv
FN:3437,_ZN4Napi10ObjectWrapI9LoRaCommsE33InstanceVoidMethodCallbackWrapperEP10napi_env__P20napi_callback_info__
FN:3440,_ZZN4Napi10ObjectWrapI9LoRaCommsE33InstanceVoidMethodCallbackWrapperEP10napi_env__P20napi_callback_info__ENKUlvE_clEv
FN:3453,_ZN4Napi10ObjectWrapI9LoRaCommsE29InstanceMethodCallbackWrapperEP10napi_env__P20napi_callback_info__
FN:3456,_ZZN4Napi10ObjectWrapI9LoRaCommsE29InstanceMethodCallbackWrapperEP10napi_env__P20napi_callback_info__ENKUlvE_clEv
FN:3468,_ZN4Napi10ObjectWrapI9LoRaCommsE29InstanceGetterCallbackWrapperEP10napi_env__P20napi_callback_info__
FN:3471,_ZZN4Napi10ObjectWrapI9LoRaCommsE29InstanceGetterCallbackWrapperEP10napi_env__P20napi_callback_info__ENKUlvE_clEv
FN:3483,_ZN4Napi10ObjectWrapI9LoRaCommsE29InstanceSetterCallbackWrapperEP10napi_env__P20napi_callback_info__
FN:3486,_ZZN4Napi10ObjectWrapI9LoRaCommsE29InstanceSetterCallbackWrapperEP10napi_env__P20napi_callback_info__ENKUlvE_clEv
FN:3499,_ZN4Napi10ObjectWrapI9LoRaCommsE16FinalizeCallbackEP10napi_env__PvS5_
FN:3513,_ZN4Napi11HandleScopeC2ENS_3EnvE
FN:3518,_ZN4Napi11HandleScopeD2Ev
FN:3541,_ZN4Napi20EscapableHandleScopeC2ENS_3EnvE
FN:3546,_ZN4Napi20EscapableHandleScopeD2Ev
FN:3557,_ZNK4Napi20EscapableHandleScope3EnvEv
FN:3561,_ZN4Napi20EscapableHandleScope6EscapeEP12napi_value__
FN:3657,_ZN4Napi11AsyncWorkerC2ERKNS_8FunctionE
FN:3661,_ZN4Napi11AsyncWorkerC2ERKNS_8FunctionEPKc
FN:3666,_ZN4Napi11AsyncWorkerC2ERKNS_8FunctionEPKcRKNS_6ObjectE
FN:3689,_ZN4Napi11AsyncWorkerC2ERKNS_6ObjectERKNS_8FunctionEPKcS3_
FN:3733,_ZN4Napi11AsyncWorkerD0Ev
FN:3733,_ZN4Napi11AsyncWorkerD2Ev
FN:3740,_ZN4Napi11AsyncWorker7DestroyEv
FN:3771,_ZNK4Napi11AsyncWorker3EnvEv
FN:3775,_ZN4Napi11AsyncWorker5QueueEv
FN:3785,_ZN4Napi11AsyncWorker8ReceiverEv
FN:3789,_ZN4Napi11AsyncWorker8CallbackEv
FN:3797,_ZN4Napi11AsyncWorker4OnOKEv
FN:3803,_ZN4Napi11AsyncWorker7OnErrorERKNS_5ErrorE
FN:3809,_ZN4Napi11AsyncWorker8SetErrorERKNSt7__cxx1112basic_stringIcSt11char_traitsIcESaIcEEE
FN:3813,_ZN4Napi11AsyncWorker9GetResultENS_3EnvE
FN:3820,_ZN4Napi11AsyncWorker9OnExecuteEP10napi_env__Pv
FN:3833,_ZN4Napi11AsyncWorker14OnWorkCompleteEP10napi_env__11napi_statusPv
FN:3838,_ZZN4Napi11AsyncWorker14OnWorkCompleteEP10napi_env__11napi_statusPvENKUlvE_clEv
FNDA:16,_ZN4Napi7detailsL10AttachDataINS_10ObjectWrapI9LoRaCommsE18MethodCallbackDataIPFvRKNS_12CallbackInfoEEEEEE11napi_statusP10napi_env__P12napi_value__PT_PFvSE_PvSJ_ESJ_
FNDA:1,_ZN4Napi7detailsL10AttachDataINS_10ObjectWrapI9LoRaCommsE18MethodCallbackDataIPFNS_5ValueERKNS_12CallbackInfoEEEEEE11napi_statusP10napi_env__P12napi_value__PT_PFvSF_PvSK_ESK_
FNDA:0,_ZN4Napi7detailsL10AttachDataINS_10ObjectWrapI9LoRaCommsE18MethodCallbackDataIMS3_FNS_5ValueERKNS_12CallbackInfoEEEEEE11napi_statusP10napi_env__P12napi_value__PT_PFvSF_PvSK_ESK_
FNDA:0,_ZN4Napi7detailsL10AttachDataINS_10ObjectWrapI9LoRaCommsE18MethodCallbackDataIMS3_FvRKNS_12CallbackInfoEEEEEE11napi_statusP10napi_env__P12napi_value__PT_PFvSE_PvSJ_ESJ_
FNDA:0,_ZN4Napi7detailsL10AttachDataINS_10ObjectWrapI9LoRaCommsE20AccessorCallbackDataIMS3_FNS_5ValueERKNS_12CallbackInfoEEMS3_FvS9_RKS6_EEEEE11napi_statusP10napi_env__P12napi_value__PT_PFvSJ_PvSO_ESO_
FNDA:0,_ZN4Napi7detailsL10AttachDataINS_10ObjectWrapI9LoRaCommsE20AccessorCallbackDataIPFNS_5ValueERKNS_12CallbackInfoEEPFvS9_RKS6_EEEEE11napi_statusP10napi_env__P12napi_value__PT_PFvSJ_PvSO_ESO_
FNDA:16,_ZZN4Napi7detailsL10AttachDataINS_10ObjectWrapI9LoRaCommsE18MethodCallbackDataIPFvRKNS_12CallbackInfoEEEEEE11napi_statusP10napi_env__P12napi_value__PT_PFvSE_PvSJ_ESJ_ENKUlSE_SJ_SJ_E_cvSL_Ev
FNDA:0,_ZZN4Napi7detailsL10AttachDataINS_10ObjectWrapI9LoRaCommsE18MethodCallbackDataIPFvRKNS_12CallbackInfoEEEEEE11napi_statusP10napi_env__P12napi_value__PT_PFvSE_PvSJ_ESJ_ENUlSE_SJ_SJ_E_4_FUNESE_SJ_SJ_
FNDA:0,_ZZN4Napi7detailsL10AttachDataINS_10ObjectWrapI9LoRaCommsE18MethodCallbackDataIPFvRKNS_12CallbackInfoEEEEEE11napi_statusP10napi_env__P12napi_value__PT_PFvSE_PvSJ_ESJ_ENKUlSE_SJ_SJ_E_clESE_SJ_SJ_
FNDA:1,_ZZN4Napi7detailsL10AttachDataINS_10ObjectWrapI9LoRaCommsE18MethodCallbackDataIPFNS_5ValueERKNS_12CallbackInfoEEEEEE11napi_statusP10napi_env__P12napi_value__PT_PFvSF_PvSK_ESK_ENKUlSF_SK_SK_E_cvSM_Ev
FNDA:0,_ZZN4Napi7detailsL10AttachDataINS_10ObjectWrapI9LoRaCommsE18MethodCallbackDataIPFNS_5ValueERKNS_12CallbackInfoEEEEEE11napi_statusP10napi_env__P12napi_value__PT_PFvSF_PvSK_ESK_ENUlSF_SK_SK_E_4_FUNESF_SK_SK_
FNDA:0,_ZZN4Napi7detailsL10AttachDataINS_10ObjectWrapI9LoRaCommsE18MethodCallbackDataIPFNS_5ValueERKNS_12CallbackInfoEEEEEE11napi_statusP10napi_env__P12napi_value__PT_PFvSF_PvSK_ESK_ENKUlSF_SK_SK_E_clESF_SK_SK_
FNDA:0,_ZZN4Napi7detailsL10AttachDataINS_10ObjectWrapI9LoRaCommsE18MethodCallbackDataIMS3_FNS_5ValueERKNS_12CallbackInfoEEEEEE11napi_statusP10napi_env__P12napi_value__PT_PFvSF_PvSK_ESK_ENKUlSF_SK_SK_E_cvSM_Ev
FNDA:0,_ZZN4Napi7detailsL10AttachDataINS_10ObjectWrapI9LoRaCommsE18MethodCallbackDataIMS3_FNS_5ValueERKNS_12CallbackInfoEEEEEE11napi_statusP10napi_env__P12napi_value__PT_PFvSF_PvSK_ESK_ENUlSF_SK_SK_E_4_FUNESF_SK_SK_
FNDA:0,_ZZN4Napi7detailsL10AttachDataINS_10ObjectWrapI9LoRaCommsE18MethodCallbackDataIMS3_FNS_5ValueERKNS_12CallbackInfoEEEEEE11napi_statusP10napi_env__P12napi_value__PT_PFvSF_PvSK_ESK_ENKUlSF_SK_SK_E_clESF_SK_SK_
FNDA:0,_ZZN4Napi7detailsL10AttachDataINS_10ObjectWrapI9LoRaCommsE18MethodCallbackDataIMS3_FvRKNS_12CallbackInfoEEEEEE11napi_statusP10napi_env__P12napi_value__PT_PFvSE_PvSJ_ESJ_ENKUlSE_SJ_SJ_E_cvSL_Ev
FNDA:0,_ZZN4Napi7detailsL10AttachDataINS_10ObjectWrapI9LoRaCommsE18MethodCallbackDataIMS3_FvRKNS_12CallbackInfoEEEEEE11napi_statusP10napi_env__P12napi_value__PT_PFvSE_PvSJ_ESJ_ENUlSE_SJ_SJ_E_4_FUNESE_SJ_SJ_
FNDA:0,_ZZN4Napi7detailsL10AttachDataINS_10ObjectWrapI9LoRaCommsE18MethodCallbackDataIMS3_FvRKNS_12CallbackInfoEEEEEE11napi_statusP10napi_env__P12napi_value__PT_PFvSE_PvSJ_ESJ_ENKUlSE_SJ_SJ_E_clESE_SJ_SJ_
FNDA:0,_ZZN4Napi7detailsL10AttachDataINS_10ObjectWrapI9LoRaCommsE20AccessorCallbackDataIMS3_FNS_5ValueERKNS_12CallbackInfoEEMS3_FvS9_RKS6_EEEEE11napi_statusP10napi_env__P12napi_value__PT_PFvSJ_PvSO_ESO_ENKUlSJ_SO_SO_E_cvSQ_Ev
FNDA:0,_ZZN4Napi7detailsL10AttachDataINS_10ObjectWrapI9LoRaCommsE20AccessorCallbackDataIMS3_FNS_5ValueERKNS_12CallbackInfoEEMS3_FvS9_RKS6_EEEEE11napi_statusP10napi_env__P12napi_value__PT_PFvSJ_PvSO_ESO_ENUlSJ_SO_SO_E_4_FUNESJ_SO_SO_
FNDA:0,_ZZN4Napi7detailsL10AttachDataINS_10ObjectWrapI9LoRaCommsE20AccessorCallbackDataIMS3_FNS_5ValueERKNS_12CallbackInfoEEMS3_FvS9_RKS6_EEEEE11napi_statusP10napi_env__P12napi_value__PT_PFvSJ_PvSO_ESO_ENKUlSJ_SO_SO_E_clESJ_SO_SO_
FNDA:0,_ZZN4Napi7detailsL10AttachDataINS_10ObjectWrapI9LoRaCommsE20AccessorCallbackDataIPFNS_5ValueERKNS_12CallbackInfoEEPFvS9_RKS6_EEEEE11napi_statusP10napi_env__P12napi_value__PT_PFvSJ_PvSO_ESO_ENKUlSJ_SO_SO_E_cvSQ_Ev
FNDA:0,_ZZN4Napi7detailsL10AttachDataINS_10ObjectWrapI9LoRaCommsE20AccessorCallbackDataIPFNS_5ValueERKNS_12CallbackInfoEEPFvS9_RKS6_EEEEE11napi_statusP10napi_env__P12napi_value__PT_PFvSJ_PvSO_ESO_ENUlSJ_SO_SO_E_4_FUNESJ_SO_SO_
FNDA:0,_ZZN4Napi7detailsL10AttachDataINS_10ObjectWrapI9LoRaCommsE20AccessorCallbackDataIPFNS_5ValueERKNS_12CallbackInfoEEPFvS9_RKS6_EEEEE11napi_statusP10napi_env__P12napi_value__PT_PFvSJ_PvSO_ESO_ENKUlSJ_SO_SO_E_clESJ_SO_SO_
FNDA:0,_ZN4Napi7details12WrapCallbackIZNS_10ObjectWrapI9LoRaCommsE29InstanceMethodCallbackWrapperEP10napi_env__P20napi_callback_info__EUlvE_EEP12napi_value__T_
FNDA:0,_ZN4Napi7details12WrapCallbackIZNS_10ObjectWrapI9LoRaCommsE33InstanceVoidMethodCallbackWrapperEP10napi_env__P20napi_callback_info__EUlvE_EEP12napi_value__T_
FNDA:0,_ZN4Napi7details12WrapCallbackIZNS_10ObjectWrapI9LoRaCommsE29InstanceSetterCallbackWrapperEP10napi_env__P20napi_callback_info__EUlvE_EEP12napi_value__T_
FNDA:0,_ZN4Napi7details12WrapCallbackIZNS_10ObjectWrapI9LoRaCommsE29InstanceGetterCallbackWrapperEP10napi_env__P20napi_callback_info__EUlvE_EEP12napi_value__T_
FNDA:0,_ZN4Napi7details12WrapCallbackIZNS_10ObjectWrapI9LoRaCommsE27StaticSetterCallbackWrapperEP10napi_env__P20napi_callback_info__EUlvE_EEP12napi_value__T_
FNDA:0,_ZN4Napi7details12WrapCallbackIZNS_10ObjectWrapI9LoRaCommsE27StaticGetterCallbackWrapperEP10napi_env__P20napi_callback_info__EUlvE_EEP12napi_value__T_
FNDA:0,_ZN4Napi7details12WrapCallbackIZNS_10ObjectWrapI9LoRaCommsE26ConstructorCallbackWrapperEP10napi_env__P20napi_callback_info__EUlvE_EEP12napi_value__T_
FNDA:816,_ZN4Napi7details12WrapCallbackIZNS_10ObjectWrapI9LoRaCommsE27StaticMethodCallbackWrapperEP10napi_env__P20napi_callback_info__EUlvE_EEP12napi_value__T_
FNDA:946,_ZN4Napi7details12WrapCallbackIZNS_10ObjectWrapI9LoRaCommsE31StaticVoidMethodCallbackWrapperEP10napi_env__P20napi_callback_info__EUlvE_EEP12napi_value__T_
FNDA:875,_ZN4Napi7details12WrapCallbackIZNS_11AsyncWorker14OnWorkCompleteEP10napi_env__11napi_statusPvEUlvE_EEP12napi_value__T_
FNDA:1,_ZN4Napi7details12WrapCallbackIZNS_14RegisterModuleEP10napi_env__P12napi_value__PFNS_6ObjectENS_3EnvES6_EEUlvE_EES5_T_
FNDA:1,_ZN4Napi14RegisterModuleEP10napi_env__P12napi_value__PFNS_6ObjectENS_3EnvES4_E
FNDA:1,_ZZN4Napi14RegisterModuleEP10napi_env__P12napi_value__PFNS_6ObjectENS_3EnvES4_EENKUlvE_clEv
FNDA:9591,_ZN4Napi3EnvC2EP10napi_env__
FNDA:10444,_ZNK4Napi3EnvcvP10napi_env__Ev
FNDA:0,_ZNK4Napi3Env9UndefinedEv
FNDA:818,_ZNK4Napi3Env4NullEv
FNDA:875,_ZNK4Napi3Env18IsExceptionPendingEv
FNDA:15022,_ZN4Napi5ValueC2EP10napi_env__P12napi_value__
FNDA:10470,_ZNK4Napi5ValuecvP12napi_value__Ev
FNDA:5234,_ZNK4Napi5Value3EnvEv
FNDA:859,_ZNK4Napi5Value2AsINS_6BufferIhEEEET_v
FNDA:1802,_ZNK4Napi5Value2AsINS_6NumberEEET_v
FNDA:875,_ZNK4Napi5Value2AsINS_8FunctionEEET_v
FNDA:16,_ZNK4Napi5Value2AsINS_6StringEEET_v
FNDA:0,_ZNK4Napi5Value2AsINS_6ObjectEEET_v
FNDA:1723,_ZN4Napi6Number3NewEP10napi_env__d
FNDA:3525,_ZN4Napi6NumberC2EP10napi_env__P12napi_value__
FNDA:1795,_ZNK4Napi6NumbercviEv
FNDA:1,_ZNK4Napi6NumbercvjEv
FNDA:1801,_ZNK4Napi6Number10Int32ValueEv
FNDA:1,_ZNK4Napi6Number11Uint32ValueEv
FNDA:16,_ZN4Napi4NameC2EP10napi_env__P12napi_value__
FNDA:16,_ZN4Napi6StringC2EP10napi_env__P12napi_value__
FNDA:0,_ZNK4Napi6StringcvNSt7__cxx1112basic_stringIcSt11char_traitsIcESaIcEEEB5cxx11Ev
FNDA:16,_ZNK4Napi6String9Utf8ValueB5cxx11Ev
FNDA:1,_ZN4Napi7details11vf_fallbackINS_8FunctionEE4FromEP10napi_env__RKS2_
FNDA:41,_ZN4Napi7details11vf_fallbackINS_5ValueEE4FromEP10napi_env__RKS2_
FNDA:1,_ZN4Napi5Value4FromINS_8FunctionEEES0_P10napi_env__RKT_
FNDA:41,_ZN4Napi5Value4FromIS0_EES0_P10napi_env__RKT_
FNDA:1750,_ZN4Napi6Object3NewEP10napi_env__
FNDA:5319,_ZN4Napi6ObjectC2EP10napi_env__P12napi_value__
FNDA:0,_ZNK4Napi6Object3GetEPKc
FNDA:1,_ZN4Napi6Object3SetINS_8FunctionEEEvPKcRKT_
FNDA:41,_ZN4Napi6Object3SetINS_5ValueEEEvPKcRKT_
FNDA:859,_ZN4Napi10TypedArrayC2EP10napi_env__P12napi_value__
FNDA:859,_ZN4Napi12TypedArrayOfIhEC2EP10napi_env__P12napi_value__
FNDA:16,_ZN4NapiL14CreateFunctionINS_10ObjectWrapI9LoRaCommsE18MethodCallbackDataIPFvRKNS_12CallbackInfoEEEEEE11napi_statusP10napi_env__PKcPFP12napi_value__SD_P20napi_callback_info__EPT_PSH_
FNDA:1,_ZN4NapiL14CreateFunctionINS_10ObjectWrapI9LoRaCommsE18MethodCallbackDataIPFNS_5ValueERKNS_12CallbackInfoEEEEEE11napi_statusP10napi_env__PKcPFP12napi_value__SE_P20napi_callback_info__EPT_PSI_
FNDA:1751,_ZN4Napi8FunctionC2EP10napi_env__P12napi_value__
FNDA:1,_ZNK4Napi8Function4CallEP12napi_value__RKSt16initializer_listIS2_E
FNDA:15,_ZNK4Napi8Function4CallEP12napi_value__RKSt6vectorIS2_SaIS2_EE
FNDA:16,_ZNK4Napi8Function4CallEP12napi_value__jPKS2_
FNDA:859,_ZNK4Napi8Function12MakeCallbackEP12napi_value__RKSt16initializer_listIS2_EP20napi_async_context__
FNDA:859,_ZNK4Napi8Function12MakeCallbackEP12napi_value__jPKS2_P20napi_async_context__
FNDA:859,_ZN4Napi6BufferIhEC2EP10napi_env__P12napi_value__
FNDA:859,_ZNK4Napi6BufferIhE6LengthEv
FNDA:859,_ZNK4Napi6BufferIhE4DataEv
FNDA:1718,_ZNK4Napi6BufferIhE10EnsureInfoEv
FNDA:0,_ZN4Napi5Error3NewEP10napi_env__
FNDA:42,_ZN4Napi5Error3NewEP10napi_env__RKNSt7__cxx1112basic_stringIcSt11char_traitsIcESaIcEEE
FNDA:0,_ZN4Napi5Error5FatalEPKcS2_
FNDA:42,_ZN4Napi5ErrorC2EP10napi_env__P12napi_value__
FNDA:0,_ZNK4Napi5Error7MessageB5cxx11Ev
FNDA:0,_ZNK4Napi5Error26ThrowAsJavaScriptExceptionEv
FNDA:0,_ZNK4Napi5Error4whatEv
FNDA:42,_ZN4Napi5Error3NewIS0_EET_P10napi_env__PKcjPF11napi_statusS4_P12napi_value__S9_PS9_E
FNDA:859,_ZN4Napi9ReferenceINS_6BufferIhEEE3NewERKS2_j
FNDA:875,_ZN4Napi9ReferenceINS_8FunctionEE3NewERKS1_j
FNDA:875,_ZN4Napi9ReferenceINS_6ObjectEE3NewERKS1_j
FNDA:0,_ZN4Napi9ReferenceINS_6ObjectEEC2Ev
FNDA:859,_ZN4Napi9ReferenceINS_6BufferIhEEEC2EP10napi_env__P10napi_ref__
FNDA:875,_ZN4Napi9ReferenceINS_8FunctionEEC2EP10napi_env__P10napi_ref__
FNDA:917,_ZN4Napi9ReferenceINS_6ObjectEEC2EP10napi_env__P10napi_ref__
FNDA:859,_ZN4Napi9ReferenceINS_6BufferIhEEED2Ev
FNDA:1750,_ZN4Napi9ReferenceINS_8FunctionEED2Ev
FNDA:1792,_ZN4Napi9ReferenceINS_6ObjectEED2Ev
FNDA:875,_ZN4Napi9ReferenceINS_8FunctionEEC2EOS2_
FNDA:875,_ZN4Napi9ReferenceINS_6ObjectEEC2EOS2_
FNDA:0,_ZN4Napi9ReferenceINS_6ObjectEEaSEOS2_
FNDA:15,_ZNK4Napi9ReferenceINS_8FunctionEE3EnvEv
FNDA:16,_ZNK4Napi9ReferenceINS_8FunctionEE7IsEmptyEv
FNDA:0,_ZNK4Napi9ReferenceINS_6ObjectEE7IsEmptyEv
FNDA:875,_ZNK4Napi9ReferenceINS_8FunctionEE5ValueEv
FNDA:958,_ZNK4Napi9ReferenceINS_6ObjectEE5ValueEv
FNDA:0,_ZN4Napi9ReferenceINS_6ObjectEE5ResetEv
FNDA:859,_ZN4Napi10PersistentINS_6BufferIhEEEENS_9ReferenceIT_EES4_
FNDA:875,_ZN4Napi10PersistentENS_6ObjectE
FNDA:875,_ZN4Napi10PersistentENS_8FunctionE
FNDA:42,_ZN4Napi15ObjectReferenceC2EP10napi_env__P10napi_ref__
FNDA:875,_ZN4Napi15ObjectReferenceC2EONS_9ReferenceINS_6ObjectEEE
FNDA:0,_ZNK4Napi15ObjectReference3GetEPKc
FNDA:41,_ZN4Napi15ObjectReference3SetEPKcNS_5ValueE
FNDA:875,_ZN4Napi17FunctionReferenceC2EONS_9ReferenceINS_8FunctionEEE
FNDA:1,_ZNK4Napi17FunctionReference4CallEP12napi_value__RKSt16initializer_listIS2_E
FNDA:15,_ZNK4Napi17FunctionReference4CallEP12napi_value__RKSt6vectorIS2_SaIS2_EE
FNDA:859,_ZNK4Napi17FunctionReference12MakeCallbackEP12napi_value__RKSt16initializer_listIS2_EP20napi_async_context__
FNDA:1762,_ZN4Napi12CallbackInfoC2EP10napi_env__P20napi_callback_info__
FNDA:1762,_ZN4Napi12CallbackInfoD2Ev
FNDA:816,_ZNK4Napi12CallbackInfo3EnvEv
FNDA:3552,_ZNK4Napi12CallbackInfoixEj
FNDA:0,_ZNK4Napi12CallbackInfo4ThisEv
FNDA:1762,_ZNK4Napi12CallbackInfo4DataEv
FNDA:1762,_ZN4Napi12CallbackInfo7SetDataEPv
FNDA:0,_ZN4Napi10ObjectWrapI9LoRaCommsEC2ERKNS_12CallbackInfoE
FNDA:0,_ZN4Napi10ObjectWrapI9LoRaCommsED0Ev
FNDA:0,_ZN4Napi10ObjectWrapI9LoRaCommsED2Ev
FNDA:0,_ZN4Napi10ObjectWrapI9LoRaCommsE6UnwrapENS_6ObjectE
FNDA:1,_ZN4Napi10ObjectWrapI9LoRaCommsE11DefineClassENS_3EnvEPKcjPK24napi_property_descriptorPv
FNDA:1,_ZN4Napi10ObjectWrapI9LoRaCommsE11DefineClassENS_3EnvEPKcRKSt16initializer_listINS_23ClassPropertyDescriptorIS1_EEEPv
FNDA:16,_ZN4Napi10ObjectWrapI9LoRaCommsE12StaticMethodEPKcPFvRKNS_12CallbackInfoEE24napi_property_attributesPv
FNDA:1,_ZN4Napi10ObjectWrapI9LoRaCommsE12StaticMethodEPKcPFNS_5ValueERKNS_12CallbackInfoEE24napi_property_attributesPv
FNDA:7,_ZN4Napi10ObjectWrapI9LoRaCommsE11StaticValueEPKcNS_5ValueE24napi_property_attributes
FNDA:0,_ZN4Napi10ObjectWrapI9LoRaCommsE8FinalizeENS_3EnvE
FNDA:0,_ZN4Napi10ObjectWrapI9LoRaCommsE26ConstructorCallbackWrapperEP10napi_env__P20napi_callback_info__
FNDA:0,_ZZN4Napi10ObjectWrapI9LoRaCommsE26ConstructorCallbackWrapperEP10napi_env__P20napi_callback_info__ENKUlvE_clEv
FNDA:946,_ZN4Napi10ObjectWrapI9LoRaCommsE31StaticVoidMethodCallbackWrapperEP10napi_env__P20napi_callback_info__
FNDA:946,_ZZN4Napi10ObjectWrapI9LoRaCommsE31StaticVoidMethodCallbackWrapperEP10napi_env__P20napi_callback_info__ENKUlvE_clEv
FNDA:816,_ZN4Napi10ObjectWrapI9LoRaCommsE27StaticMethodCallbackWrapperEP10napi_env__P20napi_callback_info__
FNDA:816,_ZZN4Napi10ObjectWrapI9LoRaCommsE27StaticMethodCallbackWrapperEP10napi_env__P20napi_callback_info__ENKUlvE_clEv
FNDA:0,_ZN4Napi10ObjectWrapI9LoRaCommsE27StaticGetterCallbackWrapperEP10napi_env__P20napi_callback_info__
FNDA:0,_ZZN4Napi10ObjectWrapI9LoRaCommsE27StaticGetterCallbackWrapperEP10napi_env__P20napi_callback_info__ENKUlvE_clEv
FNDA:0,_ZN4Napi10ObjectWrapI9LoRaCommsE27StaticSetterCallbackWrapperEP10napi_env__P20napi_callback_info__
FNDA:0,_ZZN4Napi10ObjectWrapI9LoRaCommsE27StaticSetterCallbackWrapperEP10napi_env__P20napi_callback_info__ENKUlvE_clEv
FNDA:0,_ZN4Napi10ObjectWrapI9LoRaCommsE33InstanceVoidMethodCallbackWrapperEP10napi_env__P20napi_callback_info__
FNDA:0,_ZZN4Napi10ObjectWrapI9LoRaCommsE33InstanceVoidMethodCallbackWrapperEP10napi_env__P20napi_callback_info__ENKUlvE_clEv
FNDA:0,_ZN4Napi10ObjectWrapI9LoRaCommsE29InstanceMethodCallbackWrapperEP10napi_env__P20napi_callback_info__
FNDA:0,_ZZN4Napi10ObjectWrapI9LoRaCommsE29InstanceMethodCallbackWrapperEP10napi_env__P20napi_callback_info__ENKUlvE_clEv
FNDA:0,_ZN4Napi10ObjectWrapI9LoRaCommsE29InstanceGetterCallbackWrapperEP10napi_env__P20napi_callback_info__
FNDA:0,_ZZN4Napi10ObjectWrapI9LoRaCommsE29InstanceGetterCallbackWrapperEP10napi_env__P20napi_callback_info__ENKUlvE_clEv
FNDA:0,_ZN4Napi10ObjectWrapI9LoRaCommsE29InstanceSetterCallbackWrapperEP10napi_env__P20napi_callback_info__
FNDA:0,_ZZN4Napi10ObjectWrapI9LoRaCommsE29InstanceSetterCallbackWrapperEP10napi_env__P20napi_callback_info__ENKUlvE_clEv
FNDA:0,_ZN4Napi10ObjectWrapI9LoRaCommsE16FinalizeCallbackEP10napi_env__PvS5_
FNDA:916,_ZN4Napi11HandleScopeC2ENS_3EnvE
FNDA:916,_ZN4Napi11HandleScopeD2Ev
FNDA:875,_ZN4Napi20EscapableHandleScopeC2ENS_3EnvE
FNDA:875,_ZN4Napi20EscapableHandleScopeD2Ev
FNDA:875,_ZNK4Napi20EscapableHandleScope3EnvEv
FNDA:875,_ZN4Napi20EscapableHandleScope6EscapeEP12napi_value__
FNDA:875,_ZN4Napi11AsyncWorkerC2ERKNS_8FunctionE
FNDA:875,_ZN4Napi11AsyncWorkerC2ERKNS_8FunctionEPKc
FNDA:875,_ZN4Napi11AsyncWorkerC2ERKNS_8FunctionEPKcRKNS_6ObjectE
FNDA:875,_ZN4Napi11AsyncWorkerC2ERKNS_6ObjectERKNS_8FunctionEPKcS3_
FNDA:0,_ZN4Napi11AsyncWorkerD0Ev
FNDA:875,_ZN4Napi11AsyncWorkerD2Ev
FNDA:875,_ZN4Napi11AsyncWorker7DestroyEv
FNDA:859,_ZNK4Napi11AsyncWorker3EnvEv
FNDA:875,_ZN4Napi11AsyncWorker5QueueEv
FNDA:859,_ZN4Napi11AsyncWorker8ReceiverEv
FNDA:859,_ZN4Napi11AsyncWorker8CallbackEv
FNDA:15,_ZN4Napi11AsyncWorker4OnOKEv
FNDA:1,_ZN4Napi11AsyncWorker7OnErrorERKNS_5ErrorE
FNDA:1,_ZN4Napi11AsyncWorker8SetErrorERKNSt7__cxx1112basic_stringIcSt11char_traitsIcESaIcEEE
FNDA:15,_ZN4Napi11AsyncWorker9GetResultENS_3EnvE
FNDA:875,_ZN4Napi11AsyncWorker9OnExecuteEP10napi_env__Pv
FNDA:875,_ZN4Napi11AsyncWorker14OnWorkCompleteEP10napi_env__11napi_statusPv
FNDA:875,_ZZN4Napi11AsyncWorker14OnWorkCompleteEP10napi_env__11napi_statusPvENKUlvE_clEv
FNF:181
FNH:118
DA:27,17
DA:33,17
DA:34,34
DA:35,0
DA:36,0
DA:62,17
DA:64,17
DA:70,2638
DA:73,2638
DA:74,0
DA:75,0
DA:76,0
DA:264,1
DA:267,2
DA:268,3
DA:269,1
DA:270,3
DA:277,9591
DA:278,9591
DA:280,10444
DA:281,10444
DA:291,0
DA:293,0
DA:294,0
DA:295,0
DA:298,818
DA:300,818
DA:301,818
DA:302,818
DA:305,875
DA:307,875
DA:308,875
DA:309,875
DA:329,15022
DA:330,15022
DA:332,10470
DA:333,10470
DA:351,5234
DA:352,5234
DA:495,3552
DA:496,3552
DA:559,1723
DA:561,1723
DA:562,1723
DA:563,1723
DA:569,3525
DA:570,3525
DA:572,1795
DA:573,1795
DA:576,1
DA:577,1
DA:592,1801
DA:594,1801
DA:595,1801
DA:596,1801
DA:599,1
DA:601,1
DA:602,1
DA:603,1
DA:728,16
DA:729,16
DA:774,16
DA:775,16
DA:777,0
DA:778,0
DA:785,16
DA:787,16
DA:788,16
DA:790,16
DA:791,16
DA:792,16
DA:793,16
DA:794,16
DA:795,16
DA:892,42
DA:893,42
DA:912,42
DA:922,42
DA:967,1750
DA:969,1750
DA:970,1750
DA:971,1750
DA:977,5319
DA:978,5319
DA:1068,0
DA:1070,0
DA:1071,0
DA:1072,0
DA:1094,42
DA:1096,42
DA:1097,42
DA:1098,42
DA:1602,859
DA:1603,859
DA:1604,859
DA:1708,859
DA:1709,859
DA:1710,859
DA:1711,859
DA:1712,859
DA:1713,859
DA:1755,17
DA:1761,17
DA:1762,17
DA:1763,17
DA:1766,17
DA:1803,1751
DA:1804,1751
DA:1822,1
DA:1823,1
DA:1826,15
DA:1827,15
DA:1830,16
DA:1832,16
DA:1833,32
DA:1834,16
DA:1835,16
DA:1838,859
DA:1842,859
DA:1852,859
DA:1858,859
DA:1859,1718
DA:1860,859
DA:1861,859
DA:1997,859
DA:1998,859
DA:1999,859
DA:2007,859
DA:2008,859
DA:2009,859
DA:2013,859
DA:2014,859
DA:2015,859
DA:2019,1718
DA:2023,1718
DA:2026,859
DA:2027,859
DA:2028,859
DA:2029,859
DA:2031,1718
DA:2037,0
DA:2039,0
DA:2042,0
DA:2043,0
DA:2045,0
DA:2046,0
DA:2047,0
DA:2050,0
DA:2051,0
DA:2054,0
DA:2055,0
DA:2057,0
DA:2058,0
DA:2059,0
DA:2063,0
DA:2068,0
DA:2070,0
DA:2075,0
DA:2076,0
DA:2078,0
DA:2079,0
DA:2081,0
DA:2084,0
DA:2091,42
DA:2092,42
DA:2095,0
DA:2096,0
DA:2102,42
DA:2103,42
DA:2104,42
DA:2108,42
DA:2110,42
DA:2138,0
DA:2139,0
DA:2142,0
DA:2144,0
DA:2152,0
DA:2155,0
DA:2156,0
DA:2157,0
DA:2163,0
DA:2166,0
DA:2167,0
DA:2173,0
DA:2177,0
DA:2178,0
DA:2184,42
DA:2189,42
DA:2190,42
DA:2193,42
DA:2194,42
DA:2196,42
DA:2232,2609
DA:2233,2609
DA:2234,2609
DA:2236,2609
DA:2237,0
DA:2241,2609
DA:2242,2609
DA:2244,2609
DA:2249,0
DA:2250,0
DA:2253,2651
DA:2254,2651
DA:2255,2651
DA:2258,4401
DA:2259,4401
DA:2260,2651
DA:2261,2651
DA:2264,2651
DA:2266,4401
DA:2269,1750
DA:2270,1750
DA:2271,1750
DA:2272,1750
DA:2273,1750
DA:2274,1750
DA:2277,0
DA:2278,0
DA:2279,0
DA:2280,0
DA:2281,0
DA:2282,0
DA:2283,0
DA:2284,0
DA:2285,0
DA:2319,15
DA:2320,15
DA:2324,16
DA:2325,16
DA:2329,1833
DA:2330,1833
DA:2331,0
DA:2335,1833
DA:2336,1833
DA:2337,1833
DA:2357,0
DA:2358,0
DA:2359,0
DA:2360,0
DA:2361,0
DA:2363,0
DA:2396,859
DA:2397,859
DA:2400,875
DA:2401,875
DA:2404,875
DA:2405,875
DA:2415,42
DA:2416,42
DA:2418,875
DA:2419,875
DA:2420,875
DA:2440,0
DA:2441,0
DA:2442,0
DA:2455,41
DA:2456,82
DA:2457,41
DA:2458,41
DA:2546,875
DA:2547,875
DA:2548,875
DA:2588,1
DA:2590,2
DA:2591,1
DA:2592,1
DA:2593,0
DA:2595,1
DA:2598,15
DA:2600,30
DA:2601,15
DA:2602,15
DA:2603,0
DA:2605,15
DA:2618,859
DA:2622,1718
DA:2623,859
DA:2624,859
DA:2625,0
DA:2627,859
DA:2669,1762
DA:2670,1762
DA:2671,1762
DA:2672,1762
DA:2673,1762
DA:2674,1762
DA:2676,1762
DA:2679,0
DA:2680,0
DA:2682,0
DA:2683,0
DA:2685,1762
DA:2687,3524
DA:2688,1762
DA:2689,0
DA:2691,1762
DA:2704,816
DA:2705,816
DA:2712,3552
DA:2713,3552
DA:2716,0
DA:2717,0
DA:2718,0
DA:2720,0
DA:2723,1762
DA:2724,1762
DA:2727,1762
DA:2728,1762
DA:2729,1762
DA:2966,0
DA:2967,0
DA:2968,0
DA:2971,0
DA:2972,0
DA:2973,0
DA:2975,0
DA:2976,0
DA:2977,0
DA:2980,0
DA:2983,0
DA:2985,0
DA:2986,0
DA:2987,0
DA:2992,1
DA:2998,2
DA:3008,25
DA:3009,24
DA:3010,24
DA:3011,24
DA:3012,2
DA:3015,1
DA:3017,1
DA:3018,1
DA:3019,1
DA:3020,23
DA:3021,32
DA:3024,16
DA:3026,16
DA:3027,16
DA:3028,16
DA:3033,2
DA:3039,1
DA:3041,1
DA:3046,25
DA:3047,24
DA:3049,48
DA:3050,24
DA:3051,0
DA:3053,0
DA:3054,0
DA:3055,48
DA:3056,24
DA:3057,0
DA:3059,0
DA:3060,0
DA:3061,24
DA:3062,0
DA:3063,0
DA:3065,0
DA:3066,0
DA:3067,0
DA:3068,0
DA:3070,0
DA:3071,0
DA:3076,2
DA:3080,1
DA:3085,1
DA:3088,1
DA:3089,1
DA:3106,16
DA:3111,16
DA:3113,16
DA:3114,16
DA:3115,16
DA:3116,16
DA:3117,16
DA:3118,16
DA:3122,1
DA:3127,1
DA:3129,1
DA:3130,1
DA:3131,1
DA:3132,1
DA:3133,1
DA:3134,1
DA:3312,7
DA:3314,7
DA:3315,7
DA:3316,7
DA:3317,7
DA:3318,7
DA:3356,0
DA:3359,0
DA:3363,0
DA:3364,0
DA:3366,0
DA:3367,0
DA:3368,0
DA:3369,0
DA:3373,0
DA:3374,0
DA:3375,0
DA:3376,0
DA:3377,0
DA:3379,0
DA:3383,946
DA:3386,1892
DA:3387,1892
DA:3389,946
DA:3390,946
DA:3391,946
DA:3392,1892
DA:3393,946
DA:3397,816
DA:3400,1632
DA:3401,1632
DA:3403,816
DA:3404,816
DA:3405,1632
DA:3406,816
DA:3410,0
DA:3413,0
DA:3414,0
DA:3416,0
DA:3417,0
DA:3418,0
DA:3419,0
DA:3423,0
DA:3426,0
DA:3427,0
DA:3429,0
DA:3430,0
DA:3431,0
DA:3432,0
DA:3433,0
DA:3437,0
DA:3440,0
DA:3441,0
DA:3443,0
DA:3444,0
DA:3445,0
DA:3446,0
DA:3447,0
DA:3448,0
DA:3449,0
DA:3453,0
DA:3456,0
DA:3457,0
DA:3459,0
DA:3460,0
DA:3461,0
DA:3462,0
DA:3463,0
DA:3464,0
DA:3468,0
DA:3471,0
DA:3472,0
DA:3474,0
DA:3475,0
DA:3476,0
DA:3477,0
DA:3478,0
DA:3479,0
DA:3483,0
DA:3486,0
DA:3487,0
DA:3489,0
DA:3490,0
DA:3491,0
DA:3492,0
DA:3493,0
DA:3494,0
DA:3495,0
DA:3499,0
DA:3500,0
DA:3501,0
DA:3502,0
DA:3503,0
DA:3513,916
DA:3514,916
DA:3515,916
DA:3516,916
DA:3518,1832
DA:3519,916
DA:3520,916
DA:3523,916
DA:3541,875
DA:3542,875
DA:3543,875
DA:3544,875
DA:3546,1750
DA:3547,875
DA:3548,875
DA:3551,875
DA:3557,875
DA:3558,875
DA:3561,875
DA:3563,875
DA:3564,875
DA:3565,875
DA:3657,875
DA:3658,875
DA:3659,875
DA:3661,875
DA:3662,875
DA:3663,875
DA:3664,875
DA:3666,875
DA:3668,875
DA:3669,1750
DA:3672,875
DA:3673,875
DA:3689,875
DA:3692,875
DA:3693,1750
DA:3696,2625
DA:3698,875
DA:3699,875
DA:3700,875
DA:3702,875
DA:3704,875
DA:3705,875
DA:3733,1750
DA:3734,875
DA:3735,875
DA:3736,875
DA:3738,875
DA:3740,875
DA:3741,875
DA:3742,875
DA:3771,859
DA:3772,859
DA:3775,875
DA:3776,875
DA:3777,875
DA:3778,875
DA:3785,859
DA:3786,859
DA:3789,859
DA:3790,859
DA:3797,15
DA:3798,15
DA:3799,15
DA:3801,15
DA:3803,1
DA:3804,1
DA:3805,1
DA:3807,1
DA:3809,1
DA:3810,1
DA:3811,1
DA:3813,15
DA:3814,15
DA:3820,875
DA:3821,875
DA:3824,875
DA:3825,0
DA:3826,0
DA:3831,874
DA:3833,875
DA:3835,875
DA:3836,875
DA:3837,1750
DA:3838,875
DA:3839,2628
DA:3840,2622
DA:3843,5
DA:3845,875
DA:3846,875
DA:3848,875
DA:3849,875
DA:3851,875
LF:573
LH:383
end_of_record
SF:/home/pi/node-lora-comms/node_modules/node-addon-api/napi.h
FN:1146,_ZN4Napi15ObjectReferenceD2Ev
FN:1183,_ZN4Napi17FunctionReferenceD2Ev
FN:1317,_ZN4Napi5ErrorD0Ev
FN:1317,_ZN4Napi5ErrorD2Ev
FN:1573,_ZN4Napi23ClassPropertyDescriptorI9LoRaCommsEC2E24napi_property_descriptor
FNDA:917,_ZN4Napi15ObjectReferenceD2Ev
FNDA:875,_ZN4Napi17FunctionReferenceD2Ev
FNDA:0,_ZN4Napi5ErrorD0Ev
FNDA:42,_ZN4Napi5ErrorD2Ev
FNDA:24,_ZN4Napi23ClassPropertyDescriptorI9LoRaCommsEC2E24napi_property_descriptor
FNF:5
FNH:4
DA:1146,917
DA:1183,875
DA:1317,42
DA:1573,24
LF:4
LH:4
end_of_record
SF:/usr/include/c++/6/bits/alloc_traits.h
FN:435,_ZNSt16allocator_traitsISaI24napi_property_descriptorEE8allocateERS1_j
FN:461,_ZNSt16allocator_traitsISaIP12napi_value__EE10deallocateERS2_PS1_j
FN:461,_ZNSt16allocator_traitsISaI24napi_property_descriptorEE10deallocateERS1_PS0_j
FNDA:1,_ZNSt16allocator_traitsISaI24napi_property_descriptorEE8allocateERS1_j
FNDA:1,_ZNSt16allocator_traitsISaI24napi_property_descriptorEE10deallocateERS1_PS0_j
FNDA:0,_ZNSt16allocator_traitsISaIP12napi_value__EE10deallocateERS2_PS1_j
FNF:3
FNH:2
DA:435,1
DA:436,1
DA:461,1
DA:462,1
LF:4
LH:4
end_of_record
SF:/usr/include/c++/6/bits/allocator.h
FN:131,_ZNSaIP12napi_value__EC2Ev
FN:131,_ZNSaI24napi_property_descriptorEC2Ev
FN:133,_ZNSaI24napi_property_descriptorEC2ERKS0_
FN:139,_ZNSaIP12napi_value__ED2Ev
FN:139,_ZNSaI24napi_property_descriptorED2Ev
FNDA:15,_ZNSaIP12napi_value__EC2Ev
FNDA:1,_ZNSaI24napi_property_descriptorEC2Ev
FNDA:1,_ZNSaI24napi_property_descriptorEC2ERKS0_
FNDA:2,_ZNSaI24napi_property_descriptorED2Ev
FNDA:15,_ZNSaIP12napi_value__ED2Ev
FNF:5
FNH:5
DA:131,16
DA:133,1
DA:134,1
DA:139,17
LF:4
LH:4
end_of_record
SF:/usr/include/c++/6/bits/basic_string.h
FN:107,_ZNSt7__cxx1112basic_stringIcSt11char_traitsIcESaIcEE12_Alloc_hiderD2Ev
FN:192,_ZNSt7__cxx1112basic_stringIcSt11char_traitsIcESaIcEE16_M_construct_auxIPcEEvT_S7_St12__false_type
FN:212,_ZNSt7__cxx1112basic_stringIcSt11char_traitsIcESaIcEE12_M_constructIPcEEvT_S7_
FN:549,_ZNSt7__cxx1112basic_stringIcSt11char_traitsIcESaIcEEC2IPcvEET_S7_RKS3_
FN:5470,_ZNSt7__cxx119to_stringEi
FNDA:0,_ZNSt7__cxx1112basic_stringIcSt11char_traitsIcESaIcEE12_Alloc_hiderD2Ev
FNDA:0,_ZNSt7__cxx1112basic_stringIcSt11char_traitsIcESaIcEE16_M_construct_auxIPcEEvT_S7_St12__false_type
FNDA:0,_ZNSt7__cxx1112basic_stringIcSt11char_traitsIcESaIcEE12_M_constructIPcEEvT_S7_
FNDA:0,_ZNSt7__cxx1112basic_stringIcSt11char_traitsIcESaIcEEC2IPcvEET_S7_RKS3_
FNDA:0,_ZNSt7__cxx119to_stringEi
FNF:5
FNH:0
DA:107,0
DA:192,0
DA:196,0
DA:197,0
DA:212,0
DA:215,0
DA:216,0
DA:549,0
DA:551,0
DA:552,0
DA:5470,0
DA:5472,0
LF:12
LH:0
end_of_record
SF:/usr/include/c++/6/bits/basic_string.tcc
FN:206,_ZNSt7__cxx1112basic_stringIcSt11char_traitsIcESaIcEE12_M_constructIPcEEvT_S7_St20forward_iterator_tag
FNDA:0,_ZNSt7__cxx1112basic_stringIcSt11char_traitsIcESaIcEE12_M_constructIPcEEvT_S7_St20forward_iterator_tag
FNF:1
FNH:0
DA:206,0
DA:211,0
DA:212,0
DA:215,0
DA:217,0
DA:219,0
DA:220,0
DA:225,0
DA:226,0
DA:228,0
DA:229,0
DA:232,0
DA:233,0
LF:13
LH:0
end_of_record
SF:/usr/include/c++/6/bits/move.h
FN:101,_ZSt4moveIRN4Napi9ReferenceINS0_6ObjectEEEEONSt16remove_referenceIT_E4typeEOS6_
FN:101,_ZSt4moveIRN4Napi9ReferenceINS0_8FunctionEEEEONSt16remove_referenceIT_E4typeEOS6_
FNDA:875,_ZSt4moveIRN4Napi9ReferenceINS0_8FunctionEEEEONSt16remove_referenceIT_E4typeEOS6_
FNDA:875,_ZSt4moveIRN4Napi9ReferenceINS0_6ObjectEEEEONSt16remove_referenceIT_E4typeEOS6_
FNF:2
FNH:2
DA:101,1750
DA:102,1750
LF:2
LH:2
end_of_record
SF:/usr/include/c++/6/bits/stl_algobase.h
FN:277,_ZSt12__niter_baseIP24napi_property_descriptorET_S2_
FN:738,_ZSt10__fill_n_aIP24napi_property_descriptorjS0_EN9__gnu_cxx11__enable_ifIXntsrSt11__is_scalarIT1_E7__valueET_E6__typeES7_T0_RKS5_
FN:784,_ZSt6fill_nIP24napi_property_descriptorjS0_ET_S2_T0_RKT1_
FNDA:1,_ZSt12__niter_baseIP24napi_property_descriptorET_S2_
FNDA:1,_ZSt10__fill_n_aIP24napi_property_descriptorjS0_EN9__gnu_cxx11__enable_ifIXntsrSt11__is_scalarIT1_E7__valueET_E6__typeES7_T0_RKS5_
FNDA:1,_ZSt6fill_nIP24napi_property_descriptorjS0_ET_S2_T0_RKT1_
FNF:3
FNH:3
DA:277,1
DA:278,1
DA:738,1
DA:740,25
DA:741,25
DA:742,24
DA:743,1
DA:784,1
DA:789,1
LF:9
LH:9
end_of_record
SF:/usr/include/c++/6/bits/stl_construct.h
FN:112,_ZNSt12_Destroy_auxILb1EE9__destroyIPP12napi_value__EEvT_S5_
FN:112,_ZNSt12_Destroy_auxILb1EE9__destroyIP24napi_property_descriptorEEvT_S4_
FN:122,_ZSt8_DestroyIPP12napi_value__EvT_S3_
FN:122,_ZSt8_DestroyIP24napi_property_descriptorEvT_S2_
FN:148,_ZSt8_DestroyIPP12napi_value__S1_EvT_S3_RSaIT0_E
FN:148,_ZSt8_DestroyIP24napi_property_descriptorS0_EvT_S2_RSaIT0_E
FNDA:1,_ZNSt12_Destroy_auxILb1EE9__destroyIP24napi_property_descriptorEEvT_S4_
FNDA:15,_ZNSt12_Destroy_auxILb1EE9__destroyIPP12napi_value__EEvT_S5_
FNDA:1,_ZSt8_DestroyIP24napi_property_descriptorEvT_S2_
FNDA:15,_ZSt8_DestroyIPP12napi_value__EvT_S3_
FNDA:1,_ZSt8_DestroyIP24napi_property_descriptorS0_EvT_S2_RSaIT0_E
FNDA:15,_ZSt8_DestroyIPP12napi_value__S1_EvT_S3_RSaIT0_E
FNF:6
FNH:6
DA:112,16
DA:122,16
DA:126,16
DA:128,16
DA:148,16
DA:151,16
DA:152,16
LF:7
LH:7
end_of_record
SF:/usr/include/c++/6/bits/stl_iterator_base_funcs.h
FN:96,_ZSt10__distanceIPcENSt15iterator_traitsIT_E15difference_typeES2_S2_St26random_access_iterator_tag
FN:135,_ZSt8distanceIPcENSt15iterator_traitsIT_E15difference_typeES2_S2_
FNDA:0,_ZSt10__distanceIPcENSt15iterator_traitsIT_E15difference_typeES2_S2_St26random_access_iterator_tag
FNDA:0,_ZSt8distanceIPcENSt15iterator_traitsIT_E15difference_typeES2_S2_
FNF:2
FNH:0
DA:96,0
DA:102,0
DA:135,0
DA:138,0
DA:139,0
LF:5
LH:0
end_of_record
SF:/usr/include/c++/6/bits/stl_iterator_base_types.h
FN:204,_ZSt19__iterator_categoryIPcENSt15iterator_traitsIT_E17iterator_categoryERKS2_
FNDA:0,_ZSt19__iterator_categoryIPcENSt15iterator_traitsIT_E17iterator_categoryERKS2_
FNF:1
FNH:0
DA:204,0
DA:205,0
LF:2
LH:0
end_of_record
SF:/usr/include/c++/6/bits/stl_uninitialized.h
FN:535,_ZNSt27__uninitialized_default_n_1ILb1EE18__uninit_default_nIP24napi_property_descriptorjEET_S4_T0_
FN:566,_ZSt25__uninitialized_default_nIP24napi_property_descriptorjET_S2_T0_
FN:635,_ZSt27__uninitialized_default_n_aIP24napi_property_descriptorjS0_ET_S2_T0_RSaIT1_E
FNDA:1,_ZNSt27__uninitialized_default_n_1ILb1EE18__uninit_default_nIP24napi_property_descriptorjEET_S4_T0_
FNDA:1,_ZSt25__uninitialized_default_nIP24napi_property_descriptorjET_S2_T0_
FNDA:1,_ZSt27__uninitialized_default_n_aIP24napi_property_descriptorjS0_ET_S2_T0_RSaIT1_E
FNF:3
FNH:3
DA:535,1
DA:540,1
DA:566,1
DA:571,1
DA:575,1
DA:635,1
DA:637,1
LF:7
LH:7
end_of_record
SF:/usr/include/c++/6/bits/stl_vector.h
FN:79,_ZNSt12_Vector_baseIP12napi_value__SaIS1_EE12_Vector_implD2Ev
FN:79,_ZNSt12_Vector_baseI24napi_property_descriptorSaIS0_EE12_Vector_implD2Ev
FN:86,_ZNSt12_Vector_baseIP12napi_value__SaIS1_EE12_Vector_implC2Ev
FN:90,_ZNSt12_Vector_baseI24napi_property_descriptorSaIS0_EE12_Vector_implC2ERKS1_
FN:113,_ZNSt12_Vector_baseI24napi_property_descriptorSaIS0_EE19_M_get_Tp_allocatorEv
FN:113,_ZNSt12_Vector_baseIP12napi_value__SaIS1_EE19_M_get_Tp_allocatorEv
FN:124,_ZNSt12_Vector_baseIP12napi_value__SaIS1_EEC2Ev
FN:134,_ZNSt12_Vector_baseI24napi_property_descriptorSaIS0_EEC2EjRKS1_
FN:159,_ZNSt12_Vector_baseI24napi_property_descriptorSaIS0_EED2Ev
FN:159,_ZNSt12_Vector_baseIP12napi_value__SaIS1_EED2Ev
FN:167,_ZNSt12_Vector_baseI24napi_property_descriptorSaIS0_EE11_M_allocateEj
FN:174,_ZNSt12_Vector_baseI24napi_property_descriptorSaIS0_EE13_M_deallocateEPS0_j
FN:174,_ZNSt12_Vector_baseIP12napi_value__SaIS1_EE13_M_deallocateEPS1_j
FN:183,_ZNSt12_Vector_baseI24napi_property_descriptorSaIS0_EE17_M_create_storageEj
FN:255,_ZNSt6vectorIP12napi_value__SaIS1_EEC2Ev
FN:279,_ZNSt6vectorI24napi_property_descriptorSaIS0_EEC2EjRKS1_
FN:425,_ZNSt6vectorIP12napi_value__SaIS1_EED2Ev
FN:425,_ZNSt6vectorI24napi_property_descriptorSaIS0_EED2Ev
FN:655,_ZNKSt6vectorIP12napi_value__SaIS1_EE4sizeEv
FN:780,_ZNSt6vectorI24napi_property_descriptorSaIS0_EEixEj
FN:891,_ZNSt6vectorI24napi_property_descriptorSaIS0_EE4dataEv
FN:899,_ZNKSt6vectorIP12napi_value__SaIS1_EE4dataEv
FN:1306,_ZNSt6vectorI24napi_property_descriptorSaIS0_EE21_M_default_initializeEj
FN:1481,_ZNKSt6vectorI24napi_property_descriptorSaIS0_EE11_M_data_ptrIS0_EEPT_S5_
FN:1481,_ZNKSt6vectorIP12napi_value__SaIS1_EE11_M_data_ptrIS1_EEPT_S6_
FNDA:1,_ZNSt12_Vector_baseI24napi_property_descriptorSaIS0_EE12_Vector_implD2Ev
FNDA:15,_ZNSt12_Vector_baseIP12napi_value__SaIS1_EE12_Vector_implD2Ev
FNDA:15,_ZNSt12_Vector_baseIP12napi_value__SaIS1_EE12_Vector_implC2Ev
FNDA:1,_ZNSt12_Vector_baseI24napi_property_descriptorSaIS0_EE12_Vector_implC2ERKS1_
FNDA:2,_ZNSt12_Vector_baseI24napi_property_descriptorSaIS0_EE19_M_get_Tp_allocatorEv
FNDA:15,_ZNSt12_Vector_baseIP12napi_value__SaIS1_EE19_M_get_Tp_allocatorEv
FNDA:15,_ZNSt12_Vector_baseIP12napi_value__SaIS1_EEC2Ev
FNDA:1,_ZNSt12_Vector_baseI24napi_property_descriptorSaIS0_EEC2EjRKS1_
FNDA:1,_ZNSt12_Vector_baseI24napi_property_descriptorSaIS0_EED2Ev
FNDA:15,_ZNSt12_Vector_baseIP12napi_value__SaIS1_EED2Ev
FNDA:1,_ZNSt12_Vector_baseI24napi_property_descriptorSaIS0_EE11_M_allocateEj
FNDA:1,_ZNSt12_Vector_baseI24napi_property_descriptorSaIS0_EE13_M_deallocateEPS0_j
FNDA:15,_ZNSt12_Vector_baseIP12napi_value__SaIS1_EE13_M_deallocateEPS1_j
FNDA:1,_ZNSt12_Vector_baseI24napi_property_descriptorSaIS0_EE17_M_create_storageEj
FNDA:15,_ZNSt6vectorIP12napi_value__SaIS1_EEC2Ev
FNDA:1,_ZNSt6vectorI24napi_property_descriptorSaIS0_EEC2EjRKS1_
FNDA:1,_ZNSt6vectorI24napi_property_descriptorSaIS0_EED2Ev
FNDA:15,_ZNSt6vectorIP12napi_value__SaIS1_EED2Ev
FNDA:15,_ZNKSt6vectorIP12napi_value__SaIS1_EE4sizeEv
FNDA:72,_ZNSt6vectorI24napi_property_descriptorSaIS0_EEixEj
FNDA:1,_ZNSt6vectorI24napi_property_descriptorSaIS0_EE4dataEv
FNDA:15,_ZNKSt6vectorIP12napi_value__SaIS1_EE4dataEv
FNDA:1,_ZNSt6vectorI24napi_property_descriptorSaIS0_EE21_M_default_initializeEj
FNDA:1,_ZNKSt6vectorI24napi_property_descriptorSaIS0_EE11_M_data_ptrIS0_EEPT_S5_
FNDA:15,_ZNKSt6vectorIP12napi_value__SaIS1_EE11_M_data_ptrIS1_EEPT_S6_
FNF:25
FNH:25
DA:79,16
DA:86,15
DA:87,15
DA:88,15
DA:90,1
DA:91,1
DA:92,1
DA:113,17
DA:114,17
DA:124,15
DA:125,15
DA:134,1
DA:135,1
DA:136,1
DA:159,16
DA:160,32
DA:161,32
DA:167,1
DA:170,1
DA:174,16
DA:177,16
DA:178,1
DA:179,16
DA:183,1
DA:185,1
DA:186,1
DA:187,1
DA:188,1
DA:255,15
DA:259,15
DA:279,1
DA:280,1
DA:281,1
DA:425,16
DA:426,32
DA:427,32
DA:655,15
DA:656,15
DA:780,72
DA:781,72
DA:891,1
DA:892,1
DA:899,15
DA:900,15
DA:1306,1
DA:1308,1
DA:1309,2
DA:1310,1
DA:1311,1
DA:1481,16
DA:1482,16
LF:51
LH:51
end_of_record
SF:/usr/include/c++/6/exception
FN:65,_ZNSt9exceptionC2Ev
FNDA:42,_ZNSt9exceptionC2Ev
FNF:1
FNH:1
DA:65,42
LF:1
LH:1
end_of_record
SF:/usr/include/c++/6/ext/new_allocator.h
FN:79,_ZN9__gnu_cxx13new_allocatorIP12napi_value__EC2Ev
FN:79,_ZN9__gnu_cxx13new_allocatorI24napi_property_descriptorEC2Ev
FN:81,_ZN9__gnu_cxx13new_allocatorI24napi_property_descriptorEC2ERKS2_
FN:86,_ZN9__gnu_cxx13new_allocatorIP12napi_value__ED2Ev
FN:86,_ZN9__gnu_cxx13new_allocatorI24napi_property_descriptorED2Ev
FN:99,_ZN9__gnu_cxx13new_allocatorI24napi_property_descriptorE8allocateEjPKv
FN:109,_ZN9__gnu_cxx13new_allocatorI24napi_property_descriptorE10deallocateEPS1_j
FN:109,_ZN9__gnu_cxx13new_allocatorIP12napi_value__E10deallocateEPS2_j
FN:113,_ZNK9__gnu_cxx13new_allocatorI24napi_property_descriptorE8max_sizeEv
FNDA:15,_ZN9__gnu_cxx13new_allocatorIP12napi_value__EC2Ev
FNDA:1,_ZN9__gnu_cxx13new_allocatorI24napi_property_descriptorEC2Ev
FNDA:1,_ZN9__gnu_cxx13new_allocatorI24napi_property_descriptorEC2ERKS2_
FNDA:2,_ZN9__gnu_cxx13new_allocatorI24napi_property_descriptorED2Ev
FNDA:15,_ZN9__gnu_cxx13new_allocatorIP12napi_value__ED2Ev
FNDA:1,_ZN9__gnu_cxx13new_allocatorI24napi_property_descriptorE8allocateEjPKv
FNDA:1,_ZN9__gnu_cxx13new_allocatorI24napi_property_descriptorE10deallocateEPS1_j
FNDA:0,_ZN9__gnu_cxx13new_allocatorIP12napi_value__E10deallocateEPS2_j
FNDA:1,_ZNK9__gnu_cxx13new_allocatorI24napi_property_descriptorE8max_sizeEv
FNF:9
FNH:8
DA:79,16
DA:81,1
DA:86,17
DA:99,1
DA:101,1
DA:102,0
DA:104,1
DA:109,1
DA:110,1
DA:113,1
DA:114,1
LF:11
LH:10
end_of_record
SF:/usr/include/c++/6/ext/string_conversions.h
FN:89,_ZN9__gnu_cxx12__to_xstringINSt7__cxx1112basic_stringIcSt11char_traitsIcESaIcEEEcEET_PFiPT0_jPKS8_St9__va_listEjSB_z
FNDA:0,_ZN9__gnu_cxx12__to_xstringINSt7__cxx1112basic_stringIcSt11char_traitsIcESaIcEEEcEET_PFiPT0_jPKS8_St9__va_listEjSB_z
FNF:1
FNH:0
DA:89,0
DA:96,0
DA:99,0
DA:101,0
DA:103,0
DA:105,0
LF:6
LH:0
end_of_record
SF:/usr/include/c++/6/ext/type_traits.h
FN:152,_ZN9__gnu_cxx17__is_null_pointerIcEEbPT_
FNDA:0,_ZN9__gnu_cxx17__is_null_pointerIcEEbPT_
FNF:1
FNH:0
DA:152,0
DA:153,0
LF:2
LH:0
end_of_record
SF:/usr/include/c++/6/initializer_list
FN:71,_ZNKSt16initializer_listIN4Napi23ClassPropertyDescriptorI9LoRaCommsEEE4sizeEv
FN:71,_ZNKSt16initializer_listIP12napi_value__E4sizeEv
FN:75,_ZNKSt16initializer_listIN4Napi23ClassPropertyDescriptorI9LoRaCommsEEE5beginEv
FN:75,_ZNKSt16initializer_listIP12napi_value__E5beginEv
FNDA:1,_ZNKSt16initializer_listIN4Napi23ClassPropertyDescriptorI9LoRaCommsEEE4sizeEv
FNDA:860,_ZNKSt16initializer_listIP12napi_value__E4sizeEv
FNDA:1,_ZNKSt16initializer_listIN4Napi23ClassPropertyDescriptorI9LoRaCommsEEE5beginEv
FNDA:860,_ZNKSt16initializer_listIP12napi_value__E5beginEv
FNF:4
FNH:4
DA:71,861
DA:75,861
LF:2
LH:2
end_of_record
SF:/home/pi/node-lora-comms/src/lora_comms.cc
FN:56,_Z10ErrnoErrorRKN4Napi3EnvEi
FN:67,_ZN16StartAsyncWorkerD0Ev
FN:67,_ZN16StartAsyncWorkerD2Ev
FN:70,_ZN16StartAsyncWorkerC2ERKN4Napi8FunctionERKNS0_6StringE
FN:78,_ZN16StartAsyncWorker7ExecuteEv
FN:92,_ZN9LoRaComms5StartERKN4Napi12CallbackInfoE
FN:99,_ZN9LoRaComms4StopERKN4Napi12CallbackInfoE
FN:104,_ZN9LoRaComms5ResetERKN4Napi12CallbackInfoE
FN:112,_ZN16CommsAsyncWorkerC2ERKN4Napi8FunctionERKNS0_6BufferIhEERK7timeval
FN:135,_ZN16CommsAsyncWorker7ExecuteEv
FN:144,_ZN16CommsAsyncWorker4OnOKEv
FN:169,_ZN15LinkAsyncWorkerC2ERKN4Napi8FunctionEiRKNS0_6BufferIhEERK7timeval
FN:191,_ZN19RecvFromAsyncWorkerD2Ev
FN:191,_ZN19RecvFromAsyncWorkerD0Ev
FN:194,_ZN19RecvFromAsyncWorkerC2ERKN4Napi8FunctionEiRKNS0_6BufferIhEERK7timeval
FN:203,_ZN19RecvFromAsyncWorker11CommunicateEv
FN:209,_ZN9LoRaComms8RecvFromERKN4Napi12CallbackInfoE
FN:218,_ZN17SendToAsyncWorkerD0Ev
FN:218,_ZN17SendToAsyncWorkerD2Ev
FN:221,_ZN17SendToAsyncWorkerC2ERKN4Napi8FunctionEiRKNS0_6BufferIhEEiRK7timeval
FN:232,_ZN17SendToAsyncWorker11CommunicateEv
FN:241,_ZN9LoRaComms6SendToERKN4Napi12CallbackInfoE
FN:251,_ZN9LoRaComms12SetGWSendHWMERKN4Napi12CallbackInfoE
FN:256,_ZN9LoRaComms16SetGWSendTimeoutERKN4Napi12CallbackInfoE
FN:262,_ZN9LoRaComms16SetGWRecvTimeoutERKN4Napi12CallbackInfoE
FN:268,_ZN9LoRaComms12StartLoggingERKN4Napi12CallbackInfoE
FN:273,_ZN9LoRaComms11StopLoggingERKN4Napi12CallbackInfoE
FN:279,_ZN9LoRaComms12ResetLoggingERKN4Napi12CallbackInfoE
FN:284,_ZN14LogAsyncWorkerD0Ev
FN:284,_ZN14LogAsyncWorkerD2Ev
FN:287,_ZN14LogAsyncWorkerC2ERKN4Napi8FunctionEPFiPcjPK7timevalERKNS0_6BufferIhEERS6_
FN:297,_ZN14LogAsyncWorker11CommunicateEv
FN:306,_ZN9LoRaComms17GetLogInfoMessageERKN4Napi12CallbackInfoE
FN:315,_ZN9LoRaComms18GetLogErrorMessageERKN4Napi12CallbackInfoE
FN:324,_ZN9LoRaComms14SetLogWriteHWMERKN4Napi12CallbackInfoE
FN:329,_ZN9LoRaComms18SetLogWriteTimeoutERKN4Napi12CallbackInfoE
FN:335,_ZN9LoRaComms20SetLogMaxMessageSizeERKN4Napi12CallbackInfoE
FN:340,_ZN9LoRaComms20GetLogMaxMessageSizeERKN4Napi12CallbackInfoE
FN:347,_ZN9LoRaComms7TimeValERKN4Napi12CallbackInfoEj
FN:356,_ZN9LoRaComms8CommLinkERKN4Napi12CallbackInfoEj
FN:362,_ZN9LoRaComms10InitializeEN4Napi3EnvENS0_6ObjectE
FN:401,_Z10InitializeN4Napi3EnvENS_6ObjectE
FN:406,_Z17__napi_InitializeP10napi_env__P12napi_value__
FN:406,_register_lora_comms
FNDA:41,_Z10ErrnoErrorRKN4Napi3EnvEi
FNDA:16,_ZN16StartAsyncWorkerD0Ev
FNDA:16,_ZN16StartAsyncWorkerD2Ev
FNDA:16,_ZN16StartAsyncWorkerC2ERKN4Napi8FunctionERKNS0_6StringE
FNDA:16,_ZN16StartAsyncWorker7ExecuteEv
FNDA:16,_ZN9LoRaComms5StartERKN4Napi12CallbackInfoE
FNDA:15,_ZN9LoRaComms4StopERKN4Napi12CallbackInfoE
FNDA:15,_ZN9LoRaComms5ResetERKN4Napi12CallbackInfoE
FNDA:859,_ZN16CommsAsyncWorkerC2ERKN4Napi8FunctionERKNS0_6BufferIhEERK7timeval
FNDA:859,_ZN16CommsAsyncWorker7ExecuteEv
FNDA:859,_ZN16CommsAsyncWorker4OnOKEv
FNDA:44,_ZN15LinkAsyncWorkerC2ERKN4Napi8FunctionEiRKNS0_6BufferIhEERK7timeval
FNDA:24,_ZN19RecvFromAsyncWorkerD0Ev
FNDA:24,_ZN19RecvFromAsyncWorkerD2Ev
FNDA:24,_ZN19RecvFromAsyncWorkerC2ERKN4Napi8FunctionEiRKNS0_6BufferIhEERK7timeval
FNDA:24,_ZN19RecvFromAsyncWorker11CommunicateEv
FNDA:24,_ZN9LoRaComms8RecvFromERKN4Napi12CallbackInfoE
FNDA:20,_ZN17SendToAsyncWorkerD0Ev
FNDA:20,_ZN17SendToAsyncWorkerD2Ev
FNDA:20,_ZN17SendToAsyncWorkerC2ERKN4Napi8FunctionEiRKNS0_6BufferIhEEiRK7timeval
FNDA:20,_ZN17SendToAsyncWorker11CommunicateEv
FNDA:20,_ZN9LoRaComms6SendToERKN4Napi12CallbackInfoE
FNDA:2,_ZN9LoRaComms12SetGWSendHWMERKN4Napi12CallbackInfoE
FNDA:2,_ZN9LoRaComms16SetGWSendTimeoutERKN4Napi12CallbackInfoE
FNDA:2,_ZN9LoRaComms16SetGWRecvTimeoutERKN4Napi12CallbackInfoE
FNDA:16,_ZN9LoRaComms12StartLoggingERKN4Napi12CallbackInfoE
FNDA:1,_ZN9LoRaComms11StopLoggingERKN4Napi12CallbackInfoE
FNDA:15,_ZN9LoRaComms12ResetLoggingERKN4Napi12CallbackInfoE
FNDA:815,_ZN14LogAsyncWorkerD0Ev
FNDA:815,_ZN14LogAsyncWorkerD2Ev
FNDA:815,_ZN14LogAsyncWorkerC2ERKN4Napi8FunctionEPFiPcjPK7timevalERKNS0_6BufferIhEERS6_
FNDA:815,_ZN14LogAsyncWorker11CommunicateEv
FNDA:798,_ZN9LoRaComms17GetLogInfoMessageERKN4Napi12CallbackInfoE
FNDA:17,_ZN9LoRaComms18GetLogErrorMessageERKN4Napi12CallbackInfoE
FNDA:1,_ZN9LoRaComms14SetLogWriteHWMERKN4Napi12CallbackInfoE
FNDA:1,_ZN9LoRaComms18SetLogWriteTimeoutERKN4Napi12CallbackInfoE
FNDA:1,_ZN9LoRaComms20SetLogMaxMessageSizeERKN4Napi12CallbackInfoE
FNDA:816,_ZN9LoRaComms20GetLogMaxMessageSizeERKN4Napi12CallbackInfoE
FNDA:864,_ZN9LoRaComms7TimeValERKN4Napi12CallbackInfoEj
FNDA:6,_ZN9LoRaComms8CommLinkERKN4Napi12CallbackInfoEj
FNDA:1,_ZN9LoRaComms10InitializeEN4Napi3EnvENS0_6ObjectE
FNDA:1,_Z10InitializeN4Napi3EnvENS_6ObjectE
FNDA:1,_register_lora_comms
FNDA:1,_Z17__napi_InitializeP10napi_env__P12napi_value__
FNF:44
FNH:44
DA:56,41
DA:58,41
DA:59,41
DA:62,41
DA:63,41
DA:64,41
DA:67,32
DA:70,16
DA:71,16
DA:73,16
DA:75,16
DA:78,16
DA:80,16
DA:82,1
DA:85,16
DA:86,16
DA:92,16
DA:94,32
DA:95,48
DA:96,48
DA:97,16
DA:99,15
DA:101,15
DA:102,15
DA:104,15
DA:106,15
DA:107,15
DA:112,859
DA:114,859
DA:116,859
DA:117,859
DA:119,2577
DA:121,859
DA:135,859
DA:137,859
DA:138,859
DA:140,41
DA:142,859
DA:144,859
DA:146,859
DA:147,859
DA:148,1718
DA:149,2577
DA:151,1718
DA:152,1718
DA:153,3436
DA:154,859
DA:169,44
DA:172,44
DA:174,44
DA:176,44
DA:191,48
DA:194,24
DA:197,24
DA:198,24
DA:200,24
DA:203,24
DA:205,24
DA:209,24
DA:211,48
DA:212,48
DA:213,48
DA:214,96
DA:215,96
DA:216,24
DA:218,40
DA:221,20
DA:225,20
DA:227,20
DA:229,20
DA:232,20
DA:234,20
DA:241,20
DA:243,40
DA:244,40
DA:245,40
DA:246,40
DA:247,80
DA:248,80
DA:249,20
DA:251,2
DA:253,2
DA:254,2
DA:256,2
DA:258,2
DA:259,2
DA:260,2
DA:262,2
DA:264,2
DA:265,2
DA:266,2
DA:268,16
DA:270,16
DA:271,16
DA:273,1
DA:275,1
DA:276,1
DA:277,1
DA:279,15
DA:281,15
DA:282,15
DA:284,1630
DA:287,815
DA:290,815
DA:292,815
DA:294,815
DA:297,815
DA:299,815
DA:306,798
DA:308,1596
DA:310,1596
DA:311,2394
DA:312,3192
DA:313,798
DA:315,17
DA:317,34
DA:319,34
DA:320,51
DA:321,68
DA:322,17
DA:324,1
DA:326,1
DA:327,1
DA:329,1
DA:331,1
DA:332,1
DA:333,1
DA:335,1
DA:337,1
DA:338,1
DA:340,816
DA:342,816
DA:347,864
DA:351,864
DA:352,864
DA:353,864
DA:356,6
DA:359,6
DA:362,1
DA:364,2
DA:373,2
DA:374,2
DA:390,2
DA:391,2
DA:392,2
DA:394,2
DA:395,2
DA:396,10
DA:398,1
DA:401,1
DA:403,1
DA:406,2
LF:152
LH:152
end_of_record
